9532252938336
550784120810
142388827560
11509934481630
499825780480
3407212800
1701525795840
520189689168
15098934218004
1240648953600
4392921312234
153869831520
4609403893320
4775449459152
200125314225
1318135285365
941987341920
31693200000
272727840
3915912000
800809838400
2575483404507
4262748525
8407386696
17186770608
480802845600
170136792
9063094264
143088026421
9091059054
3402924736155
5624379161816
13138115836755
4472207501832
7633220124761
11466892460815
4292342458176
2721240887787
33232910610
5465457738000
1093251037763
939229190151
4249502764825
4429351604148
4926482208000
1375626463911
8129396766840
951915636936
10206229754349
1654242373504
13329825565536
10995524123584
4661447842040
168584899056
13451324127
810532800
18585133216
1587999797172
5381207747790
11798716919864
26983826496
2183432002180
14990233843936
11058982180911
4822484592040
10396140715896
122946499990
40860462825
321486041205
4795868636800
1375843497210
158749675587
118765523
3505317546990
18468744062605
5813103925552
1528032484176
1828722874842
148997517585
6732709506304
392929203310
2934236616792
6303600
17207313534192
148583651664
5923319592000
1133896223040
207291048815
4358907355968
11801781893657
4042413018
5713188
2307196889760
2657820672
12310602129360
237257886816
259039023846
28896000
87517800
21558553200
9914185423800
1139314008768
65543927130
1971117763048
1802424982880
112695122275
2454480172032
4005020049030
18653669381680
109989104862
22138694241144
968285702832
37656257731
103854938880
16646850
2441106300240
3083459822520
2385394450560
664762560
48238946280
5495315520024
87823167192
875653833600
178752
1491444625293
1774374738752
975679482960
19509375003984
19138449822255
746947656
4089581834496
1203579720
13021998565149
5871060
9919846849536
861503687472
4191001945200
403722553920
30545068800
24647213659680
790156211040
425717325
3627724136460
1715352346400
2928907745972
756029571328
7651590676400
14141346519
5081319599616
741612016560
2200214324000
171834584520
6363625420425
4525821131832
141341268816
15102868243203
2686015591184
765468276783
18772397834238
11200221396
6603401280
2828423374056
814314503250
913863613608
298532739120
6196882408395
119438085504
2303231341355
5665547786136
9638981915400
5826040794
97577094951
2691909256968
2991858059120
4131834956432
5240453416200
1922171328303
1250877538816
525313825456
2684863653760
1119295249281
2924534907720
222247089710
1466892972387
17796600444720
4003773764400
77070316743
14015150994104
8936724497400
257918313840
128293
3493935065088
15069909
1091328528960
4049945666760
2096792241570
121673914560
14907751561200
3865219871990
12904956939037
14264609694705
19452391944
4254666065376
1611332608824
956567203216
507385067904
53612887575
1950386348575
11587953654024
105481143270
2488365410640
62332477965
3847934777280
1994656373721
2836378023141
141773668374
115386161254
2968712034759
2338258210200
16511712825
26767383
1217438595072
1086311424
203771408555
15648573536400
78926031984
1412039337891
1705741240320
395322360832
30801915144
75227313840
1952185747284
4590018730710
40062880
13435016838411
21412573614600
9936156384
11366697484800
554696156718
263724535680
150184267389
101940941520
403382751
13000026002232
2314103155520
7066212841296
178011317088
64065317064
11252112084675
142631160
330996778944
1566676944
11187575781
817627255529
13753124497440
3134127376320
5902483226904
3543030285
1121211180585
3780111844998
1049813352
3837963048535
28328058150
2693676051850
120167172000
653083430584
1483942457712
8302710240
207902233539
166483548
28494789120
125173567
562152123456
924073594308
22433443560
2505520057659
63660597
8724425918247
2177763120
1586917456371
146083061930
1445773469028
13199086783792
5883909277295
3508553303003
127878023679
1181774264880
1612697835372
13757975550000
10536912516375
1492751216520
1295998887024
165709666512
35384562048
46319848454
181285469040
939443998059
1787137142736
3701505519
60296925150
1109532883893
4556998325793
14251414320
1768353284352
3997405372779
4512361475105
720352132565
26549176368
397821047400
17512992
5820988751424
108908511984
633614662760
721376190240
618896012067
478263917352
26605710055104
878595192495
4838070320817
2244029155200
2728980318
7853618196417
1785517822592
43415479800
105364862064
147353444358
3060
400240337850
7178841383472
6660621601998
275790387600
1551298147063
1970297305497
5537734780032
3441585699008
2835653635584
28586290194
647771357840
268042095360
250110736791
805972052376
76971546072
423074171520
227783040
1616024069415
26420483449800
406479842442
21261672669375
66879873024
7518530287080
455935480
110767515045
483932880
2440027128
796709946864
297760829216
2194108210080
2858328177336
248939626320
39085823751
7126173600
882010894950
20745213213330
587871695880
512755020
2143933239203
8440615750
1600044402528
6111037433100
724699079200
445131904
64240673448
2633382451232
3272913232512
97655787702
97445146364
119524005
293123061
6720709740912
12137867002
78279634615
3745048059520
25830388575275
120060862194
2376814524696
3677579277600
1099607698560
7084665
91808551952
407249428080
1247645020197
2136630995961
3138968414512
182807012024
6863246825211
11353829028736
1151337813929
213356800
2008886121158
11904743256
289304415744
1235440882368
2176708067424
338030448
11630953155750
7987691305600
3973487979615
15933305216277
22927535181408
1116423824832
27112425453870
4400944353708
6378520238976
4573830571200
4074094376728
16140554767400
20553480518085
232333127257
130832690240
3159852427095
4206065571360
121030826880
20372781600
597873282720
3069712800
15353727074400
1225183176096
2098940062800
129009811320
51631639488
3211902450432
40788689360
894618157719
171609900
485193129120
7644769141470
969420493368
25430861951040
2100778690160
10120433880704
270785659960
1713049268784
248235
10823832000
743244450000
47918051328
906256827200
6857716280025
27585613440
24402451009320
30602006756100
1400372277080
70876917995
732750211305
58047379750
267931554111
123112051920
305605974240
209721589770
136083786625
15185670240
35310654000
1698533083212
21594748326165
82639440555
23221133787607
20210885854016
499479254352
21045876608781
8966035773
588205210560
270857361
1598827502799
1006499554864
84989893328
3923414866320
5375985809040
14342622110208
2389282300359
217854989800
2873205251472
3387463596576
450743825168
396702680664
1154897178000
189862400
11723692032
5835420472800
17720187893232
1621037992
239104054005
114089574400
6019376346230
14103481015395
464454139835
1185916492800
1271382003246
19799987939715
79062772950
231135690976
73114560
1099632641835
2986482460896
700195741560
39414664440
627303953076
9200424289536
570471816336
1828492029
27011418397920
5205477668040
1662311875068
296368810500
10239996
1138504320800
9591701317275
8170200934926
2980104579936
7067185069923
1452321780
1191189905136
1248943259520
49119981624
2340410419200
9993779615680
12839386560
2734024820640
65531554515
173152912218
1844944611150
1277021067462
175360339375
7402716422775
869352760965
5141415195
2868168731688
4894315465200
19580565401600
15199263256320
115481957100
218734530
2043786720888
309370880
1273287094800
2767095846690
12351206868
7077416721385
3016820212800
4041928181148
26201273099940
896916762450
23266105769555
23133916323840
2354200367946
10089633343920
899528485320
252223849680
6899338217688
1921742205240
21200465280
10182501441
731746141455
6483864590
377336743875
1293024534795
1619105848512
2151654071
16483231866990
10607524821600
5845407369271
1693432394775
635148561645
1140829062912
13620710511450
10066506246216
917488922715
364126771008
1268866034898
113820401989
13668100896240
144500443776
3097836842880
9452320937388
5034365681664
6035365668024
268456721280
1813383856200
4757658982648
13582397230843
1923196626750
27723591840
16053646029600
255769660312
304215945543
18179554512168
342524760
46731522
197597602800
528488571408
2114607583088
588495209984
1535490318648
14613705
765002557440
1313190240
9351963419040
2055173734236
4717585139760
20667224717489
27030146409915
3985406040
37705076055
19226857134632
4416454889105
2604953925000
4353998586741
610444781775
2434846238100
1322864990832
22146377285727
219765791352
327677503488
4658515224588
31969280
2061529509564
13669250349150
5100357641016
571169116764
7946267400
137057243949
5368635000
2675036356800
16448169318620
726140376
3841751114240
963865877625
1742351442
5041469586092
5072004593139
11760
229025708730
242919403680
28411230522675
187787367465
144224115360
531638240
339714377275
1825041858255
11040493056
16462796523648
2106091966224
72933945700
3304675393920
627893653464
6435585
1065177545520
867615148400
7877649495118
23484083972076
39945712377
3602588799888
7974325564128
20700154654864
2110883370855
9790393678560
7731789975
2186910573057
1166506843351
2491840892544
1919807237760
172072366827
61182799146
9258732893200
13678352984700
4201203300294
8603996209665
181123428213
160031318601
3575231948257
300406320
732474833481
469085179920
3162605756865
24549770900100
416150
36948261
21305293334570
5901001768088
17666910346185
12168689432640
56420240520
657610664142
28848883265640
2405616818304
12237249809691
3567070182784
39698451520
1545205270560
1659557408712
179321558400
4789822040232
126005324280
517392409680
280777157120
874905863199
8477423496
221702700000
12250080
235534262730
99117018000
654154743090
15515552
1562786492736
3986925576192
16181563660320
14533744312885
154637589120
3123948040255
643795483968
3835680664645
361906934040
134893302336
274248956520
36135452412
13806169566
567432580
738824550900
2394221293792
9307862084768
12459026614160
5877617375520
4925986512
48515451600
226207349739
79568409375
806493863175
18470802121035
4000717900855
495482249475
1075859574888
548651601792
14399962266501
17959699487
2611152875520
182240022888
10578885264
10386917602400
258911836290
4138455678
1986504301179
12953756359128
193135360
573097558120
1458784089525
1410735586743
1219709941969
416904636890
1184651501760
10323083841048
44686965147
173240521944
62130797008
19525314900
1780848358128
52840297188
5188293579024
16458143267292
557998129832
4342309124976
1820307671280
43514955960
286256016480
4039636598811
607515340188
9087494515
9001495582200
6509065425984
5988613045536
738197328
3120682239360
2512469915472
3064645797984
691374559955
2440107175275
10920939120
1190809580800
588475961973
420859543296
5147142614400
1927703059250
1588400880
3206251346760
406489447320
3667394832255
309902736
17308910205
56375122224
1770816378968
1722861635334
915609063350
59711382016
159217291597
37264255
44117066640
165666505
1615094782080
2669846485680
21935789145996
2675388712600
1661940697285
8228189830850
3596539072315
2635960774590
3944338979840
795502658517
3074299628400
6484834670184
681516573600
3350928558375
8551433758464
768744585344
4095594361560
7010682719040
186617501070
4543304998400
14355791923200
631423326132
18523698440346
900609680835
3418188543360
2687156582400
2487960614664
1858372258275
2560861219440
43623207855
9593539200
1943814592160
10840985150688
189264139124
138873099008
534495767520
212947912800
14721315031020
270069178071
5138952000
214130069580
13965180450039
35607310200
6907308138528
2065557509635
4073753600
18526902137856
9745512594600
901355984640
15489908804318
1502652388736
67378762560
2382767614656
87536330875
5031941824
863211252279
521940920471
38273543802
209321200025
10992188806576
1649564261730
2984790090240
17401137245310
22528487139750
733856233680
92811831840
5779568298240
28376705490
13688512733427
81950376739
79748065248
219311839725
134716091895
1097265193024
3894202872
647291047260
7935454290048
3528959589408
100413289185
384562575320
14609869344980
236726568489
4948635648
3477241819744
282291876
435575
38191680
29155463230
30906288915
309246319416
94178896812
289396742400
6536990246091
3321927840
402305906520
443971024000
15025054131849
3428759858517
100772139072
3019469834546
1127453600
2773452168270
749685116544
24884187926528
20031999117795
22746793552544
6756000671232
10672119579024
561473160486
813213201339
363190530339
1579199440
220399478000
3281933086161
401093376
1372050749458
2614672412400
3975786630090
375859302975
822743961639
5776989847552
32839741665
3636535440
164723140200
1105241733960
58021015536
8459248620
3590419334970
264615210555
19960277888270
7338437713138
149148804845
24123000
89236840675
1823488706214
18550026000
567872448000
24889609987380
20421784000
2945628845544
975163680
8976478189896
6079625424048
1508138837625
662847043776
312980967096
7758687462539
1156081379211
83613899160
29829388960
1285321134480
1011748815
10147455387
19102115611982
1325823998355
8081215276176
2079245697615
845335908525
648807239920
167458617929
31866151245
209583943254
4553010888504
239007857232
397307877120
51955948044
7045790209080
12130167742065
518186223765
4661308341144
1913877594585
9630766922490
2139106984707
2053726326540
346465192128
1215773312336
43855017372
7908508290795
15524407785600
1362070124800
4943085977165
2300349939200
526713580800
2358585600
4431943660776
1445849216160
35886437600
1185028945240
20127368400454
526616477541
1262312632896
2333844340875
1892095103808
510129202550
31360535700
15256591702272
17827055168
249842144460
1331276230416
20447226856560
9525542795384
15555377280
2621312121120
8490786656750
2281060324320
2637457182360
2517832622760
597844840480
15832589048850
32772164370
2559800147760
1514829163122
3586591596077
1921516547121
466555248
182334471995
1165286080000
18606801789576
460516270050
5459712040095
23031665160
10019062841585
31839754240
4060160672892
178135481160
2052720530091
3145346692560
11743640652627
293820010560
157977478736
2013884276313
1500334751137
1528848159510
9382736435358
7419225
496885974
1408812470688
160241397120
33224422980
25569982454190
191898549150
594134406
814742064000
1183145508831
98307723024
2177901945576
22985783470
42239542400
1559802557859
22284939372
463480472400
1168633112724
2307018456000
4526183700000
37589745440
9604705409550
472448950158
9640899204480
222290700960
1627361810802
154026469515
1371639721088
37301411040
69048351552
535090519467
15758400
4485637048360
17085363653120
119184785379
4493264036040
3452677052
1817660296192
1317484874160
5350666700834
166278874080
972119959800
1070242786884
1529464219309
401276331768
6172263
1221904495488
239935852512
318079448139
1531263981600
42932292200
16087259232576
16581120
725264180673
375022138582
7054992377452
103674682905
364903162400
5797851275424
10579370354952
5394781596215
1390376722350
393569663648
11154120355014
23781812160
9081006163744
3473654894400
1210909482735
8763313791900
24386471738928
2559391200
1503855719912
2032582281625
2616491027332
4949369726055
6299674628676
1465921383360
555152072970
11439718667700
158934925520
36473652480
10405709084375
1361842917225
823794619200
135053468517
825445096827
549186450380
3264293760
41882849568
4367306024520
15514983270189
27115434423
281860920
1691482770432
132987015
2109540312880
220201840872
35120158956
1733178987120
926672377995
235149688200
119123223498
3746887362108
5780198092240
5399594095055
209242545520
6984461952
766277085
19647404291907
302281816573
2021345878012
26600653643200
16092094235880
415282696332
13769641659600
3837299088960
886671278920
26631289817517
12401283888
576159808455
13754268302680
3277132360640
11261703638800
1657496973902
8925470052057
483743290560
4561589158357
247662261360
139287008
83812232416
2598443335488
21081796698618
543748645440
783042687387
2145993433584
53364752
1232996035392
734522910
1236918664080
4340816747904
2512758844896
7273725641052
2750344437825
4402495426560
4584720180300
3638709
83571613080
750960903680
507141062400
370894391880
4389891007416
3848756234680
5212584615
237406164800
44897225704
133373835504
1277753490816
3330161964675
6254507326080
1054066363648
922157153064
813384905760
21522749320980
2042437976970
1345665675495
6368182150400
3004901719776
2221536905280
1215787754727
2513759734080
16950463441560
2677543741257
25866383400
37306483299
13432241212290
6635863520
21024332280
6112198953
1692475138700
567260069859
414718752
11880794352
5972099240008
6074836720497
46442050083
6944883855183
2254261886816
3449616973248
17193486127290
147179247
3651031935072
55685541232
5590718483175
3950115927192
107639274935
3988112781653
280759538400
21330106851690
8582760433800
3869798036400
825384363078
93397000699
16415612614520
148713915867
15417871092000
180385600848
109428380325
2330291059560
7554589198527
163926168192
485636177061
8259044640
367839529092
309268858080
2152995
25312280890
13919781384264
14467876059
29285289810
1675326054480
1484740014912
2245515547125
4934126972775
541830159576
703995087936
1144101504
18648433223868
22197437160
248462699990
6288221016630
17490129038706
31885173920
9876435935520
1463031829896
4662482031840
723775842153
4185217386
1044621748800
1904997670704
1893246218640
8767301328
820489248768
43763275440
323724227200
1253935084032
881922240
213877405
2178495
8156540
14491652512
21235800298920
129432050640
25469196908064
2516630180064
11198269450368
332717309304
10917309768183
3459393509894
115217488690
3226695349920
1944534088080
430529086620
2924854943934
3019687910512
28326813
1208332324800
43952205528
105838278315
1253602901824
22794753779720
4787219600800
2721296745552
2345520667686
6189566182800
1085003538304
1973260536093
476833157970
2845722088
34133008
4948734240
3224192160
11124672702550
1244780880
1613054502421
11250948446976
1164725117424
2039454704
1057656717000
166020775200
250755593400
73568190020
21604200840
2907315110700
967979115725
20687625056280
1379654640
978360163200
233666896095
2141688952216
1590532967712
9760699638480
1330390559106
4091748282380
8040116976465
84707200
2715098153880
1581264917400
8642380475073
263040399633
4016821605360
13944929376
1464602862933
7229358897012
695398830075
2055347581664
210736083375
19542645318976
7501823115840
591326274000
13050930022768
17500985237472
25505476027880
67887702015
9289385482803
49497670240
4341510489147
4157110776000
453877332273
471402552075
102800877075
779901909456
1859208384
3872030976
4153153861818
12070549484784
2736050680155
6022031374425
33902736
6497134614432
2705217776352
459418314624
2410448756936
2885033062912
106616788200
3849652056165
1199269523088
44391688240
1554991006464
7310329689510
28835523600
129443627952
14329770955500
391241618896
1224262234476
6898022259
1167738802200
20664503809785
1138798411752
23605197396
275212275273
1791217095090
8036968049319
81453381120
5561136834000
227653224192
6050082004200
153192295872
6763684200
73870950
126762480
366001376
314236748007
2735140408
84441835434
9309537505675
1075519227783
51936092013
39370942000
784367802792
2867421516344
1006404934073
697895467129
12352442618880
227886081
357037720416
1909658592
1545461036350
1230562816
57037338600
441455752616
743343840
4433336663355
3463114037775
862321800600
295091234424
1244572086504
6387861744
71064230445
11703274947210
4891767374736
3001343942416
1428319200
12761107800
625676461830
3395806964000
1559296099200
14774244105894
2909810898
897620942592
845951548680
168339978081
1710589982850
20741890139523
1952493098400
15726936137886
5111087299920
6120190571088
722609399152
82040784000
3379697376258
2053470883776
678042153600
2283422384880
184508427810
607710017616
5347002878280
6237840
3713754654864
11860313988
2590133932630
5022551049320
18131261206488
98852884785
102559744
240730061208
2649946433400
3520152521613
1225442400
9460153305396
453176871
2138398373625
19669541141250
1308035520480
54313440192
230323291416
5073138705088
685804694730
17492475
192345746985
336642389640
2460052737648
7375154546778
19319042830
635303320740
7689110065893
3731908383669
3532313400
7061922000
729144246030
5153783711050
52048704000
4000118478120
9683325457728
225310639180
2547358720
511423379456
9508469376
5254569637485
7112568645
152580439286
977951598183
2008931559030
12310976121768
38740436625
175631287689
378995623875
69130107720
6502299830400
10058310175
59479528464
14248738138752
19213507901550
13358798679270
4903470311088
14676697253240
14703765
950736486609
17072097
3482991271830
935780972280
15116194366
1627734395394
13061873209
516965655840
8176642417881
1286962253280
3881979028200
14194306096281
4183224292704
12004322856120
16672126850496
4515889370784
199232746020
352782619245
3007508359548
4275291444192
2056478625189
61134016
202137
984195898518
54734016
8414490368544
125797945
19569104598210
1080
1470799985088
233267317920
140130187992
526809121167
13331125633950
622744870038
142949370000
195629886105
174248164818
3637614051200
1192032297808
9550648866381
782213635392
21157807274664
12309540728143
266966144640
1278200418495
3277201295475
411849325488
99279570621
2226512863104
58167659865
1925581796411
12564742111584
264114151639
1271920320
139348077631
4412450462112
1402909513200
3053837963352
174070816096
173066121360
462022005984
1941617184
517141402320
678403935
2370290374452
4912512743996
3036836227485
81937968525
2086515252920
13701039631440
30012959834
3378321062073
73644115545
28371611188125
4495729000440
354520243437
30755520
6768992977362
1760881622521
209417013399
311358413613
437987550000
2520464122176
4894535423232
5854042960752
6191915316
24303093261525
326394783351
8628005376
184329512736
97696076592
5212102223055
75168588960
198339710195
380078640
3055320
233984038144
1266571353768
650844244200
64532172490
10440873574488
321748245504
1874353700205
354555895680
2152995
639170073600
55013889462
950722989216
497546623888
696923136
3052847947992
939275588167
636245522856
793146649365
191806292160
206650298400
2063861381934
508221663096
116229966
2019823307568
3993556728189
60321261000
9378829845
5426287855296
13872452229045
12656376775672
11523289152375
2563354137435
2406736691200
1621787354736
25058059560
24507062184
11273386200
320625470880
3251285719168
6101298240
3329599674880
2152214331120
4519055621325
13223769109040
2782684800
78663123000
197268729243
4289060424
22566686835
9197325210
662464624800
5101771962105
6600693041845
292780246616
4587536126943
191892316140
501505992900
10118617950672
256567828800
8126615511157
202667022000
114079534912
218811367896
1308952877904
27389960640
11020002541625
175214461440
1661767868565
2530283269536
6422982656040
2257283799
1412920684980
51457503600
607386511494
304687223409
115281773055
7376232
2865611162840
1833091710600
658953096200
259660455600
3528068601344
2204524959
8211294579495
56515492560
798933296720
3439183320386
496796848032
1745913065940
13248371001528
5349783296
40849990440
2059528541
5322200850000
629847091665
130927951
11086988862552
1056
3348567102375
599229683415
12806410534896
3905775465735
2103602833585
858911712624
3004474924581
98841556176
710745744852
6826057907760
1090959574809
786878591174
17288507285296
32610480
10913165655777
443916509400
2843455104
1599106944
1275513448050
158786867400
6322597616400
4572010317060
109507294197
47551892325
2842478861625
2218412889280
5750946000
441885512160
184825958400
5341539904075
285130188000
215039664
312636203040
608365488480
13587520465332
1950285652887
118260172800
451406913400
14181028359498
1133504625981
1533772098300
6581844720
425202882495
71069849730
8786561910984
7086943219200
924558055590
139954752
5938800
734246704425
119196560301
30050250048
341719439800
398918514832
5015125080
679232393280
1121109299475
1948809275120
357359546880
1082952948480
518202859680
24807639615
9503094057600
36635637
12031238223249
779797304376
4191682890507
7120454414535
3555706903424
1725959664
11302292290905
5010275456160
1056430289112
583160721297
369278746281
24347435390691
782690139840
398853833472
343702132515
10170171375
2663151816384
1723420919820
3737520878112
3639576022440
235903488
14122363406529
679842240
14478034625379
13511228313
3202914077667
1186258329600
19135420871406
1976167937960
1053636847845
10110652243848
78025973760
12831681600
4974785604720
127086850017
4190866125576
16090007132160
11765033932256
27646443
328204156350
14139558233568
115656358965
201906144000
215387230710
3588785502120
4327662179880
11068850877056
4218211152414
748952812464
9659020607712
1923367461120
14429348640
2337671446320
25009805898
3341905922040
404977414608
763865381544
137576767068
6119453704455
6409646382600
7118484120
14205188102490
1186451292312
9778238583948
819960966000
3648300415650
314445841920
232333271496
2023963154577
285535539270
11815153957600
19123451040
3018349989240
2515576214034
4925219495568
750726226215
4371834029110
1308849975960
423632663685
45280928
63718502400
1192832640
2291831566690
19902435072
261579674343
150868372920
2256365038180
10292154169680
461820787680
5318413904536
823475995056
396988641
1582058340576
104914175670
6223396098633
8575522046400
1679844710880
1423652438001
5626057715040
3621052345638
65050440
127258374240
14601045086040
861479260873
2238483024000
7371746535440
8529758160
4108758775248
9321702591600
152385289056
1416793980096
2260650407400
1378200928260
483817368000
43789258656
1137409332708
13670289182232
737229115467
10336519999806
21118493272800
9279287348541
16083495208560
281028723360
2437158011760
11580858256835
36428787
46502914725
11303809380240
1389426095520
10079018311488
8385223
4089003100728
1815576018048
4044297537280
3174019308768
11560672386840
2388614073456
6084716787600
395808
12562152057
2324255808
5424255848952
28030372174
10547757993984
158414691106
457277091480
81141325496
37237911260
5957733600
30060017459100
31372535048192
19953760608
5092109160000
36672728400
823026874560
7470891361920
7604518034025
6659622684
11266208448000
57765801600
190029035105
8888956482240
465995040
19731600
224523085722
431905992000
37316742975
1782834233664
2163100320
3863463692550
2062920086976
1239150611160
833710185504
2721510939760
1520644538400
4465444304188
6450740704320
890812932361
252240062725
41028998400
682220260860
2449300000
2238271437853
1466200764000
6089718970320
3132943610489
13215849912
3355934274
8553586757400
739874600322
87561902259
16162421580006
144339331058
17153250336
17313428246400
22634948389950
11618780371616
139489278888
1939803452600
2819926388565
31369616544
1642309007040
51580770648
737294662143
915632716425
4433691027024
1258382706945
7020515831280
50979755880
1148807537280
2939369086016
27843419450
1371876857000
14164230515440
215373575080
424614056769
4228994033
3980248619631
175152197528
640231158567
612020105928
91363855056
3042933491046
4666700616110
78817993170
5038115775
69852287439
1894616446194
381705171120
133532392320
5176754520
1076299051792
1366922352
518327995275
11821626712392
723626213945
162319384920
1544863745520
97700966070
65208390030
23700778954160
93305719101
134271280
7277569813255
382016290656
98226214200
2335453433840
1536405352160
69841711485
613203160404
1124595482220
7301659159071
7617344170345
850767620661
498046139640
99444770880
156005357835
2824861435
2734859627136
1839808061104
589778254080
423574824960
1153752115425
784453244790
9762134184075
199953139204
1131761904240
160106546556
2184883770121
151876714749
987730652580
24160600056
1239149313450
1574315276250
2470848172062
114376200
6695321334075
3580106095944
129826018322
9856581075
20973075606879
243863730495
23395073632
18918263756040
10759120118670
4244284610280
1292065843516
4634882280576
877876168914
79064676180
12928236350835
1499713859040
6981063600
53715759552
1596376935408
5827604907560
2828149120815
498501758475
286369100241
329296396097
698083558532
23017646080
20107092720
684827569920
2821731538080
4677178229520
5439197226798
22584323042838
3527163745830
81318904128
2761634528028
16384412088
751213939200
738186759300
8463397404
9485119272
4979746081
668809866630
1013645530758
4269439147000
4772729188150
10320201325200
4923518388360
8044461870480
14365132410552
2723213662312
9054160103626
685631150855
2022708283095
23101939061856
14013484853517
8020984895307
1178644211872
4131798981057
3459968667855
1399681974851
409945107000
1227187749600
32886891310
68116400
3284423814672
114911949240
211075629000
5765776676352
7017511257120
68969511936
5763306116352
13070722615944
161452271871
127579187373
4847230560
1703988265485
4277177156075
218116205120
3274510240560
20137028769774
1346604456960
5478213825
10021503999632
1352908580184
17481075115200
31604382735
7505991360
6036513676128
1473532137000
6870498759251
3863048363424
174018000
120019764405
1490785722360
1293621190875
3132330471216
1342627245
835403328432
66316610976
5294089355040
2512694511925
66023225
1179086061720
880915771134
223263047920
1022258651451
287292096
471085023849
640053425011
186147558135
4567140317040
15242607523296
1979860689000
1110444639171
4903693864245
300636943200
5122703107392
835264208772
300856635900
11586524250
385113627600
482127360
3774180296934
264956258816
157661019705
223828103358
5638407854964
17192703840
4287565306860
6103547274720
8994648864
8398023019360
206190669024
404934327
8899612000190
767165772375
175603898840
3787657800507
19220738921
1682515968
4441270176
176487903648
70065160
2515155511869
13771599095760
4849500151872
4491785678952
1727593508184
101121226150
1006572098049
7446566363850
12857123469342
523799595081
2362723308000
360710846784
2198596943609
11528314875
2499407958600
10342151875
30732687421
231472840320
1490160556990
3069685815688
478347058600
451692876384
3590994369312
110334888
620189440
2350390082040
697053289086
1395423315000
224989274349
17107626144
104228095908
13695404167016
68688153345
1010614830400
2498071761
1247697361344
59844246480
577810752030
164998077288
11915152209344
364431132208
1224475030464
499260342880
576101509445
712906810273
995143183950
1994336640
5009428791765
817412213352
1697313525573
34435062850
8941344421824
2878252375365
159378646125
15147557864400
99557328960
4443821025
2686116855602
43690320
3337770477600
3274898260620
171091427421
214936000
1067142425250
9500562603471
19788625395
2617848258
56798610975
98161470547
3191587310663
7387783110900
873728007391
30296833377216
5649247271160
4197233733696
15057795990210
1568832044850
185357007
839062726632
10227352726584
40971941808
9173986090360
5047314022500
52665222960
23340214688
170084944755
143017404966
7069563463566
4212205711560
9451690485501
2444631700
2349159722442
2129022720
8178915297280
935238332692
10602434601888
137628476019
13997149466592
360545076456
6666746320080
378120
618122957760
3047191923776
4079537738640
20738902626309
3687641991638
123167598400
921988930842
483617739392
5364698254440
602982464910
651035484320
18130
2232818833665
410222400
2089313743575
13768988068143
4598307071907
908803162080
26846980368
7519467004053
2060091496576
24360436736
1627581906000
4264097202675
15612650099424
75280584144
4649871758638
1964488999365
196146974219
1433994604560
851407741800
342597460986
6642738048
1737944338464
321871195
13499595629520
570306637641
4939699305603
2177271840744
6328491584688
1351157536785
474522590784
792028585920
2387709792585
2765843043600
7035996160512
891346456336
743364256000
8008996520
1000723193360
6003153847665
5199857477160
7029123699024
2041063944546
7619040
18884856222120
45963523794
1762611
741116201280
3628914792128
291507690320
2055215136
11003133487770
540176
949762822848
4867469500320
110472856984
1193113682152
2321269881000
7072565653400
2313790807488
335468825802
4619388609198
79397278800
312594965856
4322830737109
13403934746124
488297334625
5456637641
1486386105792
17766192953376
1428828997299
1514935023096
3331435267815
5096236320
21656692844721
20711468942619
186082125
11081976254496
327464540
12309750833200
926920204245
7515035590296
613143112644
26972331112
378416376261
409145042255
316454562
2396560588029
22136361535395
438501975330
3271497988920
8653819451880
4171326516203
7222865705760
534089952
273985250000
206941975416
201149113792
9409678488
18741201978600
112308041736
1248194206925
1866117230784
3098211120
215386427400
1107365981463
4965225547730
302786209586
1893586757490
552427760
2483664168440
7667563482000
550528744710
3231606478640
3681933117940
1092451842790
1535562670460
12202357718200
1664759558721
553573641888
286632768903
7825188883200
3913601932245
921047452936
1727134568025
5509992960
3431647006375
2082365760276
747614978880
6847363245888
27885340728
4396397063065
27605989200
53274395032
715971373425
4481023049415
27338660555144
724515170049
100631137089
3094380736920
41689128600
447157838072
19643565356415
5314355408395
6176504532
1437244097800
136054863
3601326611568
50923008
1784791579424
21868013665344
14895228959520
8632533
23012115324552
305967544025
4643972622275
399200033232
1714994376480
3777785881720
3905225632
5691484723680
22936716298125
450029034
27689962880
2794854086640
3734649373968
196617168
12371904237600
896092310820
11196033958467
15536926194
2942805018937
3371675400
12101536356000
5285960508312
28319644080
44444268000
2450354263632
12847452177510
7251318942912
16402378289
29892056656
38793615315
712986801309
278622271800
1883994872925
2278929940800
215197517664
15254542447287
2485256267193
700842903339
8039960351800
1036403403015
100932537600
9868018818
140706156563
275146519725
16723932683955
19385784
969348477768
2297421203976
1103570340048
10137333960
335627225808
19023740736
1119340486296
1936892350008
14373922315680
21676168569759
347675717430
6437067
17872009897105
52506983088
67602851200
936290104683
13038892390
9948205573152
4043392970610
4546605752472
96218034425
21833859912600
183947908410
3763794362490
6789857415432
72425572800
936982624842
3988849423800
2174050745898
26502242688
4930349111883
215051231416
373645923471
1059077007120
4525617319200
124836048270
27440964208872
4460508748540
11805977200800
98631431472
143491864288
29515919160
22105440
4572804343752
19568533045530
1576373185218
3414972372020
3817147110600
925602533198
9246883616061
13690452285
10014166828575
2251893894054
8690435349000
448344422568
4274937956385
2570223196569
3630879002080
2367652560
494714213463
306182309160
354036878325
206296099
1411536195
517858425975
14054980730801
1743682299450
59535481600
226550840175
66289254772
5395219128696
874485869103
2005949584800
1479591216432
251158908
2790122550
27304991971950
22922872077760
2160387534900
12127221730176
731901052000
5404355461056
161435748210
210834421584
12677407392
2779633272180
8516215985750
82743602256
1021732204337
1821388304160
769554774240
1069433586
1768653836320
340033361304
2071137932704
2489941521600
1052598849588
1055619155085
1736501084736
1764045850413
498439505025
701480370714
75796995360
9774240713328
2525514542396
49540801823
145850554080
14554524096
2499925713120
15406213313785
120608760825
18749913824040
132975556272
8454033504
7430006483000
7686146580270
2190172947864
57657101040
8205834820752
104513621625
7163343638865
1688974968576
135595944
734247379775
27135918864
429912944160
15239901600
157628224
6828540702
1964228163016
584035040667
3298740492257
16220140365816
144986226000
385700965440
3198842484552
2010266652788
1015407650700
189986306592
31850463819
958238005398
1538907679512
9790820014624
8265748602375
4895613594144
1821809875353
366825876087
12041363093728
3405381994560
107227114125
152061408
178161984
2518518719808
12467345128125
2998211721120
1616859561816
17483380972470
1630051113632
100957195680
739799163712
324113203485
257879460762
254224350225
12143509654848
953445428232
1201639840128
94171639824
68008921890
199486269288
14649924650855
5725458414
4616332224
267576745744
10684950604776
208392644240
422291423970
1512628992
1075886172372
8427410004475
7113774284340
958780811070
1797622556400
4548979513896
1066344832215
157198358592
6062789932875
15941835767665
2841045315570
3555503065058
4805497395312
80413433520
2624534208
290306428272
5054682162453
1910713953225
2514015
725398245
2666981815875
1040242028922
14479093787984
36041537790
2418041587344
1860736401888
82536039180
192382736350
5502956724
109524299130
206253539856
1923749100680
1912392484
1342907381127
879111494976
4211609812223
29892099600
2280586909680
863110173233
4278546188500
5186073074
8306623728288
24960509760
212506443800
2282478407550
12626618112
4080594375
867860012195
643018260282
211875079456
212267838525
537975537344
795683980480
301465069215
57438283056
51175176180
65419584
318507579000
1169393865600
220957189785
14178641719536
437043713205
12557067925
7928499870720
2473757007040
119863821000
562819163881
23209203138944
3040223496000
4015193982800
335947620150
2014468317576
13044005209755
1208259924768
4345271627280
713785092300
102445956835
29752225998105
3401751913875
1134039578553
1891334420130
11164767152214
298570263600
5972921213688
1369080301400
1374684062912
442528421813
878134320
55865472
76957863150
35398080
4370281428240
12300159676881
50001077637
38893406400
19687579049952
9585433880
1685237086407
414065129016
1126299617037
3091628391432
30990781325
4195676880045
10139420196891
230327295450
8301357775152
1775287593216
2606369169075
427689024000
3556950164352
1190027176
3400819276104
20897097
4475087454825
66419002728
17317019610
1106614778425
4058579369570
5601867484031
2815520083376
3079373544
14176554032864
1018785939038
71385534
257497165904
1242092665344
1278622987110
113682082272
1206150225280
14504233816800
143356446288
170016124668
3872779269891
195819936
432915
101085876528
2826700919103
154295944900
225809696013
1735190723520
100613230315
308773044765
1761692531403
4640251307790
524650934080
1655617274784
634486516272
21850141600
3218610608640
3143185326925
92183184720
3973131025160
21082462695
678237832855
3238275688087
8198993995257
3046628013975
8978017186080
4317575255088
6956753152272
74149277400
2742148867920
3557732934
3947486215904
2394803541690
56895317856
85024376640
5862832759
639484979625
8280246164190
219380685825
11000387229640
143956680
1671438930000
4743404258868
342022498752
83295476160
2162492744571
21506685164217
2436061581360
1331431582380
6900919534488
3838544086740
1118763288093
3794081122755
6854484686880
1962774477441
933394000
17131875840960
837345775552
14180285109198
3823836442153
244343307480
42748275438
8205199407600
13515727872336
7132453295928
386556828480
14259084377850
3879671997960
43925145
453553140873
2582639265600
2527682118192
5902256360880
1886590688256
1483600240080
701064331
9783680714080
535819160635
3626767724580
3124408716
6278404624800
217192185540
17119400578875
43509565494
16953100190976
8333334408000
4299542414208
4209895656960
10149720477939
1043323849260
1698240
86624018456
11201133900
286367480460
389510885925
3732249977680
163237947120
141139876519
2090779516800
1093306737990
2598084812376
4673188476
376679229480
15999692940
156016818144
2151264825216
1798124445315
118340593462
4729069663464
11761902215336
12188174919200
1521135791028
2340233295048
160630411392
1849935990168
144
3507519785400
2150622039105
249993774576
11537343331200
5435652296340
523834815
2541733318656
1268179764080
7234513134528
958041659750
4032902444088
446322379230
1223758728
9934824548152
5439066691695
3876969125025
10424333920
749558877465
611973146208
234702734725
42385844640
11962465920720
180185167872
1713691070976
7963560391215
110728429056
5841888397520
421923762120
271627345800
2709480
13736236617662
965007115800
4247858249475
15897224640
91645123625
429753001248
12469899218400
154291724640
1673167726320
15319879225
6946505874
6749318873640
12667889966
19996128017
1350594953062
517495151277
18932793080175
498752280
395304234
14327392741818
1763339519019
11133844271766
46328536170
29370304
588970773781
4636057008960
360358915896
1383995361792
1619134507809
11549783020815
69660
658774444680
386751429750
1039654977937
1122809445368
151871428800
5105618001600
2639375374117
2139307873640
676500
93155830680
335530429920
28005109515600
22354105588584
83725870400
32039931000
2910908880
4951675669824
4196855922132
13483914364668
721992812040
43290
2369891135616
690850080
1105445855481
876591720708
123001519056
142583031393
79917910800
2183130302976
19339894144
8255334283554
13117307196
11184885572679
3868228341120
418767992384
178560
1322568998499
7850777808
15684354321408
285538979712
9189215278672
260529779664
1877093374860
6677853422400
948691934660
18649131708919
540866271987
145917858240
12249904588560
1009882401375
4122920637000
5901691885056
2842847165325
156415272
176370726312
67326348960
292763726640
3374327496818
4419914768352
1329522052224
1147536733761
4352766502664
8768551680
10012810405448
6751223015040
978287992704
687739297024
16988213136
919213917825
160212517416
124714240
13417998237618
61548313260
29916704125
10326257714790
17408981376
1061449568960
2188983060078
645678330
1151565305688
164092977
17742758616
5863234662432
2956499809551
130378480848
21903000
24033940666713
4198659935859
90608562072
880792854336
954672356320
550492671717
140230350528
20072231955048
3061223017047
13251342238640
10198224
65235491874
4126108320
11944893554695
68983727571
135244800192
739153680720
1122211685760
16139742258816
11219514547275
6763276390750
6888735240
4452477480
43283011200
217766050432
2793678794544
51632336
853741365248
11582546162432
2870511918120
931551617088
72725355648
8073312273
22719071150
8484049780800
18146510575200
368360320
1576411945920
825882420552
123286830165
1275424454304
1802309595240
2810005333137
39862314640
1091620936945
3801878419230
9344238256880
4851891171170
1729090676169
23853335
8818728807120
163815315339
125846533568
26599061427648
501548558868
370054158656
13537545752
3014799761820
28547637120
291106753050
15405816031452
1121985286866
153809438944
3897565492086
26407745
792264608
1477289691904
2110390282
758921106996
874762058970
110584320
22441204926
2640662618055
24065613
20979085412285
203411065320
531586565385
585992325600
319861049200
3522933106000
7669491753000
7615624169856
10374554400
18136143360
306030532797
511917056352
3976583378465
63042661080
3269853018240
15848296800960
11428620840
1935932416480
5049195877968
483290246016
5734169229040
56197600
21714000
3990465345768
130638174960
2701491716055
2474396839807
547012260480
12329189025975
2975600
6194077760
4463425275387
17542804210425
33910174312
842800
51288099408
196189927065
334630354008
3107372038155
317793252920
26960384518704
140835473856
144048003456
129491350272
13395760596225
8634994679325
2432131508352
7187295660000
3996898942806
4062109827912
4390413871232
956472441535
225162240
770059070256
101815710000
225783593280
3780671523720
245529653625
5404946393808
2980030689000
8379919986375
4472192680230
15764760557910
428862694848
5793084491880
427727037960
274926552075
37235125200
21897606843840
17574167288304
19294336841392
149352588
6173954575179
29732722217
592930884000
11606632928
4300852160000
1382922207183
1032243855
39995050095
5822682600
10491236928
294674304321
20025026040
129205894878
628247873955
178559504
103389565662
259252693392
4024074814320
2008123389
963587021595
263547276705
1127125
2826192433920
1391740455
1442085939000
4096182455040
7634250
47965041648
1178277001320
2804625365256
3629169279000
7785020098008
32891333160
446081945600
2589962301225
902739281136
2287583521344
8237141779158
30751935874560
7600462482447
1511528647176
11542670547420
557557984368
10669990760
124622532848
872657225
3001447635056
3253074073509
3365539290014
384644830560
91615508880
703700289600
138637306080
7751884800
14036978490600
1176917662950
1192522080
171713642598
7162354704960
3366720
1515853290809
400813634880
14685062541264
1254541651335
12311869997115
903338509392
300859185720
1122865598250
47119965576
19944222480
2553015885
1147775085
572131923720
13496178769080
3731674275296
16679002793655
117797556240
1536073250
53535071040
628174943360
738120064536
7118522040
4539427277184
5404289166100
23042714400
321967152
16897456154865
2191093970520
135797581920
67269602310
3980762170
52443607104
2286402889923
2325588448
14904193526600
457207965776
2484359611920
67395292762
554887728540
41538200928
10758582451008
16031333706080
10060059215850
12060153186048
240792851547
11485350518
3950076714444
480372431280
10162836570315
1163402121882
7398068
3907619029391
5150127055110
12510229849432
90163782720
14447037280
46884250
5005127228400
5202411276800
13065
6475870158576
2119545
12818171591680
11773947149552
1436464600440
202328738160
133096392
1430882232675
2751989133597
3713005263660
3845144492640
3773632124163
550969344
241983979435
2842541068024
2617317589776
102406787976
7803877014297
7427746163082
707025805038
22612385210415
12718001751
3266512459600
57568794798
156594363480
186494486160
2896572688
960753537354
706736667000
5169628880
157192373238
25662436800
8586491870385
1504932109590
11015358599250
434878080
926128746
10299054741840
7163777781732
81668800584
1544117441328
1699714918370
450737816496
13738859475
15001270568427
10250828206
10596417444624
15542658750
2990716742468
15543691515
5770257345072
2851774294560
20198888241840
10443692459610
1744997036777
221095680
924531944
16796005524080
52323425280
10317954949344
7632611525
11399287140
92640988608
208269968479
14795953920
3567733309215
551545426395
1799616
539890176
22849965435
29758434899173
1355812873185
11381418811686
21720303914595
3874887810280
102531153816
1949643131904
922803041006
107013472720
2769126864
779091225
8814201542055
221414557203
5168029256184
561318746385
553796105796
2603736
10917100697184
5640620409600
3006432996440
4789970089058
1033317768525
2535135890208
9347022074880
1570861152684
35859517344
38817765264
2770037964
1454108329440
267246228480
736239810300
10655729929350
7719271632963
3947288940
10580755
1154150215074
18688693569844
911052391200
96856286076
4221944995840
1282992480045
6403761032803
2017556579005
29640156816
276451058286
555475022785
18879398402400
2949051868695
2946696418800
203486378592
81256051800
1501548246000
853126708440
1597475257248
14652947421
1085742437000
1798829178240
13233329599500
4423495342656
3962558201217
28314205429125
437903574192
581400
1383012338400
16992259206417
2711411988480
856831411800
1515529750743
10560512769345
90230718816
1475216997840
1009026335520
18022532165
2151474045600
358944807936
1576116360
190683064575
878336040519
736739651704
3874761998880
9418501994832
95513232210
1520473904
1479849987693
66462300520
10230572160
1511560696688
2669591915928
3992748266960
752565247200
6961887145053
98508563125
232298541270
32936023194
4714338947178
99405
13160344979418
1150644496638
4175048164500
3343807208448
7852799127888
18486673884000
488747554911
18034849351896
2497953796312
174646980445
119728141104
4109614234875
1052598724779
4760151539776
15277844149737
315931200
5490223453872
6211617775725
1628730110904
16870831098758
36956104272
4231745612054
2898398761028
727472528280
1125981473715
22447938000
1130039089008
732427429680
5650208649960
12720436344000
138315688560
2491777587075
12056479529535
3037072934544
2521491950736
29738802795
4626720
102509341
200956522368
2215276909560
2179314043993
5953440
1794622255
2892458139480
11717611768520
3198927503520
995979210840
1746096747392
741056045400
19984080350080
2798481376320
460356029584
23032359870695
1241957107692
1834770081599
3814654413832
4660839985536
13023968337666
839337589965
485864102448
6099403292427
3047723778
1256868355422
409852800
2475750284931
1183249342002
2112929174923
1327466876616
50817376896
3612482409760
9442662489
6631284360
698758030677
158513736850
11623857690186
9732362780000
689667062000
2094713109076
804879152721
597540128220
13641573022720
13129125955
434013808608
1177789908625
258380129280
5775688852384
12897797712
648414615024
1563456241305
2960723377458
8704255982016
1750340100000
2084096316048
16002714418880
4700035533784
4510262090880
76267039310
2228730840336
924440187840
15586268388705
224300372274
1384026023525
600484224480
2227786128072
2094091510560
3047381018556
6671150915473
4577036855391
28336
1280358415124
357485830912
16044657490521
1059196860480
2733815525490
4083582334608
3619051246980
1150301358927
4720964283776
2625842304207
5927214706812
73868400
10797139747080
2021969657904
2954100761850
1129845299366
3589191840000
3654273165
6901583713024
3491678462616
31874143797
402875690
2224487496
1677780982890
59864584920
21214212951888
985695360
524948894928
25309200
3393617187675
530287749915
11235650618016
1323091470
23305720581
14740138461440
3374155492296
16623909588000
516749617720
4238950772000
413969662080
3893856004200
7458598997343
12441779826237
5267818127
1188543343680
3859409505600
2439215577617
2112688590
1549740709440
5348149578597
1015469216520
4632906230304
238731569664
4970173201056
1118806985406
2082606563325
10763685222432
75302171040
246846240
1268247240
325063424673
1668555599400
7935190234225
68141196560
4942946462384
446177368896
1388960642034
325209871302
1458168607656
186080500000
2524446180261
749607113520
4146504063240
51501111120
8040672804096
3890721123072
1669446373920
52288561920
17274451164864
369089992425
16394238748800
313398523800
149032866255
1994034394800
2472775590912
135662288640
4702731033
42602030892
538775641152
4167011783832
9657930066015
14357712340113
6397086331610
17997261252360
483191095800
8698873864170
220807238400
48877621600
478836330280
1503173340369
25249588134672
4974925410784
51829911728
67619479152
19892091182880
154119052800
662174991825
2658908688612
3118538382921
7485344109
914962401720
1173842866560
5183808201288
1005509373957
2108837133
2923904098923
343926782970
696652641009
19502777510112
2038402219455
179689368040
8714553897504
47002409586
5578848430155
3812862207000
8772723505000
416470320864
9724103072
32154480000
4862055521235
132768149635
2885271552
1073199745090
38806224000
2217573520470
9792472320
816766211520
756253407624
1006143033440
9007097469400
3332255777760
162201204
24766205744
779431117005
2839374237115
10860207237
419848065170
1424034433560
26285055960
3700238095200
5401502564553
9283960696224
2998945048380
23158860052794
2234268733620
1963356789888
377403160096
3077697264135
230577615993
482964036464
599770310760
22996512
964294509120
2786454082500
8810600092651
2801218677026
1359918986400
10863360
330819276288
1714212937584
8766253285440
420912091200
2593013565240
2955282369228
188457975
63747276561
4400708545611
638731688256
87372443985
177549644560
7610375652165
3586776695550
19078160322726
3705048870300
22836660879960
2853767847576
128086349545
743093256621
664589232
3841501357584
1091595456
272619144
1411134144480
38041119402
26457782169
6957673580
318824635584
223333187064
189166858825
107551257120
677456208000
714289175880
3315328720
68471584335
7904335756590
57245449695
23144421960000
16006974597187
7662303228525
468097953804
34013296824
1174174695534
1008886100400
515099177208
19906023111936
47052791590
1059691355007
977912863950
1227468564960
214610794335
566213117015
627893240160
1563541555200
233882215749
157573269000
3991033669000
3731303004240
6548142108600
29674857615
4664710932096
3005366238720
256389453474
262669002156
628009813240
4624309195632
31321204640
7109661774240
10035109561230
2026964884500
184967695815
444996760
2909137465344
1513768823919
1650157830730
3167773875315
637958478
2740832388000
22353997591872
2977381294272
46254015
10948200588369
35157293760
274561049082
2556616009255
377665437149
1937863730985
46080938664
6227178733256
1429095702528
447851958624
5139575372070
4142992491960
16545023280240
61851417992
1063305137118
121351030080
6847244483520
22785981061620
757499582408
2856951156600
9508996677960
150514323723
1034658705600
3685889565
11695400064
1070660941896
71369232
3343565804624
1030818516840
12250589409200
3097481768073
70443311416
206664250905
811835420760
2459228488080
40276226790
3454774411035
334765565679
62835750432
2281321153760
43401648510
3565764708000
748611617880
3512913897120
6237721968930
10517971440
3569781778845
12403005891640
529314993515
162020419200
2517530616
23628758319
8307685848
128942274048
6977487
1745586863370
36739919349
2125860085920
4132557
2072664357192
3858238006161
3669408340605
671926314720
590344302080
1072071
28779250464
689705767950
10306501658640
1210106575395
592830784000
329812776020
439466249448
121616505840
33184515
3689054135520
127269502080
3503453729490
2743554660672
66145429920
156445797375
717473281536
3501961795
1218516014625
1111150708225
8018394414921
19226567357478
15394898187576
326697975
2244087490176
567182252700
528143096052
7385291683891
12133959302250
46622993760
147403203080
90153834960
323251446000
106161163899
5640992485440
14725039992
7058986400
22100744284752
312986884740
1483777517295
12105727488
955891735175
3797229381264
528352800480
13070354618709
235574086440
4802778602952
25890842565
80841254739
66800002640
1800872802080
1856525589200
239300493300
3072221014192
905576179200
1770402168
1223744525430
1279466682296
286668400200
5006299819744
489636034512
372667252152
77349153120
821830112901
1235893325664
8272355985
4089403806776
339018835320
1769471406000
1063785899868
20873664
90816613904
199236724557
3328150
35659710
1795007023200
1234808205312
7565781657728
24804138135
4940617555275
616209620256
2029571201250
89289798
331738862400
1034454581160
230075984640
2388968810802
17084468239893
15676749873432
3880272776592
3104566470564
2029464445
1595255211550
4091355754350
326006603013
3596682376569
2603453091000
4197602171160
442222095840
14857189323680
1794859491086
15341783396015
21102682515
5737933625760
372782030205
253541781
9284345
516021701760
1849981009968
2152515280608
2527352699025
958382986368
7423559473578
48257781
643672523217
38278891595
172690657664
282031859604
2156985518390
26682187400
349087147200
7449896093568
1484814534000
1894205208515
12184220825280
3038422163392
7582653547
79827682
4605442319216
1052777922
329626458
1725487855560
21975197248
501930624195
140457068265
2279962516720
150696841905
237077253876
166511171680
439589005032
1304508480
1038607056795
15664740
19658193984
1966101424040
2186166381272
882314724480
591771897696
181328466354
4170063042600
2204754632850
4525838280920
364664165580
2809369639856
10980992319150
3312975318000
12125883919200
209294559012
1416738479508
224978852175
1889546869600
187342371885
18863035395840
613968838560
4709434995800
16349174911080
3032755903392
1166739991560
8907964020480
14305753916800
4646248147541
10701706126848
1141237076616
3954241750605
2269467086880
100684331370
1171269960
1648714734438
13317504200
1571962501440
245326760640
366384189444
961418887920
493538321232
9101324259420
38451922968
9256572555648
1247584958256
1565216056576
14677329474720
938177242155
6023970
93661672927
4830849381744
55309371072
23315416169760
109378850
2527695742979
1287746466435
841463280
8699444720
6013210687038
16599733512330
21809460917376
208550120688
230858562045
1297329733700
14174736589152
13404750020496
6479980992576
13583241263328
13189703280
3112161756123
999490951424
9539396122608
1211944517184
17825891273190
389752117365
4134748383
122900724996
154568500782
3007472000
53784
1667405952000
1040757948240
54382213392
219600977868
13970832
9188954618892
589417662624
59286120751
392148139838
253477451780
21032560632375
8813330617088
34020637644
25122244950
210317679264
3719673767376
1378870312365
21973206036600
3485581800294
7834576407
20919614202240
369246934890
1283788397296
11492171632200
183423766050
1100285772880
2783482535820
32154488520
2537202282120
4581227222440
13928646690000
623579637312
103412507
103501045056
5619588732912
2993790010328
59185050435
909632288862
4127158949850
62304466455
95386066776
65471421
361350
2346733028640
27743284800
528992070464
459072786224
1130976
19802400
258134325120
9946325863936
100313869425
10601942838
7283954506400
1131806159910
4819967819520
5648350985368
175356085536
13510869926220
1911531190272
269761926720
89148182840
10984446727812
21114453543480
1406513807712
3856214743626
338793
9572640
19110265720
4095563168136
10105567548465
2870478243840
192720119192
66617002095
711282807456
442035135440
3926115690
54566136768
146529313383
134021250
12705198806915
506768942400
293630724690
2133338376000
2493272749944
887424280743
83990057880
9364057508232
66020640686
2352354865091
45801687168
7751244779712
982602451215
4596775360320
13296350853711
125482070010
22238999975290
148365356594
1109505269742
3053550756459
6276583913730
1119742529064
33577023744
119970381300
418385482050
485588575680
2770714696149
67175442390
2491122232560
1013243600070
513551117664
611015193600
35726889184
444329673480
1356855000
21601715726373
485489708176
1004640
711903360
262415994330
54047085624
583031525440
794009731008
3669607288000
602160000
184134144
1502738611696
69379175600
118510870200
23976524031432
938306160
320137292805
1928157332488
58391937450
4952274664950
9618495120
5983911139749
294741379161
294617757720
1524162215301
3488427438048
62308492350
4116678481890
956096620857
17487048810
1275
19273149478080
762889032
272016805840
4815464399889
3707473625310
1173991511646
860654124400
17503939488672
2449884516802
18411643195
7406836864224
10259008560
752428157184
3085991003064
1070567567685
9630748008138
390685974
3351099021585
6296338056960
10794196600
2416213668960
456468732720
4253563301949
813963548592
884115212400
742502736
1389101693448
1519370736576
4402712496
1334119010240
19817551395
14577927495984
7936158588021
5565932484456
317238287544
887286960
28249546059
566037839655
9276893223840
29049986858607
409383460480
121916593792
32316680
1961070930
3753513769056
168191340969
1192275207984
26651232065865
622950095709
17943499680
650747897190
934898931024
877797480579
4762528129392
64479667200
148837758930
3040341991578
3674956980303
412541679888
2387687931342
1109048226984
106600
20234800352
17979420585789
179338662449
776982442899
1461958660080
99232335
174792618
11667685575
16874879130816
60212711064
3646012533975
100198901
3511962767850
2095871154520
15288738660
1426859664032
335035937600
155261745600
534495141840
376668776080
611529837264
1794081972540
7127966710080
944682074560
33882603960
4299497285409
2276472795600
499146340446
12802886564160
4408168949811
6663641947200
1566436334736
7123573984051
2223627678024
1789574913
180962392800
49151139240
42084140760
56830899360
1405498054432
9954245318260
41354951502
131131146608
86146087488
11191866200064
4920263553027
660642720210
7941259849248
18545088686355
883732302372
6067884440904
7718761153970
1664917537320
28103227200
4089744162150
4391712795
30589168
386499193728
1115970506352
15179065059200
3570952732620
2919418983016
17857749177540
8813606512929
13799604315
14795754744
41229548640
10070539055577
307421545680
1179542999520
927504
16879617836899
210992160225
1257680608800
14796643419075
2479320383925
1685398136055
1331394731040
2648189231559
734905741857
1056643932564
161231235
605251332520
594194115144
7576530915023
3071627977340
31836754160
14921582148000
2761906627504
5111748451281
7384540800
2115849470616
307148926848
38028530514
11799027283461
60055213680
3086475010248
53561146816
3071873322000
784393588440
6381921792
4003487641842
3160158384775
247664976
845413390080
13667519711400
1024670304000
1114301950710
1562307181880
3861504622976
3565590666660
3333998712825
1566223527994
20932498320
63017322375
334918057145
5481223313835
5547871093920
36715848288
3915074004296
176160384720
5802433605201
2100543539520
924394192
9223680816
1418781856320
397785800
4705875954000
49014890416
109945509144
9548341464648
363483867978
831078525446
4354175536720
12344551560
1403963554539
279648368535
3161638576320
586252899810
24411922304
404048153552
16536347475559
481194833
35904705075
988237550040
7430368622400
279409200
1392787143000
7973637354975
388044305880
1134614435373
4752266428224
12622287852656
184037897128
3102909577296
462704645970
18093144414996
1715210797608
21997033112655
47816537580
1398954462080
2263595353184
6011394438
94723399680
2659846435675
2286696437295
1310316384000
24211630905000
16282754665920
6695152985808
12382142757039
32054403290
1184144504193
4423379894400
922148208190
76632192
4233383427840
12007066500
237098465400
2294044072155
17340001027888
15022750222480
4847177272
74670557517
927388011256
771699081120
221894990832
2737625675625
2034250938720
1477554672510
883222722701
352300665200
19415274160992
1374270953325
961719419565
367086877680
1604732544
2510690064624
1265287144275
161863845
22360979840
577434371648
816613303800
6386792236704
1027681356849
4343363272560
366944613420
5719125360
1581195572680
2859239245376
4938145406550
10226048
6505109526528
1251557970600
22615014383808
289280338
452039126400
102117630561
43507590000
77807623680
4816265355720
22455285499773
5626182775752
564222015000
414485378832
226494022000
25781917693224
8863031583000
455956948026
575111060925
1120173235200
687006363776
1267727548640
10520515459146
1994460792465
714308736610
18209850386280
8380547429730
15264683514246
9844090069
2927503554104
106584247392
7228797080297
5358253324125
23726624586925
307321600
1961167104
1824462786816
652461538575
12163569521408
1167960310335
480717751635
1217060208
2701590080
3578470515321
200204854227
527547775320
223916805231
85818611424
2789781750336
2729949620411
74411675664
20974912794225
8373219474
154781064200
81664908656
223069695345
978508354320
2630048477040
10823965355280
1953291645360
1457122885344
5143680
71122437711
746914610832
1028893734
2242446500310
126776954865
172535316310
9870035471280
18480320835
1892160
527947813152
4136571166050
974393671405
13111807800
208652449720
579545626275
3961560330000
10556338811200
205832622528
5159399743063
1258008645696
869976242281
60829020000
369054958725
6466320040635
10469862156920
2939632452120
748660146897
121075679475
3279090214512
17970715421184
156377728584
3717913121286
724573755336
568473152
1710566158080
542298049818
2148325070880
1896443027376
13428879918416
225296636320
17689814184960
288922795
3468234294840
1723276009000
2440920282
667968063
245714669361
262329181920
53525872400
24156184730772
2909395114920
94298599926
4550190095022
7031904704640
455612152506
479042823735
1367626045368
5022383026080
954607519984
17018969179008
498302946960
3165482168849
23925474633720
104793079644
9315665325
654203404024
2698916599335
18994534936736
519401590155
15225697864249
8369368878195
17601143398740
11843238262128
24021348447096
3029972762784
1221707824512
313057905160
1286059755150
5307292352520
4135886439863
10939677072480
281157828678
2866136995968
13959583725120
8917123929000
285091909080
8565429144285
254702935760
1950
4109806366080
485585945152
1210332729440
2266708881600
2521332783360
254695740
57988020650
359417690112
341529889680
29133933936
17351095944
82416887600
448237468380
65594183193
309986879985
222985906056
67542851741
16496086197680
1832048141106
9433284773220
913447392000
6201826389605
693204954955
700810864416
870795955875
1007867192157
1920125484
295181380
3507029430432
741400839426
2535614866
691750344376
4143359625360
22583015085426
235151459576
15095752076
370023552
4827613050
2749125193520
13551616853775
214138921650
29476500480
3470434550784
1657453722048
1100255886475
759171433356
3197909793920
4161894138768
30967134720
161400710310
563351793345
15433260521904
195549247140
2256436010526
251238564330
351718848000
8116698590352
14598052472640
297823529904
78658166510
53612809008
2049207690072
14671840
11522912195166
4267837275
4929023277792
231262906320
2546823252336
8238053850
127440223256
135399374112
133117344
3649283040
8909999532816
1237308925809
25436909680
940229055535
16786861528425
4717391569770
12978630
15281258877027
8553470389875
11747689787040
3753881889120
7379782116
4328344145405
6134361747360
8700074675
13610548350000
2968036125120
4002706389730
7514515440
19850538240
13226086092384
671068192080
511119081
1482732941232
259647
557058916864
142541923935
14450328312
9090604841760
150900145200
4752554196
225914319036
837469676160
12499533928323
239013126400
409783605420
98447418406
2706595911894
28857880359
2107012040910
7607346273280
128108960
11608342144
391050145920
3765457881345
4998503977056
877829350608
9723334735478
3219152355270
20247443457600
1738145277960
16798345661568
878654116272
7421306366760
2814365063760
527403011537
953436313368
4046329913595
2043025374624
1179266163180
160608883440
1035974368
1117669540455
0
166117990895
2722940341040
3161776687872
9387903260400
17477340165
304885220640
90075336
10265136960
3466805612895
632005407200
16162103951024
8148839763792
3461201420544
18438469708752
1356665999865
9995267171351
3709343665368
365054976
31150355733
4063403160
30436188937
38957595480
15532632
742540114080
10573368920439
5085207763922
1047485240499
776200006176
14630727872
2134183920
5705396928
628548051600
522152620
3636750
1356320051775
887260176
2869158159
213790440
458599141728
6461328720
1023319599246
2496119595905
5944944199536
863994853152
1693315987520
17517273448
4218854653872
169999999575
1474470
837846747855
4085105963520
2335745422280
697748712535
998241578440
29810040
10474813080550
3496851469800
3066454293000
1781582791680
1178485718760
142321014560
137358331365
2939302674284
4384459708200
3094668720
3305167451325
12596255568624
8254686817176
5106192919836
1276157508675
3380271789
3294956352576
2161194859120
1356206549100
12429174717450
4169043009378
6967544952960
746700483729
13537454927040
61712
933387983472
1921038446691
4529387623488
7568662210200
1342051053200
749010588480
125082510
548883431712
498993618585
16327850357
1314795214753
3451822706016
47230058010
12734224362272
1342841134752
4907737606512
1797525205336
959195248704
645133603593
251109011760
3353666680000
28760884320
43435040
12196625949750
5466991608
17081361109440
2402747249760
1058892822855
913814066154
889577164920
430400630355
190806000
6886342575
4787999055
11684887013327
7217665424832
536326441399
1503109483000
3297982055445
66791017125
1257446527116
15395850205440
1214796050646
266065413525
374015803456
725612441463
18822184981992
423311893200
4982907755232
748486837824
4068106278720
11247812488
940971311896
18786765816000
47134883194
205082635590
5995757220864
137502050
82089958608
562411379640
580144360051
457349407185
879466523040
678753266928
1578197257920
6520210717320
7287387765000
4367057221632
356471501295
30931987200
2193312
5811000
386409674640
577014664743
304362802377
4456442534229
6892059
3806893046712
1020785610360
24860255087220
2984720710125
21870966809160
583683136
80737937280
365990703204
5901005448870
240561930560
774168513712
137999961450
1338360155241
1799228323524
535394159145
11096522892432
2498233184304
101021888
228501
1399679232
748081793712
2644830599400
1790604015352
1756567153440
4179072553936
117186442926
688031552544
25953440682
2178297619054
340268632770
4753211828400
629209882368
8185312892120
5930976196569
3911427412920
1417460178640
2921087342910
172407673368
22007001110688
24558679999008
629947105200
95013975868
86855208234
10859522905
2769135439312
134222102622
12614150920800
11246619190400
4900871668992
296979994080
3758400491608
72389144205
3345296640
13746679775556
711814762848
2334483846072
1643968769623
12708101869530
15662899560245
230168090880
3601618596308
5773340430
201960
4716096
33598431072
1102384774400
2590910205180
64116942876
83712511263
4130712611360
4093822881072
18676652678640
413082080586
320934381192
269731543851
4340413959200
15958053351720
0
195936432
316326790080
86710285
2622161269200
1547244089664
1733079040
2709458989248
21293624225335
1513844805536
424400760
25648636182312
15006324877768
19099996264440
77764638186
15018533910000
11218708107360
265835460000
18908421286360
600876060921
4531482340320
12835968864
228984288000
1110988680736
109353960
4476353166705
874481409657
12156197990720
11164593731125
3015635150880
85322879283
2839153893264
24787314978
96
370137695353
78720027840
37183146
2154821348400
1316870099064
4507182746640
14411156573385
2288636478000
447646854525
711934164975
1705091266593
8250876480
560291431536
423548302752
1462474074600
3474039154950
7234294208706
1151661108400
468159768510
1020013632
234649998336
8572119969065
1016886470336
41105173825
522719232
8180316632670
2208965693130
26824173267100
7183994155770
5829929701
3604657485
18842060319685
2978676628488
10309431040
113524021200
1223354392
2018921760
2498148989847
1273051862172
380214484544
440760584
483639936
863896277280
321547939650
7496477831675
264898920
3941471194584
780673766630
58553618112
15340590720
17180161240320
93241920576
4433870844
2291794890880
764828132640
9426210558645
14527565072
393996036720
697531893168
15613679980800
2907994845168
16157948447004
17443828323936
5087676391704
1812538660450
339831227827
5444633223480
50577114258
125926329165
6336083623800
1405202576697
1114265957661
19781356165560
1650587350568
4057617695625
6843969523950
4433830048
692480949648
8674812259696
1595955966987
315424704960
23739838095360
754974735825
8584350720
72224143680
7322704200864
2138606597728
9569556192
254844366156
37892085
520946501965
81541186608
1817051314408
568118849760
1054093120560
2040066188160
1315786058352
3186551757168
9475743708766
32640272340
7480583596231
33608805120
52181230
7639239202920
1640714000220
7344071219592
3880690711380
206964625
4436058044544
2007841651200
2723122882467
2200001186745
2943836896000
1430242580928
591019960
93862928896
259171327800
114761769408
1356465620600
45316978560
551617098285
3834259096113
613189886044
2689271239875
1674562687200
12860690186430
85700224
164480755296
1153923770928
647944682904
2975406705936
442863121485
19507393328
2892393873600
926857527945
4234859855584
2296804633536
280389649792
3800726573490
5233227470289
527350416180
891631116728
2186265273192
2311471844163
11449536917832
1659557667600
2252356358880
477975288078
28525851675
7133919105357
1004303331624
16498317381150
1744378311808
475951202400
157202219680
9780573672
825078969126
129470289
2532464334
30935889648
416311628100
1289433589200
9273289408368
651796217280
318312612135
50428801371
83519864655
12203302950
1306754243424
4259884042800
177543508560
43905848960
7124316168
630285910800
519473662890
21791487090
3041850502901
501180926400
2943669680
13833176445480
641119755
7388126568000
825586767120
80386889604
402033376290
1286004632445
19589382111600
180291837840
763045210375
10582704
3736250189445
543457373376
2923104329856
2301619236800
7251503882266
4158264945120
14336965799326
1839653525808
265717706752
2496915883728
137477464
3610947960
9871041087915
1265069943
178349523663
702493427856
51379111173
14307722066088
350242566853
9402960
2087196125985
1801547726760
54098625
1381416134080
153965483025
655031971755
7216521921
26100532224
25717203172440
1362598196820
17050123008
572341659408
5685910946415
7941456612647
380420793648
2260921872960
4634954930900
578522050392
84881142720
203247962781
2888930016
108260318400
11129076665280
1559863610216
30979062870
6745481205954
1645504269552
5406406285333
5098399707960
24275237679
26089387246032
3213298065354
13839138106200
19086483248
615297756816
2149684769232
4863274762875
90626540784
2826026922600
360218150685
8323054598880
919184847623
725602208655
68751365760
4803459029670
4402798285752
1434258726579
3948769043520
40404111990
290248
14706895395249
16129211665200
4546029120
1528101600
12116359097600
164497641924
280727008914
2572174176950
231203115
467913248121
24
13825012842400
14451437043
20676276621
21186758929560
118066954033
20954597664
10418994016704
31249046400
348071679735
681733068302
600747947814
2466623638080
3527937418545
17903886
6756588296985
4172347311615
648089961750
2976871855256
1442310070864
343105693392
2044648821205
1728931824000
175644322608
3243817373968
1145585083671
30359948377185
1753355929816
9219370826850
2500478427096
3022002673200
1307148471072
4598580745440
5034861678480
681345
1113061010208
2378917123200
173207298480
3552686670908
7612899409984
77372285200
3757865869056
3948066136416
24155397870
9050059005288
113415376503
160252560
531652842435
3629893800489
61330258080
1517317237728
2464897302000
693600
758148414880
140952847203
33391491880
173495387080
1247083235424
6937094690720
4988028852112
11205600
18301810506
388265586390
655590723546
328153436208
2486426004400
20712510448
656800793088
3301848791208
247521225
3620496189024
1013877292778
19187233257696
3097668591570
103643096810
5606256553848
11966121538320
7518197387232
16382999360
197815552
196003075554
440678288160
11940865528005
9186096807903
103141656930
1098150809088
4099925011000
14815464914488
164029090080
61614190352
4849420056
171665371020
434848997376
413535525480
124594282215
17073638271
161224175112
315751721920
1793501648576
3696856122960
4003961202945
5580264
5375608595175
4089017976642
114745328919
15376268600147
437059576590
1779067666680
1260993362640
1692256339800
144623117800
19026639
183122772588
12633736452210
11498197531500
13123331610025
21310108560
4706816784384
484056
200792277
1290011525880
158395150362
3687768285600
167885872
11002412743497
2514316448565
2859648540672
61160393541
6419704313880
15436833481440
4670093981976
378533863575
4624622756397
9598025664
1183489529040
125846102538
704100333795
762639391800
1952625
100678552287
1190556706560
1901612337534
170048488050
101158607865
58863992
18135407288
227524916856
2556261242220
2138163817200
760796703456
8752664762360
111026430
8134256632320
467911163075
3694549270580
34775093496
2312813430144
413959755924
3540050689878
3166534910000
962513769672
7454033174950
98849790
2602170920635
63179016750
6839949516920
4480887128454
5780839583400
260911370720
596075016240
6414850624
131432311125
579915900
7124952428672
18469046817405
10335430303920
41569266648
787397424
17548453301756
815682594312
890434198428
6215616
25740966504
3971366460600
215460
2401681554560
2774142491336
87578751582
3421548230592
1560432
50359579776
1103382174636
3288609675936
18002945392600
15841743776775
11251468214910
209490887760
2603997960720
27736868259960
22085270592
7055963160939
10547649660960
13455317754560
560882791035
3522792685482
2014535748960
158754921600
1956383356368
79496525893
15670563645660
58992440580
362176943904
4037925780196
11413884841392
3710916088750
13067005749
330834239406
8965462416064
1495363652706
7976066142
3326978787775
67083773814
3358133682514
1993545994752
212434657134
58773179031
84584843000
10329627106005
21743019144
56362680
5591531593515
16931344391208
3245877344880
813795436090
7938161788510
17307368930544
16371702336
9441791085594
22393729743
97144528
12235484160
536374011940
3918553479504
17426569338
10815966388150
1251868484880
161170358769
28365560886
4576990236
3790368
989120584672
8631523404210
861202796823
3269714691012
7464886391472
176101061400
2226546000
86199960000
19291427538720
375932327400
1347095241
72027697476
108936721516
177535987200
126289800
1359360524592
14494321870
4031605108920
166918427680
10600546218000
6264724311378
672887205
508273730640
4594444422583
22439400
59311980000
1954325792736
63339100320
2073420765585
875228512202
4603427292240
1726080653979
58467010896
210407340528
468857120661
3965150416176
29742076903
7632598577664
364676990900
804270004846
18966872634174
31544338656
1439233861230
215183517120
209426395875
4244729530320
1650457008096
157663935744
11661617775420
2774836053000
129245193
4642436670375
30695884968
2940787444545
30794256801
25410153648
7628860070784
1119832683277
210800778496
2932803939936
427013690800
455670221710
233725786560
1087285731
38058962656
716106288000
19754494876800
7427680075056
3713740800
481920433995
983797903536
14561914920336
1952778434600
2872920
15475357260
53219349150
23659537746
6617244165
36799008
2320815988656
26923872
722800887336
355931488560
10745145677232
3980035132320
8248565615104
1668700662720
4285150813840
1276540483680
4488137397608
1914398786430
1845026447853
4259877143760
57892435749
1916090944515
920660822040
388608274080
13596767440235
717486356808
528994368
357944590080
35777156142
12504451939672
11546650348497
633424350195
28886231088
11445729497696
597808391088
863667466200
63772354569
927365004120
4365858018768
23905107072
1489092838320
3818753049780
43544242704
12243462504
222721559307
3751241790
461152965
1072746292800
717997865355
1863666259952
2877222326787
85444485680
5623803763488
12838335878671
762075445545
226458328752
4931158035120
2160384
3176439536400
972200666
121244851728
12775677922800
8079525400320
1832361410352
14381101181160
192566618496
79913450400
2527020809040
11785205225655
31698223155
2278199747213
6943826240680
580218844208
1297151990992
1223326173824
258676908970
40518464625
327984878160
11981394430080
114334304760
949535050464
26095919360
2202081827400
93803182200
7653707555472
198633495376
412924991775
100234437069
29030400
3378688082136
15303698737200
33569163000
2975549136
2820151936800
599930719200
2400702902631
88101733482
9949875992
29157157632
94118859640
2336147591848
172149120
5090132023200
261591635200
1186349531136
4127112932280
847474912128
15270701797
3824607280
1021021487073
3202074358560
13939922056320
2912344251852
927295127073
384993401247
117982184160
148179657285
108994727520
18516383424
526079400
10668640668571
6799140824784
1286337207168
1417472084952
6401128561632
23197642872
7283990331816
1302292337014
7285623683775
405505136000
16268840640
247734720
7678600549185
35014608885
1309894315664
301136
9190269600
197162100160
9340675944184
32370009280
88392903216
2155371063600
8928357661377
864263827960
503995477193
1187234092275
306026785350
2861627623914
41501437120
12258404667840
21418129645056
356508310635
131694210505
2499988149450
603311235072
21940155229095
17769868427000
181512507891
306805956912
21392099533311
7106400
273655382400
20534550235392
2997400904925
2048266737020
1414019029380
11889678360
149327412192
11766133260
704449807215
2430705493440
357602572155
817721180640
239943534314
330578176071
2068518316026
5567209930368
816937389
72105813846
3249009302400
4242142541472
3002792877696
27034504224
2630920353600
152118046503
10192718142232
1494091503720
1018123351707
1341437309883
2823462713487
55943339739
89625109266
6170615264145
222784345056
76095882940
1397894342986
10198096935
9766502664
1485970063890
3904895128640
167878950575
1026561076254
2869902994752
73832215254
1091940770778
16311385718775
52540083141
102702860260
203370747012
1491570046848
19589130
5030442100996
14595244082718
1433539170
4491931655640
6836016122880
225276541112
67014717825
2577043518657
229418053680
1262521054485
119407257981
2373543422586
101034110595
4083121457415
2887812115776
1993751316480
11123594625480
17999355613932
490642880
2936106750720
20842560872
11630278369075
729216760503
91727157888
23341514840784
29703413547
3243979662000
1009230209270
3219864358650
2199376542363
89850530928
2481660588440
335709563904
21671870523296
287955
11627020545
4537889475
53891228160
266361293320
2749964640885
1141745850380
8585170706112
7933445103360
14926641436452
2157039621504
19315104852149
169296960
2470509976340
14511614937570
90347066208
2349812949240
1830609
4173634890075
4562665750654
8609134186
12767836387644
535378498200
14937422868480
32859113760
151495021161
130055118648
1849700270184
14064542595993
2596377517920
881551486200
203690095182
64953648
815066357688
3690696192
8598940280875
7304432699718
2398826794
16430674244985
376980518880
9039585984
8444234597400
23223200418
590497404105
157468850370
7938559006400
190726552800
202393292640
968744636496
175815868878
288536611530
101691819405
5952496073230
624195
78216192
2387617425
19794458112
2163168
1690879789200
3309297791760
14203022948224
18407470656
2034457799616
4563977116632
192199490175
8924421375675
3747441960360
62676901792
17208286266864
4155357002192
15832049196600
1169232685830
983549824
98225857078
2694560202096
2147332199040
1209918605346
111820273440
3247337221401
197847614880
12298360592760
11088480970495
946122262344
56053018800
5253419487104
8264071136376
26302245197850
8260956301070
4718147384940
80772541083
1862485639
436353312
4563643623609
10371854112
1236942750
603415956000
7908549376
206821481820
2637509490
1018092388560
4437272079730
399681460384
431009215998
320563972710
3147338282400
23147115030
12841655967
2539123485264
6572063669412
211141616160
4356337045800
3227319756991
2221835860128
5188468623975
4841558453479
447282066
3277120
46257893968
3181921072785
11666134720
5075579584779
13931942490
1734264498624
4331452590720
3544873706847
155488875360
2014139515779
80902543176
910992081869
159100035264
3074840385890
144624753
5119333390743
2558321820
517383757800
3016243269
6003878839296
8300153905755
7260114113109
102384
352903323045
4056434539728
48082623030
2411551676262
249523556500
24434724210
7627266405528
2818335735000
6037811073216
3850824846858
3578052340800
2919584589200
1807002992025
8682646923072
481345268082
295185545160
3894158977635
2716403135128
2131744069320
414191263500
11124348194400
13409138827341
110051635932
112653754525
1831589175624
6036840
12175041928
985385280
5612053557600
972177785943
271278078
3021150483984
2254269848076
7191618883680
800657729568
22254452136
770034739824
899145401400
467620606176
13994945280
1713363024177
3121793056200
60803822475
2072331929472
1550487678174
149376751490
160641237600
1984430162880
12322526321201
289234875552
3688720350720
9457749125496
98394209730
334541902464
3135686467704
4700115358770
3226864837560
161919397344
439556207936
425021341320
6958387678034
888971801760
7556233227936
568780962912
2619568898388
12261779800
1153627782016
246226820460
1322302248960
8652911812344
636530243083
3019304715648
3556588908
15167136600
113138828502
4407533209494
2767881405437
4259520
558739236546
1355934605256
13674955844445
9638912207760
3565479175776
767898404000
1402329984544
1511356214700
3545731959056
18469600800
184377668832
2632334669055
3676939778655
46149402240
8597394
16320
604880475276
346522256652
18907158445551
18708090072000
4047602331720
4998776575990
592210080
1706345466960
712413104205
47743052643
4765050419080
64676066880
279227827200
7844972478469
8012433345
973060843797
274076734176
2107330184400
2910853050
837633806941
128290401855
22755164256
10333360623320
4323436770996
974669473050
129692896200
283627404075
4002800485775
3208567320560
4301294891211
171703028475
137379196566
2581786500120
2038223153556
348024791625
46294391250
464928000
17943516130752
441347033400
24482095456
2550049296000
4260926868296
185815344
1854275328675
10645320
3348722016000
7567086767835
492732700
3632462446599
5409404095095
1195117
36831797975
96117929505
26998522303344
1874114590026
3365967995455
1722482590912
6577222050750
209904725565
370447803600
20441712033792
2925947084204
2038537037290
8826574723200
2601224104096
2716568198600
502611092880
62449920
6608452141680
511618944
12278777197645
2471203061040
1209814732880
6915070486528
19300184182272
234687423607
16260554550240
5187
7649146169140
2715618299205
1010218073300
732665563695
230620222968
5171320
1769106173478
4292584632
7428722954400
2819286574998
3429141234400
1973895006160
1124907210112
278066156682
52780848120
5563988816400
203448057735
3267459551552
156025919850
825184830512
17922602880
3615698771840
2832319042875
1217780623488
7976122000
5591877953760
50806770
262695705780
68778646725
22430267641920
1742800367506
14371831798650
18202259040
3149812030010
5196669402480
7768503366066
34826923440
624310661860
1555402211505
20261500940709
297918188064
27108081
1889300644980
20061249520
23757906520369
49998103617
982924800
3201177024720
61835009040
27512739210
10443786625440
19508413485624
856420050
37688850000
320401072329
3840500314560
93393150825
23889640725720
2748440037600
91331727360
2198539906464
660415992945
3680482659269
3326625748680
4733731933056
458941679973
673110207
5581717931760
1001506232232
4498564049155
5025691787270
139200
2856297306200
3495270301152
23200680169232
287602805170
9705275080700
682966189312
2228262085440
7107898608
11422193897475
21278510469840
5244426978336
93733389225
23775375176
19635018403000
2910959075745
203930455105
2086809775974
2139698616792
565945584
1740312498912
516404937384
11987473080
4055234079680
805815719730
1850384517030
9033087240
857298
9267460047584
18590539407
3953898552375
2675758063152
1718655500940
3944222920
8601011349
1259031240672
4280692291876
4375236667296
3927105969279
357472286625
11861005727454
4901924986608
9358035776
1133209791105
218596025088
10314376097760
111803607552
11390360380000
155953560360
5889452169069
14072685637675
57450059655
8333831150565
371508044544
600189289080
1633291072335
1154606092920
5170639402992
14696295573960
106255576
1863264967506
116806533792
111336803172
386902507731
131513280459
159992797272
9100464831
19392833016777
5567541408000
833403581825
199588725
3004148551521
1002149882298
90716485
1568745453705
5778147408
2169009507984
4425029679
973896366720
2923093898112
11234347915560
3040
1040863897125
959111495320
3524739460020
3167871550000
45883359429
12808912382
10399132450170
421326217368
1500243840
11370372358416
2541346221870
3982396986828
11223486511980
3289255654080
29322633600
5098962942255
966409490241
2554529451240
4282562632035
386408578248
736509375360
2738066972400
701348953305
926943574200
13304466695466
11258841330000
599729333151
396872876664
1211336556800
157123529486
87864704
639738301587
8792012198475
582361181325
2341772492544
30958178475
138559768733
11613742029120
4978274535
14217791806197
3122484014188
23504266451283
47657425905
3712277514735
30094056
802445449455
22003965621120
661936413330
2405162316232
7592842357
76393548231
20825096162409
585516421000
2696075549118
578866487472
4994249574
2690864208
7025458155135
418311314960
15882151957280
19713486042
12783974093136
19355096275
52483642848
1441275227392
627046832720
2266118391
402065760
934381648200
12270913944
28630050351
16452149160
31269421785
626035128
2172308203296
8443819593
55800
7550890040064
910322276976
644521152
10944613900492
541916128080
17000120190
1440496849164
860045020296
949899888135
73882990272
2216839393365
8482764771
96863143741
110319452103
27333921781584
5035754329344
6960684847230
3598615680192
12093127435545
222414641400
8048495
15288957471606
698251428432
544054536
21220070306400
168222133409
4105051085250
1896048
479641925952
124019497725
8185998258399
173374945128
1989456421414
272139391332
856089078750
69022665600
67538688561
4425786595115
870414189561
2822783522097
17652810384
707846837606
519702526000
968375292534
23950685395
7860756078000
531555510213
1602402467976
1361124962784
3851755054389
176291235180
1164048183090
1724402816240
1719777484800
53142451489
967514905185
2404510954650
337910304150
145901521864
4120707929877
1124760
150184710552
17906313286676
170778559280
105830116320
926717808029
7291841742822
9167129774712
6902961909096
585605092435
1292741952216
9744566234310
754493416866
8282760856425
1566961540095
45528676680
4896916594080
38805667080
50302809144
3258114692040
12249058046940
846704337192
926645370570
4712015611590
14824900643
19756279529259
335767905
10162045456160
4033658622021
1550307834936
201904911925
517132600
15540816960
3971985519180
412521220720
48725107080
301322581760
8406068432286
20987542080
3887764457886
26250315015
45743309664
249776890209
773169225024
1331351780
19180065775923
83428018245
20399332847355
51403178400
1045820583360
10592904733152
9516941107128
11919718242600
65366431728
3363276815019
5104439306043
4718631338920
712097155896
2467745321250
3569362357680
10797692800
482619283047
268295760
609103974960
2352138346600
4601538807
4014762570
4121317388370
3855060
341883577984
40246781976
857830352430
2717298526784
23220
127094610170
20761824539115
113693923808
3257928833600
2775426528
4693501191936
8764807674
303424151040
10499269723749
7819378811960
69848826201
4598720135295
1301048791245
267022272
277173554400
456408479765
7476309887950
7582576096008
624129435027
102102180768
2354185039095
1996613424192
7750678702653
2030019492360
8381217600
8262497422440
764845
10015268189760
21857505
8806921408350
1043993834400
3187571121280
118003392936
5375103364800
12063520246272
2234925
59899840
6643697863995
2152029135256
8450704
365670431280
980817929234
988131225684
9474237708816
11835738234720
315430412175
2284344569760
418158983392
531584437755
3173879294362
1271613696934
1044811862550
643176930
1771150857600
376304682585
6416469180
1229094310920
20720313107160
747699837507
922759773
7918664627808
992547382176
436604595840
11535616222291
78384
20274808515216
18739225283625
1216449027072
242721548160
136836676783
133801015608
79982059872
435743461748
18434484552
16668198141
16263915654240
37929270396
34501912968
262701853992
10266943967910
2386366240650
2553534541024
818096832
9976479775834
864174653760
3096204096496
2732143644963
54738726887
10851640797
5078593041705
15520625540640
83526152775
11392534925200
564361223696
542325600045
1659226128762
20250330912
69321127960
165333689640
9374815134
802927310913
3028103569800
20011482950
50085364320
10817473914702
5367306128470
17013738430
2330370
34675303392
10288426156602
1484929641429
2919107954880
12351210240
4563790336560
20591656176
1626717686685
3249922407984
9999739213695
845949590998
66479784
32472842544
319616138985
1344422477640
476722537605
5646601494564
3577098619692
8485420210155
2051291277267
560585533200
3013331968691
1039965378480
14630379743291
1690096270536
29028121200
3507003554600
5155936464720
117621504
52425852336
7651677696480
2658410139060
2611831831785
4270659264333
890574184095
23895288432
517017864401
13016971440
11397570691824
1040531664012
18336011423760
24936506112
22251815194311
4819772506144
176332720215
385698048120
8552022745560
2996272714176
1509630827936
5147248559040
4022353476164
5272882990452
2737222649867
37330425360
1558696038900
1062836522688
1002889970400
28473865200
5136928107480
13600831743164
143356563456
46159050600
4053903840
555601350936
2514922165
7021731316080
1136783181450
1484080778655
3389837828400
2776975613496
1420912747170
4177484514
13680306913185
409657055940
3775308797598
3506276796750
5165280193320
6695776356075
440391772800
1438680201120
496873633872
1877153760
11597213638560
70832055
27382177060224
21971344156416
3742682059600
301486421676
80027120628
238333391
1585891320600
3282161215025
6879828
5977872323280
657775226448
615751918320
279912104
4770642204538
4160718176660
13686410815
13833949389600
6531219384
2285318415
14903329230336
6348378258045
1507710059856
13286358308223
15717173003280
2093823103392
856713731760
994158032520
10673298625152
502704617535
17116410853080
2208434105040
3859047192
1817020842000
1308256800
164148888192
3036430656
3054472183360
4164165
171744960
614230971200
770099474200
571051997568
899153004000
1213170081312
12013449749015
2828217569320
1877266650
7278410295890
2451207696
9365861942400
224443296
7003823457155
2125057882766
7669093655481
148634772045
2354775200712
1312722286050
13236295680
93119805720
5101360680
1599104490165
5566765171590
4032272513280
19314481017575
4996924466559
161425802160
513958508475
1291082081940
10212658977048
37352052675
449740067224
3863953577950
15567377224
1497182483520
1382672583915
94983076149
1289602189350
860659991394
6875568735003
2347275526656
49894797240
7038002499075
3662205204411
1968310007040
4806180599493
47471278008
321011095680
52524940104
3374673508800
41258199955
2747588667600
6735696020208
2622613836024
3883602060
383525736
259512536640
994129216965
7614870097680
8735904926815
4414602812928
423703353600
839425402768
17728941779904
2106916578084
971653763864
6163595222884
1133229618906
456212297760
1790638552472
6429347341440
31184317800
1427922007680
3924903457377
21432917049600
1909693195830
847642123134
349654611372
468342885465
4223100986520
13384884428160
15967673066199
13433334
141167413530
130055831349
58491469502
12127760499120
37271740143
5987229858
322449220373
423900983600
1528522560576
1797632890944
9375138429300
24676200910536
7945717920
789160160640
1129673508600
57291000
698698261008
1716277524
529380205824
20928404896490
25086
2069625600
116431040
19054470628715
22333699934000
602852018406
8845837670304
16495686016992
7862256253368
1837783984200
842665345257
1409666248848
2138906160
872127648
2022023715789
3104876594400
532800
477034140
1969772113512
41163795372
18761088150
71348256
355451129400
2027911958800
773510958781
2052372838392
165135080495
479766775670
9294198060
2766980951808
5672340648864
7220664851760
2193192771840
25888778934840
4486102705854
183890119688
65928720
55525197
206367286125
37563816000
21717137731520
3138841767
6790729504
11517140812200
2427310984224
15227135055
492557101326
24659370420729
9395119061965
274445906560
17711479798320
20266417710
13805404971141
12332876900256
162788478192
19527041468688
2732048266464
22660410223776
3400624103040
16767982034760
1700693175888
5674763355279
28670161954
156075868800
16766578224
5153976043227
44973292800
3654190669215
13476873325824
276593339034
8913544866835
8975856138480
3470424011175
361356417
16321906241067
2729525685885
3846792787040
130533881280
6205550431500
308403104688
629187
131798914156
147971978784
1090629132480
2115972171264
7402336870125
911843883720
109130968648
864517211019
12654783490545
67379750205
2849929608000
4329351847485
1852042560
3121073228672
45823866885
259935423840
11542682803320
442108939355
268434570320
61572379050
608642774223
721800720
923747220648
59687491200
7051954316670
22361899031919
7623669374496
264317904
1412875
2353022648949
1125871859160
2123721285840
3329048562
10511156205600
10472205866000
12932124640344
42251782000
8764895788800
17488670889375
103567157760
12120578702808
3399544629728
1278616625910
2039201075520
75623720922
208417637142
4291121571440
27250360515072
5724709964064
213351521760
53239725
5055337909593
939852331040
2492868007080
10137636025920
574382891979
1280551122480
28436008972800
272525491536
35188323821
994968968504
5959646372280
32544535055
14299161749600
3271723695240
47587840
799589157359
2582725134
20895127991730
