2188458018400
1113187884320
65844386088
12701620191216
193447296
1172540211840
1466474027445
73645817616
12936245174138
2587806608640
7067522342160
129533088564
6185434968077
1291491020828
13674990732216
6781192969824
14185559622140
87462998199
15093503037509
1132629920
9955705699420
20782777120
4409724447975
397295219452
8992099761941
11207278931625
6120425790612
7084722840384
875762041024
5052508148100
267324956906
6024168726528
19843088811840
3787706741159
895277770944
1736688788426
17845890827576
12220792268256
13650542525260
922241424720
1982734318652
13288764760046
1535632322455
758375744
11584460517120
3068307540144
946117476
30286337360
10126152
1342841268608
295880982529
177929888944
2829726489870
14439429046470
551930655000
446964218184
