215521474536
321669309752
3375453360576
1967131712376
5061306436020
1847399062344
11654855356
10461614561440
4444255767504
4981655078400
82933987110
75354417600
5935568545935
13163611516086
12904701370524
8097745131084
4254076458
355740477344
10879564726800
22613844487724
63697491858
296461730985
29253586236
3232860148
5167077352710
5167363687752
611663220960
4473772121856
1888741735821
15338684516766
191706325650
8144026406620
7136155009440
14645459327664
4171499200
1248474317350
17904401055824
11852167689984
161114875296
291627385752
886431727566
1756999692000
2224789728
7815784698
452078774784
1695353340928
493920
12910191976080
1281396663075
10327576967088
23761224945975
9915983561965
325393200
2665089245109
305490561600
6560053370970
13590637872630
4123916286336
325812079320
10843434115488
942030707916
2552769671660
27508293378432
76032111936
9747176631192
524714507760
