1986426384
2887320371920
11053703622960
360426686928
4751752180
10582581113520
19201129574
4333931521920
56940052062
903725649008
9088478316
505057221716
876776673500
5052995042720
3882299585340
15866002626824
7381527449985
188194337054
13084836570981
4588806880728
305130800972
305232
76711903120
462026141610
14314762000
6373178409584
1337425632234
933639672903
10721527948809
788279929152
1110486418720
3383212955460
681531752864
7095057783264
28312242747984
8974845416446
534214411264
7629003708480
5600474181104
1516770218472
6779967517728
30424818600
6379264682544
10688503456225
1152533990400
145231617420
598549520
1939401242784
646414754742
137051033600
19945328184
3056272128
10120432980
1095543459936
190696062338
19602835591872
5021374753440
1727506600
24406388874630
545410060928
11157188761800
1775330111385
10931868254189
162867408774
3532711376376
11102262275160
309049461072
10623003193752
599252347980
4342915451496
8463736513199
569387082574
1518530394296
