10455124904564
688638021228
5627153765656
15422814857124
4578823088059
22973073262209
6766762800
502376273272
4325065237680
1628757951250
2022995442600
169880760009
30546173207088
11901666590240
4926512831712
15850882019296
1768581048600
2464684363008
7748119339080
1138599091264
3580994244144
1131855951655
450674731650
11368866824640
1136756675250
6466568239530
5208977436780
1424791442853
10019024493840
19163578960257
2247145698465
5279338779
7445998853508
3987099959544
1739438
645116012596
274135914
2173689490320
1865830876
74877918060
13790193626223
7990626746477
13584775658608
2164930898670
33746585290
11021682431760
20128006653183
17190321120
36874910618
17404677454430
160575904720
769939621008
375023718888
32605018544
48658374
9416724758
14083586566560
4331194366740
24633005040
1283791414087
237437760
854345352
9541951494570
13214842500
742674345504
6128463905220
6471539682944
693963324000
52402473760
431030143382
10970418965550
122490218720
112438
1705808234768
17046821732184
406265796
27630874253560
571715328
19410487878600
406460290760
2985463416474
15891427716320
13722468974424
976511446842
1823969121408
668954402545
1457933003696
1156290516108
3323604214854
1797924751158
86926190348
20387361150740
17848703654253
7048122949524
266644487025
23286924416
607034626182
7428442724352
757120060840
1429575746304
7506189136451
2127697076466
72555707048
8712483215040
1359207934542
767371494192
20422587560850
5309677273488
3679541443896
18357051288807
6913756745272
25229565270
12878112562684
1029209662240
4173521557680
696766646730
1919417265584
3524453499903
20742907698
25933810416934
2987397607680
198980233152
543735382167
7110528047400
2167355080800
404606265902
2550674812686
952672644000
237864
12173781438720
984439205168
31346780190
6653804972750
26618403840
484991584
17541940475342
317645989765
2277089490522
13969324106892
892775520
14907287024672
2150871470664
15619412521284
4997009084416
571757662600
1157537264400
4609951884608
274023063340
114809176384
13712008172505
15178909552032
364143972492
6705181360686
24953418070
138954077654
237080459934
7515679717154
845272718898
3283541697024
11333800951417
10444465574912
133993795880
606528
236946166392
1199860870656
13820623783680
23732402964
8983935806648
13006831030671
1901990137464
12352
19296453900075
2709702108672
140203669139
2011526742797
5189435627509
310541626116
10820471136
5157963966484
562750350720
74222904
17937411634805
195336218
14143954863480
14097580169456
4944482705360
1367810212152
6049553822345
9204478145660
1554709659569
467456680737
8489850448128
1986444503744
11441510759580
18733473483480
1018837530480
7697119143168
4836762052005
2917376202125
3711551333834
2469304012032
1704786217995
54691834110
4504183200
11359034049384
277664780864
13263339640500
33418476
697585388
856425524736
17298823524570
5416554
7839581706864
4893770285285
3686194193309
260175485115
22198267777968
379946952560
66340516
3073343944640
27861001087064
73721294984
927348708
3139247192040
10958365438740
2775491312
263715760035
654047808288
7930796384
10435036479522
20470213049272
4992570971504
3098836546795
2457012910
2535857223312
616675323510
172190446380
6526354178432
4382194267152
8261097812175
4388343068330
22069162320975
1678047387104
6173208140880
1176057596973
44605539440
5251844293740
12973760576
4042203723852
874670053299
2208095851940
26507927490
13943038180500
129564
13448890309392
437285196
2954096430285
5096632320
3523208227875
24930924768
568094550088
30701056889164
34501971756
1286605655160
6631351178400
407484120439
12429514649100
342200778900
562600787408
7298090756124
15069794744580
571028077760
31517089880640
11156087796224
1394575253500
5889038910573
1588760308800
25318298982528
291158676474
2684064988080
4966574060560
3310334851884
855277852
995148538020
56196814
2591269307100
22325357110472
3058393691595
7303338180864
187749077885
461735428586
11975166705800
173942880696
1023196576087
96201230
4679638584768
109328449195
36756014364
13454854977333
3870501038388
18007361194662
1299039939303
3315553673103
129634995050
10073204710965
4186447891787
5037417803424
585971783619
9771215308620
13729032865248
16212167248320
1184155887184
68719962888
508384703502
10608986264527
6124217518320
4058333423785
3617074152
7055837467920
597867372970
1649116398250
158945816512
1511536704
1259908904
490054788896
571796135040
11827130409948
17465184
8132865258870
156675029784
4951057073655
1653963391530
3927421610712
5138401790880
6672108576320
37640507408
50563218860
1409800
46319953680
469968127518
1976443331888
76546916768
23442513956852
86526307392
64173163500
12078045441504
986608073022
22445637120
6237440135424
230759250435
17555538292416
2579113690352
2146928
2138947995300
8322902739513
1211335493781
483748998620
343446876752
9077089799008
2573022117680
19619459856885
1968677383816
1922678001712
467187262
136673570360
12222139093248
335679850963
4366602160440
8106578083532
1832567739464
12306111912
2167574384558
1736527361400
3114775050681
982960963187
17357127378660
25512139269344
21614939039295
10588644784802
9750263234384
21582561519365
5540446013760
1494039085056
7238407322328
9121097741504
4947881086
61745025180
1163708507166
4612893051632
128973279696
6009615360
844744378863
3235520792
1469194496
64669655328
1876174488235
10645125066384
18936751745882
672428844000
1486086770520
130324273344
172869364720
9358684289216
6000686674334
3338490809344
7178041586670
905846654440
843615261760
8059300088
16746018977331
20222748808416
3649727754432
180765111240
10743955819520
4141411061970
14056352904449
97123614406
258392629250
1080988673969
4549674716964
246651271680
11027083404800
5372193271380
2932380089352
18697308860
3561972785280
61609649850
850337804472
12619731271168
356104717488
3783581167245
3119123624736
10091448920003
4800312832320
5446297176264
8503104052625
6770649360750
13873051222098
24411249544320
33703742996
14741134313752
162512907387
23881454268015
1664191830028
18160781839200
752939424861
1700240054688
54960272432
15991579976190
2051108922
7565240583753
6005181578760
9780099956264
8019993933936
7925591546
5430316208135
3628953133040
5533510830965
12610006
2740790900412
17263525368960
3319703640
5223094273025
1293657666
533374598400
278348340816
410493781103
719495829360
2856289001240
3882531841888
646652622504
752800040928
2283890873922
1726347565600
1311771556244
3533066862048
4280905437056
6867331615710
751673865930
228075614400
2797444862896
3690695113908
865202625212
8341795230935
7820546946560
7850246358874
3163480586700
195070593834
14617410113376
390093696
9113420612174
4021087671234
5304180
3184159724751
2197143925515
9791104130208
7747175951804
1908088641678
1774147170380
3152570402
1807595498730
5042875419792
6077788615512
1967308852838
16344384512075
1407363245288
26497481013954
12839268913940
312730493496
46762021782
16654679059725
2205644130216
38810836656
14023807811556
8027563675233
57188607840
111994910528
73902935925
7344646348179
116074358400
163970808
8764496756048
231792895984
415459434626
9147632491160
18822678387820
743693448
555401783088
5700450997022
2280812484352
52710320817
16569187360
236880034706
9309978689933
2028446163520
13687608199581
8322826556
10215403311112
994941202428
1329568124368
7770246192000
2172627479880
4347885428464
13009232124
19399002115584
14613483672320
18128383295616
4946121085
6056567272
277944559728
66790072700
22087649168928
2356896947130
24436182823244
400230911532
6248299459680
8436606259550
147463075914
10550735295471
2766301689936
5375450707770
2199136766645
8278777881875
549151433040
261192568
25385410580
134422920
1123591003878
1170016717685
1111044
130704718056
11922635764644
5128765336464
59521961504
9765476064170
884660040
8535349448160
12583914500699
951530596100
101899363410
500330579700
517898669984
748631117232
1311525854640
9724857577920
9293072569905
241421256
1110144801024
1435382530848
8859807920
12099273875040
4448511166704
133578293430
1416349759680
363071322387
1337215342592
2532790167500
2227164358760
5312539928493
1301942376064
975624077016
35655084
2121786860
3609099034128
200622046360
1225075102338
51914786
7215316459530
6489020858213
13302658025184
450895947597
1582127911462
4598737553280
12720136156650
8486605629936
1012277177865
7906080412832
12358338777659
534129249420
574077596400
306858450672
11190257968
11020080
7622778804660
279433744128
3065144990160
7067864431760
1599908115520
1210113254910
348041520
144637531032
21007925315568
21649949528
52494596
9798474362688
100999456672
8104117512960
10727159329236
4478341859680
4089862190400
8099337722960
273147443712
8355010910160
2387700
12077444301840
19230577566750
43374827244
1390377265200
287060907344
18311023887420
12376980944880
1248101094912
69904918544
265133482932
1058741918631
1198783108860
4507931472420
6545244696624
1280712685224
294002715248
1029523316613
73539892027
463428767991
18308513487508
3483159294780
4598598468096
9629696384595
826217303688
1677582413400
5213264220054
15090728662272
234008885374
4250035224554
7085811386220
9230268156669
3439752530
4226361883794
13057426356359
5522053338080
6407609894400
949948306125
157124190204
21645703657138
21988399314112
935794342284
23377018108080
444806709714
13029674860956
17993491690304
25093223706928
2168203660
1940388702
7508088
2616066355752
12923656177080
9803472
1686449922480
2140212348876
167671004760
38235535944
3419119992600
1319341963800
13346597692850
3888772868376
15870882929682
1613269744112
2136877326603
10354490761600
107886160014
931927424686
22341217802442
3026139552464
15087612763146
621600891288
825130578078
229334979900
617331428
1268747591122
253069403244
1973534400
2762240475960
50735606720
4804711327260
8164374834390
1835762070240
3148625281740
11721880767000
9759494385275
7102006011360
10897123891104
810552328704
3771532426752
2027984427210
14831323968
7726429849635
959514716412
1463276100
1914443955468
2315820434535
313113674115
3674692356720
28242414265104
15296284987536
6080644322700
18496889683584
18049170618960
10520445285392
6742659784
518672162720
15807323969208
325827269040
1775025192105
2124397438560
147671271132
21954984006324
14908640472000
5426430779264
50571013500
10653279819196
707655071631
2752996086
569573562000
14321068285520
1938084584535
4301671953366
17851729116225
13332831805440
10038372274986
9367538227678
6184484312
7118653686840
8747298036736
300569096500
1949436508275
4818747235104
6860222839134
614097027610
7862513568000
850401005832
788486218170
3644466680400
9882132273497
6026909558344
863465995877
656903776
11303251208640
175764496986
699920400960
423990800982
440392112704
1234100352128
28996609035
9860304169100
3132665805392
2037238754074
1019861240
3580320468475
14719623544350
4779304500720
12458800940819
2156896080
230484220540
198837384746
6524753442
13694266955584
6540769912168
1344066789900
1883423247263
379160896609
6474430503200
17378563558784
26814797524944
805120133400
17069054444
17229179237842
15646045446500
16224571846656
1032052556775
6907042949480
5530337266268
5183766758370
18997734
11183160752001
6093594
3928258488144
1830748891608
2155867980504
1527874499680
7059053729679
290042529816
5224661352240
5094179803070
7988285231325
2180655104
5854683984716
2247907576915
7758147189016
780781491142
2949923824341
1283798717880
132207926764
59625634440
1019999317600
1150057640576
25378839980
1924451127358
171729825120
996208748924
7680441023328
23231550760464
144821880
10051389840362
8633102854068
17016471847436
377578785110
689920308
25327545160730
4659325871475
4830007055511
1756006284
990496357200
7764630099408
14263016543040
9817308078214
2655585868650
4400595713365
1035380649096
613647146552
1361454627840
1887982904640
10592053299345
40274119314
20553668821224
6256471508838
2859881653440
2185805232960
1882079478144
282837355704
3813255028440
13962231379304
5083643204332
222427312640
1518361392504
15468255300
2866283576620
18187543152
1082520762960
13147690847400
4902547481748
2961062292496
7088171431305
428793232868
11212991321259
2320012052245
205602825372
358483992420
11437105187664
524221698
1739886477120
1990668400890
508240166085
409933694800
86427272526
544936954944
15071897455152
11109715603124
1644040404608
3493184143995
3217505633016
408519295171
3409088586937
12211737032304
16979548154247
6617542460816
12075640274
2021316990495
15297675535224
408194794548
6151192674624
2487032398080
498726489105
3616015995800
821947657720
1583708558000
1391191601520
8106500402280
20996059908681
120042724438
8865654589440
864323393344
788967940
5734721899725
3995377206170
9553699448
107971960696
2602580735781
8342146990368
10551821932454
3169175440904
5311142021513
513907896880
934459818864
879006216
650339442500
5705724724
11051241356320
12604045164480
3373216603840
2149667734824
11646813667320
2278553310650
183363390
224774662752
5869743880
9342022888784
22273268944880
4476013169474
19000619067224
109712993112
663555027576
2360496291824
8888535943040
2347526674080
9127148479680
6245184073728
21826178060175
23139522052080
870356102976
184799931772
55007316000
205050471796
610282317888
1175093725796
17708828635380
15958408428765
451028688
585312942825
412747271888
7355136981720
9455214288
4577450219139
2815091184640
1524206
1279387477630
528443697120
4628934594
1401471588314
16149087237156
3721589560920
2696563249965
367528357440
144950695128
27740815692464
26261432178840
3304689924459
3477545986200
39799597118
22861633113520
87424387820
8988923800143
26789029385984
9817214706000
6258064265591
262083900
7205287347920
14565191292008
2308296872064
19791112432000
9268085009040
2012039445125
5265354
4531006679243
4589859920000
89545532375
25879421887725
32026079408
18374303874904
460570287450
4724246046240
4734393754240
194201160
6205393211220
3707574909320
2584710778926
18269210770734
667246115856
773998107480
13995016464
2697295284270
393254517120
19261321100852
140538461250
4214375901366
10180807922507
3682147202097
1274791863812
730901790000
19996686
838584720
2569150567984
7958035162176
14779106925284
10156962492227
962645720166
12381380417516
9715061059392
4492134935109
7455811601952
7612327519680
3359667033245
3398776792368
2745145597920
6291597652704
3672737927040
5278903689510
492167063610
17822052281904
4405528579320
7603328080425
18433621639844
137344184096
44551026587
3986251786230
1697240061552
8206354086480
74419071030
3560903458424
9543783364
20388967598130
180650518020
3935939154336
7642322222472
4795425857024
1514276061766
2533111594517
7039536099480
13563605457360
7122479619179
10876243746447
1606091840640
1927761247841
4281259152900
4974221616
155329605999
117511760640
905755862396
4151560913955
4959230140850
1761617830
3564328283737
3437766040160
4984862345262
18719564027744
7520464893568
6036147956265
34394388
601918474080
14100497476000
1908338047120
16308041049652
554285987932
3049398059274
225358448576
16331243761204
165551828616
12785263355936
12130747062372
289071009488
18906611489598
455331602880
4302546677760
146974436
99717490224
251643975294
3218011908180
9120038821845
19054216591800
415539545756
3842452328031
9102950353266
289125635616
1378519527168
11011430352825
154240856600
50371881702
2195750432
3065295424250
12382331467968
4409652693360
14976976152600
1705823917996
2025232213095
3013979952520
1744789424
8595687890944
9471498134625
949701766520
11613880696
471891545550
10021436672000
3657190620600
2393887040
16850349216456
15696216030305
24289757713104
1398862584
1190283699500
4168987849325
3937964321280
14365427744
2417815008
18365455247688
972907090626
859419314184
3504237253470
676836125642
802475359920
534730819840
92283100805
6455297564352
20118476881928
577186003044
955535218085
7032877908903
2769419603024
522916432308
19208893257195
4505594960
11328173880
204625045800
639281696690
20968129946616
9371918546400
7523230476944
35721896
6249544308480
1915136802864
257417820
144153592960
7130453998725
348337305168
210931210890
14187459870738
12014058254462
288907334860
159294625920
2781572573241
14981698561104
8948072648900
9526570953000
2654265037809
7580007073464
290068306632
1617474142656
3203730924485
1289071184972
9623805592084
1037593589760
15542066880
69460657000
6245421575240
412259079296
24049334494235
43494410376
351125905361
8980147108800
75331738100
338053842981
7765340965944
1599107842464
2661349373885
5103968065000
20750334251064
670716456840
230418361344
76791556800
1547828466965
13903697145891
3259003437864
2990512042560
19531418097600
1980492771972
511964816136
1771463770272
27056650646
865302129921
248289137355
17983684520064
276805895688
7131677025991
254236529087
1526461824
102690156310
6420345856
11227873072
13484075969184
11083715149248
2099329717485
6972249617760
2133210885120
95137560156
6557099852160
37534356
10466199658395
45084213360
42232744088
103869020310
11662374624810
13748230518075
5786184146
4444140171996
2553686497530
64917989992
3338397523184
194311559433
362878348800
2275273203712
17142872055855
742962655897
1067823844310
273771177300
6548578607259
630761028
1404521821584
2671511458392
236757972
4935091851360
220568824163
1775462744391
2923032088732
481836546275
6375570141200
488377944213
381983056605
1245476934123
12691923614472
1264787114010
24674513780034
1381267292496
1574937274806
20646834741104
2276640835568
6254114969375
20515911321192
1569709573080
3553200
15078702421872
27503714404000
36145760354
1024018346
22193551170
2809212677453
257867402600
275135369180
3887421276384
35758616
9221442871280
7853546052368
26778471032
15431457782048
662971426560
580468892992
4027558752176
297261649984
11524060209123
12334775724810
393308182625
27228748410
231676541954
6408001796925
12792850265520
26976341466240
8214986637627
3172565614725
623266313180
388470243200
144435530075
2919202281384
2060988634
8065756914600
2155966449264
1623087066425
580588812288
14920574380096
487415840732
5632132816149
30481815936
14093642640276
24451002897216
6120642969955
860410500
14434048681545
2461943090880
497257759050
643274663500
18283427462784
1038442778240
10508696533984
16654741294149
1342344006
15746000562045
2235744802134
10036842309840
5116235767551
1862577847496
16176690981600
4266682535184
774110015320
1988570431008
3987768203298
99688165698
380902570784
1008522210296
358228591910
540819347370
104977633920
5058947791800
1094501236763
328817340432
7281689947729
4265149117124
5691073360752
18531349249800
3250763428439
6235919610480
106163221885
14911560236014
1354401634152
11349037053928
1282606823160
267822926280
1500416331410
14290274410680
4256322937460
17692837798160
3967598964689
11424217728150
23498960960
20910946931725
11383000072
12022411430825
785064883285
326373404280
290477335680
2180564346
8455904570400
4979068587344
6765312753700
10125194472
527421467104
108987366240
7647008117760
292029223710
19656685706440
46262542872
799462224
153838308800
7879935075712
13449401698432
7542215470440
9496861640810
104500062
4241861246194
368927178984
6548239216584
14358589319464
341804047200
226666453600
10479163322
6577093042170
3851848342788
9965829680950
12960743367000
3970810
58401996624
210102076254
609000775600
4586463610575
1647590204585
276320763520
649841936144
5445741897552
25256038652
2659298904
17179482160533
2348884638360
2968377927884
1861809676650
13756585729705
4225404151680
18003847108331
1673056602
6935901329280
7728745625984
466928526862
2458160780532
1330273074
2551043992494
10748100
10147984617540
1316882299680
14342575487409
24997591982985
5890582067520
177447816
5243816164071
381138424634
67953271008
11927833306944
17138370240640
1297757854926
525905408160
1795295636288
501384479360
3571659079200
2993081427940
269616999432
1154576348640
2231834180436
4555556111400
1056076135758
181895501312
12181221944840
5849425625208
632673232984
359663895756
760785032808
1474268576192
10488909295383
367780114320
18423166120304
1068250573728
189617731756
1653294720
25787690
9099962302448
1108463570
3750299325279
1526417964825
953640046350
5559590442640
820550
11855400679875
596720321256
14179660871200
16813021508571
4142575896822
25571516169024
17217131755311
13179884838384
1390764002184
3896102
982975221504
6542292151881
9131604094080
1770686438600
164314300920
5199623110732
4899378602547
6800813347304
2603118108
7632818844144
44108136072
358281313565
207781782302
24153221539044
4230080491455
10744548506741
1577578238001
1235589549480
1599080211840
27116442067176
710335445503
10657945703979
436713186320
755697533656
13995484832780
677509000992
308235365280
4191323040240
11918226091170
7268310
11422080
20227085300560
78453468
27285495503200
9561562920000
578259107627
842768934672
6813711581040
13899664967520
1108945099512
3535335250880
337280848
105503113332
11631866161375
649517527703
3093100788676
1878631959168
8422153586640
29924364228
12383955882560
306737236
18769493340
10326523602780
429442720
1901747449580
10090366661621
327798568240
2143138602336
327584046153
7549383288720
4098792677040
7917690565008
6100348901040
29446719700125
14345878750110
10935660056320
1885422653952
28347489034014
490464640
11064649865280
37494784
1624586277847
1232579573280
22640065752
102920025600
13377380474944
3656227724220
4622319406120
2191324278
4930968911088
784896413520
2334133687776
5618667296507
26607916440
16675696365888
2517582267048
2623981753276
674956385208
4484943864300
4631156768
7203031521426
362103754000
710672512
1432528608525
3426896290384
3128538267654
182189483892
1601208453416
15946037655
16480352421513
521556736
8330196043328
7850356944510
9891964782
2201639327712
2743378934320
673306219430
912854254
9518969098254
1709713735587
8299408208220
712928877192
1129805660025
13775706510872
22161845245800
22310031370704
103987902382
1289016105487
24865991286549
2207610173920
16383684572
9576372
33679454900
13698114700704
22674768076800
772860110336
614751046371
4949093808120
609474247440
986312268540
1346716196280
951508470990
42201255492
10855162890
788486496748
15421773584
2360023856190
154665520875
12140717030205
232552685274
87301912572
26678580
26774661856720
99081675
470755218600
4483229445540
231653018352
1021139340
4534367188813
132043788
117524935304
1482057070460
1370138953344
17134250152635
162343911888
402480183752
91837268844
2757463468800
24667471856
259238096400
616281467694
3287851714610
712844162064
8981812481040
355400289720
1126769720085
2270370636096
10843561681392
2603468019282
3874837711950
19324303947072
1253599894624
328314612556
17139990411712
90592794288
22462900257
1919713096896
2783850261808
14405707520
1834486309127
870508482406
17350519906944
256092670512
459477390060
8905951934880
2467993394160
13843193225280
17338454673498
308041300644
484557518760
28354304628
3216419465662
9923811721950
51506736
7607635975170
13754553899735
342183341577
22524087040
4534982297160
7443505248215
301691988
3423877469584
23894334477045
650291259996
2952501987544
1668068337600
2507858158500
1283607272808
866821481130
22624424070944
4944588277320
874289041304
1969787523408
6376159394737
18843756437880
59827264575
2792052224040
2978934906015
535148324
27325243048896
25534996296
3757760910096
79127303610
983493631674
14534439163440
2532517308258
273603740526
1008568942920
675517877155
4175312608285
1456460849034
9880089336639
2198594088128
6298004973027
25231463822168
5805382238552
231420547072
190617616350
567036142336
599617559744
46267189176
1903651960
3133241686705
14796889311923
19129175520
3466881020358
621295557636
7461558207984
373416585380
1671316533820
9466979994080
141023103900
2816221531858
62234574528
2813760706016
2471873389680
1429467912
1880377023840
1592334194040
10728320257476
14009454561960
6524951948669
575942450344
1082121876720
1213830328510
283823999124
1859043817098
9802339004717
2834056434240
427815040218
4396963044320
7045531648517
9960060857832
34242432400
177352106560
52813800699
4484196057264
16834581931392
8168343022008
2130897364050
4583676935880
16772754362560
17515227687552
147632183986
628280372
5234163379607
17693777353792
23030574019688
3036155205600
10682532303168
7122526233003
5645932572336
24233412256
129421746086
6052109706005
10421166038455
20998498440378
1690557452850
762912819342
125466788117
696202254000
9368205290524
29951256840384
5313508241250
439144976580
18538275228480
8692555638755
3890773656000
1381183501760
541134014400
205916253770
15416637669732
1395047572560
3826136110368
10089043309023
11364160762620
2929020849615
2112127524
14368729098872
398431768
1126997328027
1286955579665
238244610
16313395415328
13048189204859
71634934224
6304975019970
7653267944988
1441038261975
22680636378957
26937402767408
1973616871002
2757759834212
295473906840
375500503125
3182225666368
7547254991360
7917299631
23253325200
1059494504660
17952184649274
317866075360
3096325130640
2046463645594
6025312147050
4990157469696
767829143952
408134311429
5486465280192
1747904924
6583877498016
4874710109616
21150515709007
4929568727248
4130168828609
10732049605508
9220604137560
12588128551179
9562727574224
11484646144200
7064118064707
5764534969729
4017332481272
601093306776
1050254400
882707972256
80402299520
416925001584
8530745345052
1425836070000
52017684320
1073359153750
501661902430
2905183863704
1105737671680
17143279314264
7487462339720
2049703328330
135487466350
5953533716175
5590464276111
7785325812432
2034584993274
7499743102320
44291624786
5364759029175
2169829861540
5264266115255
20707248611712
4180657210725
1818347955248
11422423669328
11569958485600
772363950426
6078276111180
588783353238
475718490
11842560
5774683609926
1681675982976
1002417224
204657381768
1666370345600
24237487500495
3106430872512
10363378575654
441053326960
116538974250
3791583809244
2646312481518
22891098941280
4559243862537
521959140
1946883822048
212198845768
905132225520
2497253428332
18471390753375
2692696102110
21790227282756
647847683777
794713751104
2209782748296
8199342699520
6232521128592
9136122498360
17813163261663
487740033972
7094307370421
4786772784750
2292742122
14365617320208
2065346316
957145880691
12054812
2267519920744
2634312797505
23767727760
183251548076
12691957131423
1013798331192
1636552922032
1016676707472
805739111632
188603906400
125064685656
7310590846580
899927964360
1392930959940
7007613738363
912544585080
70443996
1236231623880
3900654356760
12721848137955
21646733048640
2679194324
1758488307525
10769200762320
5112487490731
1392316509703
1454458196555
5655276740973
16721298368
3390725836755
5962285249427
11631106239424
4464144506934
2800087626
29462949196
27761437648
14541849993984
150464218160
7931697075720
3551023672600
12343080946644
400206926558
14529035866784
875688322704
193341256320
3181565405088
2752921714
2251733905200
9511139682825
19012010435745
887491082880
24437993074440
7698729827430
358563842325
2911270063128
8316801996216
15078423393792
150441033534
3488382277296
7223156328
15447127925502
1607404508
1257983942528
3790071503140
484441379072
127955246372
2102100654628
59306400
5581533556624
9293426967044
180304002540
9578949464544
17943136737216
19671312948048
1584678896208
7847891518721
42438471747
19369113493545
9998697183195
14410087497174
2262466320
10735759718343
13599094711628
1075779191590
7487234609428
9707879018400
3773701798200
13518456771960
10073601238289
74993274330
9674257680
1128511785060
21808237921176
249078741984
50878017800
18482209335738
22647315298
22878888718590
11630149498128
10201490476665
3735252998
599579874450
4985016119568
12369249968
1783659070800
15842042318387
1096438255178
2057325054633
94566446572
9031783786552
305121727736
6982585858485
6028622458560
6062422479754
1031934878370
22119500848308
24864734632358
255721815216
9850629157551
251484322144
7675849817475
10366114297968
28775632117265
6921849745793
6527539037480
2538592521884
637378364030
277606240304
1481958226964
1096460352912
2276329725369
496995000
4581221193525
1907494593928
378595837248
14803053928405
20049821154000
4148182377741
498986091924
30285096914162
282337758
20060764
17771742231654
4287726120690
13465762866864
10563602360163
7650621837015
22037821650
2962403188472
8252948360496
809328012210
718404300708
184764883545
13841282592000
18611815655996
1248135297684
31048610488
914092311125
4137553454440
16321922908528
3157838484489
3391089938129
2315102877504
1928679422
51313395056
593604794
7000780727304
2564090830400
7766977223040
2543509351782
100467399465
626061166
70753925064
7694708422275
5493295860960
357563424768
1057234622584
518360473680
6884038219475
1842370903167
5481198011520
17483838632448
3753037511784
84856142
13556197018
2079610803060
1804364325645
6292358588208
6227480165340
9215097976784
719585402445
10597574942
247703983230
7710738031264
2172329075484
9634874651136
3870081600
20823738076
4444869092328
6183258788630
6337872
3438558
20628255265200
22737140276249
47606394750
1546522062456
17779170904
622931389866
1616471984
119763925600
14039720786544
3687704921640
321947589480
884370640500
14246772
6574687288320
7435785419093
1304157836007
50593059202
435656922240
14625067599360
7626319294230
29804253859445
982892765079
74083818334
14016733407255
211577754144
563879863206
14467832816424
21722745240
2497371023328
5532906193056
409826900812
2660895066060
711691548912
2070110358940
17387427734
2322726680
1140455703696
3064358336384
23348810503662
2032777440756
6384251768000
370872534744
4959040671312
631804168512
25662553688
1161674640
2207000813904
1039848671664
3901793708592
1230503195934
2388038910264
304840788600
35985871890
18101350763100
229286315296
7846174098884
1445342750190
824481781431
12846129360288
5134202678736
101620094784
2860872605580
1129532741337
9007294540248
8788256
5976863917470
2473188559695
2314636731720
554461404134
917074192474
222558804
2675718541790
10628092121850
28411768000
756536662200
69018219480
50603709648
12717618707114
417032096832
6223353998196
13922759586480
36491170485
941047928
4962197701560
1411778224244
2110854130440
211792870731
9964308699828
99788740232
28116925872000
219779159040
189628233388
16806602970684
30772935881016
905838183424
3721992592500
76225777056
14606223212220
30568339873149
4478641446006
12552642520002
14788945218960
130920876
13334991571820
1718819564
264207364155
505467096078
5049563400504
88385760534
1198528056
2453353501968
2091097905600
885147562200
7831119364855
72628090767
2214755397408
1773587395800
8038339191624
14503753083600
13788832662440
2794208324
9307682104
749786333238
78776
1449928996668
2378810638800
867562779510
1233235920
1006191879168
8122102302090
4479024132000
5893436096
682059316608
2873198966040
277565329200
300120818688
22090934176
22053875723880
15906091945392
5987232684090
58538535440
4724054483048
5986840974149
25050014700464
2305581171390
14824594290
1593194762640
563482273496
8218816473112
540133721273
10397170532336
5261356061184
15622782547085
194457256560
12475873472
11099817391740
411149441400
198203417464
2931313093273
16307503753880
4439192119467
7021977702402
17814668261445
14633669572249
17102805614520
11688585540984
68703178554
4394427654944
336959377664
276458987964
938398810
2176666265142
4483467827856
3042158371372
659863984108
31781170426696
8808198867296
16322628664496
13852176183515
250215570000
10994675405104
30317657993492
5851314586026
10925821060440
12573258039054
4799241035615
230854415530
1150038539560
7122331253700
607700501100
2328955354800
11433668082480
2987715038404
455913318941
29465096787633
11454119518224
3059120851031
2104040440320
367196482
13164738931680
11586373120
2410526342088
1915689174784
921063625569
6573436248624
20779217331840
10032402420
10431536321664
454939761684
13703349356725
632529068160
4190150421177
495011520
6951846473316
2713853410086
55314040704
1241081380
1490354991270
4024900594260
95693957444
11762454207408
10247543280
118243085664
196416
8520800238
2784363758
132241196208
4443056926040
201414660
2080134267664
4658819395650
12900554971184
5601860400240
4921714303976
4267126592
3530145791585
7532130660912
4026492448028
4164483334662
5173326252235
1618708943376
2008593189312
520621746320
13563129054704
4422591184095
3826289310525
2248429762788
25963938
62817937884
1822732088448
11694956717312
1346709117528
1185372788
397008317418
4134034188352
5020126673004
3711994440
9688776070584
2533714818264
9202281608520
5211480356096
208328847436
83803104
28719677283435
7012839217664
9720513916960
68389734
17989626454800
15985669256700
117173210
590937625982
6277640481248
531984337920
6379043527280
13000439763280
1569610668067
1292297397120
8915755580082
6236244600960
4671596642880
13542777325440
7735306466580
2460128520240
4082390537484
476895648915
3596217263352
826726063419
2624984418448
3999974757480
1862733516864
4662268598784
24008425191648
4750034077200
26466882070272
8249013357744
9232362451140
50270
985258006848
2035958420000
80491227648
2262389630088
7045394720964
8331768927240
2246061930922
23965552051518
339601125824
713229840768
26314592506944
4899035068604
20566184841573
22329109835588
16008279139584
171425110
293433218775
2231032768443
1276643042520
2529368640
5441829120
3192861821344
1277149497000
4939411696
3269251887039
1547003057600
410098618304
16416063950
10341116626650
7777864473624
280381058388
54480461984
11332285224480
21451962842784
2899521836982
15575743993005
6329812047104
933816637936
5721733771424
4674957541485
5407651881528
10585929216
742677957736
4158394225704
6588824696867
235736698314
3242645091576
1114667730000
6168005514480
12175424146197
4623027544800
2913744223460
1914194732384
24966722629650
247501216805
9248708204760
4825989455408
19553577926457
10374138860778
1885578025724
148048730118
9859472663264
2898819677097
14524612848
287795252160
1449472632192
2610846882987
76011257280
5114851509075
162461860659
666391103235
489083614728
11666414938968
1717545254685
6029617984152
6701316539496
12019889712
243004348125
3261443451336
138979348004
4418037774884
18274370911264
4370495463684
18281904476976
12745560297400
12516777679216
306579620700
125199360
19584111813744
1235590350330
2632199883264
2401318052480
16790041279440
32157271851
10474424943075
11140301228464
282251870736
24274838996884
146675015280
9156154942319
1294187157872
577226963790
6367248755472
1252026704016
212774680674
8399582993880
6345451493511
97786688720
11535511440615
28758400
7238396316096
11100991569360
3847756420144
1455462959400
8785101177174
2576123521776
2325920100
199245572
3106282158720
53015165784
46312729575
11808111505344
15691330140372
13287149457840
2184972202720
9920244074
121414315024
24001941612800
6663505175040
2760003915152
7626447113412
34873548954
3644780286840
685156717440
1198152
2850724589103
56492311680
14215234294
78983474944
492944014328
606044740720
16797967200
11900004382822
90247621608
5901695265843
4985974755652
6916603362084
754083974952
692089527438
3358777932
2341902248579
2720702754000
3652209095010
860568831360
18648071891867
2197724248320
8336243267562
1689577075895
64137349692
14359000854560
2086407975750
3666080
3929292652032
1019393466273
48806956800
23665028941008
9764581132303
6552382368384
1723878466065
12300155496200
6790085152984
94005835940
5256800785855
5950951657072
1563214565979
14234600744450
2507922303887
2774510867250
99072162406
43909109132
4694087497344
2152593567141
40316579199
1589755098498
18922639844160
66320623356
3412487803032
81874873790
25092667954134
387270402478
4862158410
207835917600
16901534384082
596138714
286410410832
25528927449564
457606688
102292077888
2217583095912
309195786240
616580778308
945647604320
189641407439
9898968075960
265463662500
8379491217768
2856825547080
11167143785266
10215395341328
3118475661070
692956140892
496459316
11260097470506
254697000
1561753733727
10468423436544
63691056000
133720972395
88979477960
6646925818680
133441107248
3041298039780
907979706320
350056676
2550433320729
170969564332
207652680714
316259184684
12057697170960
23587281960
217365702102
8136697247175
7912744386664
3039063268032
26590768
6858562294881
918612417360
1661929712
1582695876480
990806418000
658402938
43484760851
19503279514880
6413378878785
6088833131904
7036571460800
7579750393584
4674049563984
17869913375023
259850181806
138598374904
5241705950720
88029493400
2874688488
10484153275395
5114534535663
12537329195937
2474037555687
10548859819653
6835098312960
2373830457492
10361071571125
8414112585840
15584164846832
6097668718770
384802987196
2211237578872
5712601986089
11632745452608
471514934268
7793083436160
1815458236480
316280711040
13220871326179
271887290400
156129300
1898168514400
1065433600
5096345097760
5530489585192
101464337800
7334103076170
25334827011620
3155789199776
405756351000
1291664115968
6128374297200
1931149977524
3478881261856
487188903915
575434178488
8190998367514
745717199504
343131591600
1337781302288
10129835871600
5974821627149
1289331805905
10522799988308
18019827822084
99119760174
50494752
2809069498235
20855067806196
17841501862184
5001010556316
1800083646648
1484148072960
239489976
1861969032
116194134728
341952346248
10531134440585
20088996228816
4099034835000
67877287536
1276506720587
3003697946970
9816534039920
4943398620160
8050640586240
610643387592
472364851560
5290886325060
1016057269920
24342214018
18232699333239
6001507193160
1390380930000
3752915808420
150642635850
958887771936
17616181527621
159547245026
8638229652374
8117972791237
63645900888
34485279788
6903047044824
8087461627500
449409262328
2519950187007
313815726432
4534017733184
22805549297760
163541596120
1109207606793
10455439110480
16084647344295
256128751998
2247030972531
2769703820940
114522957886
21960067425
8262354357675
284101638984
1771889113566
12821177804050
15512540900805
3353882467185
6293182871520
8070336306360
18154012602195
12163837450200
579064324656
2178959360
3834170430892
2819414959152
215983838560
67317921154
9473311969098
4011891939
3610175473416
233442816800
25730509372400
93530969610
5480225316192
5965878964160
9176897006304
229438035624
673652731950
3789599335320
4356915751260
2951224824435
2197306075800
26459097596672
8806148847070
1159766400
22128652408555
8150038617600
2283129046233
906327394112
2721069008595
2769503202900
259974794873
2941162768830
154755160
8650430443200
6734084114205
220970484984
2083920
8309394772581
378547260
7272730829160
11545056849040
17843597686200
1254020908209
6643621298160
18490244954924
9829239847434
666373924125
500942185920
1455657691320
11278988895096
156331150
66293632860
15390928583184
5304730857240
10431782556955
706803473376
2359957131903
16580989384960
932008406000
4164613487496
25617405212
7871151671985
355296827120
4625953304
8227204300665
5562954511856
5725960505328
4242005416800
3484020017962
1305849379308
979629760
6059220900249
8024125051872
2860208070720
822834434520
8921788315608
5430067413232
4259801491968
2259708840785
11110410967899
12516378215040
10511378611200
540284858880
4987049500524
2172104408960
2744522153192
146605348968
579049680
12627154658340
2163738181440
838992804
49070682672
673876308420
13532947569984
15959269830
141741639
2353244863964
2339186053608
1249624382112
935590253472
1342256973888
6743179234672
54195316140
5472600212640
140922694406
4671464268546
6783466907913
1973402243696
248475893192
35266080
38018165010
2779541400
225329441952
224512233204
26489839654
636320398350
1721205376
1273163425842
3279830324612
673077910344
935864200644
614754418500
153238663680
19378076782960
5598422095804
2943908808864
10751773902240
3346569862773
2633998545280
13897561061076
14270122976384
3779019234
5495749632975
1284041532900
331936140384
513372584
2959795746384
2567509538594
3640077818496
22044186977484
1218650499330
1990795506560
6994875275685
2658908038584
904821862
178690480236
3994445698720
2130000317760
416750226816
2066303879836
24347403805824
13009141937340
8197386074454
1842688389115
266704695640
538775255024
8365980943320
1816695613280
212179286313
244683331475
12255233218560
4570909956063
16365549791760
1991222490528
5187549098160
1880861284352
8993859707000
18256583468
2426961116144
5494290428880
150566330025
660204049752
1665924394680
1869466591616
690413107410
357641033728
17046439086064
869548026704
6633567697734
4663567763575
150453742608
107789266200
802133443280
1605120
578619552
784463555680
1344474016
566237100
18209935470
4461648297210
13825278630240
3367770644754
3737326931520
952659064592
6453398162880
4443223668306
8508574287360
3254237555924
7298255951064
10955363970408
18273649784480
4621249139608
249770965206
617689296084
219306761190
9426278629704
4010239696
1270507728
11465286432
9387014063804
10441512492768
9413199009720
81727139781
21201014739024
10530296446493
1233580895105
7203029222376
245938833120
9205815694704
7027262978560
5626790327865
3128379635998
1398246686280
788368581918
4829990401089
14963414370960
539538401025
4818074872944
79621018752
416345306250
952912090480
4302963985320
344651462480
1026774103680
1846985708
17218321138800
14492425027080
5567626653732
3346184361366
2924802192
26176605072
914987792
8706736645296
1054830749196
14581265606556
10332591608400
13662214617936
24371545285668
4505806044630
2176208477700
172239117744
1166707433952
229839596280
182815620
1324520613120
313943679740
3108410631980
18170245536345
662624109816
1561737197664
3650147310816
1505196471168
570996
7329474728505
761172832
6959632376130
8324129712416
4666166890770
1585673399716
1145211316275
48842208240
15169870305702
10811709921600
2724169571640
356281939656
2333192632323
13811492140535
15633688189376
23288092390800
14867059675034
90850201360
14605592045200
6732195911285
9965984854133
5481329626968
1379934944
1605471580800
5972234909472
473690754675
13198296103584
1078470940547
22878479007040
105126847488
4329495018
12016959185880
6325305577947
7518058739955
54619458270
4226121824512
30827429204
13957979007936
803338099344
2757117176424
14048548398500
407032224
3170320503075
758420136
517000188260
5627459820411
404777796885
3665666553856
192748395082
11939995941888
22110713876352
288606666194
7368241398252
17512095614
3099944048309
6118068075534
12483797231190
19804750875504
2228211226064
678474691104
12752095594608
9717590811731
6059170198550
517109106528
974191958100
7344216786048
1318332648699
2151559733080
3840640006878
37032588456
2681984483044
2469510557514
305650960080
876678941040
870578054420
686616954795
14451235109925
9979576624677
942567926700
870040345720
139747925572
4454446890748
519304349820
10421669435760
4817964041000
3605298556210
4884166308240
2635534574820
19359583917585
482417886800
4866385211541
15565685038380
1307203620600
28340087291424
19493712731232
7348134160052
2439728264935
307750939518
283600
6522288644960
3815379483279
5400181605792
894548292
1210924255545
5666718927860
201571947423
1374751153464
4750024752074
35784833976
2433407956896
14338482851684
6899671628434
27087235481045
3915110837288
24674958693648
4374926505284
1757605114966
174836866480
7809181165184
198230647272
4212774472320
17456961440
7345674045930
263113450304
2150891356109
1011162230
7032572856576
1098637148200
14741170896816
84057798562
1920446247804
494738360304
8876518099432
5328309400325
8200272838395
1102931320585
199455749912
499027037880
397832161320
2655189328
1166446505840
3490062764
3457840276800
2318037323895
674085236292
101851065030
13916958984345
264702282975
803113635422
3375613567352
5691257230240
621914592
2588757563088
6247271416880
11166501093832
8965344131056
2131383917138
29000791076400
511959768867
1474221600
447837453570
10684794219792
4318441043980
768640807776
3427613838768
1813496664720
3172471105520
690643554048
1444151444736
13766032195445
1376173593886
6954562549680
4064984867592
586278
311876918065
16992374629044
542780345628
6358005169425
6674578548384
15607732485899
277384110399
4315367092464
2099805496740
25363900020
4836747038040
63678600
238279360590
262169165496
4333150990224
2474604771300
4368836538675
1660935625036
121630005000
9149895172
358336880000
3776257739520
247848073312
85089048
6000402852576
839476430
629071160
1472739628255
1688270080
406335110022
3180563783859
3176227188720
554450438113
10514178740880
179098940176
66143294672
2592318523158
1251186082440
3897118369814
24933120336
341940820320
5470186030200
270020388496
10995495909266
14238412029720
702058824
4397636013600
5057479428560
18996851288
63639576
2196017712
6789058089600
945629604842
18832749674597
6996461399079
19421480921764
466623174066
3123505064394
4105310469975
6899128632
16213508396349
1704943016392
2419882071672
7461661562145
1425325447800
155975732662
10718191596840
6084690533376
4062362
909739396904
1600400618183
21152471850
18287503545376
3654410053248
82080
3311569975158
492128981680
999094852917
2636202117910
12316282321560
544814454692
992836260
7654592
4415286458898
553557106176
9863864726200
2881465302070
977081893788
1543917146736
3608464962944
21941751445632
7740591341904
26182002
69568200
26727836448400
7269202944
13237061503089
413210578
7344312765
418856121810
38919573504
18092145200624
190405169136
3656787068088
8585549079120
9118256772192
11381151901362
26079763685120
322922399804
227241267444
114667597590
6266116961000
3935188399012
9233284091752
259892549595
878774980725
6308346551552
296976649784
3038738205704
122545020
4955224820
5769703745856
14525211384
3383407869632
50396795776
933797983038
137856424944
7939260443520
3469606250
189992915658
1929126294326
487794553701
10228394195712
43716131970
802278485820
5264099310429
22404393352614
14434038551823
1162840701000
9556034064
1484612261176
930028710804
1334192263369
4972331949900
12473857910806
5680221959214
112153626996
243372275520
1150044592152
18541541066520
28785263787780
55206386952
10561739012073
5966278801504
31194516400
217931534800
2485949772395
7386833089545
121796570360
725845595772
4399514747040
9057482915976
1454786581888
170348492853
4843903360824
18799050816
385023966092
440112706960
11528112064700
815894428
650672
6854594428269
325419245281
723426438
19885794744000
1599075887360
3053348748912
1418371198200
13393299592390
5181497110755
7782867426360
6950253218048
11400789561479
2143582061775
628044664367
29452546800
54151742566
2416897155000
8531971062225
1765238340256
13820539924700
7284211698734
407309807004
873564761160
621525451208
5486085126364
2164144286619
2128954233000
5130681776000
3763649031120
6156488884288
1079070366
1233341659800
18849694098645
773097070323
4116494836188
63480926656
12190919890320
10645877866613
5211935453964
459518892
179721446652
3619050543092
2857334568
11524945715640
2783823253120
3298230848484
4934650658112
1694071980316
1512908792640
2033892153216
675283446594
9298305489186
257335208688
389128096
188951189280
27076835546201
23000665149920
14782379402690
4565933409792
1389682462968
629732553060
41301585352
1307685199244
8662433279159
961428523734
14529351032960
1955228086032
456618276048
1365515137896
1231045826603
198436348032
2701967474250
644965242160
1174221120120
23523802720398
1232684801280
253420795696
12161480898750
11650437083040
486532145882
16416956141880
5313343257459
7328059143600
9663458968784
98293383920
16749146284304
131188348200
57703513336
1160874690720
12726237157920
2414201830340
18399418036680
468422731525
8879523885048
675424721925
9284384012850
6188511383712
164372952726
22513437360960
1126807486416
1185640255800
9607546807560
2961966647360
8966314783332
5702930805204
1909212161670
268669291104
3066714833060
40540063200
11154365290791
5599170554351
10420988994
1028692898838
7458619671360
4902998824
27421487332847
6665534932914
738083288250
8297850662367
312900501190
1953834577038
4137350818370
757123817760
3025472154576
20362032405120
1725279165912
79621544900
15174393146330
74783412648
21115095524952
2388346349376
266448100581
24623301968
1625360195520
1765633024480
17580628675484
288567015984
30011598848
1929087862066
14018620885815
13717080478671
46305432640
5446095804900
10891490318666
10538493330584
2549234155910
7551539747150
5891191892080
3691056676800
9594981058896
12138855505504
5661913977120
9591217109045
24183501349619
419889022544
1642640862112
1286139860100
123194119230
10155475636005
3737517159248
62207047287
1323462937020
5065082602245
876045700734
154111563792
486642570480
18290423080188
2075557251103
1233383052
2273428203840
2090955232800
2911699897830
3653451271375
5711882146328
12502431780960
1243903924592
7627259030315
1037781816
715949043702
19920827926064
3846887325040
13382035847778
93894794940
818585726564
16041266676
6006529828656
473989274866
3789259030755
13728448498949
2415634540176
588594705300
160651426218
141057019460
10889599440405
3493321448232
349160604182
322917488
9327479262405
2002049509836
2156549375500
1229332772372
46258448886
571560
307139484960
5094146258764
1114604218728
1040056138425
5625960821580
8258409325535
7817404984704
12534779133296
4626539994308
58628039232
37655811576
603608629204
20006790450080
834231821400
4942044900
4844887920
20808033894872
5258084386464
35105747376
21630899218160
6131365755048
552935479266
118172443230
2845681969588
9166872937290
1788373632494
3020642026752
787191089502
1285690159954
10917179833856
19210414289836
270211296
5991347328
11402341689714
2033918238720
3689501289264
6587219270528
3391724256809
14771808094472
2719194134592
5090927821056
5140696896048
2459964950520
2068777130752
825233928960
13959221832
1437380447916
1070265996
6406256337734
209969296598
6260597286992
590423562
1786014195449
411704487074
8647751121720
1578242745950
1013772870
3251995586937
3674585802944
14391712296960
573557573490
1709565890946
17893786170380
3060308286840
795391023771
7790454907228
12950745492756
93156300264
181825898
514967238720
12448886758035
4735827598680
4861281478725
3292175379064
7653889341736
119243064380
256475251932
1987549376
291048549792
12104172013752
4929868090134
19244540643276
1844215780575
4538984791872
1232724750192
4438979614
756303592380
2739284115464
3424449923864
5579277471600
1270595040
1036990687392
10022994089768
5712357768
11277022434640
8710235159064
6402432631680
491949253440
58757305536
45020511424
546888896820
8621305349130
432045546555
14604359007840
1444643018352
6305647163136
38907489192
18128050857225
5511194535000
129999940460
7430542227036
8004027042000
4406855810
1610518305474
1623841463333
367057511106
1057992762268
55673098754
165748698585
2137431668505
5026521283152
1580442438432
8333218381824
4760727840
12588220762370
58443192576
6404536576
244459595314
1239269803704
4516088565825
11529297509184
1099737715756
408807242493
296608541880
1169305607652
1138841969440
939594968032
4583174761725
12564801247004
233786040384
15314274367425
4472960436840
26268776237088
21455552208435
212728406737
3997232346
1613743900
936035889020
1911073532960
17862623001717
43588364352
394021254354
192820926480
943221064500
142505082048
16089780974400
10809113521920
347440913316
2501050836960
594603468
6991108614168
2009890124352
190876748704
8212327196528
1556555995426
80156941200
12206812134811
592761809920
10256655570768
184420080
537278837532
1283498864032
17084253095000
39448951064
5623563218570
21155704
675106821292
1042465372355
7800069534736
986310688740
8223611142222
6615068709600
14977952075625
264019886592
65598246140
1239700
21738927756
324143063348
22016068186629
146672593080
7278663161602
19909537601031
1196657074400
2244477192000
3928953643009
15178109644204
2899570864473
8395695584606
15490749643344
9422221593824
7204837008
208643040
7320558714945
3243665007895
3658189864139
1961035805120
4877824080584
75987760
20039418407505
15576125174576
2962676426773
663692390
1094439840052
764572971645
319793778948
11378184796680
102233191060
2442123411142
3207879161008
57011025916
872181936873
2556971488071
519685491360
1884935878980
120899289096
172741327962
13543651685200
3710695965400
13211055344
12596679376425
7977546789144
77917589904
9564697181424
1242638860176
3984026125508
380300914706
737395468438
9337432696200
15678448
918571618752
4016897638848
2824887876104
1142279346096
4340349026955
7142719094784
3503285410800
10754965048
6803241876288
10555332327288
884615848224
708715074650
35860482
696761676
1564860696672
6962732547360
10480571982720
1111777152
238337945880
872208835632
1881112679
5460536922540
8092921432064
30771936
5478015248776
989219499228
5311258036350
13107840
20589237650502
6369967481904
12149442676698
418209378672
412890340275
758982142116
337494809405
4464692100
5455218054224
10522497182720
26173409105025
5957542368576
2452166760
22041642820104
86608042560
2439799744152
14999564577213
3762926011215
15174635377328
1720825710600
9236937111400
11405900926320
7672471085191
3635276508514
1843549517183
11014303691040
18879404544
5722289917680
1263481061370
7292637714
66306199544
9355476872430
230805657924
1202628301272
97800
13797101705040
11267613459648
494740933464
11543432631030
4745726441589
359151182544
6414983402488
398455384698
10113549402528
1741145857799
160665552
2131600652909
6760019250816
20240799975880
1876889588262
1775431812000
10752585732180
13630524186960
298185109128
3897677361284
551898057928
14513289558705
55567115824
9465736335426
62395309744
12971887364784
17872805171144
2067004538082
2491618953780
11877369317424
9998654951424
971265457305
2143097012588
312217143672
74391705792
13244352265872
1372453378686
513716339745
4960489147040
10355411226092
19684776362340
154612094265
141634815260
2696621385276
1663064208
5773636481240
18327360330071
32441590478375
9647040923271
7601572659054
518290668248
834181728
2069843038665
11604497473191
4081777607586
525646147640
2688846457560
11427466757200
6654927846936
236547903123
145280226130
10709970510576
3849832368
11668574878464
383030718854
3467449218870
3789150304000
758249758640
216106531956
13395963872720
4776502335360
26263424859320
239976661806
592948175919
8561847869064
66409314136
3780518512836
15402371884011
71304960
2247738362440
3378004893408
3534554660
7143183603792
8615320650030
1935952321757
12843924036167
113498692296
68612466
14317851790895
4581099699288
186386691025
8290928013760
13085001384000
735220200
7356042512028
172270118061
1534513323504
1410603597350
29915065991184
1236004441200
12723194468439
675307093696
68327414832
10217991274284
788986192160
743774590863
5898678797495
2059591373204
9910885803945
16423123045680
378981776615
132251984564
567149429280
8362104912
57045317844
6212706620240
2608913727096
941592919664
5317582296768
19003434688000
24416750325504
11264102263470
139691359920
1978335929344
6998467015680
7750324579905
11167551281790
5500081219696
578255972360
222988947125
3317048440
2285834779196
5317106850000
725367911900
20533082500
173585250785
16856752431645
9477394520
1735587262032
994579485244
623870607360
18836218873680
727493123214
10826799487821
6424550344080
114411571281
10621968179295
2048835345296
8249158031980
221879474454
7317920888
324770088384
451351662336
5561345249460
556318008960
2610874282
147890245272
483619352800
116388691440
5053115730390
299490048
831216750
10227988459712
4300952026514
473740339500
2738338063440
15606549143052
8979305463280
6466009565088
16970703095547
5682864
6699308751864
4897588730580
98748283634
5546998128720
103245560004
225508109222
75079400877
330669511056
7991942772224
12307407230833
5688277150500
313872816928
28978405253084
5721627680010
3995611993685
644679311310
8085880896128
9083983020
219647562288
16415982999200
1801473996064
8816240517924
51396923706
3834784451190
1635217443860
1554400063008
7042023663181
49880397420
28955010671862
676456704000
1581144325184
22523523073200
124764870144
1320708046896
17872676973837
416342604600
1013813065440
706341620
790976664
2827565100392
1992073200
13313288956440
4651832629728
42618517574
266818733544
50865301300
17063632155729
4952947421934
938152772400
2436036129384
154777975080
176845650776
7843611553776
621449055600
755128489340
8429049446400
2040191241660
5699150127055
220055682
586536607064
228658020019
6332190329360
1984642358420
1587476352
2011416
1861690768470
974826429759
1429990800
14395384546560
19844590971322
3227791465740
439514933532
1170425203200
9919899071580
299616288510
2625917474088
245090125050
1065851515575
682332720
6473262715920
1302299476744
5742263277551
473527977292
11301812736000
347886000
24818705640
10850994137781
1537256182230
8978640078560
220704002715
782320736576
15911656106688
12415629804
701227178400
945686744946
23617245291396
317799256350
12283812708
6321700827444
98788758240
4949058127392
1428163370550
425758751955
1604876357759
12849156842664
1712948
1164624752676
5725811863624
14258954794854
607164320979
15585312600
3491925585680
2510205334560
27242495550
267790283556
28913252825016
2661633766584
25250423328
81807353298
20347800945450
5438443058600
1193292079054
39053977092
3717953719536
1322210094240
1908975734215
740583952
630955403820
2088567393024
38861828
6475937337792
1000195421605
6774048653295
1868330555784
1874447474877
5731559399160
3180066150653
593422930464
97933524
869842386240
752122593360
19878999379840
36654552210
268792134
12525898995456
350759693361
292127851080
8080026840080
4891313268125
120891638760
18463401500320
7341885107320
2723757548016
11115980753964
5613408497808
5769920275056
1347393695760
7170782062288
24381287413080
935657824
7298242903104
1177966137162
361105745715
2025415114200
6169011935475
2400384346656
4009941747072
299264764928
11920696793148
231585842880
10797334224
619218897255
41229482
15634087153249
2373490668120
215670928512
15998916821502
2383617188734
25990347173544
13005710832496
11884018711760
4038596571760
11783884271568
245464700
1410360328026
3876868224000
2737126738368
1749900874926
2599673701504
7648711693584
20964216
739526474592
6589703047704
3591117463500
10371436
25240091540433
473287527600
9686311208805
3059584779984
16466547792320
12404979366159
9078717501045
1274673340000
487897840
68127546894
1963891847572
2194484724
29068201998
12239123023991
7283784580800
9709450145436
403555996935
2245783385324
173642825387
2186032488120
19664173713077
4818148704
26180743766592
12236196600
7901960630015
5014657927230
177776872350
7524420632139
15435602196
17810739123884
2140818349824
6567094766720
18894965886160
741291602975
206780747940
1503236269584
20113477331750
3295601899720
894536842724
18411316447860
8717109966240
2978276517900
6418716727264
6474977601456
6179618084528
1034196936456
2495077926311
41279938
1872209004900
1322086296048
915810754336
199771275360
1330577614611
8289003725600
2916405648
9355541109080
2123926783920
25427081267064
14650324296975
667800672336
21151938533040
8375147570375
23768241564924
19754932007619
2621669216760
25636342473855
117599360
5420508698862
9143856139374
5012482599700
10415491025420
104957976722
12301477942334
518363168697
110216239434
11517352996512
9068415786276
6034193655280
16649193343120
747360478275
2613717614940
6553448498144
3589169244960
13939728320535
64720785920
24984396
4743427714080
1837525107808
1903558704465
8670207567787
762330356480
3688125536264
11064806444461
11049338736
18457987320
309879748906
6879577432
25612788209760
2789886654072
592081709190
11139381453600
4402801392
367571741096
2023442000
3574873554704
10302703921710
3916223688392
37417384064
17646073616
3293125050468
937215705014
1104502670
11213733277845
2561297924075
1471485743520
6176296963375
799983849147
21167655185040
675316046828
600032068170
278552803076
128132128000
1199051576320
127483442933
1576852324320
38319500296
2558541698192
1234565385
4525621683480
7822193625414
115960319060
4599789610812
621795024726
3201045093536
2409392456216
7447763082084
17852832730790
15090121470423
6122144212380
73192221648
69292263920
8979289684200
1503947945808
7696306061246
14720969117673
65700399960
1724077100
3504675412920
111906144
1920057320818
4921428012156
1809665620620
10782009542324
3719201956800
817037297177
461841121896
1002123757440
7841313852540
6219615367680
8106463105008
10922045379000
10206674339840
2625696141120
1713850444106
2529160637172
941375627568
12620179625781
3417826371104
1214304
578557722816
7560781347150
425949790
7821018599856
114829862991
15791886389484
6276035769028
20057371488765
3847032900
67750062072
17034740509288
1435349256120
31450735648
462685208558
4842069824592
8130051566208
14239445600864
3305582045892
2750109555456
142679291412
458182473216
20720890138804
4100518800
2573275516500
23380848347535
18436572037800
115655657060
1379487545744
4342276622460
43614873270
4406335887984
9574607515560
428573595840
45783852114
933677359000
12671774749613
157186774914
18432344826
2769789616
595110223008
1657446113088
8340269133645
2031619826814
1301392925596
15340303536236
7734018708468
4377965401656
1932109889360
4757093095824
23453783545400
18183152706936
4692142438352
308810506936
1005000742080
6086996218155
15311555718944
43113133809
773522196326
3332612442120
3212026988544
766412235700
3563907672270
3341074662000
27771742480992
312145204800
1301465608000
1025985542055
874635069360
6072517764502
329495547890
28785163541076
615198727680
482822578500
380895058672
3516039378
392617956192
1289242744380
15685792325280
29232828819695
3884361384744
1029555385680
9773902838799
3204508700205
13718495820096
14043807436617
886163278116
4297496146944
9591808580
8157623645206
910776387840
511906276674
5402860507688
441295951740
41807718016
952186891302
5260265378352
24320163744
3646075322
4256191901339
2995820064985
23801123653632
1350958713648
283426327296
3003342025404
24221191562244
1251178950906
357042797930
7802884261944
3930547812536
111410129040
10119087408105
11263246332093
17309209245310
940559568768
5831207559100
56840262936
3921411862134
646390576578
1682201617668
9638490798000
6684534002025
594629736021
2675762933312
4942869792336
134364311055
711591303150
9595752733424
2742920751904
7729622640
16083870273785
16522411419696
3415949614350
17058321112014
237547005696
65671481600
208888611712
49517585964
1656680742360
6098069996837
8345884585527
21713004782384
2306887400711
159709648154
796645743140
950714461224
26956364718654
145481875248
16713219006575
4501994415177
7222809891152
159586608870
18908208000
1100495770938
5057967656532
13558818864
2859310435943
22484368152432
1451908546860
8910195614930
1927385389035
7905547673331
1159966917912
3906428152704
19054324710704
2496796439760
5001935968
433727091152
8800079722427
23510852989412
8853001040
532649279616
8632523225882
3310544741280
17795826192480
476585676798
4681467693648
9682697934720
1864290658296
3642972087342
48695823644
8236113842759
5873393034504
16640383811445
5669297992304
4236017850272
23187467694664
3917046489400
119730065000
6545517936480
853398439179
640482233976
11677561693424
346896257800
6424955265168
1432888323165
201579514992
1699260955392
8760428535915
4742561287484
83830384
5235500265216
12614970942000
38885464233
7829721890880
62899190560
1011701229760
434553951500
985270288717
20173451380920
1138766994
5269935339480
22442763089
1462580926560
9644868618858
8660766133971
6739170020336
413910
1289002193463
2979481522677
17312333493455
11247084986720
9305728854548
1969189440
17705667551595
3272138735040
494257124620
120764094510
23336458513679
46716682992
2534342134784
28904808
205006342356
1450974126480
7410340601000
2358966250200
103575012660
6757404979049
6771632997602
16075631121498
722870459136
22011929881425
363382422
3060061986720
205002641718
162214193372
2162967660000
866682288732
6158517247232
470186997160
8920752535863
212004162162
2614439489394
5776423757858
20294789128
330563955176
8806032778368
3728634037830
5495829489920
5448686262500
7175167545455
4819061417760
8645761374432
680098128840
1306448271824
4764467892961
4528741214744
265262360
10682216079920
4440152712048
116338839390
4180284422060
27928918499328
36961375515
6748011418720
25008450513788
2452778797952
3779519792496
8111927913212
8882790520800
11118614310700
2690086880340
5066571531775
15658458363010
490042228320
13414810316523
5083258400
375790199596
891867201456
16666036234445
631248947000
52503510
231481729920
177852111192
747083481024
1852253490285
437313864268
3386041455
549554479107
3355045470
10225431619884
13179282696888
4281382897635
73822709844
754553760480
26771033868
777349664
2614519299784
44162470290
7226289624411
137120300
4864775346899
443807234640
9775002
13228909423224
3537722529452
1324896097464
7380784176260
244588549084
9181408308890
43724987988
30793324655234
4636372770400
297715193244
886559253426
4546354529264
1612248583847
34880099056
159709348524
5469640951600
1455109092112
998934086964
398509907913
16016471496
2938094076900
4712516118055
1525119481088
33875883328
2957670665430
60376129840
21789064920
3952530724575
68311693959
7250636653568
21770251808907
3176937578430
1382079565599
14464377609155
2353410016776
68238711796
5010364178820
10640504050589
1994738112
11733645649764
3673410246
1463083816194
2292153119448
259474196045
3827350217915
21768039267975
5148048342475
3799067556765
5566818913755
35150044
437343303159
3138356006464
555970150848
4272994531974
623769980160
3196122031760
17797748729400
2329867947537
7407286206444
6864626539521
6469133314336
13557472740
1546064750384
6399087153624
3215802348
1394500548584
4825629460542
680619815117
15654951837960
7341127231680
14959979261397
379320081488
21273910409180
17716820512065
1211541333420
16420793437000
2528066564088
1468863917731
13350729815280
7899170510088
174600597648
173005124
12341102334176
3583603361498
220744538000
1301779724260
1595710562168
1550468740077
8821187806224
2166003939752
5800639712667
5535614560419
10820417774096
161978740900
104298804928
45757172966
5979977672688
401603647952
7356941176781
16645073317215
132323420
9257424792528
1561837484682
6686145574080
7348653585840
71680029690
4290970060240
634914711315
2298288747843
336889200558
1153279746632
13010057240544
3313694908272
2609398356971
767886107456
157574976
304970806680
8020287484685
9346052407545
1604909785428
9922860703050
28435671504
99148303584
4476688273035
203112388864
5812555714229
1942315302200
885856608
10088227636632
4045209240555
1545612470880
88667760
7864374000096
15915488230620
12405501407160
1528288971144
5637950414500
9040157149889
6408686084437
23047881458925
2678732
3409742525106
8030810235344
20442705265185
256181210432
460578371968
7407246806357
17336149455960
4080738857196
13304856264000
19623649654560
6809887355040
12192318140744
6030417321984
12544956
4970155383648
2601889770480
76042228402
11784699111920
148450939812
1126102482432
2541189453165
901472606957
3012063026112
2922237345584
3663465716280
1094106869336
24067647704880
559648331814
4682425654368
1265814003335
6758973784080
240885403200
10361343380766
2798847826656
7730024622320
15370895339520
4321755529294
7182708745570
2547336672720
5855310008
1499256168144
5732517540096
17336054870150
1645582084254
359151420864
2291885885157
2508493500300
1824517308402
1128680160960
343757901360
22648165673000
198414983040
3358808487940
2118133436014
89658012966
421315184400
8688364045515
19829324917181
10862108743629
2646623284824
593263308576
140490981792
230129205020
9560491456800
1137704862176
3606512436540
6726702207296
6987418856
568165116
8211599480520
2238499811664
8623595500
348473962359
226326185610
666908703540
44548187664
33560325616
65492015620
21052269101484
586964040621
1211523170264
6238249373133
15368871283920
264369531568
12726714139644
3748879556352
32737974656
22449533274380
229023367089
1103279217200
66032199464
1150745019840
977077560459
17371333671552
4426522400
5137648320
562381244600
2726103649052
12403986798216
13398591169353
21091176060
108917940
1064995106
10737685072440
208757059766
9558576174026
22375373536565
1454050
1378514280960
2869452389832
1503858954342
26340726279490
1568361716523
480002294
30447858664
45373612305
15481701662400
7185729951824
2523407792490
785758269240
7419266076465
7091880552144
12243808224120
24534534048024
7144226930984
85554922830
16497535792010
220621760
2016933193304
3678544691008
25160149888248
20125036800
5707170932268
291193214976
26801078377920
46776045748
5362565639808
6171652648061
4688312124863
3315719159556
14758402640680
6764063912325
20009221595820
1411205587680
2786876037584
5585835908509
10401689799663
13133480036244
9783808437420
3090117482408
2110814347000
1670722452
8299801431152
13204159799904
18545706104
1725906225696
1489555011648
1125317888764
1250428655000
19312991248824
144817617140
21591768
1339741624320
64598310
3229631086016
8005785066048
131691241328
270220858026
22984048725792
5075806578374
71741981888
562200371976
2154591796
419712201432
1779725385950
4345960320
15642167990400
8590887732928
2281499663910
5704959173310
6793683000
14283869324760
7610854446426
10195432380029
5815785619314
10402747587726
4640365420
17528091856157
62564
492929760
1645911312867
4993989788672
147723791600
12659726524095
4818556924449
1110787050912
13191157379744
18493360012521
1489117481636
6290762807280
23750014211820
10823542308120
3884182616900
1884407247216
15017451253140
4213168766480
2287838865058
69603627470
10936342178745
91908573880
1242278480520
132914004522
20267268961132
883734000100
1200898252954
10880466800
504903558720
105940680484
7296037207776
1158300
674718881280
5456864651168
120761248608
6588384990976
69690630144
2221542191180
1853815237540
573451734576
7536356100188
1639179920256
1645733717150
14206735468318
17544997226700
188267304
2299974055600
5117846595120
9058031945914
3610345222560
195812094976
6070955327640
12101882310949
19344659518482
17344633289396
3477275845450
5566438635070
1369294080
1050351135780
104069725524
2300828462840
112358422440
284718780910
231116579550
21164147912352
4952851237791
10275711130296
32719649520
280217338544
1035179190540
4115094423779
2668048467870
3863621511400
141731633376
2264375360
9149815840
1468966963458
16464531031192
2114040895339
562928223312
391627116144
50335769864
305929485080
614624587120
318392825400
27626366223309
747350240230
59507516304
169896012
1123226239860
7302771664722
23670170021561
108964205982
1962450073736
9449289883800
53200042
22793887311984
2472694663704
25107668319825
317319414720
10410390481032
763520727970
1857156301044
2621466039216
2195220731904
12475769034608
217432552090
18234735792208
425098929872
5174926979796
10308044584556
167372366624
65940415416
16997492
2650750257036
21897827864000
54028019292
67126794384
2126619855360
2216836616330
23575403090880
1607577766080
537362803748
9084841767750
15636115648725
17183146020
2214478668912
11608610383886
111827250
366017708784
6175435153446
19474673671008
564121163680
177859219788
20325878895
299648
9418871976759
12366300521718
3711184746016
84877200
16022245612575
465271646448
5246505098544
2390578131136
67159224369
21617252190
5978177946624
15267357548600
30895434160
992990320
16463878173150
1756155230
2743725711100
6390909360
2430463325180
414495645135
2245036357508
21031604235018
1828811142
10364115780480
955442547360
4414729177974
9261802725536
1152233179480
5622368365439
1985341851672
15263104035270
7397216790
3711457041878
15532050680055
13742103586895
19159869734000
3539874252000
2705317384956
2341142669376
14166910623081
11399015817497
8655940745480
569253108872
3547045208000
13428408531715
15945366797838
14464098031500
126121646664
10473618998025
3666056105904
217882632555
10162748004640
20504261127376
6319019988615
29279222648
12841110616344
1886999106720
4600709951760
1243520242432
19799121157200
3040264893120
36989630559
38740518960
3154106126042
10085739338805
6385512224084
14192393431650
9118217512
4875547081344
2720093463360
4085526658428
6419526935024
2361583095424
1544119112874
2160150432
8932924071624
675085619260
4965962230000
7618340498703
1475854149250
1211414210220
7147044392192
17350906092960
9489610901339
1298108080
4633851005010
3613466317497
4214345017100
168185137558
2969879728926
10988851936650
57495699666
23529045874
1364913092352
20938303334907
10850529586208
2611783283286
11200842295769
5086722723554
1319973256190
1739463346704
7142698689596
30158820186
1056646921257
498403163664
4423847713024
14711341824
1498474462374
802386423904
17351282469000
30203533990
955059509592
8073474852767
165138150390
2562204613232
15531129408
1275020954920
4630675812384
608736376521
7993163114699
251614342050
2298761697456
5164573162128
1630719244191
2859715013805
4359702159960
4482095523504
507432179540
8129584363060
3772203691092
5135269955928
50582234304
10165307346432
74758064249
924273842840
89408438
2297514080547
672845731200
121640549520
10904400
29173413760
4571168165
1831280880142
3759054044024
27286019320032
980992389030
4907448406245
573586211682
18243139976304
359207920
12102168266496
3462294983880
3802176
8862222000
6170188687740
12813351505465
5629656
13595639502720
2124534200468
26054126973728
1851189224192
5747502843248
7683740635340
2209774148421
3932699280
3351150132104
30861592
4079248460224
5541208400
144411740
101542536018
5224867854410
67797266
238341180
15720676231424
3140988
19808540352
3012993356592
8330713910649
2169211464156
2223995547196
1578338206205
93449460
30966976
725774068920
19318687120320
13970535762008
2257761016
4884069207570
11663974060380
4514810860800
251341260
1712290523328
7852866645071
11345253013440
3709725297264
4368592309200
9734790222465
1893140691525
360157573440
4378293277056
2507118456240
968053820300
8953486413950
841588272280
86211503427
1105035750
1833739335555
857786320560
17357551828645
2280857001885
5051090035208
6082420178120
125695323028
15469482632400
4106044309536
2471045472
246649472320
4603972165968
798241309398
13877874143280
18305909071560
755694772560
414844633203
3006043949460
135988036380
2525998885155
95832573540
6058908606350
34949712
46170612464
6461934977576
38294114364
321592172688
239258440632
13089307333120
1323400193648
124024468968
4125203579264
1196734483704
26663997580064
91975485462
13169957401200
6517381338000
1801191489408
1988195570139
10417234777120
1165182430400
8465187900
4489325265172
13070631281792
56308254954
14510571966
7995463833068
19015198133712
432722964924
16929263384880
11382036732
1952979600
976640037912
4243949729792
12725478886364
358422445752
6387422139029
4940086
4295268768
8151429296670
1794726238088
665790481512
14083413048320
7870580530965
24316868087424
13036379820
623212577196
10365846478290
5317707824688
1845423680092
420129739719
1020611582055
5362006074
1523053991675
1301863046900
12792164966040
11321961463350
1215117556832
6242857552760
4000206380604
182301727104
2313772304
6171648909504
16820479514256
305702728032
269017550828
4576699289790
276734703168
290046871296
1012466994906
3373689050100
8433518
1225559747466
2308800180715
1931514159015
150190833388
3436730567003
250424814519
11312966008680
5111753960860
20712650465600
6606158628
1009362108920
3762378859920
21208740023888
14824634585264
19555242336
16287555066599
95570500304
10535264575
5433414213312
2322162527406
191419402000
9577765924160
944694356760
12487780314792
652761702216
3347662571653
169844576109
23882675792248
13211245820048
55199380656
33620863120
10631883400488
915380582250
1255375175274
2594878031336
1728972132111
1187491294704
1948869889512
20031325295982
1884857977170
623306842499
5530397064
3038795269653
9978668898792
7242191622325
264994283008
219667971854
1725849168
1270114586360
15998783303984
9017746613448
5657476303800
2345235863040
19682239695356
280460141624
869894816946
8720134976
5823188941559
3677468290080
1563695282900
1782017786864
383319656324
28141858473824
369953229184
534615479440
10532379746432
843562952181
10006470308819
858807405098
338256760540
258265873882
226820160
931552060238
11313263965200
29728107693999
622713437808
808662317232
2431196659230
750416767582
45538632216
292955754
6112318729440
13451543091390
4963514932000
4780249571812
8919402798620
5117255412995
16818867221000
1926994915608
6737443774334
20205398413140
1547816156968
14399802422509
3699636511074
215485411658
21605920649544
2112689473698
50231652884
6193228107738
8840399297240
1398752486750
622726681080
8007963048360
1390372715520
78058926480
5450341100985
417929850152
2041270392
13555107396240
221575536014
4809608244747
226170417284
3447319986240
14441485818240
17656657248
8100944123875
5683210344
987465060
22259967101174
11755894194144
207250411543
2686448272200
2238239473855
360141340
19051833718791
5048099201304
20935731979690
859328118
26315369604
7627297890621
9820423173393
3274456031264
5647031237004
3881501267520
5334680863152
20255741832816
449239603176
16024658008884
6901214636888
7525611550644
27644544
20051855145430
1275968067710
1203724975500
20466243968000
1259495089160
1185220472644
56674376726
3397950243310
1097082624
67847289744
52757188
18858844644920
8390395829088
1946112536216
59546850076
75467943486
60335263665
62063433612
963918903636
262327386618
158620139244
408997494
3858903028929
522912004560
758183593680
84275824800
9799233503600
1606033289036
1704424877496
4105319422880
6368595468480
12030301826480
144542258712
1769800270
16944694767
2797134590285
673335421200
738534940
6622610980818
7105469590053
10731208192635
179319324836
3483856401012
3849069335760
26489766605220
26230070722898
1597094799096
1000341169674
522288236415
837140071194
15064945158816
66350174
59833317852
9907657214260
1550549380000
597885444
566015085312
14270782483320
11006400192480
5509401998109
843495840
202453627904
1472807861590
1033814970888
356985653970
482186807944
7644386842115
4633821894296
13066808925312
8301387983637
6345172840
2564971180576
27327339385632
1308213296285
3528380908264
14031354745800
2035541710384
4109326984
454353815200
3354791273244
6628347779340
1089630781620
1238853318174
11968868216895
2520830739086
7774372928
8449302746472
799972
6674138477952
255195392016
56943388044
2265759768
1996106476288
4315086453726
12638792140000
2107829462784
4114112539680
1866087666512
13335431013735
4249769071667
2397586550976
7460640648096
8499214040
9056508599304
578382
1697141644749
2686369224000
8868212189760
70529874792
6133826854215
17622075528960
8837577119880
10918066703355
1529042472815
18954125435433
9368788
8339118283859
1808743087800
96503419746
2617994715680
1534678040718
5971499923800
23324002949520
926578393587
23601364150
1338848303400
3270229073439
1036685087487
4878934907994
2885270335605
171751124256
702862556991
1372291969408
4505516885844
2063528188176
5283407617800
4180007716668
4020850043290
5157230955408
5965993977627
101261783826
699150961302
8828790516
12565410
192019002225
706301953008
139873837600
26877836297052
1234606898360
866690248164
133678629954
4305928850718
348691742280
3833914525478
80437357
7368403242096
13157442185724
4826834650224
9884672687301
9513181511400
3793729492584
817800894960
1283513231616
4907729678848
131993308300
1702621166152
48504500
5414656258752
18744547300875
4068073233000
23095893584
534972749850
3917110597533
6809993494976
18040821135184
17802576
17307976351120
10196678218960
1552544404320
1581662785472
1054374358752
20159501894196
5288017482
12663034752576
10434265886870
22711180142700
8123124894520
74485877770
13824976188728
125891348464
7894875979380
367591836
4230523048320
89658304148
7600444144499
14043274304229
9543563981775
15307409023920
749835988830
672862467608
15746947445733
159325988976
440748034560
1576402898808
952680298185
2865730168
4608630003768
263153208435
1218065425650
105212856
8945071005444
958312300
14565352910576
252074948004
2087874696720
5742439148160
2187061789920
5921200328100
1677465052120
57216491744
107711297350
18986281745712
6369664397472
418595930340
3999486179556
2676652958595
21674579110057
12706266666600
5511531383309
28563540346
9650586960
7414494730501
6677561561864
3764958602428
7059708869976
24087734418
1040347153120
4033911903840
6422371132320
5436480845663
1490994657600
2634786437514
1104605857498
2892858036008
9508854408597
7479751188000
14329032409120
485622163026
7984045236984
2916860428944
2226067527420
242133730338
2486541188226
10751397703459
21136267315504
227399607098
988439094720
20580158449791
15771650836800
6661397126804
4890035651550
539417070467
70051365720
13598838
12262919038605
4763872734
986920473840
13360879719435
495896289543
15437991463861
3247342972364
9813302137271
954431671245
31552294825766
1292050509132
24355559820
2386448076
23153740518440
21874871094956
1475676398565
25322422210560
38520014400
1248242147232
2007717513984
933086356444
1010078843229
2851865307170
21771341853345
92919502115
8144595452097
2248908831884
26494151332860
23329718865250
735579558324
802376797392
5063563992415
8248302525816
2462659443510
535004918204
982637002152
4013497690656
307740675506
654390753186
226254472890
10390171220800
64058516340
295338820416
1105260873024
426900494400
11213541204834
7764006120752
1783484913567
15861855996000
6901929781500
1128547117341
7925729108024
3578169245280
393009241720
2059045626456
9435550817595
3744752125590
7266180340736
7619942696400
15539114097574
2122190
389700018288
14747729789544
4822844767620
9067962133718
1380180746880
8587659236286
12368822770304
3520366530
1113237129200
1421740467257
14107251162060
81001334375
28622305457280
1403562170560
12138000
3696954569246
8942827900160
18564107910884
290704110720
6257275328696
23246590558
3833979548310
427541140
8761324640130
9546056741700
9246432052704
4069299098592
14231563723520
8934129882720
12869763540480
2024872548552
647794754932
8475639532685
958770754550
4161484701920
582538933236
26517971510976
1013380062709
797881963032
8249059624302
3129432316976
6828181260934
2389005696
1285982705700
1515327166080
18778873718745
3903773952
2659479376890
525933508800
11847871013847
3801225976560
44487239301
16521228520
15458461265280
2638410849132
3145493548
9702107899001
4852629189360
6791050139146
24277234722560
598637638410
29902739806
6356538690138
636163547649
13414127229072
3834016207671
5271091143327
4158906040392
771048300
4129295393636
842309673975
110476206324
3834338672432
16064658890000
9929062006050
1458055340820
10780459202994
450605433600
4936297181400
7087797426580
2375377467840
466723494250
2897508919104
93711881200
284829356
4359896900469
7331421988162
2515382832480
12487130380604
28479308690398
1762261720
71056758080
494415872655
9108220203535
5651249847936
433178776800
1888247255769
26130992270520
5266438164000
3280661480376
925052474824
3004834883420
912911722014
13155258868400
4472890138136
404120291280
6154946611200
958976812460
104285252
71522408160
1945628270746
5135689927232
15466355179095
2158050203183
11930098613573
12279759614967
1310595565608
875680645684
12046863738560
4793875539136
4597611816
1616668960725
7275970767920
9250789610430
389750130504
815901494240
11941198848
5570491664640
379300042720
14703872554800
2565435460964
259527148776
3370489849685
655739121600
7629408566640
662791617408
22181193437145
27010934680235
3838613701140
31269459404
5709017929824
144183220480
207312161232
6460421132
5148181968237
25162662138120
15089731415800
107381065248
6022650039216
6527070261968
2703525311321
959972313312
16356126400794
43052073470
4762568708172
93720183924
14834792002800
1626770880
1472317206040
6918200465520
12834730481760
727545951288
9107472442671
12933522472541
307268801248
23239066499550
62211134160
47077416
4586714194424
8601809718452
10108516159794
87717734025
7884435497372
26038267900
6810020221674
15813610978704
13086263624400
718153166368
256892080120
14816801779568
1015266920
22402327222408
6346406010784
22545287140095
4635159183680
2186650938725
3660914720040
80028497150
5891997664800
2666609158370
26479851222825
10347817257176
14533598965184
8513308783114
351715064225
1086331840
412142522
88004983664
5447829780575
24048446215020
7024659046020
1797461077454
1538867130
6367239009210
15112450640
18039602202105
2366204810400
4528516545000
19690686277263
18108718534062
17984176248
2292305620104
11115921977160
3777514048
184470290560
49885914330
15674673347036
3075876876723
4622364225160
920170
3826545649920
1217568081240
3735758173808
4196076147360
1517578258320
20526813857025
249249791078
224010675272
5085920921920
18649405773
1530339648
311471777880
12449761808640
9514491236250
1305398726720
1514901865596
17494096422528
5334243297092
830211687492
560960804976
100365994956
249914504196
11154026042864
620110108800
1562642149690
600035722548
15976544087556
727857350514
1408108867968
4824480646260
14236437866921
1030406293784
5645835384504
13086120666465
1355298607468
851694908136
4526897996820
4454788717701
6923189036400
131414400
113401175391
11954043089744
1751443276800
10801106956125
23808662596092
1584190880866
4991328732
7401311707952
181996765877
7691600505463
334921008120
1197562436298
4102558862304
18982388596424
2097559697688
207254089320
15434092101870
769658197392
2810243378349
1407344142432
10734149009984
25864916220
14559872261866
34877469770
15621473365664
425558152740
17941955211000
1176764656290
5704210827665
9585580747600
9035687612952
3570986047040
706687872507
3318392049840
2727149974920
23368213631232
1191112286175
244728901989
82645829120
12853894237184
54572308224
7170786864384
7417440976050
1038121903580
16432208520
801970902
3645718005072
6417654051155
1499006740
3911336077152
11416524496296
19978619647360
13947592671600
6470371366416
7341457827704
93630524160
211639896
2189500134840
7331422052773
26056714676160
16700013456260
463755279780
22212835700679
512506620400
6733087031824
5591399442424
3949005560814
3664517183856
13488637104540
179694880134
141737848
6219622874711
9166538235701
871519095720
9165943844915
231121318790
4016586567840
8275016569314
2179360403515
3337551510524
4299749993760
2076231230208
8370623704560
1807563239832
9732709721520
55859400
10245334384337
162919530816
1773310462506
8526184663424
15603476601729
23960414030
526501496
5590884374436
27967053264048
345544778320
16892479788288
2243473237554
10738770162615
2331246609810
418670425152
1613683784232
6549831529500
2302908325350
9111517735924
1679530885120
12634454351120
4894009254272
26454758715
6674774575428
1691852163456
2099612151616
19318127835860
21017969068475
3308149840380
15605318813025
16513746224960
2401602318
25381802343040
31919898715040
582305799510
38845317280
263233344
2761750127304
3644773395675
1845918312975
31787832
10042913006784
2065951838080
15631635502965
5203712891312
2179985459820
109007684380
303770122257
437327650080
377805267840
13131510896268
2972490382368
2698073977830
66615744
1427778316896
9083569683072
6234976988349
337959225812
668787221524
131380532474
125347324
316183005600
42466884
26092072152479
1505853114864
3896814884121
5845064111336
1650341565360
16217083185069
2456715159531
1313102128605
342172052100
332178
14003150636712
296171718942
3125968411104
764073388800
13052081544832
7781652575226
2764838640
3657411160
5659893674040
805108144816
1117338842880
131766941952
780688298880
110814215760
6417244000752
232306679826
12206057511375
423404998875
11015683738290
53710171905
7667686997880
7726121990160
8546418596520
18354317988000
13511829487644
8227096993808
10416039770736
1732372039854
2596097255654
7104794839538
1469153073960
445705368966
12778030474326
1647400017600
568065780
1239020568948
292037360608
19499138505216
3005685578090
55216540080
14392245265587
4266763646708
1579203784863
879499970854
4800764549992
268656220160
10645612854030
608718432200
3173617341000
23284666811880
1633650974221
2529720629387
2968692896
50253932284
2051076314112
2683440725616
9505395993480
1395735224
91009425568
158218260480
10404688057543
16288327792782
4475717202176
5414152372704
4777809865200
16254049601634
2929950839936
17173946151360
5107162079224
150215534
61943863410
8847832800
54942640896
12396402744804
3308802579456
817297554522
4934493001600
5143124504448
321482238720
416718372814
2135213451360
18478847283345
10025573959595
1996854192560
219461755734
13044213671760
4971617442
21244309592880
2515998759460
1996635775920
124008890240
4072598622144
1375672857392
1951707119856
19685705366800
1167304764
8128992
6602800673040
1143155579176
1717966037736
1982935063200
458151486375
8124764040
9136195022880
6570666899160
14778261023458
1640089211865
569805346605
21754626643842
17820715185
7138973527488
11750359677768
11290603292843
5047655755744
24800740208640
4574365680192
856466415072
5620004421120
8731765727208
249091132290
7042027212960
2355595677110
10794912174132
9800544
10673133504
89645443392
1306219276530
7170456883104
666598056975
391748690868
1113264127764
415641330
14563866820608
11337039942573
8212078149600
3460524606
1697166485616
3814468531071
3473447057312
16095900829570
13445027911770
639300163336
24057460579320
825825427720
8349705993568
3755897335629
9775016443200
5844116084330
7223505956352
3488725166960
4422335749755
5527436364720
773695513490
211839605780
580347691568
6314353883136
10296784391355
344556466275
5828284383376
19707488495695
17254396790169
1306402223040
5182558323488
13325331161874
6276778112130
11753762910146
49524175170
10327776526064
9453862707000
6101939268600
9030328244784
481598264280
158920009224
1684878965434
31022390890
12175293638784
1854054317808
8657553845094
11371944806760
3691282764730
29219246232237
134008795200
3681533416640
7483909946080
430531759680
10846068098600
9069194418
19091325086262
12839301926496
20524161648
3781119554628
2727561959612
1390778811884
238744897896
7933532513760
26867622158160
2011608233629
9253280300880
3992443512521
1274709003333
46596073425
4567034083200
7666530168960
8383289611840
1296591224832
829923819054
8493625013280
14854189904827
12207027176448
197359890
197367960536
20817323993768
384177963008
14508309336
16127483372
965068076208
720578255152
11574106364295
