5205764063628
24740950343926
3705366709200
415726471440
19013028927750
23892872323577
629188001793
2420233036944
38624690640
5697427175000
38801214240
11471002125240
8595576
1570511321742
4725224172014
19498192955904
24365179464912
2882736866400
364581646110
44318684410
28801938066672
787363905762
10252449864720
5857119113600
14656793442720
2160992542380
24321316041
954508202973
27463830894213
77816577960
11985056784583
49510780200
3377410259125
14887713297600
20607200662620
706033752600
21776606030
83474617696
2452009707152
2057536524048
12115304033280
812232726624
6607875269700
2372986596240
860714435685
5825938885927
22382073534530
1429667519627
6137683264538
30127893527
9890485456719
407560991484
6016442426496
16563806080
14330192198080
9084458805952
381312324267
1752577602048
23453643172829
11201402582025
10800353673909
692663483352
861412397664
5681988513297
5267373639840
1089310619234
12078456793665
10384734310965
2875921838280
3239699183248
2853447961875
2510342118821
8848840361606
44015132478
365796282720
15496401017344
698526480
2219387219663
17811678669568
2899873118870
2141494234880
328456319340
543927043478
11988440661128
6705470264400
77824501218
10304653200
4097146131864
13332215008448
1986659448
3097762560
26446207652915
1438399593888
3122634237356
13970595581870
70596176040
371248018752
1221455163264
13016781728
7960905990534
21077827263920
2084811942810
6868760580
4819045569030
4388754232560
229447459615
8442732741120
2579294472
1488971100405
1565099381568
8896593662960
1339650734112
1544789010
330333938510
2230410
808368888600
998484507180
490592067588
19282944
1271407650771
3494572529888
20511214956540
10441361261184
170512082760
35411980968
1006751091060
5945406105623
11069490615750
3135187565055
5670321942240
865428371312
54961405830
10036581991280
6455681189232
3322224052035
187447539392
13297197028059
805882787264
29909310930560
342319272960
37342860
3218027590602
17925469281720
6317488562
27531685200866
21218210013120
4545549193216
3151456213698
10323685410264
444651359230
98482764
11288035322960
3330930961440
116424368996
7868993156595
7042839696792
1196090546840
10813311493731
3311964251470
2663247107904
4423823585168
59390938880
11079313940480
3836354333280
10579557319425
5222125112924
467755029360
2427333117440
133499618320
9053971564160
2618880
312555363120
48062648682
2231932428
6661851178624
4678119009200
4080951964640
1005950875528
12436668102144
2916331369272
3303089945082
8777759711892
5402589633672
1608502400
145180011552
25470746704368
5713632462384
14397013103616
367379319462
13039069904640
6835724651997
2743875732807
7890908272000
1756075991472
955919430905
2161357466848
2804400764946
6730169846400
8111990392695
2905921435664
2122174407645
3711274624200
17969848378470
1708471655150
8794203480
3457330200947
2700940870848
2274748575288
2373457788
18397523767700
2647020289760
2603909307052
7395435360
9600241712754
959957986554
42036603084
13933425177616
638128539300
25050716847360
142491265952
1573501204800
7495730439408
19299086383698
2570186430
7015390498278
1474781850264
65237064268
4530659417352
5270023767164
1690258506210
6637497819488
24019368442
4578756982635
885975762672
5630081162040
5709394942644
13568643202575
2921934
5880568853694
301772046144
3557011884774
4074878855544
599958930375
7043140685
1642474784
3064312435870
24088643021840
114255463446
4224259532856
78570999822
7033641737550
148376415600
1222176472
74945191272
1442260759610
1745002266702
12171012186816
13552330258479
7675295964446
12079519769376
8971466754630
1706762367856
138379859840
10421710157936
19623881291910
2886553398720
22864085193024
8627583059264
146585923116
1741524531894
340147563918
20505272880540
761996214144
22224981281400
14422712159142
139092322202
2247368784923
16663972820040
1348663750
4699950536583
12800637696
246266460
5770739563185
12297906367198
173280445990
2804097870930
1554963945120
9022315655168
228965613345
8216161086720
1338395543625
928578406476
2162858074405
94952072138
2162940098160
21338184184392
13473138030912
24061216094829
65145107424
5966256726705
1168237261760
2625740362109
9427632703902
17814520498120
1209595717512
12630593200015
9198793720
548313358643
905456886408
9035650843680
379143588102
5011779746106
1152060907776
189268093710
8822669194590
183187608912
12241179823920
5964679018956
775846733856
2071257752736
49566750024
4848388782815
16734873823938
1287217040
601986384
17664969788158
1644649747200
14863564100
2525605493040
10588113394524
6143403814023
9856146
72582529600
4120831762355
308907771480
88119651220
30670113712
18949693987917
4847153533794
2780934973712
2459827175295
19746870948
6333922874160
5363513382000
3071292580000
3173933280
13981344192578
2694858969072
165259722320
30557403416
994853629060
1069598246640
20592391437500
18127299587094
10667905645800
8066956440576
8624556326832
27396800082
1178093661696
121736851630
1138484650284
2625426934939
7794315390944
70013160238
9399226398120
3929598428784
7759545074708
46419660
534448108766
1446046866068
12662774381488
1731866791700
67986951944
11604438328984
427860964884
247612055952
3909427383316
11971861759137
1711909456032
11841306787200
2681493876
12948850912020
8292580148160
970783740177
3762000165600
2958016320
28795923606015
93015163604
29083472492
13396867216650
3480186609900
355389330450
6042383147710
2973577343256
3779786555985
6040034801406
2241562919955
7439414067834
4454614406802
1027257121059
31506271770
6133333470
29714074330952
117094652298
214064647104
8614722204725
125359070240
155389218700
4265768945280
3317429682688
16206039927188
45156206850
1870051950
1249786052384
7899264539712
12454828384887
950706855
2540676726720
6613755600
23372197951795
21865196409840
1912219217250
491283527382
3714722052720
1638561101924
272112102801
14446482783300
247368922462
1546083432124
17491530640
12299172745580
17606078975849
2696942999520
5995366426845
4706052886080
104224356
12065413205264
6739659296688
129523269750
19067340902400
1719352700652
19848892725
6781813606128
3693558980520
617383494000
105277897433
3203460612000
970660525824
3420031417794
5756507056944
2934667029690
152945841384
4899214198340
4397840667136
10351528758648
12152344791152
9541215508736
148328876592
3192766094040
10151597612544
9382566593400
7561090363239
44929328520
244201235460
5082788964855
1978794609642
664581073050
71260296250
3103858584750
6327982191096
468957871494
1388757147558
27893078312
9870802642836
3407818877414
17824019509478
1821991351680
3803960550
254173410864
2126687841480
629435821824
973944772416
13677824197920
162967975310
991902709488
366061392
2608308960
4623322774640
2230646410512
9258034889477
24695677578885
8685450263960
8747621672790
3609255380055
292032554034
13125321456000
11392390315335
17948529275760
5171722433856
402331535235
17123558389509
740435541468
480578945823
361789746428
795408928800
3342968432895
2496195819264
839159293050
1595706622425
1161281513654
7133395449096
822516607490
5824305360
8175159713105
2693842599945
25017195538235
147655320960
2815019668616
10412080920576
7042379632172
14676276919484
7922576612342
88128334560
12541850124
91215567104
15604451667758
8338103411865
15164539373864
9179555076144
250310763180
14183616
4354501005639
566772810752
20864342511760
3991589572070
3556044257694
4970257898112
2095003390844
1712031116952
225236538684
571187611760
488384548480
7127895318465
512993384960
683322240
496126589904
834935678000
16124330270
6883428573432
7431500643
4457821319109
107833988480
659617984035
190658854860
2352145538085
308743716547
19798586995200
4809766859183
1649694793345
3050400307500
1697244542252
5002089385056
4913524386615
16360634881773
10797514919000
33825101310
13387299629385
2136354377520
432134340768
14836064376
16762341177120
29422647740464
3082761574200
429338511164
426604
443712886272
1964311147845
2850002991550
5321966614144
1498024895175
281147594304
2500122039176
406689059616
232191063308
501711774980
21293401499172
15747822860236
42303250
5193790325640
10494389184375
3194532205008
5211110297280
98180554080
5640114434560
1119176148
449392325265
116725628
2998774695840
12105679804176
249189655386
5717972179514
3484053801010
1456017262539
980776384224
5423322219210
19891823028000
14775106445270
47742819664
19118238918240
1492737450120
14567406624729
8540423176259
4891671952680
196641998928
17794399302927
3365345999580
3472651776759
1451985865680
1031125294950
783688456800
612790083400
200513834640
46821720960
21070309425880
13681010459064
4689733094400
162818747520
1085600880
6676040250
381579381880
2538628040
1650783537756
4507735476324
667521231069
10739516839247
18766008886284
193477959090
6175224252
267744258320
3425432419680
14462081024768
124769381464
893447424354
7707104479929
9842962191264
4510570594758
159821830
50386374394
2844142500528
5623615916512
12192329265984
8801699638144
69875235528
4898951220570
16110930586335
9643122000
12593278504800
1105511121680
3013319386
12604810035837
628366
10212627180048
16304686573446
4678797249936
7776431565084
222544297575
9794247871590
14904820580
23660835749490
2336601929405
36992717895
98025020888
2204869532052
10167027861871
22180990992668
4145336363800
1424710526880
19344450216024
302144528655
58525316080
72637917912
1116449410721
136404576
433413684704
6508340625519
82029036960
20792002880
14189187311460
23714099151840
23109454972800
12448897098
214234218590
756251680905
9822148501178
470893353840
7690517996049
6931766544
804011456874
6478959499465
9451869261392
24553794069000
64640576
11064675784879
36157741836
76047720276
4048960785984
2774606454984
2329701408
697134229350
304609437350
4300674356160
4616083395000
2585352426068
2470974370910
3640622983551
12869281390735
706863688
4467833592564
71744684608
6623702066807
2137361112416
61755037176
9885642001300
6819988630
252629108704
4431102089040
1013867033888
8539668760320
115650458220
4085895701664
1901616583447
300779293815
13744294876
14710981591040
28910837178264
14060006815512
18034652820300
16352337363705
1335339217168
118801347600
5993467337384
5964101817912
1899991385192
4744253015040
410740990152
1355711494324
3581281810560
83447769532
988181001600
1246202351757
7348511224
240666605760
10385686669080
487745205660
4314131824451
16804590151424
934281722480
3907398243840
14471302691361
5622251886180
9425831731100
12290585328450
832185916560
3500383110780
10094575878695
477047034000
2935773288580
5872939708928
6195458629503
142635941070
1906619460486
239298778240
390829523864
79973564770
339112063251
1925586910464
4289323810725
1511088344953
241531446510
188240534574
12257090091840
4981799717622
7834729796241
5232587759660
1074446862
1930839790032
1289276186844
5462295473367
6598354215552
3606802014300
16358924348928
14209207386500
3905992896
24748126240992
1884984814575
14689213118448
67271687670
17962761638495
17413733086560
4398436545636
205954362
3065577017805
1202255095916
23609292361200
8161776224
1327044309360
5713339041000
3800827044000
25447221154800
9349474298
11498285446848
20990197129440
9087624
10006355478
7396606161099
8120988620575
3609548279580
4221396
122096684325
204196039168
16507769497857
966415888515
9108063529656
6563849946
278491392
365199870420
598551535488
1446105474
92898100086
6284473187454
8399403682720
740736590080
8351277088
10110086693196
2429093678760
568870120
2730396271336
449228016
3233077870825
1881003009144
1755177310
3683268577620
304190532000
14044411872144
295608002
483297969284
1339692513120
90005226930
4733723337525
95882325902
198294778
12326914141920
638426469213
21678364067479
160971157710
1281713730560
4957205521385
1189927746
19682682734535
1880486543088
388554324120
17198
29597900744
5354364018542
2039549769824
5174572836825
177811195520
12519378465168
3325513273992
8431091635552
3000315185025
19348809389840
1733419422240
4947715500
20576720
1879335688160
21629205625095
19081345946496
11477673984392
8576996340000
51925440
2558606994
1896195908372
5306088154722
2507522524416
6840722399760
3723410019714
4184421591168
11474436993222
3898022534400
13745660285538
100433608695
3644342309520
16524029893680
6463594907448
9680217308784
12679720538130
29052919502880
22064606361
1341480198976
97151688
26507813691912
258759304960
2024523457548
1417159939888
5122758366720
19824862200
17812846222560
1031781711784
15742541157184
1533584
701997312
576876961264
4024844295588
9304736637504
293490761226
532815640704
2574044519736
3851148912084
8949468
5234632224
2756514467301
2786557990745
1923201393750
224777309472
19140176950272
145301573308
586412510208
170795974888
1255598896448
5961475533585
21418716633914
8248995163920
60079243328
1433473354160
3621345115152
1833665491805
4067017525620
4364053689402
201415752408
66560333000
5596715631136
1713098969216
13121651995480
3028046736
21742692751984
2551311993392
666483432795
5106622434464
273821061696
230350528000
141088655260
2777188815408
11092785173675
2476059301980
629556013135
11495269592
5397912392535
345497560
16973279060059
5033828893184
226538334288
684072701312
4435993873372
333856806408
3108615163857
22622741758840
217248673600
4910684093640
191613898224
22519220808640
15817796746427
1598977444952
214177310632
2067715874048
6188976093366
17488863076224
27593779350849
266523552512
342713401506
4629484345295
3801613948572
5151757203000
220406670560
250041158565
282443742848
8474815812195
19501346635776
4752279297
1395059234235
502856393800
115678992768
3264744187842
523917728792
18999517448
4532946293304
10228939409400
1575407149635
9570959340761
896090797824
9611920036446
2329429194720
13175244725232
6170760915
5218858784340
2140016657315
1755657230085
187635997272
196669719840
66644762784
31963740414
2469608014432
2217962067750
10537428068400
642171230400
3979635165079
15665145929984
221483586352
544523746316
14751283435067
6343040294580
841084
17720482804
7461727224988
4966159583528
15642789252800
3721922669880
2572670652408
4674256284720
3923349342743
1338211443030
515370287580
1719320832775
1360809414360
2970120373440
12947604799080
3290074026480
9525234440260
310892687637
4416637030505
8060261731884
369271124346
8002515604150
3697205540406
15363491744160
31339975978
3037422344544
9105558544295
184522632000
4743813309444
22276946410460
16264247735566
940357592
13591967944128
6587451693150
1434960421071
235581661000
27413353387266
2240563130624
13870148683749
694703167704
259734085092
7771867075484
137090844
8027100274536
11038065172265
6086216228560
464899687686
11181895648
386739141672
2482404498
29883548640
21530759393804
2315015522064
849664133448
20702599651392
982165611648
1042942095360
4200531059520
770029485360
19895644673672
27634125777471
323669798688
2552132549250
10574938908963
853605466560
641642998
7401132797625
9830217282984
6460548242764
10571942710784
5969643411200
5599610170455
5516971171712
6002146663884
1684619075631
61664409024
6233107162832
624091357956
13118908336765
110863494720
1804054082688
2135884723200
3343620126000
352927478844
22828574520648
1751332816068
624041550
8835622765536
6094467890400
157025538800
448038299774
73416669909
91376204
2302321012236
627601652280
5082166399800
708457620360
4158707664179
522970474509
179887559802
1026553966256
408760483872
453711077424
503017620
11951089377604
748500157888
24913221800220
20542058482470
16167076722720
1724946459945
3636136555008
16064632782675
1447511708960
2047899258080
22779933204
2459815073304
2327916892680
22373020659600
14074442182625
207646425720
540626100624
1757008693440
4407156465905
1779693726786
14939182508460
28130296753088
8488069389504
365677381328
24290921349770
263431618012
1285810804656
1409157228800
3402844271838
2096094602160
1919386151991
1485657366975
29173863577072
23025560973408
19894560910
879802570080
7389490002552
1680810735800
1684815281842
1783303956720
3146032898986
3308195866800
640793528370
358030615140
8163972579851
467583187074
666306357000
16026725731317
1443629158
1425603013200
6315434188128
190590090900
501052352850
611160228
70244766776
22190928944312
24515564004527
127445534128
1504955456396
22723157979047
3373018146225
11417448889574
4440661778448
31476957680
2928466377090
7977413562816
2297017821824
18908845588128
240773421618
2321984020
28234702020
2315467440
6665486201088
4532108565600
2435039088105
24820534942059
164898227026
681111036320
10961298714
585709230612
52951704
15741930535830
707388649980
19119536118975
3077087906711
473984411884
15792359347929
16985079971712
5107619455200
6457111080210
2779792677696
14766199151970
295918561869
4215351815080
8041242307392
2697886400
30452417448836
6447577242960
79736800
43460708100
289004311844
8513623982666
5543083119228
690540462276
6715423390
536245340400
2573372108320
1804068160
8121199552
14225879163804
6379949027870
176634892560
5466452505514
1327696246349
1392699388
18420945870
1354022056200
7926311502684
674735689936
16508601143984
4013419097856
15571924695486
16600936887600
19136478328848
10321462211184
1269860516232
248716314980
1278614217000
11174762060
10762534452040
3798793849440
2584778411760
21619462693164
979469112089
1140786736176
3788765623896
129910
641795629155
2574846582000
1522894709892
12684882123315
11758165332240
2556915284160
3075343702689
35452215463
2109206250000
465960
13598118426816
3947787010224
12996049454304
3295655260
260949381420
4707663933984
383806860
10181704822165
12348121766175
7581477803336
11869172832048
999386988600
7178789466672
5332575017952
570677263548
18138944272
2801523735936
15211000041345
78014
1033091337852
1042272784
1180578090046
2149833375613
108177098400
423527201024
2735761037898
417888930976
10008042899300
5459688
604074450720
7724820780614
1682146920
7712207026200
19684567440
28963620008264
23781182866749
13980124317104
2173086
54200832
10373035275158
5777562606084
13803386650859
37716229194
2795357410560
1761473051232
2924010492
7200484296840
7455768943896
884218089822
15075467518320
162588235180
1509354593440
9838137288
15157162133265
29848718029207
586275612000
1114236660537
18380616745920
943752975165
723544586128
5735135352060
345302006280
1176368664768
283745952996
11673917227648
8568525309536
264386882400
526083038547
12217007435904
104320215810
1488140080320
5265853692120
13314775810875
19245738121328
343310862672
5810723265725
13086056148396
93713446314
7701385337568
9407583680301
6269262756618
38773789650
7967154208452
4537847306650
20651872000
937300077950
939407126064
449840336040
929462956395
13470566594144
65821142400
11778462030984
73990277907
1443220419360
5281912750644
25210388394360
7486824679812
1075063658991
9496369755950
3676554280971
13467219289599
17915480580344
18377669540984
3317749995000
827079937785
18329826094800
12294962570720
391043240
4966119976880
2634779840651
765820693440
419924134768
1877181238856
635996576896
3372345594480
14082923109096
3111605200
2961362046400
15461507179272
1951957563246
9122798123738
144533148375
4999898027712
20951563326063
1997964018264
71955795026
11334685790199
1392975475872
284996863195
1564430057568
148041721128
1332750195956
729682716272
1438336737252
12960945368265
1213343950
821078582652
3505194924201
17358718072752
5981924642715
5785058678
7344343473390
1421544902120
2163566870976
12078539703555
19776582005076
22020550291116
19351965367665
3147988847640
206428873608
16750338018575
13949812312696
4523970647616
4795211280
38922360744
7876034056800
10395699645600
23855122756079
845331773112
94204832400
23085064585541
69870649464
21262396139424
930013032900
13770100837935
951282235360
564526274928
175633638288
27776689568
1613965977365
70855767528
1747825040280
832754020
587212855560
1044883108920
3166092224568
14058410231580
18266550624
10162539364560
12648859709208
1619745669477
338495060400
4222923159840
3358464306624
3342332993963
25207655034000
876731103500
58225760199
1677098808224
72820767030
2854098068936
399163155440
15808330511757
2391798797440
2893783674250
40586301792
13214968166400
49007928405
8141045991624
30201527779605
651568769280
206173105856
2910521356
1487734205925
273726707968
153077362256
4137897322056
533466340560
9271772899841
986875654875
151831240480
9326869783279
460170540120
55166473050
3668900614920
3701060635584
50872726304
6045221098544
1926744825000
7497558038979
1469380595904
4626975498
5788543784877
15051807804
5830164
3942543440
753496437705
4653963284040
1541258092
10009455377418
10226776000
4353533926830
24389902482
2962583798056
764883795764
2169735462720
8172312954864
15030776537904
668196608
348580529920
9938414483025
10263163447640
3332602834432
1253589176736
1464332766
21171103402527
22156240568605
75705239500
6665332121894
15298222449640
1423386755505
23607533138160
132298322052
427081305144
3456301918836
16921485726930
22224930744560
9258035962560
20789394363504
2180231447616
2376118105386
7283686226
5312836916992
19569941634540
7597203029353
6553568831024
10319466170440
3620043371250
410226616976
8919451549440
1057129983288
6644954440860
8181423236404
16603099496816
17751941935200
1359475386418
535219804041
1005547028526
6726086594864
87940632936
17569349582400
2100972712608
59318135484
16269685239160
56328048
500409376
5379464862000
3074841450
50406835383
3113885390364
7697653765776
983281996294
2249387819016
5148985104
457181146872
17451152537000
24300310215501
7900401788796
7857165403944
939835880100
1664107972648
57068501694
12421109392710
3415861162080
12658208052960
1132530557334
866231119215
6564657216
2402652404
219753908
8606043971577
1504803402938
387051854678
637400421700
1227535453228
42763124060
21243311116260
9432948513555
30581472528
2591163515787
1611881040
3086569722548
11185090149744
3059227103184
4816104754032
16127712792960
717280530736
280978683519
9323763048
1792755422640
96068407176
496993419384
144738398140
103648262229
97918457888
14306046545152
999433666432
84879915490
367015585326
1473802988
12814894951040
2147369212440
12046174848
15433889044317
1112737985088
2908550335321
193482203103
498851490267
15769134784684
22167623439373
704587773874
2896148376030
12017111994496
15738900529520
74346001090
5754158022662
5726288422995
2088863497512
1087828322
60185400576
2635154996
298089144
3945033456000
23035610439630
32541917256
4250634564368
2056234612224
17322761510400
186382406584
9163959119721
325796256240
18378196615020
363297573056
3221048612400
1064446633984
25717771090128
50757257496
3351996491712
2871081336268
21462005378129
1619176585877
15125267169201
5820630653481
2000416354083
8387562305958
511269543424
2755540755425
10975782246408
5022478103492
2133552096
4493714130032
854412344354
1857007953600
5168019811996
2833999197680
9178158518400
222313884
23323849884434
69815918664
21427107096
169793376884
24988919157792
2952465196230
10286202880452
2648908606345
13788407682000
3756499455264
2416254093900
7744449965403
14138799708990
92113576
233467623200
2396016
9899212024576
19807941474045
22292736237240
506980270242
812329845192
442371121920
7634679290
1163303718899
1157868066758
5648503206528
9382984630227
8340122284632
16745438267680
326403123288
2907585465662
2209359917632
14631363982544
4223564076500
84462503622
7094538242694
781643186880
16430023870
7821432656
184988315886
1034832627360
3847260988080
1907317160
7626959235090
1438460720
8917558921024
3984788094
2467123802
2666931139190
6387643109856
4539632
8154488448974
1269931370200
19765406613084
984422785648
56891398850
2206588684864
262657610318
7980297081968
7417908201840
520268
4030222857735
13111283795376
22722453439796
199365217128
7244724421935
1821046315044
14574344213520
1669534944
259665160900
19589769703995
14877712003398
2127730908070
50350678560
385911100454
918304470
25730353627206
8604570129904
8112191669699
11580754311920
1186208208
18880410820
3884698023089
7184170935795
697991660492
7052793412500
78153482466
10858067571890
1717577014104
11239507371281
1802321587611
946183765961
21360890880
6549848937489
4504897871565
373433264
1630916518392
581403191600
3109859530880
1524875538660
21567673444175
29384096
3380909597370
1894404138195
244233208277
15264329775540
33665994284
10809675865775
17950676209011
196914143547
12176045383680
7692569151875
17631312
483307590
57627104000
18200559733737
7223938112664
8363183030720
2248091560
15951025329456
3036531734600
7081061520825
2215355475879
4840026400
6543667344760
314408409154
3300656862720
3512025385880
1532285344836
3994198985000
17752381474919
8721016816336
1704733833120
3288068211036
11509854720809
986092120818
4154650574780
2864980720
26104324804635
15611037705380
11318280667265
771296400
3199498162860
9099103664340
5841282539400
2006380353240
5138704447800
1282849400015
8600925934477
409083636500
12376474398120
20043173916031
41296717336
24205420868
955426770648
6920653017160
132222235444
13169113907335
7028197224
546618995760
870938158720
1040620
258757098750
24818279129
18311855744
10032341013872
9511990658016
19683276742656
2962065813597
332333218910
251247987120
403717224000
4659285897396
247867667152
7246853314048
13944948942
1847523397265
240460897792
7971670080
793533662625
1265186731704
4270073779632
12652365336920
113845284190
630920128287
914896933209
88085085460
12511294310135
9880602582528
1897651405440
5154112496000
5977710705362
377567596960
19042247436384
3122892384
1018375477875
317743838720
5813124464160
3200435932960
3095506929719
8681553637708
12801431869336
3336627901200
1026045292440
752111571960
657788760
2181229052295
4854309993990
3397810991337
1263413218100
24528517095600
34461873340
5890421864976
4595103749844
44429040
382786780000
3552823977714
613845718416
5625711990000
2045175174
8336618168320
10144764
85393880978
5691438780160
28035344531520
11454715036800
450944696448
4581529932434
342512056
23406955590557
348762384440
19990027217745
873611027388
18126484332000
4743222883902
11788029020
5887769113244
5446718699040
1891827534150
1117858164192
4657521203608
1921535625472
645141362787
12782716834160
29325889630125
13250928947904
9784234897119
26524245264264
158281303072
1182237643794
753585755184
18261916207696
6311690550711
12327712627390
4870302993416
1202886236618
16296599589120
3640128288256
970421954112
309976763040
11873566872
1862248968
206136805469
19073561627120
594682972632
798643183968
4901767459550
1118515571880
13707094430792
3146213071098
4002047733600
7917640121232
50634666864
256447395366
103935170304
234813130420
3118709135520
502898760
4230570614875
29941800112
2646888932640
1353451092255
4575317954250
6541815660375
3230277878784
847647436660
4009932906480
15011177256
28443550632
736146803628
30934082396000
15024011559408
1102120782308
5119088586224
3824567538909
2400971277024
4383620782656
197756217188
4520593593880
12561630409764
11869131802871
443693590704
4293599989266
103262557592
1701505218108
102931380648
345994000
1931767256
20290532662400
4767269513472
685375826784
8304827666597
918754422587
25798408517504
20092962736
302718873710
15882605206920
3318323048712
12898432068064
68364717776
199876436456
2026466205920
49520877654
12328291278072
10419854765760
1092304524
11936945290816
15059390134109
12545718730834
23428752984
6943512702384
673218106145
3345105096000
10182941561515
6258049024500
409022977752
1157119788968
1215582149236
38766461360
85545798380
731182490910
6821682067200
1042702993899
9101057398816
8800739265000
83470143600
1970352736448
3936751056000
18421479623456
1614154963014
71726596160
553923632880
101170142590
3443848373018
10643366663424
2340943830720
2267839075815
2947365120
6961720896471
65557325232
6585780160531
931838277420
5366912542240
8768666808418
2730993627995
18497782506840
7644946009344
14297410315984
604669744360
2816701574400
18285713679261
11528550
19097980419335
7399328175525
8172614281170
9199236509496
5128592941152
772332582528
2946747648
619684864590
1227580963160
1916429935875
10041135047499
2462818397720
14206041354465
269602098647
13517208395573
16562102928789
2408013569478
5445903825604
1040262460260
664016702880
3058392420804
2003254621456
7011284165732
5441330049248
1358349127800
89734815360
1951234446960
1855943772800
5430895026270
481884532624
10557261296356
6042905381574
4244081041100
2881511843444
2610545535360
460828624896
56420472888
11379969107570
265837612412
185675530080
20678668967400
24431064276528
259919763012
1179708024
452572176
5238445927050
1461440837032
6454547761344
532076378640
4889635813440
87760180860
5239445385300
25733780
2078221210338
4069351397288
1088231682528
3343362121341
1750123791555
1477491087480
967544695920
9435965992096
4895209142700
2727343320
12719519708
12405778215936
9720162694737
11982803869951
8534105404
20382805665600
1468362904
4114730162400
1037380097481
6087588530040
2329197502
5691424419120
24157184454920
568759722960
272988469802
3962281695840
8141741370789
632358484751
310889011000
23595368389357
464430017690
375090135408
347573250848
1109248162420
5551552426664
690569983472
10673642752
118496359584
983664925272
47216480
2472387960
68896410216
9580744956640
708438430236
9295205417472
1013166453096
69315181524
7887417076336
3785945599338
461039130030
2428391462565
32026733800425
14611448768391
4755365741280
23788848176016
376818152
4675440
4660562144420
66997604268
484204542222
10247456381484
3615062259200
2978987251500
454657953024
348027900
6885511327552
7969027146173
11218952993787
914059047600
9311912010
24314110519335
3612187308800
1615548354696
3589610200
72356504520
27813626695202
136263683808
142404894630
8757889048032
4291929399420
114253054300
25289791293312
1957802356406
1978954600
7819519067577
2281654605888
17954352940294
661428293980
3897364920
58925244336
13288745356536
104677886208
15283720183060
2037970791373
7582471439040
3018834249354
318333244320
61676980
16686577438725
92199768976
4457521007898
1711811621520
9377154308069
87546777066
157032216
2188043475609
16006598589592
638286677952
3683218908416
19506072284540
858674822390
7490862793755
213241057200
12784506293496
13032491823164
9446747421504
18748115386923
119083287037
197735963712
823828156964
3779864451720
1997712216566
1170867448719
10007732224
72320651170
94481366296
24231898216
851014411200
289404549632
567655975980
2177646535680
3419405175672
1173484556244
921167324098
1674657047294
3009694011468
9386386733838
792346503116
737732528220
86925937476
7992245441880
15115467690
4336840697328
315387081216
15695922844615
4115128609872
1737959804416
14201159312464
4967052300
1315601424275
12727246703688
26209833833400
9311677808004
3620211012528
6892911081680
4755981501810
1425917556448
28557045970880
1818962930960
534316062702
665481650400
28076374680
1573317036291
84693488
28923088261107
2134718125650
1912105082995
1976331521856
3889659550296
16985476490
5967912345584
7910549992
1039831169104
267219313790
3373181633808
25395270674040
996436503920
4251156293844
4273844762790
8274921430425
18369726426736
4352253769158
505727075024
16045179869628
3708156084138
2407057567200
3314990526120
829463584704
9031378948995
135023495420
924154488
1973619381225
256467285960
395669000
14346120543488
10134544064320
7566185435211
25127123973000
3388496863368
2868491250
6860822311575
655235064
25020488736
705921020
15588642745170
576261721125
3380856668280
2237845404600
9225713006748
20866601744264
4433029046428
548243454
782654985950
7459753783328
1801317548
10318053702864
11810844220
3313031311056
4829692320
18959939663280
173733161280
151873258581
265808884
13221387641654
116571390000
18762787418416
2484373458567
2587103900736
93631620654
24573183557012
66667808
5255785488960
4634596852578
3657921998250
1528124687817
3773119766150
553157584724
6987659040824
2334006361280
23469472362
15241212000000
3469201298839
52426774202
4486475680
1572411833352
7248927623432
11248383589632
17429573884749
4865579809808
463340877750
1175116000636
24331519417855
615201261568
3237360084080
4838715268623
6552659342537
3740448670130
2169256213344
22193452876800
10130111584425
19503237497021
15963080
3278953859050
920620098816
131776080345
8158517542296
360850844088
110434810360
444777914736
15196577399346
4737243004032
303264150
9172281584639
3612219164459
122346675528
4527082764945
131478360
9024666747975
1387352373854
3897226619904
5513969962305
3792495832320
985713227312
17983984824960
1302857947618
157834033056
4588716636
400939054478
6937257020400
174818772
23442111555095
422744973600
5278869793439
6193249581662
54723584070
5626597253024
1140935120
57436062259
76957640228
4342892255184
1123574944800
15766639589316
5980269541734
870995100
5535721311212
111494828445
928666576640
3771943172634
404451657440
7807788990
767940
1031388759765
1587737288880
1286155048900
63493372800
1035227427689
462131174550
12241208862720
7355704171235
30515762172
89281812096
3455947603008
3744847319928
754051153504
1906923625042
71317736637
2487093698880
6593065082156
10861308900
4406117932722
4309601632
519698417040
15440917017584
229929327810
1828958859630
3222504421044
14891794464
433062721728
6028593676880
518984105728
749938980
5917889184600
10591142999580
2735526400376
9460950097200
2362402248704
17960120327520
1953174183576
15388067661208
7822340004440
584201165504
18391266584250
520392465120
7818101009488
18299054172744
5946746533308
66264049260
2892252637456
12120010450576
42622042286
10232433307854
219273714864
23978592144675
19182918196
25514549973450
14154340902896
7197756282000
12456966964080
54014425785
11216569840
3574514540520
10713352472160
1010498265896
1300540450372
3395575491720
19862021526
615444753336
2703296239455
3006490132440
1595850700
1457787520
8478292288
275382120075
7433636567760
4308842842836
1708437790656
9300734293840
747877108
1933911267552
304205695965
17171002244861
12177122809515
1627128464304
8337604526041
461544565608
5789523460
50176117368
7231773953250
3910346226360
9197254551225
1362659103148
44558133606
3528307749696
5782172910944
23333645544
6758200019900
622631244928
14249758068464
16071301476209
12229921654962
1862284433975
803712469700
13669416349407
5294069926600
12405121817088
14611110296184
634849684480
286502036184
12788211874464
13421916136200
9281847513200
8520335719830
2320218855156
5917116689550
3208118011488
666606584664
121396555280
5412536082435
1698486064220
6390375180
35163129680
12732022493190
963292786044
2485370418960
1947385697940
5459812113510
760082400888
12097646339204
1555074851696
5702661716928
12687002044224
3067682242400
194152298724
5638754147832
660161079557
1083451308534
770634922725
8762909603679
14533855951784
305524034
12464502847984
3767355796750
6477035938653
6848826994704
53504966592
3147978534960
1424521391602
6275892825807
160251408370
6514374
59210167548
25602765568
257374
2217748703758
7593408896304
81023898384
3848874986880
28228494814360
20875581898872
19779950666080
4640513766560
943130120160
1649485809216
2106172503190
2350807883216
18219475831968
1759622533515
6967656028125
4771468975026
1614481155630
17348442102544
175155455846
3144214785180
134529061200
16308263452164
14946032832192
3848973447856
16371695928
7171112223064
2147970598048
471970842980
1183636510056
12583533413700
3841724208525
10356365917008
162202584
18927696103155
15791869897200
160091629992
6968408464540
19603310737920
2438692973052
3749345760368
1880162431224
768860354016
12782402156727
104664697822
1928572489584
9937935266052
2063955255024
915697884408
7780401132
1152934361348
4019990370
3878897977600
11601444681240
9684659404572
44655444792
16327810106900
5033119686261
266150892528
44919473898
663441375465
10098026149479
6217902884655
236912080053
16138834098569
400778562600
214968416
18520089722496
15883567831257
1990677145998
2717156683584
957828887136
7923627850710
22183504812147
4076758445760
5931075238884
614729007126
427127177808
6091242271272
1216637184000
232992
281898243720
9390353280
19423440692085
6441572295900
434541282420
2861601087716
2622685554048
234090989520
12071838356655
5765176321674
536920
5403776496440
9595380556626
4281734467920
2401940197943
262915000
4271440578000
1332078373782
11249625862510
5708463045941
2573338983000
2953887342
66618494496
1148214759120
2881050905760
1178904902400
2367971612601
19847796194336
172518862800
146726361328
1734998
16862331987776
284108074416
511774926480
14653548246557
18719042475744
3148282699536
47778772160
4891386581043
2946699564093
3152530779867
1150385322150
988805720840
274101759360
428214216636
1405942298600
12545749497072
7416393940025
7657067663924
38971097088
4963250697179
6894687592
536032290992
52738798512
13167211019088
4705211342370
51399937584
1272550509555
67845364328
5281550049147
977486587550
23689316838704
28363143377112
248556499
36625051064
2091970685472
7056912087894
1088912230016
975705941265
4745358343938
453087884256
5811090790170
10886380805160
6827636731020
105311458560
7315256052720
771789404426
10596330860313
4088469402900
13492481870880
4312896035325
4234108221072
393766464000
662394408
207124774
2461070159001
19751241691638
9658355436576
10904647789372
1953826124346
749818615140
463653639850
28007168904
237516342336
1242421313170
17066755133610
44212771000
3892224
707143482
24334430989110
17582389838511
550638955344
5317306718295
2226800003984
4638079567510
7197154099200
752532439500
2013075925536
7532871303594
7520561080640
714824102190
1956152133950
3065859223216
1553298
1437347875708
4702676029350
287666965800
849430538880
2156566785094
27381431740
663261364560
16250907670464
24297494
10962997012989
17759312795631
14812590435624
4194717081984
10045765364480
8373434838516
2325184240640
18337999830960
200549105928
1138717236272
10161967787559
1161472032
8217412610001
1548598031600
12345402474432
24865944
7971890248920
268363952544
16659341215200
1505836742064
311766624
3536398215972
10504426331520
20182572208260
100823845928
108450746611
11884108081664
3686486186404
2963017452
179698027520
12989656025856
1069414089070
337599448095
8125906435280
3547096489868
33850740
7782533302778
27936173881245
6538944341020
1122801183000
3763657467600
765929528000
1257440338440
1153044867552
1048313935350
1410683232600
129107997080
9178329587427
459478847334
51317670
115133672145
880989563160
636606057048
959449828
26480683591488
322315645995
2611699648283
169078577340
4895482008560
5457012553125
4276137199880
3513167117895
252718489584
4160196325694
513991911510
4020626508872
10383512609360
12214173600
17357951391039
1796605806710
12303564521976
75425541168
9913939155297
1262031887200
2226566064800
30531324012
4822727436576
231389643177
1841139879696
9431203311933
7950951502224
7743129192600
34327764
4665747366
2291399521197
917916522523
1372276759334
21127112168400
2376255830760
1677764492280
6959284109184
21560107962
28056224
619435827360
2100922009758
161980090300
261212940128
3105983798044
5994694924800
1895571515
29214151837920
4233628661717
11057250567840
19291425405768
2804171395800
6716335207820
7709410529049
6430442069760
3993764865111
1888423343904
579422909520
252026244792
8419653037488
10571431532150
8177330461233
3332360418816
1806437183275
2215816818435
278446003770
3157013918205
8472389230679
2459597675799
79266216
12203681523948
1410137675760
3161492411000
20571525721440
14509795356320
6007857478744
767820518990
9174386727891
1431266349450
16191875976652
96187603390
980740655664
2271914107600
9583082369649
146879943210
470774067192
2874012693240
473604787656
329293444748
16747578000
7166895710529
5611941853776
10119439820
18597768
1106660983890
12527961209588
85129309860
3240028773240
21988796224968
143199830800
3265503118619
266977002240
809493348363
4271368129632
396653321560
27840249288
25648534170
21170123850332
6618839232
8969041394079
1032039993504
2720357416
4152106140
3864670222787
317833870
1832926373096
15908101579788
4410314443024
1277256345288
4767446337888
3680144211960
4910544
216081041562
2618471434992
8181482527844
9735481056960
617110213752
672098776600
13257940500000
241954405001
2008375860348
391598426880
2382642338160
17950885779904
7254560694675
766319954247
339855622400
861491256087
4356264939472
3205423650240
6276864784608
2529892456
1786367087865
8154037219496
425723548856
9509269822056
6281002153440
2234655203040
12562383718120
2725206925320
4045769150304
13628422655232
12739227887232
3024928402144
748362787200
351531163200
2630565497043
4926138345625
11560756075440
209009085104
5459473219200
7315679529084
177809848062
158507317584
23530226712174
200016693440
2339822100
578607630192
870853032
94787058596
610601095527
11266811477024
399689011200
3647402026917
558991842258
12433904020425
5392130156640
473169221370
127714579608
11096409041865
122514158160
19283404724628
355434203280
1854038417055
4281195125648
100193602300
56466150
2412974168960
634114758
1310759944032
4403375419664
328621452390
6130593529335
2305534624
22895964
487294585176
1820069810
9037615911324
8639169210504
3336016950000
13448498808069
9455968499495
8560295596515
222517797920
9871124653800
1554102139488
1079252
10105617384
7560026890080
19861886946864
9980609408
1344241948560
433555867715
4296001200984
270622280544
11799876890880
4646456519348
620944622515
26654290005036
12536208316224
1231788994128
4028208656560
2767641851940
120895451916
1646364980052
5327044073085
59674058892
8447335517865
2464376926226
5517745536
265109302782
3990711035684
4982293964583
86576293760
86356502
837343995768
9088334313216
168090130734
411089214200
2626887720900
8531720974259
2217071458992
1151096400825
4188126338550
800177017584
689491648573
3348154170180
5114682613040
18455941592352
710276948
173658004880
935915445008
10988733831840
1481785895667
8633217902400
666051267420
1322974536750
19447359107175
29997921312
145696118950
3284852500776
1279343771048
4132303405620
4530200
2335945398039
25376782626184
2375252862339
12144723200
2968001798784
150959511144
2029809516
369929624960
14838079296068
8054193048120
7255975270896
284230464
15384072561102
4767698444
8788871616
17222094670054
1741660345278
7869152427704
83736221720
1314704868840
13535298349344
9662947640775
10062511701244
3694852086960
7994279251488
25080476000
127212356040
2348707956882
4641592998384
18259073746920
14001541848816
7937704198128
3126626138328
3096362480110
4920068668620
3789668066392
383716530
1021172158160
4065963325248
1586009754225
897722797307
194790935276
2787831224624
1194498689775
342681450656
2007091592343
2616632735310
731136
8054977738080
2163780036
16151764907808
3295151576640
14643135655317
79354064
46587702808
4040299578560
23172729467040
1256421003900
19499948113920
5420000057984
67932241288
1669908210
3789699469066
8500366949805
27314964
5711223421215
1176224893552
2023089068
332137571184
7236957585984
3792467975296
2865520918
2854093964640
373583345280
6739458265209
38773021740
2372850225530
1373382137168
78766882000
346898073600
5426363106712
7738661082600
87336001280
26834290513064
8177842761804
19869420
9020345600
7407945172278
3151168240220
13433020660190
9897152858720
19039517640
182473137000
5457433056
3428462465424
3099614856912
908943212525
46785962750
34849126188
400549514555
19641732513480
2660620448313
11256640796996
3787342951301
3297313922848
6143698972950
1177632425208
11225248951590
11225685612336
433295795210
267805574416
10551479591958
11359695596238
1555675011119
18077695359200
21683604468417
1386704059120
529949194320
22557049938
15790290376
7721836007424
3363091984184
22942385477385
4228417385616
1803161998222
362176596
5484105707360
5440850098125
1114161003536
22359242361120
383015673600
7513286198184
2739268480
3079483908192
5575240
8744107711320
473567389800
2805735509844
2383109088800
341522846
2577467647565
229531279516
1883204514800
3220100766
33017482
799785341752
2957184931740
805642587984
57556594086
21993399572634
13383485102979
5567244387065
2750934551183
5989506360320
9645219107700
12668590882752
7318201535739
14676783448364
4494180127860
1668700800
26584342876
9615028422966
9323616474810
3560158925988
2890456105020
160287616104
7496832052640
1397161529984
15871590672
22717185679272
7534118684048
2501818253870
826234994646
25244473420
221557540800
7631052986080
2987463265688
513814490147
1385701744
2950392738692
16692257250
823599409500
16468903335456
775983784688
630808977120
3203567797982
1443477970440
6855990607648
11603783986375
187524825825
16648833365181
931361850048
22676655241626
955537310896
1056217827065
987774742542
2938316328504
3915991510
1936548306504
2898104614
11153699984700
4380220965920
7206243186170
160535982675
16582368575108
6128201074800
643231422280
2293675826535
57280152318
415532793483
721093170960
10181828564010
1231215878760
7151969400
9704589637035
427269945600
15427507991744
12398700308736
367696636344
4990026627092
18243026943984
448009799370
3537148387080
1846722704569
6575387962484
997533709398
8753220431438
4200594763820
1653937864330
450720546120
4774597085470
7808281550352
1831427721585
1394949139800
12816122408481
615331849329
1559161941066
930401499112
174713463270
711195062196
16600714179651
10663620
26857032000
1570356723024
19487825404556
16864297936778
24736155396290
72729264
18809745885360
1215533915904
20769450269889
5303581032480
698286293760
1223368732608
275012900
495395468640
1731306306688
1695667599290
104875792560
2077782630005
685637933184
8450270387972
2458211472990
610651103040
3467300280444
61294401048
4408503548475
2734873557264
8771437231200
9340693544070
7940072
7027326549528
12498715626240
5009424030408
85420155324
7543028976
2942918778504
7527069448344
4915092034784
1652167282304
4038415708725
292765683782
14689892634480
284726403360
332902234314
674550954
3311695866465
5479155927840
13676528031519
196652684952
1169176294240
2070667297752
696119491392
279886004937
21239857006940
252269108766
176094645122
475651537344
25991791147338
6031794769350
659843696384
773552982664
9802400791475
105271959513
281856137328
12716448243840
404118116459
404695605384
2558292438
4018870871040
3797934925568
117276307488
2409364347978
786513363350
2835658238160
2686680888444
751299649380
3577862540777
86467387024
2485055986875
13768925653014
8745095717722
280350346986
13294192077137
13867607390714
2451556240716
1073687632408
188675613720
9658962240158
3752473317428
3513705200160
5774703983088
5177202732032
2324453519900
1817156794680
1674493874361
10721790209904
1273492722555
592236660600
9603928880379
4427491858790
15300728469125
31978419200
1295425707030
13300729515360
4398834063360
11909592568320
2601743368125
3983362898688
506778024816
1183957847450
230836787256
12821763552675
2164832801808
5319121632627
15786970416
452612292528
2702831240304
2362253868
1109209681109
125665994908
17603013724560
170011055430
10107121057173
10684941023232
7453648120952
12559834774144
700585077720
5341952486756
130819746125
1387500532808
7183644678000
2352617185272
191789666791
7277501939036
29338172130
24016769683824
6525241563915
536301360672
356945904
958488155235
5950171263410
19818703881900
49276980
43329013290
719946607856
7221738299972
28815711465840
89549775672
7589661635435
6347952232992
1252968
70728307016
1363364836
250086882618
527703444020
82055650248
2572896917448
20912913840
5010285430080
1964014641419
2785886485751
6729779823410
27626059004160
10589040450
167674666250
11439334534404
1068763362
7217649198592
275211434946
7949119085696
933894117576
147667412856
17143575327760
3658944739706
1414453323696
20228608701990
30433225350528
256329121230
7236311544825
234632484084
112793139048
3601913546496
922826399116
1414936213104
567870870438
339267202120
790858188120
16428439348992
346833243560
290976384468
6238534571500
503879287037
63583506180
336130992936
2395244715210
16418574350880
6559672084173
7605715892075
5361593690459
9777545906685
7687785996
3148917670400
6115644844125
5475404067980
8427137788278
5220055110008
22405564209600
204144908800
14586415779200
4681818694080
39363685920
712046636145
364916924820
29637237115464
10104133817268
115089573402
587313221640
203367386032
2656523722
9694413307656
67427577604
521902467968
13723622617408
157299933574
2706810774080
16073910248655
3870611350551
662359420800
18088511023905
13094293143234
397694745700
326784031938
9112449972375
8697187740
29659780907040
1136205792000
1751770708821
12458139238164
957428849865
489600006092
667013843208
14940044554785
1583624232680
61398013320
2161681750656
291171613614
1929467904
6100801221679
21950983418640
3639818125440
1413076916214
6806037000
562398215204
4085923800651
4815982080520
2127661844385
3982074
131546860200
627201318240
1661766864912
2237986556400
583550028
4380594570401
16258680298
7128889303634
9913036408000
1360611120610
80879221640
3301396634085
1022848128120
1482194446512
1391948126880
5868755451903
373103556000
398311520
2618209415352
2498147139248
13090074735344
12037206720
2784118289700
485300129264
8067615466620
12197894665320
2320493153856
6345871789824
1499843695248
7240338732977
875025081480
1399224374072
13547527345904
18790779902400
992237570560
17357083994250
4527122356308
5336288660
5920649765888
82091460
7438843303620
21465065342952
59715696800
4166658647424
922855387068
447406604840
4194943217850
319117253688
320586115520
1282309446363
614075683760
6211530524087
16813433944149
8263711713600
7821538994039
120061010640
3476300130056
507631903700
11114241619276
2892214906776
2678280467853
90145573568
1723665306215
1856444000
356282564256
9419327466648
5213390130704
1937155117512
2650667620944
108450045288
23129566464672
25770058927704
23634000415872
488787969152
5413803942096
79498225908
4445866782090
12630954870
6521222251137
132140022
1008893632404
41171206496
135251159757
518861039952
264479980
4310767309800
3183668314346
2571907509512
1237442260704
23628247695360
657877617468
17552575379920
319382227296
476945489984
5557803794970
2131471425870
9286647969960
813473935911
17591250553560
7104781941033
2756639568384
4595701311624
35314558104
3254743766256
19760369886621
5225101528484
471755880240
12292506
133194880384
94935287216
17851071837312
3370444742616
532323632668
1937288143856
1990435330399
146963783740
5190554223582
513733141584
2579646488016
107821800
11368027120725
7978929216060
169902996725
679413792576
1572097032
14004551660
143883312600
7359133712300
9039033821520
241831707668
171515032416
261324444546
644841205239
783170592870
4329393216720
158026340
469583352144
10756379624825
2282469151304
1713476630099
1976434500285
1489513964922
928116035028
48529236030
1006521517197
1297250036928
5820110165436
171569181600
13539815617464
3643289278600
17019662422650
3811527033720
262281469248
22374513480
959930799744
4641537664506
6947973038405
798790597374
12873691123128
3306800444635
17017555341844
151012024800
2096147504
977880226743
34123490456
1879660482560
4797062963433
1421356151880
101002618736
4181537540160
10974951627840
15724784826657
285100886928
2718701873280
7223741431725
20071012099392
1359492336552
8810325892608
12254398235040
1504916424948
13581118482984
9199685300319
35269253536
10068180357732
5415162841179
10817252583984
2208524327216
33805125090
67307014992
1010939387568
1032649399704
17444668402460
1112765515680
548349143250
1087325385600
18952049968290
9656954718666
995321376438
10658465644320
23101001888
563184767332
4194816866520
316945363860
563329976160
6445712095515
7518286944384
564540891864
697505971097
12761969605200
10794202025595
9527755805568
5700813764457
569590548800
1842701411000
6678684833998
3876253573563
6183680
6420382770765
2210043550166
7338965860848
1351329087280
378850652136
1237545262800
28362620184
8113372077440
82874609916
203478383934
13464392890
6678866261592
992339911510
14626690444520
38363472
14549286549600
3353712945086
4927107533040
14623896060
4289362159584
17017766345993
5903873572080
1070179364160
1486631757294
734562300000
8749274890085
13799745496953
889251322800
14656487222286
171408894701
2435908320
18716292226580
149923933530
2479397295706
546844486104
15681385530
42461933746
9121499226312
249239328
1526346065166
153684214320
3514597076904
10263538300844
733972916508
16723832404560
77934550232
3419998337448
740153095936
51191279910
828207738576
11025871893720
4462586591287
70314964624
473187761557
14836839616368
86895204032
8876191052736
3653370
17377251506241
8167973376976
6641154596113
1870937318460
1510686527160
5375280291696
1386062346368
163771053831
88273520510
14593172320995
185100201720
753488907132
1882492614513
11979350578482
27281440674210
5464469466519
2400756321600
7016817979120
12918410593336
987062322384
9331100770059
2667524438
5206861550250
396241302600
730245338064
11612471946770
119368826976
120980490840
5477877701380
93915089508
188451022688
22453016075440
23139024813576
8753594040135
266509201800
6602580387201
14941791102216
16032729543149
6810212207040
1415699534048
903570571644
7473834871902
1639514875443
535489635105
2489511071580
1859427431616
176005918296
357546438656
70923575936
4592196930079
2062856970
1283744470151
443972359039
6408505707453
8155218401792
28105413433032
294699504000
28166246877948
11726445064943
1719897624
6516888316272
5529125570625
5154045240960
4070851310064
11477481356880
804146652610
15936210309296
1797526246060
82473211035
609295411078
3606171756320
20418911538048
3107741134875
5420125030560
13569139628928
10806107484021
72771211008
6441874342124
7170843918
3480895429680
11591763301050
4731657138519
799834675200
2627485297920
275018614206
5195958416172
7366448202432
9024462811200
196808013350
877380128174
519705387831
4164261826368
41765882112
2458637429420
24710887740
1912212256400
20198232217800
15493910632200
801240088392
969633639360
1048966321766
30188136816640
6863156884464
13922845623936
8372973509649
338894745600
5539543468
3271268591136
700795150464
348173990112
13099622886
632680839336
3927217004
82790602752
26437034615904
215602084584
4338752857005
2279928
21670256399456
12241795959120
1984536852830
27224557408776
8162594009955
325364537520
11430395319492
10953300541275
32678459955
13790536569477
30133985610
9438696903792
10610065720953
10206477111264
11326945739880
4901859622128
7616891377290
2036260067646
143515441036
3690855155862
1134994707336
4200979917456
14697103745520
2928931896
85120058388
2140838124280
2397513341564
1463575191780
1281060549456
12317342686880
5402847311960
738402344280
716972152930
57345811644
10820144882498
99590415376
40908400
6799320150480
9826248333538
2254546415484
8606508831394
9704191974909
14386652732023
2469251602896
475439247675
7453116270720
4163740852306
1415315966760
153206759880
1711454597265
3885629426280
76911760576
953452897584
6402232999344
483890348604
77017547250
829983024195
2942675749104
856107093930
668029451138
916546376240
1255191225435
4576208917515
7093563392004
3615246493680
9031803783184
27165288
8441253621315
5796208958832
159063593262
9686593060920
992122735296
3489279180390
218335291986
2567311396584
5016613163925
975207660840
344630642626
14148472176
1430528206315
253251530240
1329913341120
172412775168
5649896908800
245584548
9257290560512
7653183498970
22963350856570
23123460032
7816960
17889712160654
12624588893440
10434445874352
2186086578
1224394277610
3651936026268
11435991022820
1365150206816
2774949572736
390078316269
1708216409865
2450570949050
7582158311984
1261605040542
2026138114
1390339000530
30248030020
668137482480
1702784969685
19350097846947
5038047103320
15807831840933
25963381678728
1549442833206
337991531540
3047094774546
14098008472
354110242560
97667776960
8271492255600
2129893863536
62321250810
5697254238032
8369763075044
6514799981760
837052200
4421569331676
17281552685429
3723047873672
8491288332186
13296123389007
1927927772
7894438536096
8423518627733
13437685148832
7102739160
636773077904
112313020272
3427214616
45735503960
935460462456
6200559661710
1423407467664
2621414405648
4881465488151
1346228735496
309162102102
37375187850
9020864042523
21865347191322
7767847061712
9365892240272
419854514
134298198850
7244805601664
27026335870
31031251216
939548704
6929071805712
1810240941102
9700427891600
756776200
229779691920
9640261836288
7977491715600
4878356617440
28348496665391
431070605892
51651647096
17891025957
12977468651264
750714374376
5942116361440
1344374564
273189874476
111381530
23868623618828
10392617872
2317320863952
441223415822
2289057669360
2062481056
222014459865
5635506495240
20321504044160
3292007024
2427389690880
29375091377632
10771004940960
1927310031624
8680069675296
2928314954460
1037620676
6102481546377
6110696045664
1095578278
5723069907165
11161754685504
19135299562400
415980238666
1458384346080
2311514407370
794367578872
45596094944
6471516856
2277864841296
3049953976191
1288328970694
210812524139
224511741360
1027998152
22788261075840
1447267662180
7838899902568
68049393536
721467470438
18516306839408
2108421611520
4784669583638
26068527510284
56620492
217606574304
243369242924
5187518267256
2107957472829
5663880504
21542579684935
5406039340272
169201444839
5873456255076
7680841458
10726357670028
778263087872
6561046026195
8231097620635
1231948997412
14196657647143
57231129984
3235938850395
39903335380
8883408654728
2314147982898
9616068504840
101314497988
586493208000
25734123716028
1202653548
6500148601209
6323563549818
10370830868099
694591340
3335937810128
7046106977559
5727017532102
8526762140520
7906595523321
12388979885625
1364778166672
968727648
1567621147862
12161876200965
14368389410420
1426833600115
1762912827690
3127749522716
19630681200
22522459142520
7197253976720
2526359939040
1280296557064
1377299745360
697897168371
2655665952464
3231432059856
4672384062210
24188084140836
296570497080
1565703239958
742317297840
395586505600
4710783263835
606845256884
1362732425680
258215855040
9690690156606
415283859900
52167828648
4178499281240
10941389527274
915856997400
54859320
28605529132352
3682873719840
27165230320560
568908910250
34862025528
25317799186680
2113216432600
2647557250649
29393254800
10612307742960
612992352000
23376775206045
4070136755016
10004205804096
11542764717120
623123053040
257524881040
8488932101512
2207053100
7469831207592
24508093213457
19974379062828
1009236523680
3290425070625
16465281286328
768865029272
7646198112992
77063931744
8097051316865
364282172436
13807982334688
25347688119600
169402364820
12010105728144
20376664229740
8626761286080
1279901837184
6630733515120
97866990
11584248118342
7439518011849
16752997169685
26026948640524
4309288603875
328388427744
5121268453532
103663724658
1510520832975
1964641140
3615222780
2325958822890
1115532257664
4590950779712
18638643071565
494928338408
8645772280968
8593547962896
320445813660
17246746761864
14342818029480
893429845454
8155183216240
1256934856848
7992548975736
5440765715776
7713233652825
653198470650
11006937847010
3143626348230
99897464040
1827451059720
6298644982290
6862396660
6456420031200
25142712260985
12839581852240
1355354623280
785694585600
19762952038416
528267556800
540349726086
1534960713475
2485386208629
741027350441
1245928734820
1777499523072
12469142327888
17383741074672
12471331612992
13802000321106
13301270358220
14440567541400
80836057740
21922736277992
327111766875
165714667052
7602651189
127959492248
7668173260800
157071182862
1420757376
15655413219984
12500190791744
16628006797242
582992595444
10430208529852
146409326
1151858074752
1297832400458
8810189922710
6298053262000
1358907360
175760
165725488
1031174795784
12919423896720
5274480165720
132963241329
11853776367668
2556643320576
11804849710056
5246288174680
16301602634133
2290656970077
2044510268400
7117434748722
294433824
153131737536
1857629543274
15209677380224
9372841360829
10425036088236
749107691072
787141236594
27912739089873
4314098377232
11492847679050
31337324431248
3832218
213490149600
238203241476
187952772
7957673584211
11397784821170
181335999204
46615096552
10623768232208
1855898526576
138705407082
13059372365175
114122637200
6629479427808
15326886543104
9582130343745
214131597022
157103872578
10845573731784
151712379200
5880760924451
2173639406160
69832761600
547407989819
5329288084134
1412996101920
2832991200
5755954646299
411169032
3100046624496
13822032621531
7268804163894
6829592646830
5199643511604
337001855376
633054683466
2188194699425
16696222650224
15780628962936
32242850640
18099828932416
4533366258642
17449213468128
553523014
9340669819404
89874371444
8734036461000
2049998055903
17322343546662
8593602131325
3631118668644
4532668645824
17042040453760
12422588723600
206886302348
1965724532
405289170
6920543596643
6992583933324
17111044492425
510326451408
4623360140178
7628310246240
244452421708
11356844196464
9454494207465
1381974362145
525140503140
254282480342
247859712688
24163214868416
3868199322125
2828241655164
3335347834
5965507159920
1686932707992
20627601353130
2859504750
221244745740
12294986543061
8860206460560
748512612540
13532803426170
33156780
3445116370904
1032770884160
1412602255008
16157626994578
2364387125842
3652615978704
14966918491800
12758854748976
232598760000
21725884514256
44812312830
6166398735824
7700824594170
5364296784
1413473165884
95005799520
3381602235248
3112898923154
3545015284630
193574661408
103135895625
255512413820
2449548147942
8724598209480
10773825448176
818870864800
1464152612250
1222264147272
2887845516272
4726054852779
7087895036145
11995404702096
2420645048300
218924435952
38117534
2705808376304
16379259102170
1829155936032
103635360
6936251616
7340794277661
192269170464
1157666804415
1856657189936
578576768
4341882408248
879065569035
11366078713704
1087312834485
5260455755189
833163899244
9172906615850
19240128102439
3664470017280
5400534600384
17681679332884
20552414626037
4597365871570
9421154820
4888270884876
49688840865
109806843056
344037621200
8509961259776
685613864712
2191952870576
278419267065
1864877822544
11270437679508
16935249365824
10850895817460
23671805595282
3607337708224
623830038954
5393863619592
6268298687216
1148111700120
3929372379343
13741765254000
10524378055232
1277759895620
15192301465544
7470782671920
12586587650348
5402984700762
22840156817700
2385073110102
86806301680
2103000208617
3669703439080
17326506617375
37046957430
1212853828030
1411181147376
295520552250
60566636
1905486129470
125223437325
742213123190
100034030
21420715947880
6412888524195
2605925995920
2023705968336
3793866802650
20236432878480
4017311239920
17547272704416
1440741588416
5746731929856
5425812406152
3183050000780
371772011870
3061136200330
775077374846
432728587032
781036915659
1496082522352
1361937510480
4529977702460
2118527227971
9600329296320
865793242147
528422948960
504616760340
40919738310
4137918675972
1634462726304
1589347596
5832590467184
3087587426
1928089001984
157992215568
2783602860750
11262171789456
13404354709709
4130659649415
560889852288
205710720
5140887213000
7601597005860
406066120
11421137890656
2303609158822
14004601776825
16659922499244
2306319352560
158229418305
1809537436160
4138176880128
4170610184290
8735914846800
1070045143835
21829316032800
691178232960
2711561038263
4028790573192
1379315718144
1275450272
2808094246386
3190658528601
9308436952815
2358628976
15604092910000
5030907220620
2916373827960
11537393918160
4967311733160
2006589792120
21691720152201
7891304604738
323504782513
2175196468179
10964651840
322502768125
21622712517
23653879471984
16470041496700
2355127689195
813509283159
306540
8483481666240
3028457952
6993942174774
480032141277
8520223675628
5346831341280
16436825793927
36954383192
437585890080
15047080471076
26411976254576
25074914216
2620249991412
2866184619165
352241230
875004969735
57855538362
142330145958
20734313126205
756894047238
9349658087058
11113381624
768111840
21215900443752
16617782965140
582032463144
13101395393169
2267542502424
3712166603343
5508470600448
1736574567057
2121161589464
1652173463304
447018501440
281752753800
71388536550
6638003142552
5939637768
49531710592
180002394880
12576291247856
16566743218688
11783331426672
17222757537
7774349674868
575782
7302924652086
1442613828
324863854950
27655488
5958276111872
8249083584000
327641195740
466447205504
6754270442165
50520384
14440247088
23911971657392
1159364787264
54128394240
204572333900
1180361396480
46122215160
24059504400624
4860939683072
69472963590
18024215395200
976649255105
32750386700
6120118969034
30585909440
1779231879243
129107415033
13564168920315
10964647970120
401945662272
80409887104
756427140000
423007348368
10356737827959
4675094455680
1819414731222
36789847074
7167156570000
22063090009
15176350665344
235315273872
843282172152
1354027181520
8026691402316
982571377024
4974606491316
2687210064
1975967708355
15228362006800
15079204282336
13425472694880
1730269782540
1167862418184
4844021371332
5959034697024
125556454390
1841670114480
6150919246290
13712021507924
6367780194930
1218439332264
1190709708292
8950704
8932005398336
14246382400448
248868047355
437486984704
4437219483600
559958924875
5433080759925
2044899805410
3806601168480
1642798787045
14836360560720
60248558622
13956849915512
11041011807551
15056154560457
1354850051400
2612394766064
7765376
17012204834
9684921562724
14346228710268
1450803187600
5808688846
3532856264
775692187670
2434872640772
14169364790544
1132585160928
2013496792560
7464004437435
32206223769456
2218101141555
45896
8023086181100
320192324568
4171575326400
364183695168
13779173290440
318326079029
486488214960
18596581595157
662651352480
7812808862100
19663867391474
6510481164657
11549698374884
57945150940
9931040
3160775426679
22031876197500
22046337952320
742850147361
8107785659364
763228704784
4244459289336
3032664331184
14884229908212
1221549997950
595309662752
10192992211980
28133661990
1327467152
3311564249922
107762358
5846164922340
16861697934
3340565330760
10639004780352
567384806280
14846620542
5035146676560
1999810942107
1049419026432
5716296673179
660034076845
12583999577880
483247581465
1182364614
288309947580
3414627674250
1920109621023
3138307446222
19637838378720
7677037159680
409553400
4302229236354
1029143400
126356245821
6613208039736
671673748176
10010533667760
297385033344
6674913573216
15216262338000
7611129810
15091140108
11538704453328
2099659127780
2400427004379
400364720
19027902310400
4409092098672
9289024400760
551034522540
1562602580627
10728546195290
66832858686
2434586918536
485386069264
409875455584
15670980730924
9645610054569
21989823386
741283876320
3191280534
162436867866
12815535232
1965277504
817671880
12701567301632
4445072178624
5696122630695
2960816220
15331730446562
9577984772664
1693953083680
64505094164
1328209304708
11865573265684
9046428441120
17556916679760
13058440312608
277734655432
3559927098
3221937423054
16354610448
1363704265728
9299087526704
11450350120409
399158880
220007312889
8979982952832
257678259696
1683044020
13557765189921
5380637100344
578803803724
519778817514
1268976065955
2284612593646
11998437293640
260078248929
241922933175
12780321157376
90449357268
16804684475
3666251379200
10510131372960
50864068010
14938649561295
22661590348800
14589157565190
620434173888
1499908856808
8255769671863
4499214210480
10773030503224
12522332963144
2018919161560
10777807252092
10254571344348
107273428296
4870887402150
6059340118592
545762243568
3510323839260
13616446195259
5937824989392
676927559175
6419726591176
4417745768516
1430384035360
602377038
2083540505184
20114027714284
20191745519760
12988487945662
144592902999
11333516135136
6978583420566
82807097392
5850814221824
5448022272
1803984371070
5221996137472
8966316898080
4847763906000
1475849198070
10580014164128
569985600030
15651608614894
15756411209040
40821378780
3449469220302
5050783804820
11935667750415
2546380011758
7162227154880
11510074640400
1400630711792
2705600334848
2954081831535
1338278055520
6744665416960
2417539248378
753786355860
5179764878321
2516685304000
1655973072
13077722083920
1386784982784
210948509459
9651871399200
2858722003800
134221275300
235176197100
14317696398040
5005994054565
17632005882545
2748763221120
2622298224
247430275496
2896036928960
12188803566275
1406082763498
27044981972840
13074141718
36878805782
1102495519852
2302317030216
292262236739
10837497618702
645069624752
6619388832
1149083447040
14612616199413
2605821139269
101622187836
265446220114
17558840146731
26155292923872
10819592946456
2589184245740
5512099419288
1407652110
6241582036704
10578237841696
2322105082480
7024262731440
54928244724
218095705980
938740155176
14015969640
6848649558576
4454446760168
206175545784
4933159153160
17414505660
4471075496055
496404405140
2541474475500
2119555094244
11663290069688
7468527750105
8993225755680
887171617000
1797298727280
20095148075800
2165208154
524616391728
689334349116
9991218476208
7945700065959
167409818546
10901788597728
3019403385713
4190202453150
17878540743476
1038121541622
925055165560
10623896554484
2247352035390
5943092010384
3932666117967
329811745976
11620865802459
2645709180345
6457491819880
159088269522
5331418418534
320366245504
6552615841880
4564881205450
97693362572
2444646633320
7401469139280
4783565546756
5355299618625
2568338544
373079782656
5128322078880
12875131287200
6587139092116
19826907935000
6746830574380
61293877992
1959728689696
25789818382944
5311594785000
390719463412
83063788
14281324255308
573553475478
4581059724480
25656875328
12029393748768
2004589440
9345553106552
523198949105
626915789290
2707135857195
2736338100600
14373816800
2806943135667
20212762832080
9069472058976
409483406184
1030744911072
8537843533968
984479384
16901989610
580531134227
8195120762400
1018495702400
4163512745072
5709716347775
30804103465652
2577490
4261621157976
649849141884
2642783946400
5925268967838
416651302935
38639423984
1558779096875
10087321425660
11904424683728
1466503087952
2262010185456
14358097406268
92908760091
634538633175
2495767947332
993590005106
379624306360
107398629488
1186109821100
9562093725440
1020327997290
579526886104
828872785664
11150283253104
4305903030
9290254586683
6547856772576
87339211520
13037229451584
4423205217024
6932158875264
16792407954112
19214983114949
11451981421242
125343089115
37741777266
662780494980
1488064068810
4590514730180
1655008490268
20031505585884
5724295419768
2751123672960
619786432
1345634545876
7464354583840
692010550059
3647577915056
222282873108
7875434610648
410652381024
5254906319250
840730171008
207429138345
692944933780
1151932527114
180577152
2804461380
7491146552483
12701442281710
85652125910
4322957990624
845668007520
8376769975152
6259843547039
21710175919776
4965260292608
2719117650600
2574661372560
4574985899424
2462519106944
19453925830560
164447036082
7186733904636
5867503643648
9258595869600
34935151416
685064311042
6378966561344
3338330650284
4621130341984
1984108709880
13706552334124
1776187204608
1488885507270
17192149154343
482130684432
2600328141390
92673548610
13424341830768
538331146520
11119399502640
1895598848
13473827754570
545281832808
26537760
385950049135
20350152853584
8757513295776
16576946424
572135739279
272330810550
8128067676305
14223314764440
5502169573824
274443918608
6518734692096
14207642100224
596879203800
4066924516096
36917736
6384361530435
800784041856
15126136129539
7025632297600
4059010072632
338964389340
98363671304
964153872
6054309121905
210540000579
29898784
9959083871616
4003778600624
27234144
4525174215510
1099698791289
319384858335
4395404640000
756139670
5545920
8904777345685
67698793690
76651809612
17809095793664
116010119250
21063699742272
3098315220
2436172843606
5961616741784
136926380280
212161655160
4424312103210
7591976769047
727524522279
1851816416670
132928427060
506142937443
1593529624547
494687237616
25064137619606
3077802
10339893385148
2454312
7882093468548
14049693415680
23328363055648
6726995778000
3544157279114
1311585462
459710016
16899965248176
14336853138353
14403175824975
6526178280
1142249084226
3589280972288
5488613973542
553246552936
390078658710
6462874483860
9990166791807
446486419665
761517354827
188902780704
1874583704370
7614429437355
2477668607208
180498304140
15766933381023
16724096168780
660318480580
2698022534528
10975775919680
15136350151338
516916260
7227678686499
6466154351424
22905095520
5511944520000
21949496800
185448558984
17054000874417
136581103944
361163497865
806062839330
2510608424136
4928660285084
19255654395774
25080783424637
262757208412
10808692978
5008076742708
1881074424960
2264370773496
1566941556915
7474615922646
8238698055978
421550307876
134969796078
1170793556400
145657857432
3740802753510
2017050812488
4824224481384
6064484546952
9365610051525
158950160
3128334102432
10398710499632
3741213586880
2828660840720
10791528634112
45937749760
2950249989960
12169581974550
8155539410112
2085767839584
902873712510
475083307230
24272882296416
10723838552784
6282337651200
27125126612
7844667069603
250128234720
416996810415
23620542696816
25923522301033
9985928261720
2137033011084
1157898415544
67498376658
3497470043910
102583666056
25329511147304
1806463345760
2610423432302
1537168818976
293384173705
72014720
16402955811060
33706830784
236024882821
5975143088
976477074984
5854725031680
8022131502336
19307872869840
526057972319
3215204992
9596865343440
1348640762740
813521673216
17719341262140
184964850150
5813251812117
239560714624
830535473264
33011915808
23602025878902
14540613479661
48600435304
316993399340
16762955077284
726439676305
20128040472237
94851216
6094145037216
260473795584
2475361662400
1358125553720
10740521456448
498172363748
2152355636259
14922197584310
330991288173
1484897064390
603291654720
2199472209002
113002200675
103727842400
13849560
446072723094
791227281375
6164250
6791505790988
1916328281472
19748305472504
14036174736594
17021331198554
14263332568875
2944745235250
480324829920
14891532
8201400427440
2488654580880
4542074508482
4395030834480
3697614640928
3836259928
1718540290016
483009024
15638848626050
5535570512032
3109198767246
565424264204
2833351726590
3877038179909
2457201339492
36453703484
1978111244388
5205498520320
5338769809800
38881112795
4512822280650
11156942258
6583897045440
115160724
9269740984632
2003744722265
2570331540000
204248800575
4215396247705
5294543298324
7369197762880
12302319687456
19284368928
555250483044
9072366160275
1044326029228
23244525808
1826428253632
2375068537800
479360197368
1842043144192
14201879488074
32317941600
14061509335104
14438612686784
1392837570450
3608655347385
2131652242734
2492987482230
21028426493624
8313178844
29872583898836
7337320083532
246247762512
55515675150
118451256800
7360661851032
1298749465377
913972329255
4027603132800
445180395924
10700664102384
2849154316
1087334475840
813979708760
138370895040
2233196386058
15115567873077
4882905685500
7834622494560
5003387617800
2886181594800
17828279920248
4936308228280
1131049770480
152688319040
7491938976984
2430251884224
12441018177956
9115655762059
3348781050480
244525856
536881520048
5386359418704
5198321939562
3588465988404
1927753725520
187080701832
4058663668800
6386304302235
6858949292650
9588522240
156608662488
1369417571226
2263927768359
1474840356
1963291767255
105656689560
3778251982200
12296816066288
8821694325234
8195350055032
2157230478109
383545334640
981508158000
2291744308822
9481513209779
644893674000
13591646122080
2110961691072
4278179934000
2501971485120
240970738664
198388769656
24916537486610
41769365666
193301810325
1487340440295
3741550097714
2648275452735
634352304600
198446418560
3228422485701
1023988531995
13050927174600
925252200880
18288290884682
5159852135144
4449652152704
11989937082816
1360249811712
631797482074
2524182388
2090964731289
18600720
6473765131064
22923638415520
24598080
1481051880000
6430451722368
16768530739721
390281012517
1142365799250
38537195895
5131355414337
15628525446924
125994793280
28334220015471
552565981440
16732549392
3916965567600
693133478775
1207024088832
26850162028032
4854579983604
14529260585736
13568039014074
4733118522
11182283454
11273426019615
437442262985
14641089904624
9936371616
6135320906778
3230793696312
145709228450
90476242818
30361931358176
1307850822336
18849119520
31638818593536
304533732728
44150687767
20043413784
9762829648052
5657898513876
1333486536480
88094934160
1914901467696
3426191959608
1374862073022
9757445679780
5115784132265
281840520924
3456149505600
11134614278808
3186497943551
31840160317140
16339344892484
1357124016375
1466546509008
820528429162
23011116044928
27930281976
60696035328
1273649248128
668328645484
3953703224682
5314432148256
997319902920
3539858444730
6308214275376
8597566590
33424244
13109029976
355793850
23826249368
4409011416155
990437456120
4717923510160
51977021840
5751231304710
1652380704
2039395418368
459954682250
10874500194807
244042200032
20065730467200
12106467278
3700439443783
3972556336
262199038500
90118024914
9551066112000
1721984393104
17715967223040
231487590
4981999036960
4227292659156
1878198487751
195995678604
7593077110752
41941243448
4453600403712
15283593934
2547186244
3930739210130
10308578072640
1097854856
30582958487200
79489440720
1757257861632
474492716760
7850943145053
13754669039265
3604059996636
5947993432976
3177089547178
13134429407895
16277200895178
30912140528
4936568595840
570098900
33478548
13774733189124
9387384922929
11057349656808
2433658753890
6503344338400
553716517680
680140921075
15232546989254
178472204094
11962110984560
12942847652
8324757874296
3135114688861
11054823183864
5061854010533
8235708820416
17083039409523
199686868422
1834766616
5935305924
1148339055720
26791505427344
10257799305936
910936917
2790813780
222494527200
7476681729319
2893584
3623988626700
5907413604368
2869575920112
11853726922200
6943966007940
2801740608
13521170046725
18812457113000
5124009863704
892283582190
2666655115250
774001057014
2107442064
12012499058560
823518764640
3264128303832
4617182294568
23746583162948
24161547119364
2763158483592
107814307968
187571037588
782251514898
11098751025632
9230559716045
11323667020176
12956746127094
485435283776
10672297850
11811882595968
502659018719
247340482
1037736997440
2054202693920
11112790577175
53875282384
3082850242134
3239180352864
202578056760
20708658525555
3024074470560
2706857261875
1172209204800
6409398681504
5609977680720
2536076359600
571044685335
12806315590832
4238353920
4748788133752
12670091721504
79384029727
13247425831920
12266215763396
397159048485
5714379601176
5214391248360
215642970504
522188384580
15322255742589
41514038984
1742161300
735262207312
10372136832
9233629010060
137236186560
1369889231088
415485720
1226834968871
4106986583403
4938337998720
3425683241904
157771202880
5260476588290
1414910743008
16423760133696
8455067705664
7394423234
8917800948240
5304575323440
10031931601575
7920008770280
6564541266200
10277353838430
379974192108
3735365451597
12299589202170
6849587266800
7977109955445
2935223014542
598390461306
39661159030
2273491252536
350651686350
19205008767188
9605401327640
9037006314336
27157240
1429787017152
4487244474528
5954630089806
12888482969180
132220626728
3191952498560
3826794960599
1536993315543
2573624353536
9719405327598
54067441510
3844766401385
2215282350385
18871987700
470647810352
1137603033720
10400945359584
2149323760
189137702556
479762641440
15754152803471
3687212536299
1025452286280
125150870784
10877080260863
88162427760
17443590066240
3796076685581
2339324347780
8886401462064
3150271950512
2861762609370
2015461291844
9618680917476
24524908097560
18984344040365
300488800
3678991143795
21865092552119
305077873165
18890108160
50012390976
49519246812
349197204060
95909784984
4967196445442
7811454815520
13906615616586
440833424328
153654902520
1725300130680
1094740055125
80203032404
6504521078720
5284188463824
255871701984
3391284780
643226727200
13311797975520
746753423104
5292805815570
9469770519
24435149400
24820916120847
569093576544
6853339570
7826274640412
7800815472800
2683400120520
9674465197023
2677311007056
23624324669760
844620206976
2354352000
331106733452
6940965851328
3332757105324
22530963737984
8179397844555
19858896752473
5326549739280
19744661923760
6964961178000
6087997121340
17475275574900
9637457947920
21808280912
3382775432880
441327321022
452725426888
168141995650
15586434392361
378016448994
2261774966490
10955480257140
10973892108223
10652101483824
537273199358
979424946
179890148664
5817291369699
11857963775490
1530349145136
2795867679800
116393711844
18253510976855
281963098824
2511191511024
553359576
3753081417070
4635248703573
4464943356960
20975190836
1228485727595
301306041918
28713678536
4257896831028
644424356256
20878936598352
973927075212
2108834783997
15479907401280
6041968464
3124348645974
18146131167648
46507941480
1416761405022
16022249868600
32637433472
545324196558
6026764749680
2376592734724
492988041000
8368167289064
482326974
5178736460240
229853086776
91795383497
2230769698
31249165652
4161319315200
18870760122068
10612073882244
4314387642048
3455189719884
209051082296
8540608359360
3763787683104
18320696734656
1790961270
36324533648
562595991540
7596648087792
4361012809608
9263805299007
375850258560
5252056621433
1104155913852
2273658
1385208001744
5889079416000
1694162219020
1467527422581
4102002258624
2315143152
2360160450210
6897672767216
7238497499989
12456453297888
6925751670
3911630486400
4184848960004
749666413616
6363894148896
8341155888
1348949593728
99436226177
2328675000
1858236809904
7807388359680
19477461872
2498667444
6941717671694
388528754328
803845452524
2354631441792
5391391020232
71208360672
4338815959552
3508406663520
641362348
5624207838485
4117450262400
649910184000
6732517749046
5890467137388
8416514732384
7837300420600
72495372758
664103548682
118694577450
1159957312536
20845061212290
8165735112749
102402239484
8389162969236
5986718874900
111426830280
10680557774588
471448981536
4770489064560
489826635570
11896787095375
930406731328
965027940852
720208491912
102462966144
10316416880000
2799524972160
226618596288
218784306762
1956185451675
1498396383936
2900693479584
5933960706600
125529420
1893726726167
18048560654
37831209988
8615596030585
9893526300
7880059081440
18777073819149
10971407227200
25897624937184
12413944092000
4845222260712
9882833935304
14867900016234
4106833105374
4551944496065
8145263658840
30621889280
31000361349100
14175794883780
10879027034616
102113907480
4792407239880
12631105624545
4522324851912
1081552389104
78650378730
1920406
6701584434615
39326596776
2528194978764
232540604870
9361953571880
12152716375438
44825692788
4056909689130
1171326310
4244896953609
2289086
104488799570
180623800448
115400232
3455371299600
26686740313204
14215336578168
183928616
3405075894000
24501244967856
1943226132491
9495951465
5501209069620
4979874847192
6955743395760
837013835136
9142994896425
12910634744582
1413464658
26355080819599
8190993826332
2933527731456
16302239784614
1292112652340
3191761075920
10939074848364
10459604157714
597943715670
7983787672224
73504739160
48370271020
13017471191740
23519670546
3007230358034
920981692216
65626192896
366438780732
14746102223681
13893653346981
2772535155992
8963792948237
23964929865720
231969650250
14960633398312
16240427924622
9545400716720
215298021690
5087264741955
15680655963320
1315637734700
14065492511070
9113491873536
4259190076344
41206830720
365489852
560516040731
3361122906680
1854216523536
4443370724
1609439493000
6030325756
5493149444640
2101659467
4694097981300
18731605321456
60087093248
999438633116
14318371470821
9417440048055
81561737880
396825416316
81806802418
844956046522
1283765243460
1264076159610
5403030115060
11495647290897
434671770720
23040111513620
15304112640
9317881718961
160913236740
9084152433321
499495325824
8839429656288
687871595664
11663696121480
11625711628470
2377577342720
1133090472969
1412809981380
4607158689957
1735508029184
21542827906470
5696276040000
26247999830
857812258160
148639980390
1178648832
3050782037120
3926531945336
29552636824
8636428636927
13154797846476
1495676556
5551511155120
19258772309944
4671842568
8070606214580
7921807610659
7473783800
3983913395109
3362591277438
25800688197417
1507886452800
5867285382692
6600239260626
984602805620
22113545875659
338109735856
1914647707791
39477072600
22809850210679
7737220764
8637083405280
23423694974820
1904779465176
4091134959120
1497222862592
125411113366
2390983212800
175787417584
306020006618
56875430100
1530821536220
2777118672800
11927861189829
3838589346180
11279876353200
19238664673470
9199530184680
592258068640
5507241620700
486057112668
4645275968112
11905156224000
111825009904
6020623787040
454264852800
632003011072
1048391170019
4754931347696
701431526
212957389680
11565970545456
6836673354329
4818944264120
7050438456075
78783540
245014567680
332191443990
269205186804
2157619640208
1586323953100
17802135163872
1337929078017
2097204284988
2505737109090
5293336100220
4928828216725
11586180430060
37642904328
1533012975018
18607606015170
2896495938
25720176656000
3868150824
2741676872325
6247623749895
1178640951776
13923552011264
12885236
20268488909313
21530505366843
7458169714188
1654535602876
542266236288
360055407570
43475415984
2269274511728
1105901166599
778112171375
8556755474784
640484590320
122054342570
16800486190934
791177818200
4081246502222
1268151864729
6758910459735
6895980
1041730171713
560652933006
22573174592654
6332266518336
18336732114360
6305656077632
13466404484468
1993721593056
2021778011820
34667595336
5625607062262
664886924928
12896901286784
10570308364968
140443702536
670652517171
13196365374969
7765283803146
5517168649839
4244415840
22414359190608
3229996049280
1371463968600
3261030303120
577658300112
1336389322824
10968937117346
12181629817455
650087336836
88312792904
1208159133984
8507602
17858522869925
25467646279220
23188636845
23890541932816
990030350210
8033048263424
1872892944144
82044211716
5048619364901
4067927407264
14484511775564
6753247911333
14250073648800
8384795568240
4581339236656
3452645454606
3139122
4996987945472
334735754058
210150864
12010029579509
5292925415568
67503349152
188522820738
3656216525204
2976232816200
2744585395200
28750026551664
21763314752
1627176338580
256102770914
15577373320236
16241216799948
802466214516
5352391472160
546977810880
7723744075982
2869053877440
2234070270
2193961942217
13008442140
18737263522848
24935230820500
502031202750
1652176368119
6189878804
7358918549549
1161600953912
7354437351870
3986940555180
4560475530429
12029915169000
95434957184
132143658012
1511875246464
18961458067429
960662183220
2323451252456
1449004825760
1298277927804
480515490
19961176716504
8453528135075
1356868117316
1424404957442
14095236251160
2915615567683
1458550659280
8149548160
10126863385590
10889627731148
13132319411049
9244732938595
825050020356
18091748098800
5287022287320
1626184092128
932995785300
19393899493440
1958994088560
1063863014900
2147107964337
5398016340024
1781839430196
696668087504
616348736
1505931456
19683800546536
12043068892800
171232530
406707621964
2035178465904
200060941248
6621133382880
254041752
13491824887275
3932137155075
12514016400600
1144349672
604120216960
261763740
15006959145
112390423824
11409325060496
21879644165400
6153114904908
3142639643244
12901160312310
19342485888
9166108194876
9064096498692
4841024522664
12461438921106
159942146364
15543245491005
2274857274240
530802595750
990269898420
12535444356600
6704986325872
12596048152064
18096405919200
17593128725408
7149860399162
333706797360
26331521518314
4332753266740
1145449878720
7888049918
1018123001370
4284903633000
1722195319884
17725139732664
23985448755840
6025405803366
1455190482600
636744571173
57584773686
1536953292
19656664031681
2089199217270
8330199690771
4228376763600
529155872124
3108467670
332183597130
624480994800
4269802556250
5070844630475
631754503666
541159654464
2350251825432
1875129216
5834791125792
5696973584016
4451268470176
169661660
513216
259728942100
105380672964
3338418433522
526943195129
21786311792460
383380101984
2099545597825
530655338125
2645098562505
15841805645630
5258467425936
873321912040
137268000
52074122260
390671627112
42863490192
20689420304264
2826875546880
10231325291087
6300748181700
83207126925
92383341
2428259120938
14204308174171
160332758560
4762189006941
2250069195520
10175767980960
364141944064
6755891425125
7619753591528
261880210296
1018462978995
3061522140
151595738280
2388318491070
4240943764038
2924794180
289800799640
9984335349924
1557254968560
1944113637960
14047342027553
1516769964801
13208855390640
8888343091647
7544629596
409882693416
2654966149560
149897837460
3842207532245
114611986300
2109427078320
15336963564384
3186855505470
21743760963015
583439388
12470145696060
2173548035595
7200893152
377004484944
184482209800
656790164415
3268243775654
6085070080290
3301478175072
1176210491040
6871309299848
48595608112
1949400457104
505398122610
4040311162800
14841595053896
373898504580
10773419021640
433014062832
10013688750
8605432051052
2651810902131
77309788644
74839079086
501243071168
19304853073200
4012376758775
18368665988224
2198425946066
3722756735
7698637177320
3480171066183
10883983814928
4109200972371
1500667959750
14162233688064
20258556203184
65309097708
487777060260
2437806219485
417049346472
2745440451600
1247215716968
8134574051396
10575870575424
1070509874665
1396194398280
607328359680
46512264096
12868950483065
1386751127697
16610690591365
2242324845585
3264910502150
128734224
11211380734575
17416305556
1390381065200
1118888408232
7050842681424
136116153888
4695063154650
18952157574519
9220560661125
53324546
96846590328
4036480
211200601500
3729618667891
31532705427125
2188424793624
11149656667812
4354644663265
344243761932
15988907602449
120590420328
13081696949859
732896136
6810582000
3995248145265
1549490206160
6712786210
129820428920
14658681940325
17264776544450
19630783315017
8291612683172
379852029280
1049018908652
21772089359845
14944918150474
25130463804201
3300270149086
6059309009
7557101202420
13732624540163
252572418
9891884185370
6845025854310
218779452351
10020278969856
239491616340
2908748266660
10824544528127
26766672410448
1378119567898
3703161462
24537292719080
475691160188
2005313843936
1534451695875
11199522691485
4721698656192
