1195750742912
2106434360748
1911258744
281553012510
5870850760460
6934474075991
6064051520241
18534113027232
101035613112
14478362096727
1375074198
862716665392
2920625654368
122038332624
14480556544944
30089288628
8106340294784
2550551997549
5002728615680
5061208767047
1896327936
323927433245
15734467637280
1269401280
217597511776
4039161381710
7680800896380
7205852365118
95948686880
74482752
1133843776
338551068240
10646529320850
7295159834480
11526518100641
8142361434
4010293360064
784955764080
2941128952344
7825808725680
1302895130724
355687656
30359949793054
863697495078
8084629764414
7473025238796
15436817027520
7696117771734
592687556370
2056023126564
141859224
1437198657840
8715355506000
15336333838496
10401813633170
2473232371029
14888528862480
5861980708409
3523557696120
219513920250
354956250033
19618282056681
1560118294
8008693750980
961695290388
9121032825584
3216373582869
9762426796080
701065386750
6842390739000
5251031280
906159135644
435561476220
1487498440704
7040446051936
5033196198000
16171618094600
2474018777286
244551812736
729654888
393517462
6349145411952
351685098498
12854594124884
1141999544448
862656256
7376672121952
4452063654352
18556617087104
525356780744
2251351388082
1453923356640
377234564616
8710172320
453550539456
108123952612
715551558039
4872099603168
2032771463892
56331224768
1775103877575
2440710589590
59687280
88181288055
290492156448
611137638020
5017084284384
683866443216
7035465247415
7726636990905
15090064099534
14925457650683
6482523554472
5029298776768
93381144360
22170361720784
1596181659424
22705222553
1041213019560
424160159709
6731583218460
12044104718965
12963198019131
8245549318800
415634624613
14828419576896
3051177008115
8427162057876
62656878760
49424458377
578176068408
5010825230
6378165398880
140267368
31654108664783
10714887721255
3320026500879
22616977713105
137828968344
80447489472
1053033171120
20526072799554
109555830384
1210367749440
13583275106924
179805277296
658045790640
2128234061444
1455631078
1991415414476
134490027168
668363751764
95241742463
5340085789584
6131852513280
7977858654744
67131216
385169222669
274147479606
1750330703079
10283998419662
2053357285000
457896969200
100651824
15238198624
8602243778664
21236967711360
94245756984
30675943263329
762634080
869172368400
2953192747944
15107547864576
787810744224
12051336271884
905089165264
403579033696
3405564272000
2614653763200
5951254244
13255731693568
957747578344
1214164012360
259240795674
3409006673520
11870873660725
10610323970064
854469135000
1480228504600
8193936340800
97302518970
1845187242
68006644
20107181137896
11621896579794
287919351360
1563561468
1222791408956
13749992732736
209390685504
6708980811648
5648678781449
2612573368991
6668508147210
492144216960
22130219882664
5797455092517
9738810488000
11400264452925
17079263973776
193092629145
747611013656
17828899785912
6870885606200
5987566067948
647823581984
1116380806695
140603021039
28258212273520
30262560
1061622996672
2277348489312
12297701766000
5488450907788
1633338952
6672633240000
757204142520
6674119082
142116158115
13811936764080
35988496128
6872834746305
4895423440320
7899817340096
1104834972
239888534760
6521469167745
1347487518
1233497246049
2829080337712
77721719010
18154848926
21971687376535
2230099894920
1534988234955
3215365544160
108611553534
140143595228
12470515088976
1116170828390
27212034586977
15926070484984
86866133676
10094471235
7748525637207
16190139209715
256203566
7058809074416
15918409260585
5463263961408
12066746840705
926984600200
10707800465880
479356340736
22085248524168
4649046868320
4837031465871
12143023807859
153211932360
6101707174024
4317392851244
244458801060
17869189072
469649777280
3931760314770
4291384580700
18007819830
3475791463364
27088368967680
31942218
8448448506576
368418454800
3903128059188
12645658815300
5919258566000
605292069195
1486043401278
16880358508923
13764705954564
23106329897352
16288387087960
178521108810
2356704878112
3255063420728
8174420535440
78474931008
124519793184
4214362492692
17006984253960
69768324120
1207827285104
12018741306880
3273687259430
13052931240
8920472348402
2497970705709
6437292244031
972805060338
441703106304
1217592689592
323560645928
641471308800
2655965650875
19981471179264
7646879024518
4506367509000
931811809500
45560270835
14502044649908
26977787958630
3240675625472
108539035584
5390338270351
1928517085924
3463785032337
27154638369600
86253921110
70376393025
8958786728886
4843878573240
2981341440
7051720742099
2443937121360
846091990368
8687581661759
5321953673816
20807285250
2390813180912
4305038408310
1891227941055
175110320
7159907197344
718182122140
94153817934
18768356100
133093320236
15147873491960
15392254860640
10007657328275
1688416
422866093202
5588426217632
8023822270464
10847000532625
11181871084272
3137314088480
6907812703410
3081099067200
6471508680
26434956616
754415424336
6937637648064
686098045248
16043053502480
1987629733248
561720632084
550957003320
2813779071040
5999059521000
540451158320
3723227561984
1116319557024
3660747938028
6280965726840
3260297339520
12961863522608
4184833640526
4179850461615
554174960320
534085084740
2819740508928
515159678880
248951101344
874731117792
214015696860
1786235345400
2139379506
14881597559504
22437816618672
4774418976495
2412537578496
2980400528457
6350808756
1829462263734
2690159838632
12325381263930
3148060
11503810185984
14327869140431
2313648734544
6293445296160
12126282125760
18860715408265
8541223380240
1616365715004
2573127160275
1473662496588
210759294018
14401126172250
1774311112
965967730233
465768264051
20853121350951
407507844462
397890087832
1927176921248
2112116569512
4329002537280
829594
2911139991015
7818171446300
7251075288002
843825838276
13708622690400
2534050247232
631591448908
14561588757078
13846538727173
936834733814
354152790040
2901747758
3158271779069
10159453876500
12854025014544
835180312830
541389093089
474325162584
2368898131820
147380090880
1157520500416
5858582
6133956353208
48805986944
149793168824
6446648431355
617488879560
8571410503797
1031032250595
7040930462476
10974103865660
13112997450
853721176518
961326496768
24627946097232
3498982708353
9252080598400
2746836721208
1206422910
79683092568
291960400928
46377056360
7696607367942
18522043296064
14777915438880
4473972051174
2262779476656
6406373301900
9062412937552
5256523139400
11512561341183
48153625728
136844256060
26550480
6814471715568
640146799922
217264751820
93764439184
4120338058416
97369896600
5181189875832
7845756964400
918166787384
6198138536670
21662380323360
1116242590
390410692
220810517488
117038750374
163803639552
43529100120
1763881091960
2985277696440
15708162977925
4802893699760
843697643900
431474176
673478715186
2379770080210
269610471200
8258759148640
1129300626336
892358998240
3934846864828
2741580702
1059462624465
6320376825820
15432079774224
9523044740643
6256844890944
2517217850
3985229001600
5859916508760
3140371748640
85632715161
20252067066000
1793931640
4719820860
12693756959520
10190860528170
5903288766760
10753264635432
2538638492256
405924265500
47842726
151858341642
1972243252736
22816117295440
117271135344
71397456
1658326376160
451850794902
9985851985185
10070270689808
1786340104200
2481196944720
1717841560160
19169086531416
15141546704592
6140409912
574445876697
24694718344
1713422734404
2961733518285
2373536619912
7578835857594
13628210420160
7217726373320
181013471232
12416591990709
1029138996400
53974456641
829520530816
4830901072488
3296250
331498430
486300267008
7830951779568
12587180836115
19642022475000
1500684880640
1431552607500
313597822824
16496541906224
220214788824
10495798233548
40413864738
20965382
7058270464
2425725720718
2642756231128
1125128108720
87723953700
623670313143
991458654482
4452121588519
1586889571124
6135803144016
8780169040005
5416793755248
9159544
240613475550
4348934911968
4991349247296
2105213677896
1566467792736
4434251891664
500983275236
14992561523016
213417072
3718425341480
7716526970075
7687464
20483084852489
14566815172800
112879224756
2283721350336
5159730436230
7607691048832
960713595000
499142512
1753693206254
1838006046220
317794761900
13515673072176
918180186174
16525183493582
4310095564775
21517754767200
2399079228741
139255470560
854977683456
4657729546454
8211068126
604564800
3367123778322
38007054288
14488443964923
3615945198060
12600036528576
16027677601038
9574857123087
18821731810416
5987713122944
290497205544
3504871873280
13550205725756
757539151587
112998198300
6648341625627
11460850254469
11001984
738170488735
262380675696
5819409881984
94876958550
19792095120
956189058528
3442560733464
15917851724736
2773291127600
2246460866181
64120058450
8520806165190
3652074827514
7672724521176
2770476733320
351005481216
5122893517788
1926074033424
1659196284480
7897332269564
2472128064
8536123014840
10464635075909
1699889971164
4489830003615
12139694850192
174728332800
8387561226555
471726528
11837192
1796902720128
2260258607464
3429989536
16560871379960
153685651119
20694910758600
4472559218976
1821065096202
22997454267948
15584662579252
1423324461280
149012379450
12628431815895
6148418404705
15552269320679
6123250238175
30403276200
10918017461610
10399261192080
18011949063680
169786586250
18920400048221
5910558570576
1636307938720
612779763288
7164681340800
24394459369665
28074761193000
21799148841000
1986013031805
112475397006
21075687406080
15077881856261
559257876672
2696854316454
10002440461475
329421662160
650123502021
8009453634112
1231193470047
192227747910
1098905011672
5930749184
12931633572770
889582806144
338124055408
221800321014
1004543401288
6295348083584
1350405164160
13069589314320
12908893252731
331215411240
5951021173380
3248991901152
8199631431082
12827636197560
2579732838740
21033109642194
497699014925
369968813440
5976146970748
16607191567625
178267866510
720383500748
23026997410220
13203058050896
58801480752
4869795618270
15443608536840
471002519484
21391916471496
1987029819357
4128792295920
35127111948
9547227464817
372213514200
5519359436402
3229157101464
14136658433429
382990667272
19654165475055
44827456230
7833999455685
9878141658308
1233637874040
5851191112400
636338886840
2486317178306
6375172817104
1810736328039
6062273548380
120531179490
105757846360
7111080669558
67083109456
2714287025280
10692088871025
4529158233600
987840
11260833403776
5811051493779
2176294350
8836144092432
1188349062880
2518712175408
146869627632
5741304975
8557999120712
308438272920
204098342085
1164832473924
7687862184800
4671988085232
3768035403888
8087683776612
3730276186993
15370715809944
1545414883488
13480725989080
15824100656908
18966480
5446217644308
2209083250304
5189890274400
12451976954856
928612889344
7659118324959
1248449263410
427197508992
125368811775
8256919739085
385918596209
141864192768
89956459712
10497576358836
11271181548
12224055920830
25769556852480
1219941271752
5672691772730
3751816205504
4562570670229
1603718503184
46262093046
2714128629660
1354340637600
32090577120
22484432303658
238839791729
3417537360735
125012414241
799198381433
5825389858400
560162884736
11564486281574
383950844550
128418865968
25653842734
29464374887444
491981450400
1907565587219
15216657479040
11485147411200
516522911508
7712452204485
6618257809254
2268240739932
4950323664
5918014794240
9856620715760
10605906889920
629848412664
17141511609720
414823540
661224412808
657983962524
908461077902
4244038691261
2716508580192
2984765411964
2804005278984
511601426118
2153386517520
109703452536
17230782573480
7439168667805
47611330893
1163374600400
3901167228672
18802896240
3009610596720
471730102308
640446186640
5129572026216
7245323761030
8038970872128
311247645408
785614941860
1175424215000
10211304441101
604967228976
560438241529
208902380544
3637380752754
1039743662496
3360217022400
392412228522
2887164145152
30259591962600
913890933639
3301295049450
14547312014613
264112967027
2561917958148
16411070329319
1289317397114
420454621664
2515450354125
122214024
293362812400
8869273723800
6255490491558
45527208
785968070100
12290380965216
247240366800
3919518701984
35573328640
5277841796064
4684180556920
5617048392540
370092262626
25484450604912
7118808723825
1063406408384
807470237640
22939545216000
3684125436660
17675187135840
1673989480800
2636797590873
1929063226805
1260835687982
14287311634896
2496046884
13637294
1549056398504
16093469393160
19137672480
131688763224
10428349493600
87791610308
22531430611872
3996378396780
7518850173978
9413037602352
596255859063
226404776
5483413920600
4328455680
3365220820416
8376493296
1417207022481
494031946716
11082992774256
3386364742
226237228800
4717574369712
33861221640
10528526156016
7165560498
2701456261944
12205410877200
23543427328
16258294681265
611687515464
4316915892313
2329832000808
14698316255385
11974711950000
9378178721712
58232412
1141568904672
1956577025520
5673717420
15351233859147
29175300
3445748645640
1530835913732
10080072256800
106171584
8555711341071
596050833420
4061687113848
10087698497760
1479856240304
5186560380456
2489709755784
3525369622016
7952908267447
1406796028560
12056366668736
4816917816672
2345567619780
1381514724415
1697154369136
823345272
353781220784
7298527240198
6372243889083
453912350068
3795199572784
2192624631545
4339839418320
1863769329153
3071263699184
4790240756119
17872043916184
7975224576
13750547324352
11671105839360
166929672
4735992332110
10842679588554
6021495612192
72370759992
3173258641280
6605103516345
8112041148360
374290173776
8453116143360
362028688056
9419283557140
1661904297558
8980762174956
112717013790
1949404855040
13918657343393
453076225035
731130861728
10724742156
3546973613742
6042352416380
930204549120
4699238054175
1450706587200
19587066131636
7764813943614
12455474914890
495864076785
3431266619415
1416304047808
4470855494560
33442812
11997209614656
28100841046685
4884623352875
90820697418
178123911840
1144976407064
4857356196375
4540046632084
2451081463800
3164455207326
5805328847472
9374930102496
2556634672452
684078765184
11210061153971
740909399076
11194530167904
9979261992326
673000500495
25788535140168
6607613778381
7528475801700
16504928845587
5413667734704
111256754544
8581129087968
10461849128640
2856526553144
2766473216
142492200960
535671731665
25393162792400
435386549028
17632333907777
5982531593325
21877821704592
2554808104104
1439971113945
4211995171752
650509069056
77692208580
29663328107008
13856266701314
1486322869680
1451451060360
239746510710
885124616508
644850218784
11141260643832
17638229591856
1159466057253
14946298652880
2571108437040
19011575369856
20707862686560
3583241432820
2142593756394
274560225732
2207661748343
269158427472
115508868694
5902796560128
992978910378
2672732063270
1655855136
2215897519259
25718009801472
21997456268256
29053600
13257350920968
5745319361760
39326168259
1222271030760
98728569555
303580946592
942424511680
4911266977432
2256048646605
612868468800
1289387442210
118164524868
15351633630795
22324755511344
272178034752
3536674506944
15376159882608
19821052598256
1316307387076
202238412006
13489399475424
516898644770
13611443274864
7804277119324
16081865800
1576597778184
9258251373440
11493728050604
3927632249376
1690235781198
18346364612160
1328511435720
2224581906833
2338311304040
16459655237705
7690297093667
1511289622920
16060408783650
8520282158
13909592509472
12045949632036
1047258274545
6430802438775
217835471700
405609259212
2015039444490
203180300400
16075177904144
9924420186816
12404297392500
411480095736
1013585281400
3015566573040
8114289582000
490713686730
6155191798767
241205219120
8996658001364
805993922510
4563511304165
770377630094
654734358
8300389610015
33386255776
2354541204906
9095592956987
141454137063
357663482715
187540393760
11305149311800
9540235201728
2593187204666
10254444564
83155204344
1008190411880
17652353993409
3636491610744
4827800
2439680545527
25942739926818
291735066
803541516
878618104
3926583559824
9238655796
4079164865375
746762670
152642399840
22979125857051
2250209983448
1496992175556
822555774
6118600835670
238740307520
4714158548352
25353586582476
2043100680
5379040038075
1692305378400
1668779054978
15722462940993
787004627448
23248161080
53658199026
5253195268224
156549888
4025037894576
8303616960738
17703307267200
997519463649
20670447446264
9868181875389
6094485613433
16837862224043
3245783437260
23424579578624
4713529616000
23756555760
2504187712
855703345800
8429974316465
2449780140720
4345116773982
3021704804880
1347609885600
10055146626
79575739485
1068887448
19743979407186
8183172228704
107041399452
4822607123250
13566487440000
2121629896880
13134246280896
2818708221615
589628442
3165449949295
2440586582784
57531556684
3525451630
8495880673385
7173610528068
20545200
2089725374532
14579569804800
6266730817844
8029012537485
9388955488
7361455109301
11608861549071
4512720240600
682050548520
6234872272880
13320551660256
1221042523857
886509600
463710870
4362291814950
3542501531478
36612177768
39002880156
1881432887592
2339461980940
2007095129955
2729188752960
13924473974784
1509540050928
5184475949693
2103725027425
617968790
26397840
2980438744064
263659569184
6745793783460
2472925485168
2106428738112
13445795422517
158089966320
8593682364624
1053987104390
73972620000
1965804029244
7090495425468
3009160748864
2401697430660
3173612568
1938030111622
487932504924
2629928306016
577513183884
2925518848544
13097297860400
197291356238
801047020620
4663366113269
25115865558320
3807178620432
11577275490
7093999789920
4810309406
786841718652
7886268303264
133032366900
30930712544144
1109020818945
6454036789200
681797411712
3625294417920
20584747728
8472227303232
906072715520
7511136698016
1551435430050
3969038592
1713421330544
10440628203096
1471369177344
1047401038934
1658893199328
3597525599616
15475575080
18825977793564
42957024220
8145597387504
16480320670080
4373593605929
5317979610768
31080958956
1734949510085
2128196912
6393903751551
2803960042611
115552062192
66914897280
2614870995555
121661732984
2726102628
5965227333450
344242642645
4084862100
339481785960
2538638434911
13867912797320
2678836794066
4739158550720
215703520812
804732937030
1216367798116
8122772870862
18095268908
63731410410
4490870431320
15430831553342
63913795296
5832741661560
692414276400
3762800688735
1150191940365
15798504642800
2381900824128
1982255499240
293137450509
14211863798272
24700830202444
1897123261320
17153027489838
3433072480
2996704544160
12819641294880
6767086340768
584126522100
221687011700
12973724984304
29850771600
20543111158373
11004428226000
18049996362720
157348672
143069460822
2826032338800
2006927912360
2791996240773
9342007552440
955236707370
33970767456
3805104160
507010257600
3650058042
645125544
2099631893620
141584624
6114985534814
7275641688959
19913656258125
1210769703224
61581427848
21314413724002
89399240648
115412409648
5385284831840
8540448702240
7498709943389
8583079227240
4093253445590
1385037949064
32111156828
7024577869436
55749698760
5583343678524
5268376657676
2504675778
1157116359
43195722752
4493036817504
10963401262323
2243554309630
177419671236
17245884932
378221658596
186527373807
12382082666625
199216373636
4641181541568
1420650380480
3234576181440
4897672647000
14036712672539
871426599582
13725599328
56219062722
34652000
7181798713437
2398533072432
1903553696576
1803658520064
1461228407496
13089701296
211095106544
2344127005416
126774647104
295685312741
2032122259215
8489385650438
11465181528064
747270986024
980038037160
5150248992434
20238154427860
1149747928032
95296812720
8846570000
1146090267980
4371193841950
2549137981680
94111132440
37639980560
4658546082560
659179136448
1697348520
563656029664
7441419182400
20465399680
1636584544
509763413712
425566527822
1383903840
11186579576328
3990397713687
1036481093108
155705387859
507286173720
10888276775475
5961946753217
15982882176
4105062920695
4180965223760
5864728839644
350549988768
8486914090779
8604628512480
59497590528
1712523186144
23579468474084
10643430167609
7943415552205
4921187367598
7327866014304
302002263885
4050898096686
7646270506800
13281464263734
30970483432
17072504319200
14252281437360
27263421262
5417293815360
7894384589091
2772692750700
51346265256
10603425871914
3368721432096
354884700432
31546792764905
35088553632
1172125129200
1444236395940
5875573985484
5598155161872
5516466060
188532900560
25009740
12648149592
2806231221360
8597981829987
7695649320
321036089526
2406701350800
19888669947468
10809019192384
112817848
26978847552
1458858486217
5483816105724
10271168008734
6364164110880
816401382
830423525472
14942941918000
217445863180
5230589055104
6657856510064
72815320458
8612659035456
1858889920329
1061661555152
15685795891584
8890164480
107585197776
553460273380
461263889548
12296958543870
9555051998457
9616616862320
5315452893600
1389420
285761159208
1686874512075
12922083966192
8930977549109
2751079192960
2466211320984
1241670745920
1249105535600
6104192024747
313753237208
16988654401433
2706857184129
479284533540
6751672118784
1715940265628
4421314693416
26456480963
691506173936
4465663443045
42403056600
33554728558
17234628056800
3926077371216
11106098796080
783655811033
856461996173
267131648277
9090900468320
3287714007268
1091643967080
6368542881824
20607077487675
832499438760
11159441727645
3038944262384
698048282208
7794247387497
5813439486734
23404247538750
1870505475816
1532148125805
2033860572576
1793668833120
1753368210
25204681586880
48373542500
7501330428372
4520281593150
2688103360176
12271199765168
2387833536
202183812612
11586128673496
12793404890324
4094213215152
4396998910844
17951580536912
608983084980
726626535876
3791478790860
7622529773040
91807260
6095291098400
363855828615
4176126429984
1078077232
12387368208320
17569668998300
18484631542080
1246838246500
1734541179660
4393750887274
8833698324508
389788008480
15385469637003
7131502475680
1832866363750
1486853375744
4127185891140
9220788266490
40673139552
7924548413760
3777777549504
2278135603520
26400065233784
166077198126
22454455661760
4457526720048
6723315347649
7512246806760
2429664536
8857999332
16283957469152
418194389466
879812714136
10171851196320
1962674509467
1482179390640
108543695940
116211763262
14365445848
3916462147521
7884360
15667396615286
460144331264
655749103716
17730163776
34519863096
16029174090150
3833314587270
5286152645928
6633130651173
1644037588212
596636850048
25124932182528
18002613473040
11138858371800
3298493231232
6176571055200
43711537672
142773911280
957349978200
421467672690
3628065103236
14613133892
14293700
303108774540
856197197460
270941718
13529811504609
520127230
1371089108160
827456972500
8083151607609
4021008606021
16650861139935
9719238321600
7937492131630
236584449248
959556186600
644191901948
12202276317840
866673687825
5315272994165
7744293323250
1956218810100
19320521770944
4259674872
3257057441412
9394619020992
3366863954468
946956305708
3028107233184
1091302828560
60116635696
279901008
19259634433410
58118694912
12900927862760
3758512228434
25073140160
3833443984216
9065731998960
29616934988784
536777781434
16483599662166
4995226261620
7824072976404
4114800
5748268463040
4528807378095
1276373070
11719718768004
120415824320
929175587665
487937502524
20752553551695
19823717034850
1406456453248
1670881680
14901513835032
17081152013304
35669831848
1349861016384
19782296727984
8172068188095
16061793445440
4578015744400
15192856823365
4745222580405
8986450152314
1199226045435
80482992700
1606198041120
8487139369995
4787608588455
741354768000
74718197502
11447888825040
155319210851
4149995525952
3789545630
159203016
12715782083229
1247237688
694897653465
10053756225
61900519248
3736672070560
5919080785024
892928222912
4793905868550
4767280636380
2719374506397
2234254196800
997953600240
21704873928176
13139386700
1213745007600
3481115589640
525755313584
4144803349440
188001342
4227953659239
12485574192
45194378250
6934214876787
6017326771672
7063072160
15298212063981
723270438
2829051663900
45982988613
4696316843904
10060094043720
9411692888636
10020889225318
436619048003
367662124634
198979396
1544226621293
7833700327362
1979232920
569018845318
3821983820172
16364566
21502776578624
14727022892748
446719772520
209519220240
3696609744
1836852046248
1635006415248
379317596384
24945828292560
824694509184
1565087792448
6782417621818
1574287003520
779280
17570681457129
232667048983
11061485141359
4763624092799
17117795621304
1463476224
511817592
92451775614
2813602070384
8224568813982
6415274621696
255438830760
14293150483365
15731696771427
10236777482960
7948282054023
136914186882
7679062464288
7063782643920
508145976040
861134062752
395884110672
16454194100656
456895230000
1376478256582
22689821322735
4110026036460
485996427384
15813432
3698957614050
1653346733280
2360782784061
6870359029000
647186462208
2250164832912
1364074174848
10616674998248
125775939240
8338612471728
17770305530670
10033792538520
8152714522944
4964642183655
3054184881072
2322363792740
4264405685232
1765637582211
24053395831920
13453053026816
577348582
49587328192
1393384803195
5793945638850
573015067638
2187902348448
1825596505770
1964474697606
2048597090400
6161957850069
6800535848736
850420032000
379906114680
12725846239392
4144660579017
2673864827304
139632060
235069600
11814056396421
2747346140157
1571325156688
5491173916800
26051898060189
821813604586
1469078016
8685710645625
48014526
15047118258480
232015816500
8691802677145
4101048239328
13864189164202
95764149562
25266343376880
194034086730
500460404730
1323701338752
158503391440
6280728920180
24563436799835
1537769443938
364298776840
106296518168
502749059904
11764877904108
668111821076
12271336276563
13119721724310
2546562453552
173934899638
5808681120420
5399357880105
6883669948000
5177087813024
995607225837
11826159429164
7578551579942
18100640340684
4181560721037
3719981529432
735152471148
2151844500000
2626285509819
9106921868408
75309621400
231371497578
2318217159200
3743728379524
2398573926228
19690163740368
2014504175088
16098660060912
1386085244992
29411929423305
1351151276488
5348349262415
12011409178188
16416776037716
11505784256200
4613686949970
12764967813104
318245072544
12974629194
3837879831360
2148248611800
1049947734816
14937453006
15507962724086
395988702120
7953023683440
8510798553075
28617484992880
11928030
2380831842975
2748555295200
6930874758792
4109478331140
5869384606800
3651979684740
5881660560804
3923453438520
40401912915
1090136314365
1771339473792
24825143326896
339729599664
2322994648320
2397706400142
76856377440
3457296836136
4951156
644883136
1177907721640
2443861891136
6408569849409
4947188580839
1788225209328
15684954860450
3957814864224
15890704902413
1037366100244
2748320118
3744795140112
1436441653504
693573669696
280640414530
49043904
7296637669697
3224758977732
10039334101774
2721886639776
625649047530
4224212459600
140738128600
5294286805104
29083397908064
124700966640
86105540542
13649280361872
661844149085
16726354719975
33533587282
1054506185808
1207207922904
446359522928
4696542414348
3643406064984
1536833417994
220058980280
4136234807232
10428764123008
13441912889884
8481260653312
14918318623472
4237079180716
1349092401608
6595569180
597908421360
670082750848
959610785010
275858466350
504838645266
255390166326
310740458064
241485376626
677313252
50193508950
6686065027137
25077713342
2093832705393
5722432864064
6291456008110
11615690494225
4890848193216
15742227576704
22760240779776
1836450493280
5456707027424
27057954
14523923910600
5220029029128
640319687568
184139159628
21821288161060
1550606913009
5582351623771
1759813202259
101986103316
737663452440
2566113410805
3263062663878
7143850262720
12823866137342
569514546900
14056983753120
65901264
11405685410984
2867529311920
122582912773
8592447326204
3863611940748
2273149263210
552850995216
578483788608
5493413468697
7487241813492
6643428437824
1573880109096
22155720778560
13013908896000
16605755719137
2160377316544
1088620092
70800748080
3044488212144
2004527735444
8720666760620
874463436360
12574736297984
5324572983384
28702930643640
1507574685804
16477364736
1783169280
318225801012
16704117943920
8460239494967
5447156
19540907248506
219709106568
4093278302400
4795017590784
546609873632
20383636359744
557500606572
918986281730
4519949821335
9681280
1579150651860
2494776416634
1585123476650
3935426884972
331549838752
80452496
22030305862984
11239423265616
18155640826964
724430714158
2337687348464
3290917547632
1356253640640
3675422549601
23817208998060
357605642240
3923356383777
8462119419845
5520070959810
4073712235800
790089224736
19048431514
23898437576
784137838
1317638219051
19714077601920
191302338900
149256192
604041349926
1675804652544
9417237683775
7298532414041
4348948487760
22589693158590
677029183158
3907336791540
23258669640192
214525428
4510139142561
58168912680
816854137120
4976893769386
2048099922
3982652769102
2230303693695
27366415464
1358079082776
290402172
31696442882
12432408353055
12020708623105
17712310802879
10925007484464
7451136565476
561747704700
13053111069280
2597758475949
57023270400
5617615565240
1043529330822
2352826578476
4260720789780
1187257735638
4362556367400
13105015203248
13889932002384
2871478441890
595983011652
31406026461696
2013138846
19656839619225
3781895590793
1422602062080
13808275600356
1174787328
1263511404055
427428634861
350200448766
15713036915541
10951303278
98830056472
11629782909185
6286520519880
7020739103220
19502391691882
5635558500
4546957542528
264115999182
5857418568788
275489798808
13455452775931
353600092755
998785343160
546474962306
387540065640
7341277769184
10591138014592
410525233562
23741272832
473636933940
410751894
407551752
13437295982208
839493012600
62902771680
1469299032474
707002811536
5695310113320
21413159315757
4637081195985
14426890867244
925096547224
226829915430
12772755540828
12736089071924
1151709531380
775665808832
49723422048
1561208228
52713216
1808256486549
19431566
24923867520415
292804324813
3677358955455
2242060922907
1785755818
1610840470680
5789090576256
519899316560
6635413183350
1900478106624
889992686660
5410309287240
9399159775360
3165115703925
21530123767770
300592154145
1686525324
4229220135816
505233440000
5201908143080
1105245941280
13863711475152
1808657671854
16961344965024
3302278954800
797401984880
1161491357750
154098614007
12674773767942
323683467289
146967979114
2622698994663
20033799117248
1926978787800
3997334119790
299635793100
1829223229930
8798916107520
6809277263528
2982075114979
21651987014775
166284043434
3606192080220
12031884877824
943821644864
567114468336
25241692336608
7735947098265
1131076257168
107707530224
5165743270464
6405521409816
27014917470720
7982347237710
96284830272
13347896036552
1462304410
3423579462555
5602181692
3471066510112
5693272304328
88406303688
12125131110120
186985448
595458004275
14177028557684
844597778024
5064573214008
2109695418072
17924067075600
20610985274438
2642003328942
53446223728
2228106745215
4489391022230
145325539874
283445261204
80270823360
2218728289260
6211314246660
1708897392000
6966337989182
331644233340
24464182309666
100607679459
2191931405840
14816403391728
40875572032
318167722514
361414630512
12520228011600
1376976361320
658466738790
2217332454204
949929912360
3454308761280
218305221710
12283314891370
270242274780
3128396660208
20234820406185
452229233067
150547225560
4280809118972
2297630100665
12409092499064
4223696500416
10366390534305
453099531915
5028250752
1508639220547
9107584160
1319014729632
66335850
2293909050840
1364136289074
2240690740860
1076800495518
618444876
16026862463360
2458128
3782763283760
16839408304484
13712552390292
1046650386040
12193899345549
25242441489503
408671239514
23308451408
773816376908
8960991831936
6482749231497
13096852070400
3654450574280
45825557400
1747720147360
1485564948648
7070475138144
2373347846644
841182859629
3540401537328
21442834407664
9557360014734
17240985735653
981959076089
25218543129600
1066147251312
4991479451712
295434724000
2788574235984
10314777507432
1520077678700
895134408000
9590731387824
361224304
7054643357298
5799167515680
9040676161744
67009487004
1308941388930
2622321018135
754791622016
23929883281632
3077233851960
5128106798124
2023120384230
14305589161788
1581103086460
3249568915632
20896689683256
12631430620640
559222679736
15204836586547
1449903507360
6500074885216
21366919132832
6095187134834
12039762378587
594600510666
6655072202064
246115412048
480782236
11875589574066
20500663023360
2018496290
6286582553571
5482085503272
10037440
1720500
8495005850212
311929374988
4044448404313
765484908836
4126661759477
3378310197950
43069160469
932596445886
219177486528
326243457540
111289472928
4383559919088
190601469664
24333492
7542862241776
11050008454254
17040238959744
1482876406935
2202330185694
1371560676
10557747380880
786702642608
912934579728
1962672487200
8086149571032
18987850289776
20755199029485
18602752570248
4682370433708
1120359588
146091542450
10296504
29286941727015
282624004728
1457726992
9675216930
206401514696
376003229868
12406492978880
36628442368
5481445713840
893708074545
7160813088
13517901334080
132066388656
233663788800
19055376216576
395046220880
1339598246112
7089269333185
1050957283200
1288809674880
2559121176300
934521780940
14243649010315
6542029183978
112631223774
17136877001984
255960758988
431807331540
20583058593744
206858503080
2248202043115
9271786124656
2941322678444
34695730
8131908096
62000674192
1630636163409
12372921578880
10346137352187
6355928724409
955818329664
1665709041796
16393944753600
20963283957792
2672259186072
20169487697372
1651389859280
356902692608
567790817792
2468799039336
13687353810
4668787987616
6918908906424
14260824506224
1076490353868
1175152196919
8643811289385
903250257312
9404406632432
9172706174100
856462487634
4201520770508
462500447430
294716350368
2218123008
6726212615166
579192042000
2781856
319356021936
206230702749
683588928
2577829966460
16247035167776
234308926544
2192239107744
296408401860
4262148686672
2119332310832
2996968774032
821117049480
1063796750730
14080636760736
8866799055039
5405402837430
1746570038720
45750305808
3449068667444
21794581100
13044913824080
8945685966404
8942138893296
362282310
130240833360
4113788813338
4771759858842
68877660
77546452136
22766137738398
4927645752264
21708970183824
1901330063640
34279202944
13520899221669
297749560260
367127560800
12987674500759
1978035654000
231888378960
5174559507224
1416331044480
494311959380
6132594481650
10261938295479
3670074476084
2077183267860
59947888
1316872766564
25767613050788
7101576807280
6102771031100
10855879388368
5058990602624
2218354788600
2269237263426
12496535464100
7299338560780
2148915577815
17752894374528
9182892830160
23568580512000
629008427040
7157244125124
4636979129796
5554529928240
1554599086859
24738833106400
4089151081334
12198944033550
1123917187344
2612848983360
136843112
683110085944
1473919784560
2127775906146
12449943511780
2379522729144
676825341164
151842307038
12680768260960
5673379288
95645196192
6668233118226
1048781675900
11954162308214
576975953988
248063550060
2326900815888
3933854076768
10347539896080
7215608174000
1213503824000
3463537439934
19246593865812
19321616227518
20615613904431
7369759786200
131085920104
75039968
4880760156272
20000567901600
10557462518688
695988290
498402417051
8220472257870
15223255151792
988309686375
388795324096
1271265395520
8321642325
7980006510784
1774615204560
5005864388112
7807512603546
3109165385040
2698715036871
15405552561168
870965448848
183502109550
15488980377792
11845698501332
30813481991
7783778594190
26086790987120
2212300125984
13516412
6660071265240
10818029137732
1048977416454
22188694
3659068785645
16989098886
705690978408
3393830787760
7822837029866
1935617544
55852465936
5202853311747
262589535080
629885411430
919864145295
1155843711092
831467005460
191856762240
2281331887014
398448780422
3096058100733
17989523985906
1506449104
374464224
35286030
207709869591
4596415647579
3179400279008
19425206575026
25411980695320
7576411846104
641088656
19558449797592
31707473044336
1991446497024
5140361232
4315752260567
1992939548040
63165371904
4199761994287
243021775792
616055468996
10959638264703
3561376223609
67550581620
14540559051888
1374732047304
169459103492
6250478637962
8109597029920
709672024026
8598594046035
9826411195769
389517577660
5511966615738
2769788962832
4349245246304
54206906
37235904720
1756625102991
3197925453541
1002261746500
7897237599603
893641293909
1354688056224
912235978040
6063705448
19295122599324
1810641110880
1150055779656
6554692814384
243932894777
466078501
540297325242
14917986154440
725912058968
216468928248
1256205275592
1996038410784
12819993568512
300088000640
550679505732
3522573217056
7301145289920
546574111776
138632988484
1559918999520
16793845962858
7597202817902
9098919574400
2877192695256
55677739860
9747975583320
8860358880843
288776528280
3363665058325
5307537985272
4916882243240
1995383836
88673785506
8518840112976
17826067219250
255590084790
9914808928131
15785263054770
267489291729
1041604062168
13251879532887
789141515985
9423798667136
18347140229067
2941606039958
4271252372520
11556489632616
18088671609632
15787578414644
15784974464
15373521460
2261757939840
4615944361875
125545639752
722476600902
13466152259136
17591376705336
5517950630192
8152739363909
21942793025403
15491721765497
1925509640031
14148096109591
413657994224
6011793287588
10023751834565
732977405028
912986476623
6228537122288
2453412810
9119405376375
938434384268
17233405660020
1508179802824
7786513956
2546463001504
25262725416812
27409505856
387509646056
9061867175400
252033508290
5152239914702
21375846097884
290580132590
165587439600
54163531565
110705431148
18806857270600
1667782260504
5604204885435
28731056
2083345458
398187180852
5404014039168
46246309278
150312507709
17247423308544
6919649726208
15131978818536
20045338960266
312036917868
1473702277905
3108050932818
26405775868
269946422224
615815742448
11562934135384
137277918384
16855622853975
4038381934665
3903481696400
1830731102928
34820436560
115552544640
10175761267425
5393501740548
1049684396640
3929929043790
606357251808
552358700166
83620367188
5793165732585
4892552513280
2038402144960
8405846758035
3148623261020
1819401350
215373120048
5852855968050
17320719158352
1776486914489
3379664974959
5252865325434
20441452158155
2297700833148
4247653725672
29873999009
6505893448681
1050311864
1092351953538
22895293341690
72420806522
17251972887564
7184522918400
75138060
1285211435880
3404398743459
3754538180800
4859706925150
14477623151628
18767739245536
3568224453961
14118110740656
1091346184662
114520460760
221277590096
778867554960
42220223370
2735255510715
6688554894848
2919400661850
433270902832
13833028998200
1238996615060
5546287093884
3240466833240
3564948970800
5970049559348
1401958707752
464129012562
17236817143993
236304363741
10918487612205
33194141344
281302428174
10831888781280
628745116560
103967155383
32349981852
104000032611
375873960
25279091830125
1576293452160
926414808864
5025050464728
545644511736
282075238774
103270872540
8027090138066
7966260732816
2519604659151
410891356160
8095577749106
5817401887961
740996615349
71823120642
841632340224
4045163229744
5002393620
13869218632236
11365571660625
34367831370
352384284275
174314364
8241529703680
3057272874992
360758376
4325979298190
772956246075
664897523720
2667440439720
2156393916234
155273788768
1920455895085
11385224831835
919269193800
192448944
1135460480955
4718053842150
4777200085460
8394864019724
6624109280360
13343215485248
185057048
2913839170544
389938323786
17566108725360
4787009001770
321199267935
11481787976400
206507631820
8626255277892
12910882282340
52137985050
3661200
51305189418
5082870568941
1534147434110
6032662198368
135836401320
3497125414840
10090544924466
18229421286384
117947073672
3141270720
11383947968272
7735770549455
15168965395958
2472919999110
3159204797360
118190763688
171674490
243748598856
32443267780
11109885499034
5270841301320
493765793712
1009297131120
4306779394080
1035798969380
10464747664875
80388980192
943160110504
314977184
185323601846
14711390149500
945954888980
774439980912
2174944262600
24825568508
4422843380606
29243171387421
18223855149920
17874977780080
1253303671080
6053674393872
35167671968
18518245516974
5841781831200
1446303616380
3078153197793
1493621050
1213407977984
13624579629120
451678416000
1463428590
501136667526
403487331000
323885170722
149561169002
696179931460
2770037237232
342743976324
1155773781072
5289447967856
7866387424484
5085628228800
5425171334340
1124121776
2491512658206
10373311850
2844969884577
10604242767375
3929475012368
12193448419845
5940536786775
2371517778560
20126015722104
2216414852844
18250510752000
17568124758
9905461862652
654551887860
20896871201710
487268
330941343525
7956297998464
124923518988
6259306014724
1792612334296
7561578467520
19166853952830
22287339120816
823473812724
303546635946
4408787498208
6829606848
164293922100
5138929279080
4821245257176
416353482750
81402459264
18638638366532
1620478187120
745777165824
6015245320
20057301644000
198982660320
1196866807560
3466667698044
1057534137660
3983111130401
8164917524187
371479288752
12992760
238434856
11453688265392
2332733045600
1263060284388
6496526467184
6438809794560
1308423351214
13035298683440
9817276432000
2808057108000
14397152002728
1303023935070
11332138937088
10325826131320
34571404
801804150
9144182649888
5765948977789
755232557775
15373086518951
107715342735
19734196066398
1406201466984
7916654642280
781398451102
681132864064
2203710604480
15640786125305
5385809227383
112633146840
8730272909952
12657027665061
534128472369
8066466486138
21574776011184
269156042064
6540083400301
8190367292679
1013610401544
4007541968025
2657802588448
5049720661755
2134708004352
400249699360
10060942918208
6069995885300
197486285225
3101187414580
2317671400608
3763702655955
62950888
3065194194
369499361264
10101165853083
2361434141568
1191510
4661191054764
14543710310976
20729795861808
4766104460700
15556154904180
3874852898496
8551978490055
4864286499072
1556804404892
18300546626
7532473913120
8583475131632
475649709940
7972393292976
5925257490432
1647450555363
712071214272
5566224576825
28073736794781
23599631523555
19782451260
11179458161597
6056872084604
2597823690
43049061034
6024406847628
12390797440
14972174274429
18346122225933
184766807502
44749602304
110926257136
4207466591024
5193371314675
1138759646382
12229040130496
576020100
113787581712
17787511111624
2024875028400
16258577648908
28556712032800
2209686087440
3166735040
322909441800
102652645128
2561356127295
3179684750625
13152907027392
1727153319151
4647243680979
4973047011030
3232016897850
166644160757
167680187500
542478272320
190184866816
144733991570
14364125544168
416593426612
28437171078128
454056876042
310138888330
14984568933796
1440702053270
1339089601100
79607703945
1629344254545
2126373562417
1562667400768
77651714016
1928294000472
9876229940480
1085281319370
5840516198275
1797631534204
81412289328
399142149588
8417801618436
2072089152
181209566220
64468070040
227048423595
2140884675104
16169828195430
2813013430
8129726834112
1050531944688
10306280005824
14306663768661
322576418472
1759611659625
17701050879000
4883029704597
1780336900460
605980200
68179838400
2091637897596
3061067274000
26739740688275
1044285991280
1367974905769
2301594569330
617914060320
239909531625
454164426625
216041115816
12856545816
9402709780065
290141470440
6060238074880
125340212740
3628594187520
150156240000
9093594560756
580597034184
1200805370163
1902947043648
8794447523485
5107105151224
1538429266060
1451127184425
29397039914979
599786306504
2107080866709
11211623573600
10086389948583
9195891795648
1107089792676
7409094125180
498932214660
3672172016352
496274896980
6448706168320
1258797047040
2410570294128
5591094093648
7841467100880
1607339772192
2244142594419
5966885015385
95268759934
5185374606717
5222753284824
1667712143600
5737430701275
2842880964
28839597034764
117459222090
369605038616
10676380810400
1810263913920
2554985368647
20637173672841
16403196861012
376725095758
2632624737300
1711007552
17181515298816
10571869595064
801775420
688887806789
297653772420
2221840278216
7579433168000
16160921439795
172209711676
879152599080
20219209768404
411069649800
14480506985742
1883984
184437530360
454452768
5684376094320
6315963239040
6609642195904
19457058755520
205705644809
8652647068845
9230331203459
8458471125390
3573150
132546744
775574193681
288337205980
913238457598
124316329378
2511220243824
703613400
5972654400
845252760918
29144959042
3077938809504
11868934486695
20956796496795
5137691354325
1159571532530
6624098562432
6816053122560
18891778370940
7151112902888
1175221122075
6467193658926
709893931005
65400933600
6292541856220
4725735317312
7518517742296
2465251319520
25235690883984
4397147357526
2110037835675
9173145199800
37347882
13420035730384
918713819760
7174748447984
3977456640864
1245127697895
7858495271040
1157825101810
9772439737896
8999220416
8879525985600
272319895660
168723641088
106087363200
4877397391773
223447345840
996765918342
3312775848800
9505123628616
1523415180744
563402118076
18842395727285
16428246437330
2385746814616
7884224465229
10375930037495
2941424370720
15084844243794
3678723998868
2098362055224
18124857148125
2474832964835
357482206080
6455456994336
8879185138344
130830601558
2700389503485
18731866299366
2813611513544
7085960138796
24654520
237935136
15280274956
6449649726338
1350911096610
1808071223240
109114408172
121197872448
42791847840
238038242
26829466705296
295961806404
69794524800
21398435073035
23894798167072
19626739961744
4498477512641
1676477808368
11832807369450
527336381874
5984799452100
1124869671828
7878798784884
3514771283556
274174076
21938642790480
1839220784226
15029008948300
13437900013310
35722944810
10644281608455
1361108805600
4566717777896
114934503150
8919407248188
6203171509920
2833259918016
3940420019420
1683721857273
4005063974256
113593248060
545629261368
736705189764
11141653051800
2809446018808
6570710437644
12689629627545
1808947138236
1016181108047
17500651713915
1114401521664
2947870234820
407971712288
49767536896
966439392
4527223282400
19670613048000
25626193331490
3704855909920
400869687000
20570407789104
11285588911080
17050831022682
10609290551790
17380740
5286350024900
572620100760
17721626063664
5208709555280
13433593465754
10171099849989
10102603988906
49206390
2043722148594
8882637999435
82045583232
34091853843
98935267434
6312427764144
607957093136
644394928170
35749252928
3737480619264
1787461997102
10467152937204
46233833508
1432648755384
2963684364480
27167158080
6327601579026
8530441090200
1688039782
2872264820040
362749471742
1271653839752
4236758035660
2466688176936
8886390410142
179715566576
6615273267141
4406077816284
16595641009618
4383886075200
28892771332983
83393676000
793927812920
2769657802989
1423991614608
36847665582
491511117912
1146442925295
1089712408956
1319244601167
2704235798880
311385043728
4785676583688
3858906482184
109723908564
2509225488000
9057874231929
1426416223128
8564533914608
3687714441560
12625390198766
2338344724352
340957272096
16103567995400
18569782214016
5487737255764
24798501054
197671328064
404649075600
16652678638464
311997538944
20024114360222
118490112
13168925992416
296057161952
2607397271460
10594994855059
5300064133056
1658411330400
17323484736016
7629696937632
209628904884
201270953400
73215133992
13504049784380
2233302387136
11943454450
6425083487136
1308095130672
7846651035975
17783306485402
69195310242
777032166348
2730836029347
52493899680
0
952601657088
12528272094008
3972634634934
285350437072
190018689168
12589515159760
7686000617808
497072702800
13180179780573
3275039908224
1065836
98092645446
146616561264
2037636763494
7697434577616
4519462517850
1297619992880
659747884950
2645585298496
7016351200
226433857488
2931998883600
272199297888
558371268180
4521223162880
10421342952384
829166689680
5717452174830
593549600
130930832373
2314817120
1309001112144
10156632916848
4118307835350
3259946262059
1413444363880
15693155300702
12910902106443
461936855204
6619035818505
1669100422500
5610418725450
16193450195280
326776734830
357031686284
3280853318127
104410724256
12196639335168
5570162132535
10879778846909
11948103312
3074597275813
288582736850
22122904298624
354686364600
307759021920
233277985920
27447532320
6156427050992
9925955959952
3628027426304
12044553017217
3577203068439
701159127168
10065624266240
16096911784080
1558723635650
7639839578784
7220667639360
1162130292522
785001909360
5241927601547
4631139986352
1794209616045
11085029396280
3237202338805
1672448416704
13511864663280
298560607968
4179962926176
16954211776
12934804348440
8605290667050
5373992677766
531455940000
8970673028600
3075336090864
3283968958616
1250815516896
666491612
9363531794046
1346873100
16413458535045
248771864
10251498354870
15845450401340
71162762009
8845267008407
9124373234
851779335064
9296668382680
2954700199836
8216569362048
25124622335670
2223805715040
1591406505120
975095507616
1739839601859
20666664072
4263073932144
5748806525000
1249289041230
52316576940
14087526906816
2660078492856
391310161371
7576263712474
13422192249960
4262789635440
200634606
21254985975576
10428486682656
24987432
10352429787504
8372853895392
15642145658160
157720374756
11086008488
20471671291016
954764543360
5592026944888
585674760
6822867222784
1533800556330
735146982
10978931949475
5939980818720
1091644946910
6589925798908
12046686614640
79923288300
8668826908896
319928840
619694592660
5102102390654
320978767056
1454403868272
720644320
2930045276160
735785139240
4721185867104
1869697150694
14031926454
29670798660
30416813805432
14339859780824
1531985000
11981961768049
1140081139140
80168438880
94307229600
2914287264
4475268584064
2316809408
374867643966
7435561083861
419581842944
1577862515801
15400227887044
5995873058175
2519962571742
738423726768
667106698160
579144841132
369318880
547677068967
729836091600
3172114176
3771302978560
3672826092
1890791946495
2811968131896
13271962265640
173172954570
15458234773275
9336125960
29211314002800
11870728228416
15456203355075
473179122
410892355622
1467805166784
1262187241984
2607554877600
3928127424
29920479192
957325826096
326597549850
19225802673
7504258484320
10565904738781
388754265906
12798223904960
14150995001120
7927596449080
18031445535262
755216760321
27982515568
5374082865645
31349603736512
5265725872061
633057570255
1000738399045
3077679043495
1156944358444
23824720575201
417852429072
5916542028544
1250368344
1889253981990
4053723679872
44155877634
2598688134000
575991980384
5953091796967
9403534837440
6385619604
1583945427650
2506283962899
567014735020
1896634833912
8944152680580
1878055026624
8621211480
1199853035392
12216150367652
1193405914400
488572788864
2920881558777
15362950444800
177180
8752262589840
14166183096
199116188640
5110335214446
130088539450
10268363387478
575501604236
6049557082160
2651116656108
19986573554640
15667219153220
10501804095275
13868243753360
14246365266990
605676479436
203625576000
287551164537
12486654791534
370172049900
4854315551372
7174606714581
6563429041725
2246416764
1380012086520
1406493614
691171863021
23935624621193
852646087440
25351708159050
193667083584
161302755474
6472585952565
547162788040
4414729398675
343983961728
4445441581710
334806732288
6959782300
5016557455625
18762201564120
796056738672
166221488664
810476929959
14426156095596
12615556092480
3963192924500
535884232490
54841975192
3942313200173
3071942526240
12702259906184
2047415260000
781763856400
324586456
947110837173
665272218
2984349000
473434152504
33977680512
7682000357088
3039933521460
839169517095
138386946320
17443323021311
93428294400
2137385458560
206080557536
311530314612
10652175322635
5828907975920
1298282412130
4790699487903
714103631360
1192111130
355617057600
278628098496
1790506398640
11400531499179
13777422477015
22139292940944
14721591248912
11760544981080
4577692773297
6168326840975
8171227301952
8886074199255
3686357167785
4762881000000
1694024213160
5089710753792
6095675097792
12719095575879
2682116293968
10995628571598
9307467456560
21764023750462
4957726517550
17102620208432
414697943510
1954921711500
10206835190239
1546199940
1212351644
4191692394225
31568638958064
96670770654
11780750920848
8699339714544
1580040900828
206728035516
412823669267
1778149347480
980243476001
399453716448
270496925266
15162306049400
3315708792972
116031797494
222685342404
255228291878
289560486614
11725337667771
1062778431960
18874360024213
12128282503680
7728838284000
2050797592194
6970595059620
7648776036720
1211568273480
1983519036660
6031579248135
187865572864
2697132721920
3378443868224
29982908032
18394259836194
210502958706
6491212196040
3019991555904
45096629103
25752655968
923386461984
2327355808008
34145428764
7845537109254
19175476038560
5225981698071
2300019875244
94735036032
412966414629
3047645375676
15142582221544
2886124766924
2286187238855
4163675517600
15197220858600
5220408228219
2648161564832
11956671375360
72783827556
169836383304
18246374210400
451604357664
3408275791600
1031176860294
1746225781720
1425370788240
5526726748416
1040020857120
8435749664854
2413946480
302235680
9103103785776
7276604343880
10625296
1429135728384
1686323311329
4688342772729
6185150473680
4715439928353
3313411803936
602750845725
190742898
15425700217200
13192947496
12547217132028
11127651265484
9300383640
1281741388
13752618762828
283894795800
198844272
1351260654950
143377276
4628743063259
4473238304160
3151080265872
744633252888
2799572565024
5808969708840
5744376371304
180536601600
54701928
4651882712300
3118873862910
1220705899314
3111272905200
16901742277728
5949507124161
14491993352655
1453766400
74878827936
5598800891352
9751858047680
419897145975
1433564382089
3338300957898
143263773450
6853156333650
279564510399
69610464000
15962449921872
29657519480
2384297467968
6343394021244
862386804
2054387610
10468595298276
10345035545
13699936652400
7666470771040
5754471115760
4691581596
152096976
10129914539808
11742863426736
10437865765164
29429685824000
417917388288
15333258600
11123020519680
175102924720
34620152928
20831669452581
3302733034836
7090862430278
15697151024475
195261218880
91279295208
147140530296
6897068806000
9712618970080
20405798764488
130171136011
9659793669783
1148713292354
6624052205400
3883257513828
21954073188225
326070259212
2869498166400
6281527836656
25327330658777
68393937600
3810948270594
502510954788
9379538450360
1753138116730
3345258186
508318751640
21565924904394
1214258579730
3467679175160
24874312276352
29232905065056
26897550625800
786462462234
7709508527520
3985146188793
10609999905806
4554295295760
544971520
22761330160
5191079546275
8814225010215
52851450624
10794797905904
402576307686
32179255340480
35755442280
15412630623902
222528599625
2862958853700
677290779984
4574798426520
2018136533985
12352355264
4460649943056
374217288948
644668411860
628092764142
16725706650000
5419725437695
1861991407275
1239445777620
3289935004840
1419266125065
18484639872360
4310471084876
96810152361
245565854
6593106984672
561578126175
5961685985879
278791662656
4665444070032
2338880573664
954839615400
686003903936
13381353602260
22426931081805
2352309302700
11340547568516
9053681377804
3143181217500
2842618396000
2586960021810
9090053034480
5874500859156
4119463240659
21485259810
4629636349646
2214457422336
2236200917621
105769727952
7132452021968
2592097380
251953779792
4374930
16988625340
3386024258316
2152249221375
591406318752
145706850
23343948
39562048512
32253060
647645058704
8592786995472
700997617208
5306893340518
869558728896
15647363517960
10321253538180
2296931544
17634366712677
966399437520
2328611172800
463523621568
251453973664
16020978545024
5294299042635
7292874768464
1985741921775
1700405903235
18939444806684
14162927076720
16388315507535
3374093369788
96973319032
3088313023901
22496543706681
9148038676565
19265858178740
1825964525241
831515215176
1268562896
9038404661100
3270038996000
100663859520
4097629232664
270625468608
1016952830040
1260438657928
12089217737520
1466384783613
481243751552
8357112429120
7323046193670
19894284498328
9959217066942
1232031084375
10299181084944
36063812680
321699699948
1035707085504
522463751502
100931621179
2722653287199
15086064
8948267281664
126618539850
2344512
2334143319312
3995601732
3953026860783
64512
9885402798662
445621658586
252567255460
4399868689472
2602499868504
6077885377680
522654294240
11833568243952
8007979246084
22411954116792
1500806
10586349969012
339081162860
2369974579875
780158601060
7608029837912
19208669640027
4973968563876
19995253828875
843218958780
2020796293680
2273414234624
5487506720388
2644634606304
12191019468432
80331453975
628676136792
9608094415476
636100639440
1056093348300
649338581601
6132141918
6606077521527
6647736788928
18631884533006
3440588242520
647175779280
190660325112
103179840
27855907895
19726863737756
6176224774930
938922191880
3983967081702
1243653826288
565311312
7901603214122
253701513218
9596055261585
154733124222
335372615676
2183506471960
81384040689
15909661358484
5206904891136
14343019422
3405104539144
3016223086200
5083146748875
5033016062208
22603252358430
1422055766616
5345029372080
139665960
2296284400600
25296907233401
11651306332512
671506114560
7856342045685
6178704
4571537054043
8592547087600
34819207089
15149680367916
10780056014
1570962295020
3584130123665
1763483192888
287335268055
268995014028
142217146720
6960731534399
828794820784
2740201280516
1481233719453
757033701760
627760
4221953483520
85303840104
871889117362
305788
11845406436000
5469294807284
4796595742994
190999061534
8047262361395
8557630040064
2401440364674
17872697910145
23763016036272
1376443200
4951306537200
10301537543127
11324538400571
29062894338104
11677912907400
19054317285234
213680840352
3447545291960
3506692502016
389317012092
24034300800
12830250688948
14826246317594
7877422205048
169215300696
2290894078176
11141369445180
18436240392966
1674155292930
5402155091340
156604022811
6436414961648
15587935163035
583180708800
37704332828
493573829760
991936816780
1406070656064
162175048035
84952861500
2353855589820
963107539465
664716839336
3307330366624
1940471249280
1011663841080
1208179105392
6334409542925
47288586
29024712132104
3035276067516
8636278224095
6759600672259
105283817256
3752406157125
1493039600640
2444100580485
5677535824480
208161096
265524066720
10076983627232
24361634845980
15449532337440
6354787773600
10503631957000
42931275876
4289779469470
1015784686722
2331961558370
49711185435
80425001580
2405986781616
2491228500858
1336353105408
3585180374669
30055534047
5441526135540
6910645734480
69198371822
3325369310744
3913685841384
2249376152460
17164186826479
15381762840
415772072100
70092924
7882970914048
18138015165660
22263801667814
108667309116
2482112096640
21540570828
2102332657662
343325752752
399663459790
1692498123125
18557675589024
13258644812919
954434342400
167890313538
12956849640
5282020225
274761430625
403996221350
362534743128
3001037117760
6907225356684
3968998588082
1560624998400
16468989393339
2142335639008
342669704055
584581911600
284137761024
2648730887360
11935428710625
14980549917879
957624688992
5850934868752
1833379496253
2020190512200
6213408697600
6636976396841
5094949591200
7877698181967
2306266367970
11040613773545
22138785655700
1526533864560
477848850
19090913237088
9472656403710
5086430611185
842184887978
10361318166324
2636227771330
290866303280
818213882556
8969699232
9490068472284
37189345309
1322927046000
373680
5054323904
7210138845992
1650680238282
702031804344
78362457244
6890977373940
442576232670
14925875772
6859509846040
81445121688
505606428
10759793050
1338218613930
4670099106750
18220573140
1344005326464
346727782668
593153829542
22465274797056
7141515465159
518562479250
2950206136668
18988629433686
1728828099108
1982777153744
6874413171405
5619022272848
452972310333
377593111140
12600702003942
12093075323252
24456180968
1647737117810
30644680897584
217686191682
2183796199728
19743422639616
1534767662631
1074717452094
5354409294000
13787365629261
76976946
17486369455104
361401766560
438616442190
12895903499050
4255172413464
850309150908
13918024037412
6690919893125
95821480260
26276564114595
20850524490357
1501794
20021454
142902241944
9775251938160
8088082853228
11896349923440
3188780210392
765640613400
18710925799440
1381210656000
27688126
19076656632663
7829374844412
3507617116887
762960820962
3917389227360
5847626260112
20922895826712
17266492317360
18517078942692
22132446154208
7395874256
86256473184
11216133538944
464930951328
4603570634520
435042220620
155907095472
443040712824
14614187086350
101743242888
12348031086720
1899596524440
495671678
10394876601600
9638883023984
6458181884684
23751279102380
485976660
2980652361185
66115417152
8151038537600
213848542570
9097762449905
18962084016369
1031053854688
1474270210120
6559381362384
15404874853418
10194522463631
10002331865237
187687466400
19657991487456
107979872
1749983600
8204918375052
148009169352
13155067056924
2102211951996
10240181239551
3637193174560
1562739040425
4036779860840
4722186628500
471096238475
21216491535915
4855839928622
4476352
1089575076480
875208960
385987434000
756345770400
2701611607968
9313327279982
2786323131900
671000
10572906766656
20772641368160
2327308644045
5577895424556
1663575111636
21676750128
8833516435008
1866479090168
12506460812160
10083576990
2637178290
362157761280
6172445138896
31584907270979
3495520242060
965424155762
11433935003757
2486408031
853513226280
849623110000
18035228331346
21007252242508
997681360
3943091902464
9527317051770
48911616
2305330610
13766658849750
1466229161166
14183782185488
4010886131859
305542250
6832482006495
28432132804075
19566028050896
8501067804768
12431936171520
394084076
843316144
814358546568
16290866756720
1395973274206
53549997410
11959240792455
8743533233400
16944416230754
3193457292837
1944085787644
18250178247236
12108608393916
29554669754300
4251310957465
31987682118
923592646368
26904418274265
44302643240
7395103015760
281010504
20775783680
6186894607800
2475240872510
2105674705500
458134085208
11500691328
6946072500669
27993033712
33197326344
2809204128
582539423634
3247190121402
178973772320
315145456149
1439541196275
4181446360
2179161134304
5307481446288
30747551670
6652691077080
1729690746916
20356722877113
3393256605004
24674913720765
1806983711172
11869097662803
9992895000
104452171440
4043459021340
1261054044608
204376453225
11272706000010
501946778904
25163074960
2760524777745
7352651977024
99962987520
419349131312
25070332960
3927808512408
5752012865070
5701477405872
22568493941224
631951301148
169710112480
15682307661240
9227849723234
719702890556
1658870210431
1672725920234
578748942276
1038764454552
2250640959840
8578354694
1846301126034
14441868112896
23492297810592
322810949940
7445368482974
6822464154536
320175508624
23518334518560
13800043224
8185461895504
5708294730939
834820226730
58136593522
381570
3260341218750
11353366984960
10782671579784
338511386675
122464080760
2610401503565
9962100055765
4168146159320
12225488706378
10206814866729
1312737369686
4582820367135
5729471992692
1721554896096
697828716
897764763083
3689696294550
8664453124749
493889041408
219591159652
7373958220018
5434488837396
6718132328960
18637629097560
7189076408640
3800742982600
13544911760016
57596897040
10279712471600
10946025833125
46512504648
795311752704
5783135718624
17604817430075
4277254004
5943435217896
22255958009760
379901842080
2961318437264
9573805025361
3620154924288
20097249850
449483092
228994396928
6090857485920
5761138235640
55503798
19044397459968
4363310052848
5588629718819
834172328176
246675818025
9206778802884
37294396830
3969587477233
69950546528
2020741407360
76947477178
483810366728
8168627292464
13697510556912
9069867306857
17547838049016
16254138917133
24503150380512
12487792849245
1278869629965
133927792812
8420116952264
16228764940260
4300805369250
535078862048
27196402076480
11599107058
5430983031000
663287062163
4935129357600
72617167424
12611109770560
27504825625001
776618490970
11062119387036
12829265803185
2561061901312
244505524252
117519118848
6357555129824
9483302854533
1104891192
2391635969415
6913033818
11271722163360
108927711360
6128631875792
29288784394230
52245420
2663280900
3133883912640
1049753529820
6140944646200
1027882791936
495139997205
1698199444656
203426421874
961379503744
405367221600
21777040801547
1954421679667
7778988137088
10931664141440
3233608097368
2041733749392
6943438204209
10887196259044
407301052480
759528992457
625044672
84628701732
1327151191075
3234616830660
8655223148841
2552775926668
22409870023200
2844180
12280199302454
227853414944
18260848990530
3970687694256
18692536812573
5962575293741
10499161368960
15799403792576
7659305285209
115803146436
2024942459840
38653642323
1589329052514
8142678087852
17218303640307
805716014480
285316747860
11405484532800
1945735509240
42953380796
1743463666530
86936170244
7149761540592
124273508834
126667710336
1950816783336
1866597102858
8905995911839
1536974996416
65478761280
14346501186720
7749364267008
971719978560
14229289834440
2179986488820
668820014559
321004580
5869080
6103324687182
18957784031520
2381929217499
609536526885
4927706965950
6192402711456
71540839425
664933123360
8535655286559
8023440002368
2218754183499
1813819952819
2937481040494
741921845058
12333313114767
12179585467
752159980
5608942226256
16460728704
8257448343885
196722589821
4100722001640
6451451642972
133294243797
6340672265466
5061207268560
2193394400652
16949726070000
3122037349200
28719976194
208594274180
1316648060
2782954011992
12751209183720
21085351299360
15857603605865
15788717846160
31442866216
2067649035960
1227844433409
3039723944832
11102411925990
660893147136
786536363850
3064814247000
389988873626
262048009860
9713115305760
2658968774640
13197371331824
13275869638176
1834324651929
442780551360
12210346133172
987430316688
1111804384779
389020508064
529815832
4738431517664
4943276400240
7073525004699
14871858815232
11060850412824
6108864481416
1693294884688
108377488
2367552189590
9314457645770
7137508813524
53401986258
29323784679432
6253946284115
12657491952165
217812537404
2604753269
1206425807769
7018220
459840
1248475103490
14870429284536
1262532220560
516799230144
20284710449760
1659648132
7074724763185
2849419087200
24217542187839
2113989372390
156821717604
2906853826072
13522400032064
9757417614324
1551988171720
351887434016
5300239332
6996476080440
1696842332680
2504343611796
7902680008725
9406230729792
12901993210080
21753399529680
5879245075600
39506441660
6621464422560
3442864181904
1400947170480
560414400
9053495860848
10758542355663
652670141760
252901106681
6771477600765
175394205012
595435054648
459536207598
4795537628484
9852768711489
517422977660
423121743360
7973451606377
1073430531225
185115924
464677768224
6613440328152
30355857376
274108398096
9060961263255
23118637500000
76409829144
2651111871118
1368500632436
1982146972
470866543200
293841807200
22900490491932
2295388491248
10968302726325
3877611321024
80942779632
11512046173696
21530052544
95802948
316478288
1710385112280
272346892896
4201364153880
15839473148685
1191711766773
865007328386
3282119485623
1503090322470
506676212848
94381484160
21891144528
5968845838116
78880751694
33765101136
175843542140
11220804
317258314128
516419991012
70588333992
146373067776
1284951096
822114849528
2448892505466
17992599551990
8407754716700
2641471874280
5505484501216
28813952596
9147731222112
12329905666036
10660254094476
4599135520
3060404484956
623097596640
58396174800
894576326668
1203512225822
2479155475968
5418507089008
8355529435040
113976386496
1682267237840
7064796918355
1326364416000
1873503146100
2788430746660
2477677492350
31215071707884
19785530137984
24191690038677
1474590144
9489391635024
785967762534
4371720835677
2832728004897
14390568483018
4362227931398
15796653532200
8308913191992
17396820664500
174221088804
981618321024
889906840879
4116589796664
29974990321181
683557406400
10345618781882
9467828997156
3435672573900
158845467000
19162254160
1051049912
280353526434
14556774744288
377861950564
60349842322
7122892843000
1889577094288
18682405821885
11977369665786
12478247343216
996243219432
21978810440880
649003767445
4218474511845
2846849700074
6889075489770
9915045498588
18069094930484
13609894203864
2927871510984
10277052448185
3217926
7424843910015
9144929976
105229953570
2800913026260
4479059978932
1916612549609
593866998440
91893816
162471288
382766565168
18129679951502
1862143714844
4734465626464
30391599977862
3634285452
4906421615784
4637022720
212442236028
9332951945318
9456878124144
6525140747904
220681215230
5629369080000
3233991782592
4507890726540
900538380
106582399806
15563254222304
15058465619461
5996116626265
6128161190144
5584931275824
11058006841145
4148875286040
3592868
411191829456
12953530289560
6505997878160
730040467065
16878397686785
12920704913025
15753277902600
8348428499160
3136937076
2117958334448
46535753016
1188595456020
11445368121236
99828721600
10342644
1134538099032
7717302864000
2801199051090
899153912832
168467453588
2172081903915
17674202164206
3907571250000
32002482560
11357544924
88278278200
6210300068640
10618978260816
32031865772
2463048962920
2133361553184
20758687503918
12736576257111
23446278632910
383587974
709999565967
6124633697871
11569454421925
2676931055760
6263172344516
11123246486145
834476751405
5106720759216
5682788362377
6827669598464
8083642404629
9825510351921
1492061723512
2256163191827
730229854725
14091679035920
566440600440
8815442040015
463714968556
4156722999520
2303984796552
1882315500
12992984684550
7590032560703
2476446503168
797070843072
303702362305
8121506682072
6196527810
2684827200
1386525652230
10681342142084
1251989884812
3447970634646
3325016156780
3648686438760
1150971894750
2923776998504
2675092919632
892710
6185861136
12178670760704
8099944892055
12483648185400
7422846323152
7338125511912
4171368790560
726195276164
8803871070603
385431318168
2729308789440
4812378791864
4284910989891
1089689168520
1641406398478
410074238700
6688019338385
8561675490104
1314881310
12215363990700
87547157016
4605036252695
5180841930264
566565251560
7672447431616
280562475
484293238525
4379217930846
1622008634400
5763373352640
21009502980
1828715764800
1154236880640
1410566131296
284262687384
21986971622
6593734225736
2846905209855
40285853532
2002974994
110142014850
4962143913804
1927396130592
19927049175936
43277524416
4010802384
11707229029616
5078973060320
8545402096110
13756266505280
363988360736
12027145052925
374646808520
27902877093000
1975927064256
214540425032
4305739453153
63323674478
4482165262740
20250836953470
12934973345484
6313410240690
518799557664
6435363909350
9807106606752
10317692
471256301750
10786584008200
10213575867323
1195177368
8000033771520
16713507755664
7441905321900
2759108973390
6379948862104
635643249920
183494566840
40156734210
1471874357826
7864918246560
25690217385
1016209855760
22555585096084
2504630166935
962577014784
25415261905530
1476555405855
22089166144148
17572434480
5331129248
861537433680
9370057435200
27801234690075
13841121098340
114157977232
4118305749600
203075314365
1130244814540
8033767589835
1799252504104
18628816731872
2019034541552
21636736341150
15160712984352
47180597360
28247218224
85256177344
437700
164443819302
3189662931840
836190884088
10579036540992
2019536776236
4835600158523
2496457164080
9280691356160
3626290969364
75390632880
942296814864
1115988625455
1848182
5634867644060
649752270993
3743309283216
19017808227648
8734983115520
6270539718645
403055601324
2256531106661
8919182236992
715678461344
2577939707070
4077648230040
21008587828800
1836090713817
19210535583384
4804354778496
32504980093636
164322010248
473841815232
5542149521025
2161756529777
2525796
221828495412
3374087489706
1500241038219
721789407794
1168861980336
1244639042592
196148391380
24798929328030
15385560981725
170608424800
18441600043328
10288682444747
42567845558
991910528
2414552488768
7368567460448
237720196644
6019146796320
3825027452090
1160102368
10103963776
8831552184
320203821072
102463200
64545673568
2281268055844
1083763197495
25797846652
12546733491584
531300
2598214473720
4662163833976
2306803714191
7991202154320
55343125096
9654813757875
6629926883664
8488911580
7133558399091
8730307474976
627478280
41501067570
14597100486109
2102208231240
392945076656
1042134
1291824232
1371029461536
12504000256094
399879196041
3574449504717
3994098437147
3425572504440
439470626650
1784703274204
68107036020
1785603468600
992074847027
97128
4029460049160
3157734589020
3931052238456
6800268336576
43352694687
1421800298880
3679547839440
1620454172220
9274918529280
755049682584
1842743338944
10915676494233
11670921549660
20096268134055
7585237966893
7647000
12322315934712
4683125275920
194021924256
207363223275
1289155134531
68340169755
61722983520
12114329862400
563447530800
21768887010780
3128228937216
13024385379180
398592517476
2275089440
15212463349794
125259109248
1684182914568
6735629741952
1705943766912
3319125986424
1414425103152
16613096038497
8644525798152
2484816668250
3268575192304
213643710972
5970020205816
7980997822196
1520422392
338024742870
8187105354750
6433652221454
25604810471520
8133521074109
3732198359040
11437334661192
394843040232
232842720
1936701006008
25443124200
1683251554240
10675705492634
3100425847620
196405752
416544620076
544972764000
215659547376
28994827734810
3476485404
7649575725944
17523441832120
27483582464
824436200
3400308165639
1530045201867
1249834870305
3989607388416
5766684275212
16169746524324
7463800736000
2997088730565
8809762056480
1868864791850
4461474802590
877901524148
22209897753225
117069689706
8584504008920
962621327752
10510235948030
835074795893
13422867281460
807013640416
438110431622
10059334232052
825156509490
4103965404809
11305971584684
138885843824
89736445800
16026701558753
13823731950864
8624515977704
43458357048
3863872919250
1564970957616
3906823798142
2001502530240
11324329340508
10890008357635
2962539096920
497802228000
26295683229128
415931077766
5171747296485
6320357549805
6877931511264
465609100545
634795650
4151604473460
949610516400
111710680744
5942108374280
407305575380
22851584756
19104852394656
2206739464160
2125371156480
507770627560
895134823175
5102159753064
10295052192
34810321830
3478944005642
925730457696
73081042899
97947775152
15580725844320
3480407098848
10989887815200
2045617379439
2510589453120
2407241095644
1555469717256
260965013400
5464621844465
1572011478720
9492435913744
135739492569
5581137427128
1227520288907
603119072
5964867652068
2705898533565
6406400587275
4249121492193
23141516310000
9092358380520
264641348520
197073736
3499130339511
12946798317495
2619879174
7371220
1288623699816
279938781444
301538015746
2567515325760
2307196422
2667394789440
3590930829540
703960515360
23196397655880
38372828090
708366151200
3258868770234
59873323077
7269786248
176321419380
34614302
796286235720
27395284180
504951972452
279655249632
156154727196
1029957864208
15069601268568
9937118951760
397066085304
11703315504958
14318619640
1021130989812
3801082875240
51622116
5541663636751
5731667185080
63339603000
205184840
96941579792
8006042165940
1673391521088
370854288
10488625950000
5167522811616
67750459044
2029285620225
2942851976064
165403975875
8565610139352
4676926728
60046956208
170860865544
5440728071583
5840350573379
4801061817591
8857760184
2636860895928
15969753947700
2014323512958
1061443615390
83252063440
5011493037720
205515275684
1469624576
3045374735562
6417575519960
10141223552000
996465295932
11213909868175
242601837543
13876120623026
9274453760
2629516853376
1207805531325
5327604122565
10790295539040
6058881331776
219618631680
3280581733088
19000066124160
5347201148352
21506910451095
26507228737473
808008768
1098561913592
209791502560
7890986606250
12045360538470
3144901173520
7746322854816
2962231876968
1787431563142
215712351660
327061164096
2876730961203
1507062810000
13665327134084
222855178780
76013320320
23804753172665
429327864944
649472662856
4730216287680
3714861485892
191609068080
69386212896
18950769567720
5698421837565
14020412696997
16342994800
345056226000
1084241289120
137180088
8142143342256
16291973843843
8001948313524
942627775640
418885474338
11463232474359
3468956222088
61020623664
10699778065784
138058692624
9639829753368
1806321588930
20962018235655
56352743720
9758718770502
22151095696884
1345978946
4057551114664
6532917808125
12003927320
180728420704
13170422210316
9869928840000
9847493849135
20313039174224
334356562050
40808797724
71618872680
4006564269045
62315758896
10198885312
165043859760
441731791848
6639097156406
15379917014070
3153668452088
5339038621840
983329436986
1151588421300
925381199160
1369584798611
475888439250
5026001460648
232931142478
3694011421653
2076811875585
12623075894100
25171456694736
19643626014960
1961777161449
12249022184
3426477774840
18049727446416
1800047983680
115868212578
17357399967584
354314383460
16989756913360
32023127024444
565857674400
769651899840
19390213504704
7249217412500
16836248466688
14861155825600
10014651046271
289390719156
12171804294825
36905349846
22848114718000
224101735096
842629021636
16321079672712
411707809247
3235413622944
19224314297145
8723197878379
19873179432456
2916135402705
3100113630
331108413086
110580345012
350789476
11978829153504
1796755770
96291373536
417710890610
1628181880920
578005606760
12670108222800
146166701562
4383013754877
4161483335396
388486036860
3374821540080
35238008000
415913296920
3015137218670
305372528
14207063159520
768344963664
176544051680
1340702015632
10337537292192
2654690
15279983240403
5522748130101
14982305406075
255397462932
3495160690992
479346846888
300927759028
2769415634475
3593484965730
3654932082417
26551728850664
2257741953200
129951931956
5610657943008
692183571016
887512187028
26393765295040
168406016766
847631250879
829159748630
1545608857320
123387816068
305118411504
1373801699142
16244607552
12666666995696
13184083406000
12853514699232
4910536424
3778254049472
9735861348720
132782503360
39479578200
7266645324939
61876998752
1932316201344
24523675627077
6637807176000
12139242127968
2233610730
40010355000
289233480
4476657833844
25816476676523
20527298259963
8686674045280
575986274420
199027998336
722987750376
24824128
472557204
2276134182480
553527869499
324210500652
2682602311728
10784292670368
303751078596
5825387635590
1307674832816
568516952625
14932069216134
22295364717450
893138518
308798408008
5655718357856
8065511704101
1078820353559
6730531872543
906475208
15368630742465
2040747360484
3820817301840
2108923312704
5416599450480
16479889367552
596262368442
8776127620208
13610673082188
15795449943471
458659837395
25212169932
1192889775600
9014970596680
56340009920
14596400
3858531709509
18999119233680
9392959307004
43455859000
1022661900360
70146261568
6364417438890
18437667001307
19505077722
2640206352784
528416
7510970386992
15069797226360
2092546549245
74153799944
12516665917440
169607234304
6222185312285
6645536635974
2698485097737
338111422880
2754839606000
4355995896382
3868189813449
1545750041850
5575289072587
9833100086040
1206952679457
741874808
925738964604
11598022574969
20378487478272
482164632180
267917821512
1394531029892
24179385867741
157915705776
7724658128
903347914188
16402700
6592139744610
9763693072400
2947787027064
2557839666800
4698482100
193039054670
263662108824
98349064854
952397593992
985467148464
1611530413185
5767364894109
207332053488
7826379247512
17419600
3786954744060
1423354680
10570753212048
3871924265984
8715065670763
15042937263030
12111019167005
19506055126320
5188567388759
749616822680
5829229909800
9365925726976
5304121426145
263379782358
4451799287676
5263401868560
18495166131240
25958876864399
11626051593450
17609058696469
15737336622800
12737056516818
709104956328
7880722947117
6313744686695
10348267436759
8331263872008
1250678041230
1621087229700
5850728665320
4431510174105
67461469188
199209027428
405745940992
15477895392960
2627751180960
2756824075959
2606014888200
4664391305600
271958813760
18683694510260
6657306054
87337242978
3968760288384
2235289558284
2704059314190
8426468890800
6915724519872
11935660151184
14081196080952
12534960896514
8550786368480
6036861073508
6626404374240
5048354227392
172534358864
4678326847782
2394474602976
24862779857939
24072190011
397118894848
23171783183541
10658898274176
958116010812
72686560660
3991586802490
864322652160
2583052458255
4529701269824
7048668399016
109182239712
72379272026
20562092190104
4264653319232
6197716546200
27939002172
3930109951509
16958395095296
1754946593877
4656133685486
9686319173117
26132173021325
6471916376740
549187281288
74319300
2986102321704
193711840868
1339152946874
2637859191984
17451059303139
2027474496
8193890414715
1613089112580
31883070591720
1431298407623
2867144721600
23001389963136
721467000716
1252123835391
96613078400
839983611456
2131473668982
196771397940
260150778860
7157453214975
57684777216
310739017832
1147521331216
13108114458621
410129905824
157382184306
6435949400876
14606431747568
1749890374752
14949985408
19605532446528
14269672355120
11742615647028
1097124144480
23757409308192
1210740979856
24811847442720
24760983022
6837346640240
1066809912
27183310062810
2565474890944
1932547310736
2090261231760
9641554961924
1903000331320
15449018278860
8806140574236
434096144160
6643266803327
3328151138290
6968930098281
5647134963360
132391099594
433209608295
858568745196
6203249499060
57312944260
23480096535
20250101656750
9696320
9033585471092
156880258128
2950710233184
1419695925912
689429245685
23169239654400
36407574000
7179659643000
339129280440
5729451224064
15814797380366
87886653642
507638006370
47237867470
1970190153648
1083817589760
3680027533182
953268840700
9437800804080
145049283665
1165928528709
27057425809545
357245648420
23505335465484
1930781778000
11518331341320
2409387540998
250067346526
860862595360
265713277530
9245422895864
1075876788800
3782569179324
460846313190
1018107801738
23310308493885
5210918675520
543637469240
3005552205648
5524806005605
14141329320384
6526520581800
3642427702401
161533970862
350991652590
16299745260
18648749785600
3204599056848
1265710490976
42885208
7628510218
10164840796200
276434368080
53386332832
903540750000
26717644441120
886822993840
2230214724783
81945893784
3434778300960
217600
5816595114000
1761399656960
3906021065520
8276339372224
8586861167106
25506014985880
554773303600
3726648
1014651247248
3040015184780
4591293990144
5878723627280
103524692
1073227222832
1206700068483
20576136889429
4666490232216
4941182128704
11466781356107
339115133952
11456019090180
32038810416
822451982470
1131447180240
11799548224875
2018482744530
14393025557250
82027204218
1046451558984
50173267950
751364276160
460760268353
145329970
22560519900188
497760462576
142100151120
8635671539484
12461977410470
4001274313036
3229921305000
36989200
426509193348
20480655750216
14909919914064
208136354202
11591490515040
7606643916900
879900146383
15553310889844
2673663641601
10648949296533
170581347200
3214390587392
48848926932
19194469011160
5364479754018
4996124276121
8806779661820
6015965010720
354802276132
8600076166941
429379523727
6555041227160
713406101760
9021735445812
5625015123944
1416881088786
5211764643699
743343955200
4574668724691
288370356388
24450169710071
7845707289420
21086566061742
7744004724456
5386410229824
1845380149644
8265099514672
183221998596
10046921685408
18626919416640
11852994193369
3852041088
12571345543680
639592516596
72414528
3790664160192
2225344825872
8828316736040
450157335480
2377630955840
5501801040
8450481033900
955925639948
1883639228310
677153485470
15563952294420
214698301620
8794490239080
13187471855960
210367914042
707072256
10387924061515
4638590507925
14527076243720
17668373460780
5261029163543
1899448228
347812672527
2018916467799
4516160699428
4583338442016
1208340695655
1099264650120
14643788122847
396273810960
21921347442291
151911127152
772688949080
129023341396
483392106680
2008668118312
5048662049613
21978167229927
263365571216
1019430855135
7949065508378
23441542549460
22568627200
204329700762
1857437568
4059860303025
5810680662209
2503191341392
586792573110
109103460180
266985478266
44580417667
10463493724992
578381194944
1585316668320
11128959159236
10091127661056
1022558156424
457575453720
2121341994
40494406740
3601714490880
27405656928
403774291976
13810858518096
6791284852990
459630893792
80412564672
3264713860594
110171473984
1636032847176
27141833664209
1538421313392
5513624176704
1660166352
1145410839532
2725209827040
835744280
20444230695805
6950252045968
5556430378576
15246670241264
189241200
185886906336
937421871450
3664529359860
5521723657020
4446679227912
279388716240
1764267259680
8536126614822
1559426414436
9578534744
1602219700408
4885163215464
2106489091488
13077474501840
387602696362
11192529672
1293456467225
447719674752
70419023800
6784845657600
402770715440
86509125760
7429328492040
2595391060028
1544672270160
9151380520128
3888791512320
18860729147376
14188536877926
1300559076840
2240642544624
9246011216904
10431951769995
2263493782512
444505152000
1501891422720
15394363498944
1546908102584
5201821569399
3783937945088
3742007617920
1660622299565
11707324688384
11774333907440
3812602669260
263191332
3996455160276
4651304825079
107349242000
6971017455831
1552308639084
18480454182
765832337374
6675655878012
1399449167361
6958515156827
7302199127763
23507171473272
9877511475
2734032812928
758612330128
10822032513552
6825815835969
392623979008
2372188173600
2603260199568
320970523770
36699732
23757613865248
2433388496112
5358143920485
1134591766245
219732859080
14359276698816
2802617654214
149440433400
7582704983050
359695112832
136224365212
5044659176976
936180413392
13535083097260
10505828563902
990654300
214620063520
1644324426480
1023406222696
33940899072
778844688440
3240090590160
4519224732240
3415784485344
5959035403776
884445433350
5489949529920
15515686641
12755553297215
3344415858312
2843230357464
3893624
3078077702575
7233095944
487618602240
481472766036
1212029946000
25010593255116
3504262208150
18976389194916
5294032294128
2501513955864
14466820814084
7796879300
6385583034720
645571698948
4861235131144
21927056331164
4169364411933
1179084081432
4097071069968
3916373499189
497818322688
32512304716
11079431212995
2242524306672
1637677244758
1988778874082
44708004530
224997405224
185848373056
403884427500
878802171852
117877347400
22166687615079
52828014876
8292052726356
1229814674088
2952374601576
171939013200
237500995710
2328099900
1160814235840
424190844
296490461562
388577773620
10318497224139
4576264175355
2778218576
7270067929074
44054130
23669756821392
10423020928320
909205927413
24071327715330
5922844227160
16564270435553
3420989634739
6130330767876
2269684912701
20225502652784
19420025259080
276800455006
5687304900320
7457916901715
5072904485775
12551950197990
2456743817684
6639427176
24074783190540
10079500458375
963355671135
2769182364585
585453586284
13763124201920
337477102264
1204762544552
10485148821680
1842759682
17369008252384
2888511170144
8953606228005
6054495971180
17480144713671
1011176220960
12038817352848
41275268262
8329959164800
262279290
11111526891060
1636544
15747594944
2980641935628
3829812424
216429063096
4295448882392
4046746159104
111803513640
13700528839800
4531895431975
6354629478000
2530235244504
14979321172800
908605153680
4515144925494
2386187808
78526240950
2703056158835
774244609512
3278583468801
1632751143816
379592763060
6493028137085
443654641824
15676826842593
132839959
456611764208
24134210468160
4063423623168
2866192378050
419783574340
4786424250048
10593543766959
25902727482975
11150826823680
1189513785920
12454198680
2761821748080
1353600
3147480
21088743387920
4767536529902
7336620705960
2112680899612
14136362257850
12988799959728
133501021350
113734772840
8915239757437
11676547866720
14653209588554
4999067541225
695951526912
2870714580208
1005504968
611423831106
13056504262229
975293715200
22028544218000
17829806351448
702079134336
909826008000
11472295963511
6755411181600
921178688484
1989138641280
16736312677315
2959832978466
404409652698
25966710
1317637811400
388380054
1300511675208
10591896707364
535964660
13279749018690
6420599225370
24533340
166657802185
124737187448
548427629400
13911653904477
559670525690
2409685906
532875144
12865058790375
67253538196
4107798857360
10069757445120
928648967064
1864497972480
739578804096
616742784
134787566160
32075913433184
368300327436
56333071402
302304478050
2396451003930
46768224372
2486736
1385948283005
7809465047306
1618344895350
2691471570
8674192085742
19245883258176
88946803920
6419925528360
4448022404298
24361198933815
2033434469660
1108544446994
4010610650724
1174307613960
2778827470848
26846358750
1758474763680
2172359601144
4748337894402
47043745238
2125163099981
786772896
228592985904
212150181880
6801247223010
4390798737435
496573576030
12837116520
3997877978304
13918291421440
6179958840
3780452766402
916896316896
12067121111873
18822421231158
4197795834939
161352746181
14042657509760
4213009596969
259736718381
35959364794
20403799680264
5634403714800
1055645002720
321148517325
12244889045336
1220831950784
34606635800
9578985132980
16251658240000
12394230103469
910026356320
7601669621472
8822569659360
5667927056400
33205690256
21474494649416
255954
3086707764120
9535648734450
2589307264320
2730482413911
9598871635300
7478327957864
550963298847
195101762388
6764038223360
268650530688
103342450
1582311920
3200086074712
385310995276
3691385482456
216512871384
302750217234
78273157716
1760339729088
8926326895680
28054632355806
175727625822
21612648354
99915422274
6719401542105
20239493644305
53973213216
454586547170
42367587040
77124591712
10998712266620
5266263605862
18830148492800
1456838288064
16935301432608
3627462216
495530743344
12954150243072
34850
2277159526885
2501740335232
6134406702480
2520192623130
43750994540
14185300129604
6262691496607
2949718417800
54678329580
556113149040
793377873024
23375270348
0
