1501674240
72562978410
11966080407831
1326471989760
582270000840
2508067840
2763125864119
408187552320
1461383784
904142232288
2337607610130
6658559100
74035
4530684290880
3720000
134886024
3373291963925
41827401
5774316534612
28098385800
307201380395
192945486888
26011042695
126565866592
12837825
5149441440
96998304480
862922913216
3365408516064
2878759324240
499313351040
766469890965
1575165162305
1125287880984
523898503765
6590987872
500335176737
748952249095
891620359875
188986567776
245016
23698053000864
10286718883152
555806859216
239863247481
5497209228525
517653130176
252734379520
611755342400
171619178760
1601320380
3582420137352
8609680038960
630853769975
593655936
379903680
1011805754400
259116113610
8257761380
38766643200
253237066236
468834996240
759392114000
2408802303339
249408574140
1187135721325
3374919685760
3986567071300
184833238905
4846776605562
102222187665
1035818160
320820004320
2907875664120
195619868640
12344417350200
5969343929600
2739183682950
9342224147256
2967328445904
3495191863143
1665997764416
2569475781466
3751294773235
2574286947285
4632925407165
628055736
90825486400
4137424896
4203053880333
878343592941
626180303840
95586057525
454551743232
22658790528
61279326
94267920120
36596281680
3767643735936
1442894470472
610293455719
68308924359
15124565424
605001936
5776209901696
65324132408
26733541512297
40754821250
69339590320
2754362516664
34073494272
48769232688
692430692536
1029358849512
471624540992
5731447063818
365285289840
560854536864
272612054400
3025964606925
7931350
1151818443963
1395187498664
4475924971650
1258327423040
24477804000
4447963412064
817712004720
3250248220130
1842880662904
11476679041080
1819477912
7946096343990
12948229639488
2409774312960
9582097649328
9588971632392
472975770072
2183406118510
96763878000
142043510400
23440895577225
469171130560
10274072125200
176319054192
221622525
3042198720
961340529912
7857616469157
53936172045
41574
1098967016
1196719264
692819501184
54441861936
1488502708938
2742227361247
22743063465
12663389290050
18536030464
3047229709008
51966036010
21518577761400
58006935
9973749203145
13918547498880
194484921960
15896129106
834748142550
15486617279760
173892790288
50116112200
116481103200
29220868456
6311453286600
1152347374840
557727278337
23030112504735
2365090517064
87339324795
1486406593660
2036068022400
2383300244949
2257973924877
12432332815
4844449310976
578331557328
689643
6150748034340
6069163560
1953949231938
152680362906
13346292414000
1304494176060
11124332742705
4132795319961
9702057416571
3222991802506
5654515651824
16423638893676
20494350
381526829385
13418210356656
649601436813
33591200
165745415784
3239790234615
19111066061652
502830592
504575008600
3683913464
424425916800
96406897895
3135479978988
51280760832
49865687091
524853171272
5924166962945
10208952378090
804141653616
4015235000016
4073571252525
10062465384006
714270193512
4245379388880
4353481747272
334967623200
8815818663939
166727107470
2137912200
13619566787232
17126929707629
1120791936780
384576623200
19802271840
4281229457505
1339048128000
1598440281216
2881718268195
1763102767920
7173340585425
2246219573895
487658992920
36708525
27203015760
6666055665
17720980939
952424546304
596437249935
1381591593216
1034392533795
4312984480
973739024128
2929988793600
1300083293584
2092854760800
1411387601104
6432520018720
5412912884352
117585058995
3554686149960
2509040
987427794381
3657613867425
1596172144000
1906436800
14637367456530
153999225
47304784485
2429894393147
1671589046952
2220278619573
1918508860968
5027843331126
9682939929795
1305429184323
5000334486147
9602294434464
12174300840960
6061986000
121414997088
17350614251516
289235748945
257406885
4732809397320
58987266240
780628697680
42825429675
2931464229228
386453483487
3057831161280
329996294240
132852268048
87063831936
2405906648448
1767420454578
746555878320
348119293704
6993662625825
991864994040
14019148750365
89961799640
2838162769530
13510102488120
146970
3569166004560
5234515045200
480162603
23166573150240
10654740225
2982393849864
12906844808880
135033655230
4610478324480
2076297202070
173241928920
3825155545393
941091712160
1561101682225
1309436040
16084231184457
149660488640
734728003695
3543366022539
11238481320
5077580055744
3074399666800
210042616
1218649349082
29989807120
2017027114128
1022767917600
15397080656
7156636200
599536430493
47105955456
765566465040
715145925200
6414791143887
12280100867232
8255412445
1640458118376
717298735344
209778525
4992641347785
758329840
351797008563
126
25940314524
465041297664
26200359906840
6656356727625
12070601056800
9054841840
167585593728
8944348032960
1344096911528
323708043945
5083848
5621493452265
1081478871360
225808998864
4309647445755
4642653354724
59750096280
665187798702
233675381345
3765108540015
7579182523104
209194359360
7295697024
463768000
3608824752
75542176920
2958065746803
1249679606523
7710968928
1043120923248
777947658880
75650400
1392797660
17767859155200
385502495760
1247952618000
381587779575
102918680
9044312832555
36580463091
1598824865792
32
566607552339
14111533127055
7228971294784
3743590833021
25064278965
11672909636640
2279591982255
1816176870816
594905419276
340184952
1059660330325
1637295094890
10954816004160
4949999899200
347730712725
1214291736000
10719876529032
83919670224
10045465794
17024144
1966216538
1763060541296
2100207286419
553859343765
1779152971161
22060934807256
610605732912
146397307056
91499040360
8175737852607
188377560
133487982544
159966552840
22963307083080
1665234010440
19412277189069
5864446640
1404060130240
118626631326
9332802855
52308320220
392737895040
3289373560785
13840845909990
597057228320
200002689920
112451595450
2045669644992
15341572680
334034048505
1686775089945
316256763800
18125319196716
10786644734040
30845192268
1943870303080
9469456820967
757877468040
246141776280
6639793458480
673071712
226800915117
74739798120
5436362386069
1133317647
1509570762240
1641435378207
4503784339197
5060774458544
3178109640
893870085195
24668710235960
453850365024
1111475819685
886515100191
717807
3806688314816
678494666400
152322270485
167641870725
6280670910000
3772423381884
4343158262784
1027138194400
13047762966336
1486499428341
4621112738400
501699510975
1798463043801
2850326431875
97749922480
2838210367140
156601724994
258690896685
10633754885040
275694408
1865760562660
76170344040
1261714228621
3860721922848
718032052240
1128466684728
35578458045
44496990
3422319383168
498028985757
154922740056
9634908619350
15981227352832
74125338768
937411300488
42316976690
11514871060704
3849328560
462023262720
113875656720
1819930814400
6622496486340
558558
3704776541400
101973231360
143230967880
460366850043
3218668536780
105185828736
1597339845222
90544988688
1575033559632
948799104
1095228210
4775788512
64764000
59492304417
2430903581610
5533404060240
836608612224
150164525952
2473269159414
343551936
217485567915
183946520010
16298654149120
17995416435
10024089680
34561732920
160292588448
45303199884
5079391824352
2161046657403
11907835559232
4811944317270
142132370688
682340715680
9703573732944
2720813718096
6102915123207
12299578200
48024988290
6821255805
40086816
155076486624
21426040593
74838491280
178510091382
12201076322970
478984842336
188616798720
1033868139
1281671816496
242586176
89748451800
583737840
3071133727200
17453907003456
869788327216
1096869764592
1541093848746
16620164214400
3741527957040
2561221130750
960488810784
833365675287
2867198607570
6042093602688
74008963
1496554270344
137892151272
35490674984
32794187613
3381
528569516805
5914519000104
3164812077680
4210241616
43005753457
1728549103968
1539282571680
3915306848880
8437230987240
12471267593820
14878601617152
13164589759608
5711490253896
33650515857
3420654720
116266264786
15448202743158
17923409945280
1237870314648
843522396438
112930114640
13116352108926
633170566784
128440125840
5526431776800
5925626630112
15094823640
32220883240
11228684760
690008364864
599257021389
43919878
18707081812320
3930218985744
8213894098773
3400704
3314306584440
425331511176
32313678150
10406377800
53176244205
738360095872
2978154436632
14567271735162
4234944
83945197440
12559438062480
116982610290
949149630
132056137920
56604168
794527032651
186046949
230803537448
224291505900
2345448658800
56336459805
18071547179400
1517062605552
2568600027675
1247243171328
201462841850
1789526841648
2391837958806
2736117670515
853748123550
2130598058100
303411551400
2309054769000
2399253306450
11487482760
384611612440
28918091820
1045829377125
17782800
2070214308816
53458268976
151026481503
4833732447
48590528160
2061376739573
16427691847584
11639591589888
2280651613320
9120923400
4188179502
3207377441760
30611678400
654030377520
148846168485
27462161994515
137141795139
648991294400
197504559
1352820806316
53322929880
19814314
4245589281186
15774893446884
394891128159
1334758081095
12267615408672
1746499368
7638986488
4546728696096
244992
6906971040
121462479585
25339504578960
10304862674925
14659936181184
2732059400
2120492070
2481644878950
13754894720424
3858364627325
6661767840
397606762395
2882186112
1147097588784
3064893372384
1421584137288
4753699491807
14979042650390
4555612037424
1650850081017
902225504895
85648872009
3573267681760
17018199569280
86336791149
122887883119
3357068650800
20930678868
99175622040
1092197680656
3624061357125
445619676866
6252945307647
439443333630
13424230800
1333216680
1403962962831
899071383595
8497735960
3527166720
3957038322990
2881503512910
424709670450
512347300800
493707063375
20885436656784
4416270562800
1266038772579
203318030391
781692345
3723452538912
32185198080
793945968354
1897656960240
1408345909272
1429024259520
426955108386
602531879040
2112012611625
601605924368
88765161096
30947832
257687472312
261238565376
139909
412671469239
774882703521
1694226643725
16157684063342
1170995785680
1196597407896
64035360
1055187600
1449448160
2935449382360
11335715484858
854889342780
14735046652480
883318630320
11817841733040
13636284363760
34431488520
1320887648990
61112986832
34129683
9313931250
570525615198
605551870560
21284106502010
7915440
6090626336
2710801896912
703418825088
304701631488
389363384718
495689484575
26648637765
71563011072
19500278067905
294493075415
90018714624
166259892141
887676674733
16178073801099
2484308740960
200983200
6342154735026
785220140880
66280670040
1202251839744
18811698752
3319032600
942946991256
878128222080
14917529884320
334862244992
134023492535
22131352041903
58588737200
2200625923101
2232869500719
2130954448832
471491612760
72931500
876517308832
12440139139161
44569574784
89097145536
7735683676032
20353840221453
10499772133056
5485050720
1221275059200
100011
292712922504
197979785520
11309874433
5336985462000
294454037097
971897373156
100921990923
3612708455200
16921676369920
1267144177248
1571480271585
4244625473305
1605902016
1536396715656
523308760000
3912049683
90565476456
9640708087453
80896849803
149459864655
1160081014080
1743209926920
21649339536
111566086643
11382222655753
350890075224
7924769413176
89300087338
15353141779640
2384837756958
552770351008
25021186488
348568110
8961438480
196565059575
6762731634738
364922009668
33138197400
41826711516
9268836688
954529614360
10874948639568
2602371369600
8974417896885
1518320310
1251315
12179285163360
925682636307
2997017113867
9786754560
15370355520
16508171520
2341676257664
5733076362045
2005606711392
1367174625864
305101417920
10847651829660
4251688279146
13798892205
80381774
125430486
750861013947
18305220766848
2550792288000
20167851329325
158560481925
3094661112048
10987218070439
828075
832972800
1737123522082
3648378189456
922788058320
13787840728200
271462266216
76775776704
21282818760000
449007431168
8023966080570
12875223525120
9860989538925
339241568848
15512742336
26548705008
5709689299239
3584740966800
3021572464757
6131936188224
49491176
974939940
18824538979764
3665830417776
19308984264756
17949827397348
1705654862170
2142966372165
34399661985
3521614640742
24360000
264333
3770334201536
374593066233
599495347524
4323375034160
3404450490325
1680002274825
2998485435120
5773180056
1626604535699
128782482114
32368255920
4219716888912
2307405282966
856094890609
25020175835088
3635546775030
3160410982749
4289173636815
8924991383286
745541088975
6463826753895
2630270945499
735964297380
198433853115
1428963648
540648325152
669208737880
1367492815110
4087188401652
2682389506335
1198446387318
2670642977868
1318858977600
16784464791600
8660693580840
9086792887200
2288544462792
11314089
17910362618856
241646873250
1588758356640
14245774257905
1888316266950
4407225945282
4584655459104
7733398619520
115030320900
7475288274432
6162958412093
241642312968
74305051600
998671021920
13848069059880
366024614144
1040074722024
315840000
3252106615737
755582170798
2285977976256
12217187176110
115364040
2855282455500
744080327510
21719539464
81080886250
21029752564821
3934314072
727995779259
23382371226435
841867238437
927204358080
332360907060
80345201625
15067789593920
5840758261440
9610627104
1373312365299
6612629917320
1048213920
36357818
1107437058585
2444886703
2194976788200
3092246150400
5139299483688
427597862944
315773640
9454899079
311398934760
137769537015
4795794534069
6127674110928
119635208
5293952916165
219298689792
3166929292800
1304203565
911450314944
16418507063904
368373298080
689925555240
2623299507456
38834688
15757074081189
3655721940192
13449115064
2351986182
1678787878560
61357079904
261185176290
17542702169625
4664177520704
61257585584
671795151624
6177151263360
85423476
12280163766832
117755702064
57067984896
87598956720
88470272
1853252672544
949995529728
346675643008
4522
45225297108
5921160
139432862832
7207477636905
612581718060
1176391654317
17719772728987
8756713410480
381315251200
565190169075
2138338365600
2682466615899
14545059925416
1207805018805
494998911
6699246403185
31817096640
1752038874274
3983696989272
395062319925
3500701200
9489490657218
119468531700
3656228668385
11822460854121
2446945932396
94566390219
8188606810455
656930068434
2186029732320
1297573646304
2992231494447
1297937163600
5516829518480
29112309216720
1423378867680
152271606360
1305340800
120955960608
2825421323664
58889760237
2224797432
1639806806016
2938892034240
333335043795
8492746482
29237263650
32620053660
3650703311574
1383031389040
846025526720
2889197735490
30840488640
30291547690662
38590253490
1809373842
4687123521420
113969452113
5496326655680
236041631835
73211646944
1297830669201
4583713647214
1861040505
3213122201694
2481841636155
669239604
2475285219120
9289368317232
502939808
2768375813545
187599104
45129408000
10323214960569
1595104564375
9205000640
3850796568987
2477557668885
1277257893120
7619834749410
1276112225520
1770622865375
55950279
88235642808
938813475600
667551090195
135238325400
38598174720
4150627217880
532475535312
24565766680
3406113893805
2658587884722
36251608485
10593787489681
1797953504760
424632985920
399604119698
531391455816
12025810368
307448055585
418170
657731536
97304232144
13616319780480
3218431250272
4974905002800
29506002120
128769475549
1966137073422
20829753577581
532287110688
4110028529880
107754778560
1952171727912
1114060323320
3619408259520
23081082570
681521280
10034227625445
3087137799440
1350455844507
5900389569
3228729010752
407768027931
658682749872
1631593488
2680746934635
4478169293325
22550982615
2925460048896
1067201722125
15344967786240
378
9003433199481
12200440569
75345605055
1154494030704
5411327607840
4274192944800
14162545689600
1626644490240
135678821400
3319554223800
4211220358944
35059954710
2478260611584
4824392578101
3739345794688
199287162723
4277460932325
190164457920
12483520711680
7634002163775
3283226242110
4552754060560
876876446070
321253872030
541495570953
5763858202864
1542313251696
40649915406
654345297280
7352056838196
198891920766
2857973907024
5037634555914
1973162639952
145426522263
4995904778480
12433336447363
32133760
296813942040
1689489608254
1355383279008
19416917786112
28352339220
1830607587600
4128808212144
15126518016
98913574752
23456003423216
1077505363950
108933457500
101850285654
244621872
186630750
78449490405
552822999411
5072969803635
4458469648122
483915583476
2099999700864
459018898065
39250563033
3769694878488
4268749584
5579735575
1872493274400
11360548693
8397449439615
852514703019
242995386819
791252533071
3367577210442
2238234616848
4976578914291
11268312641208
141110227440
1062182839745
4546516382304
942543260388
9485682673500
1083862506546
491502262770
2823903124560
1992921486900
72939643832
192919883520
2968224435440
1699720088304
79580515080
1073438310400
751101551460
1322018037340
4112410060224
3120316607825
15848280120
93354144
9403983813500
1651143111408
741249629120
2712549736680
4253433902960
894743331426
326311187393
4160936440408
4483818031713
3708491779743
25795201734510
28052640
189366330240
1237001616356
564216719135
449667258144
43909910640
967663644360
114158835945
3995174925
142824367392
9562784605576
116987296968
2478277704784
800917871364
441013440
3033653711760
19967193433572
1708814881865
3587106811365
627978898800
66602324880
73522690227
4486112196000
48953200
2319283902144
518617929424
4803791817110
3817833337710
1933414965
10835175093219
7307126739072
1664871161720
323342376192
253910528
26020063300
39178260
436176465216
180536543739
238122423450
1384616021376
120677881800
2097948525531
11229070812960
6114311541
8883732034485
2959426333680
3487063242000
347405747
135457279160
443699293752
867240
195014582721
244472804100
3963078652764
9110585538
1578960
12385571152
1347965278800
354400044765
2562545399934
18497076869775
18257216
1374996763392
4723093402560
3532692309776
4802731582626
8571611284960
22958525567835
1064165181930
539154283800
27106326502272
621149772672
30104790790800
2538846205266
8981368704
404904467976
770371745
7612075434040
8035139604690
3920355216444
129281400
22830099191991
109638467840
2928538320543
6598675399653
385421013510
4120117288110
502049625600
8155923360
124205356920
208025746226
601173019845
1487568070835
50807976375
771992257725
26151628545
242648262362
633378088032
5566989450
55785737308
13045831656
1133949075532
2311813452234
24033750
8756215070
2248214809440
1101149966800
6690841387440
11287761356685
581014896
1163857359159
18011781216000
153645916800
4577886188325
5889861418266
1783366836650
12537364945680
4793580275688
16341901847728
3750493233186
96057720
658869110823
7711935
552206760
15031838300712
185160714193
2450139548136
154887117840
50586606957
4434187227600
10305844943820
7257096
28590570575424
868832721504
11312790555693
300271368600
291077705925
332333425125
941110994472
2037981440304
1318566832352
22312497657
217448144640
34749164624
1161259012900
102453186
4914749504000
9434479830575
6238178073984
136456079760
4638805357500
14205619811607
17651967585
410993823303
4630464549405
300255878790
251942752654
913200410368
3686801476848
6802189533360
1683601493760
9785282482557
724294384352
1665862511040
64652234610
13072880832
174882624840
5910218066725
629986860081
510142248000
850756608
244490651728
647659548855
13030251560352
82506975201
243317580624
1018533960045
423289113
140193555
1440072915570
531771170112
6232471992
652064996151
907165159440
234194112
249561692688
807474631808
903928995837
151829686575
1264022473920
2738328631610
13117650241815
22292942558276
26671575
147461400
349890168
540165990
25288480
645344197498
3001033273920
17689244848200
25104481437672
8237473200
755829341800
15923089133952
4894045827840
14802929826
4094158402711
106255565232
764219777559
438415899912
2744349330843
766732338
12208284169809
495795691440
11860907665743
18007548105105
3184271736543
2503331170578
1800402524160
1918561349400
938049220416
473650926312
378687960
1366535535
1339818375840
1023403230720
4141864841247
3421135773
1118768772975
12131108527725
456332770635
1698936680000
317783790880
1881843046314
2014832736000
13192392132920
377175586450
35927398416
58600537386
3217422927000
2402617027320
8317527437835
66846465
401038430770
4368034129485
183852178160
348582894
257065152432
2486284771908
20741141760
197897324040
7153876607055
429329798925
13071862192032
4465666780278
134062875648
9534945098832
3635904761905
1087254472755
960044702760
1248796377675
3601901714544
508051200
16509385121152
21123514220802
18997550921277
228462350688
1871941506084
921509348760
3195456
10621181699376
8009298576
252835587950
29307332736
7543060357965
370565604981
818726400
1442131370240
584414086944
1008297575448
3696803190080
192051233805
7525553371824
4207002625617
15365002155048
2361164293020
26275878047232
56397483450
77536879119
112268442
72057371968
4132734897984
4184971721880
8524478592
8310745823751
1414840244688
2230551568
78414458400
4269580682514
31348041340
7030745518473
3110730133680
2789711608320
9262563594235
2002495901160
2644551763350
5400599434560
3249574978286
816136305600
74943674640
63277900224
1187155608
590346043125
69072488850
20924500505832
113928622080
946108375680
44658095140
739655443520
497864535168
22674358562256
15433992000
1405411819644
1872589578385
351797396280
6955315920
1362701494
604162781455
2027504664432
27923314008
2235721024680
488955272722
37455840
2550625416
390370999200
41540760
2208851937861
4259733926283
6634648171760
572835694683
4849414375680
1639297802805
4703304253080
587128393152
281445116120
803505979248
1824851028231
22922087799480
4103391932370
3091491049920
4347277872224
272021641500
128568547890
120101817924
3332998316835
1630790683920
3816571165
293237693400
458941409640
12174736462800
5584796039088
11111112650885
1880769558150
29787971149776
4644471875400
3247087649331
100064324850
60099
477596413
628688430336
1198770300
6781097059902
26281195155571
69546516508
10207828950
5123586582240
6978909841065
670438158
706172585664
1717915264520
99045532845
6835572804771
13202162760
694771303616
1517370488270
64089722493
1129403975728
13612166999480
1391332794984
154866852525
3701841795612
8360472538068
12536437056
657643022400
15620594364000
1147805947200
3853226111160
187864587360
5529260264
210886152192
1288628164296
410462855332
226666630400
8180794440
14492338944720
23872976904
10183374492525
1799677938450
5948220960
93617896889
4896860460096
3420457264224
16618237246440
1008552786150
890714870912
2319342907347
3773104322400
4926732466992
61121342640
107366907369
19642099916880
422755132800
450359823984
4000459263232
11584763424
2157060168666
292171091520
7773817464
121764248331
96405954645
1662576110580
6188691914080
16210334969739
5381668560144
1933803960
11612797709115
1034106042060
118274627476
1255624
1606317214320
3712111557630
886451361744
3267464121520
23998567425
1454345697168
517727288760
1724676744448
139983645360
794804342880
999866300832
1141191457560
1363270535055
185584493400
146137586064
20646905278230
290058291276
110043626613
1170743608650
19714124587080
2921173949400
4147260717600
1634918678580
1994805350400
4060251195
4665694028990
1538809981800
10559629143
5283446441592
727545342816
1293328258785
13048434867825
4039822887100
3021796327040
18252046825320
8500333113225
3862343085744
11911335793344
12767922034875
5301693600
76222624864
379248695238
6225341544400
47949195
501566307555
2281829400
123444708480
691660800
219450377280
4335095887263
9162946100
1073958144000
263830303008
974933066600
3348476243872
116881932800
430396304520
695249575024
893670624000
3607644674688
15556895088
2926530991800
39400380045
621078250
4007707536400
9634825040400
381015198000
12555078386688
14151452352
6187918589193
27782910144
231731904
15631835433189
374305273056
5355719145
192815980602
325477704576
866125708230
356912647
2511847
796433988720
22095361359
67097892960
158334462600
12104721283952
7421685156600
38476018400
1289578270860
13742191058640
1030674785322
75069292480
10880361036486
332390161680
15934559763024
3701900932233
51553925480
2840098789584
10843219414890
236744100656
1402560563250
354206632
15862145078010
1636966263375
908374005
2715399313137
1273674570480
1603986713455
2995453350936
3625963011120
580951686336
1448003460000
16295883000
29369113110120
19491088355200
1993874337
1835134066080
479722358193
1340945012160
2937434333760
55338762816
14402466915060
1090181685600
12297460926600
9046038120
6097351265448
162179879952
4989605069256
19015740000
49470551440
249323347665
551774101515
101715461800
11044993875
4100858514792
45916801920
950688271755
19604039829
1564300004496
2767698864928
5816108390890
153446932881
3427272
8570072123775
11611384992
608283648
261349859456
2327868454080
15951267036360
531558793311
252709515
22957139577834
32747312352
1778498111754
1762717477290
732818614320
7074675
366548516568
4710433045968
3597548583720
17699606653168
2428829751568
4079390754105
23333743360
529465810272
127534260435
78049873482
8549406210730
1321132317120
14717077366640
24199084000
18383739529695
181004070240
3966624213888
4149673549760
4487034609984
590636619792
26723980113375
11469906686437
4632432935016
871428184880
11038241991504
782533984515
149979389391
315838869315
4072028312640
1409548800
11260627004781
8971519810800
19724056459250
675512728215
7249706100
2686292710530
2571162275304
3515358726040
13734359529
123632784459
20607560422995
631008401625
524125461552
6435607520559
4780549103616
3645761078040
386270362350
3247121120520
19033728
22261599360
446615503360
2836564215248
2562950192256
4386000
1636782373317
429760
20598265514112
11566552110282
16730994741760
1636683194079
487637280
3208938783696
16531076731680
22860932580
30826864
5095116201
912955289400
724035
563881025610
6814086241680
11092363236
1715254337480
176353408
8551985861000
26747166784
350140134774
1846245402240
17298101540
3362846020872
1095559954944
21528930381
12690820290064
39481429500
12610462473147
1544243036049
91331331616
3980460
2547012442590
2443931427264
1213054309376
4035424554525
83435727045
192487680
4819304400768
4133843113400
3206809129125
348288222840
13554514980
320227871832
14402111579856
3601538569152
10514699330304
121278677040
2184517648968
244877057040
1809586275840
1706051280645
9964067634864
24490357430328
191875890
2497128514650
6471065642736
863822450025
6539084165576
4625089527520
7050191104
1763066298048
1906536811452
12429028996986
6371780264096
2590937400168
1017686684880
534234942
1082377782608
1401705675
28731069374700
6619942320
57860399520
32822117727
4065813527502
358571179134
2350966966075
1275690330
646996686000
419539089648
1003297921328
1142384200240
99763851432
167867401600
11693349776297
689239869120
12099657332109
704771834552
4461569378112
1079977767048
14872926399240
712834834560
3305671040745
20065229191755
575940528540
165148032
2456170444483
22523471725464
287174317801
4138838795520
111829251872
47077187040
2287201768493
957248782
1117021850622
1390394723487
23044391475
2434266003312
7988293606290
1716284436000
3750816516096
832426896
1329887141550
16945082744400
3273707265300
982937407920
2929899836800
12039667454533
250525831242
2264094
1173091131648
44119472530
1269007740216
270855198960
44342257680
17914832989872
12206758298724
69896286720
11061378660555
1261302711
19675438422
1851706300800
3251745536490
329550714
16249254824543
2410592188254
5429503656368
755278909056
1652983153668
293169671109
9152440
5793171786768
252761395392
16779830331264
5785111640
10137212105673
2949908753268
315384388560
486444262059
2168328487536
3260269142735
697858250175
8519688757104
519312272160
4962709519375
22906305
138721115
3473423120880
868328704323
12896307600
101583937728
14602481171616
1285114056876
4145005329840
24585718528
3719930503341
5622366355515
2817697251075
2820238629966
396083212245
9748679340
896458573296
264348499360
3272002164784
2010006960
25495627124
114075357
4050727798000
1776961067112
1091958601500
1340424974952
764045536408
6882779765642
755227627128
2163652263192
979272
2041059198570
5105512512023
11902694268894
7695958523061
13045762074660
177597531592
6933118990000
416841979884
137713858464
57608464515
854296829955
80360160609
2017206815680
10099957687638
2335716853425
1551854100
5545045308825
2352519166536
414204943040
3380589369168
33698629272
4348337206752
7623610323498
85610608125
1567596241200
12141480
754361300880
3445103000
788364613745
19900438025
288310550360
10332364135840
53662336
692001343215
1450416
1644082437776
737854035
3907595132805
9161346240
3429620139008
2122513042368
1176719493875
624173216688
48079985480
834183807600
2751705353787
68168781
2122217629680
963802853712
3889012726392
4129604169782
204874448064
6459746365761
29080464
10776119646600
94191857760
6420612
4178240049234
7998268331400
994267822695
19581508091541
293023405080
8688519152370
478699064424
1766172672075
268921834
97463038770
12968187062418
397403520
1194137479520
439510742610
603920215463
8263582728192
11355482336
2392273472405
19721210454940
585865212933
1654731657351
12842167350208
1670726387133
11132165710040
93698154720
2155949561025
9722841439500
1208665899870
5254249578480
668180372338
1166636975868
2469240069552
4689752020743
22563545057720
70058147040
65021531328
3887745928432
847897923888
2087486319000
15422465504439
2574750334515
4526763470856
6414104582088
3696083138079
206052444000
3531022142205
11750834478240
197733420780
2543929793391
15996602427960
810281932195
4172881665920
3729499357170
28440125592144
98764753384
4367431661952
250402104
202346562000
138967408944
5682863167520
118652732901
33532649430
1062069381007
200231385200
988352602536
663534
30130804885
5152681974792
607892994687
1922822559460
20501937750
319691832096
989070999735
1110892883490
139136586225
10208344584224
1002551030992
11865343005408
2249380701765
4238829530208
1104475652481
227803294782
359272387140
124543417120
1477185567144
1186874433720
985059885261
4901692969302
25472082729600
21557970826269
142649512720
210466091095
165591208440
11296230609024
84433588800
32417361200
8863263258093
5650813659750
18720094680
7087078152
19041818780880
1152718187400
113364725760
20766639000
1714005816
1750517423600
1293860704400
755245144953
14535219342
44168541109
18130602
249712700160
111917322000
8866304841830
3907291875333
107442364475
3740368720
11732679000
1341622968336
9608571772461
3284563443648
15374754
1629050169600
7022702129454
207999181775
11964902040
3464422965
1840403306556
24879990960
14768999222076
652337360136
584412374250
342117549224
5433845710272
5211207399321
4273849040
63606857472
4802671164411
161600524938
1167256845808
40240239930
1660028089498
9418087328832
12538833080800
28392918286080
707849959608
10170195041615
1576854357771
1376181271632
21312457136494
920871607929
10360377705888
1215120
3830757285984
9702930954000
1707096600
19981023137040
4133116596000
84792911355
65745496305
1478217700995
1025626648200
2945732320440
2798401962105
2214643596
1494368125120
10658724400761
3962201698644
1016639997840
96642724536
6882003744
185711130650
482418013563
690185331216
347942648200
6808195984920
888196460032
2956643041185
2877084642240
471729291365
2700565125552
2812992
10157613270960
141769380060
2894490771984
15701488128
848560866360
1990547634825
3198963244752
88262592
1949758342080
1140990360
717937167360
5232974974704
417205328040
760756983720
727099992729
2598773625000
5918169600336
1539730082385
3746176
11056808544936
15080229614016
1961477757625
352184691240
4356826747056
315360
799554589635
1459420466085
54586573440
1510804059648
652018312800
75848760
20402090016
361391712
16955296774416
376716640545
2165333713792
45983313600
1368429805512
978040224
8094428638640
3217660424
1455787046025
6573225107880
1949577
7783238233885
12990781108800
673021145720
17913268848
13416550961275
107327209633
648020199295
30677643750
58746555525
37002885696
393653081019
3201831862656
111516679944
2707947245916
22217690847
984919135200
2738250524352
743265675840
62488608
1015062677400
1101393073187
9558729080883
1096767899400
10560787179250
21058730280
2273629713600
9460978023640
1502041365360
728982532080
1416133988352
15872745118032
3022735036944
5962133918040
745467724800
21155577157
2441211118155
1112605564413
6360916470942
633808610214
3354044473360
2254476234736
78238473985
171070398712
4949082824560
1686051065832
1004008007112
4055084800
11647608
1461322417383
2693249157165
17681926099320
231285444608
216340376280
351214164600
5529623031810
311998746591
1228708334630
4978336259568
676429188864
2579297632
12585794958240
191599200
2222931626448
11065169312
10228708432800
1042994433195
2724755246205
3311080395
457923403224
29966412293037
5693430600
3155190780665
15500896470270
2038236310
51690366
3506255461260
9680053160160
4839884361
1286724473
8403122310528
8649735738468
3130145424
1637351583120
1701987926320
10942375756720
2310687473633
1055113700
1107945046160
373365984880
1699576491495
190332090984
9824067916000
22952293636944
6007033792
946273821955
3929503959750
3017981945475
1077775802712
8990780667
1636515628481
3389686914810
80871981696
2004768863262
5078986274024
9400820933952
228674880
5063760450
3008206745775
11630093564628
29105778836004
1197817009935
13995691703
238041773352
7407917192
10625970538579
19050980282880
145595538816
2864814375696
5003154622320
5185529236615
106379261658
1510479323712
141163075830
195898740
647531712912
9649018115616
168834494400
294251232
602598720394
70
11229580900733
157796604896
2886924830832
5095175891427
3062943192798
361549096919
11850437062530
5211991329024
2110968227200
411304056660
2187584109269
247250779845
1891807634184
23320286900070
158754587115
2753099811
1515191180841
30359448
15299119876380
14749946640
11155638507048
16275691242954
3877190566832
23773078062216
9669141945540
801758327732
4321505070960
16801862306496
10477203449304
25192403060
230466046338
144332040
24264278327835
447709072320
4533122384175
45581622240
144441260992
333652265280
5411630079856
2124428766000
26411954400
12605236363485
483492240
4453486752475
1596985707840
4310942047080
17638355416506
12877350207
17147505400795
2868528519216
7870086057800
2072159312670
14930033365008
11952855968256
4119388786376
13382802600390
99754796400
298154316705
473395872
3908684839103
14752269653184
69621581440
9035177436675
3320266023360
3411723195072
706368526065
534634731150
17054571105
22963200
3827664953145
13935860262324
3030337102845
488726548347
1329004706736
12661788240
561520691875
135085085840
8146446
720915511008
2110475316597
2239366429400
474456339592
1012576038750
2241829306752
18168937612497
17793995924352
99159265128
4852329411402
3136567803840
604296934560
931717391731
8168502777120
358214176775
112077984771
6115557069237
1877831288893
25738177589802
8825591692160
82907055
1530834629464
1297826224668
3038183801940
88472657855
4844582228920
22056212028480
85089671160
520433893248
816539530224
16345297651705
2223770261640
171165367296
1047017400288
6181600923000
11274552388344
217411482189
3556793726520
484099651431
1942383840
3430374239656
24892370007273
424029788
2224161278880
8533850363577
94412271681
234597950776
4628661465120
4436133795728
2483891793234
833325207960
2573099861400
1238779670940
768064776570
5505798522224
16190248872240
362990745000
369551103416
2536345220640
4777107168600
10298504847225
2916702598776
3500724258515
180023588784
11334064916672
1019786091064
259368530190
19544000
23031708720
6270822901511
1075783088640
1071911865054
368643144720
585295464600
173959189872
209446966575
3106422318825
233092836768
991055186214
7615090039590
10225482917216
4424836404960
12184220886432
94406163182
735063901915
5931199948800
846624306000
4939047067608
1846671688125
1032856484310
4030026
52533873093
25022018745
1118321455680
4162870752784
792306519480
1250673854760
64706329350
1228308210465
13377065089109
10001186700048
914824185
16083139413
1202301113145
1738738289912
966581109120
2637637637760
104708934333
1085504205240
1984553469390
999372755425
10148067585435
15678009388509
97108889904
9684619062440
1891103695170
6276250674720
62856913360
65355812392
528768240
5456390847671
2094350734080
3369248538864
945483964271
14483256001500
21792815616
2544060850254
7618100259798
1519942613952
196842921240
970789303143
112032272457
7717538530240
3139590520275
8481399020
429177000
643830464464
10806882028008
1115363495883
1890386190
933185180424
1915373141136
9827383976256
3976941800
260535176200
633598471044
16593137552700
5463925478790
4484793610080
479580651378
10510544
17491614555218
10116989568
4489865568776
21125501271810
1982497260420
906623839207
89496000
4768741959765
7027086861600
118946322432
6690146140128
7890474248160
12753300040
14574522813306
18524220000
119205819744
25599676805865
669034080
5297528123360
3422403786515
50828187744
10256904629370
11967926238360
8704102196790
82924464480
9804205327000
967706181000
120681288
8441015607360
1971565817728
709752228454
24840
211817367952
16970333830320
690283242240
468849966816
17337282497215
60790242702
519130048773
12517239400
4052999156976
181346319000
1091873480
5821078527
7490274905337
11515956175568
917065453656
23802340744
2870172278310
689442185208
4810085280
4111122551581
1119559113266
8828875760712
46912518960
612860485600
493041597048
2204558059704
5779696511215
6058934890848
899338700280
347166880698
698058054300
1327545757825
1709142435
7435100534752
10677207100
94942052688
1361225575710
10946936906400
21473564024640
1854177558720
269208276456
2900254435520
15433359609360
4922896762600
3677101948835
8743015474050
4627697306120
7961807836395
5936716481696
6040137965400
14788688276850
261817280472
384310864
150578668747
4315122208800
4096810518570
313554739533
2895082750560
1564016699610
418350240
370584361710
3335988236256
185668698336
18857399212080
1322899599840
4413075651936
794922621696
7048400392600
3848800793390
1026178963803
602246938848
1082256877856
6113195371200
228358330395
481749587514
15596176663710
409575
3647957829120
201610538373
6530763907458
4306057416960
34189108632
3385084416
3185515200
6364540759080
48136062240
102073228608
15082262711520
10956707300105
2259633140220
3541690692120
56777724330
386631458928
977198560800
25373314281120
3534974803778
4304825489400
8403669665400
5660384579760
331673261430
267061966780
255092334600
1261820725242
1884517913245
1199884086544
132374880
2149313510592
251774436901
3399263871960
8058846851328
609428980899
2243234798784
2649037036176
129486868362
17803421146560
2056189859555
1453633567320
40556286045
24889286146160
127060650
8747677738368
773713395840
327512779935
48588624
16535325883200
27521553402
238115765475
2591735925240
494811985900
5478925375235
933268751976
3917857965
816514196550
1052699274810
425416070430
2756617956510
12566513234241
8389770830358
7469168788080
4917702830040
28024911744120
180338977660
4373681047920
3935596017717
134228911050
11324040
1075561842254
6439801280640
261947006640
10355538917592
49810204416
3975167165728
1540999346355
7170690750720
12109679548528
443807259000
15724874314398
1268822733640
20109587999040
16222213227192
1483542169200
4618884569304
11114947035360
2704207545360
12684902322400
1405365945984
7324830208
576323354880
2276998726617
45790819200
478110956400
6578138020602
320488031160
2484023168889
1454707615851
10091809728
1555010703765
1895757660480
667474288310
2247931239570
13199284297485
56430
6024286108931
25220995800
35076235770
317473128
3349065874275
8948842339554
550945247130
6027855903200
1960781378248
4238109876
1532036357295
5543319014400
8448522883944
27297182040
273491312640
2740880213753
14413067377150
3434529519540
12221867886711
161313213240
40155445680
683931225600
14459350824
8941339391985
4391313814584
8539749857936
1703869091400
131956005168
144973855080
8084880342000
56235529168
85397090625
1302396302592
1408872592953
71988172800
714781890
25471831912560
1519033139139
2678464815655
1070123315360
228922613535
132077625472
22800
693576
5105297759166
15715994608080
875278324243
25961015520
599292393
12812729067505
11932074786720
896740237750
10885883205840
24077295
25764676979220
578287702472
583041583278
10991920413222
3973797038259
485245188064
3449780880
17771593102524
543603509440
1730317761920
2589276028881
151357844545
1229658369795
97205566080
3385306753795
2603804113350
17466655655
8078348661360
3649841390624
489896844055
572309430275
16217516228940
29196376832
395873151150
308000
463689498360
4383659459784
3998144296800
3821361625536
5115417465240
904517347244
732532000
477539256
3802202849200
9137762099829
905678441122
16627972154562
32438888640
105917660919
2665339109160
3138022800
53181463923
15027936
648464824785
3185707403072
478230050480
3333223728000
131247154080
10730377854720
15611776027848
2142582865710
1221664950240
24265008360
67369856512
1017805884015
2827529309682
5420971608
1340440875
886640619900
933892358272
120175669950
5043338032320
970747650432
9985728267130
48383980575
858467259936
4712921097200
250724430
1645992711792
459164808
21040085360
2585766977486
2439006999
248492731305
6053400482688
410428479680
4125884261037
3135776959088
218843325720
10660245560272
8727752728695
4405074532865
4408843094760
22278879
3077078377605
833616464285
2540906571000
10970935563
94282443801
9653336768376
22161581
16047765183296
1659437327376
1426040356419
2278269540720
576999228168
1193440070680
3226454253040
15946173802725
894258576792
36041841360
622512
3773410644024
56928998269
13339218234608
436913618400
829378096880
2187744683712
4808380238480
5447341048800
8109760680
25823618715
174741150160
15942962093760
214513538400
499767794400
12945688020
504638649000
841092000
33823608000
13924323323565
492031500
5913882912
1248704334225
11989560050685
1452479369589
738456039832
3734169063928
9494581418784
170079391968
582224742981
3041638399800
885445551360
2698221474
520129957424
89316255258
4260607160472
532039388880
8387022068544
602679853776
103750224318
151419539988
420790377840
905409001536
1557240022975
20780628647
14094716951040
8205252133650
221608156560
1575971339352
956026541253
580142277
553527
31380292512
1535453157200
18356995540740
304146681216
389382923475
1449177466880
299278670337
53444188800
3962778248
381640133520
1422385820856
4636497851370
40640184
7550673475436
10900533837155
15361377615486
18628587072984
213282235848
883925816760
1192220862456
1514227742835
4703766120195
6482096730048
263460009344
1430918945940
63454336
3319476589
734528322
1558919779755
12812694440
137772373908
834209295920
5790967842920
298076964
15571049453520
8828024039343
23890760188776
3912046645632
3823560
206675240409
1154492592
119428761408
4845931471360
1217066768169
27282594546480
7899278800114
4641952394079
516818089760
1714596968448
11227545004225
708238902471
565828000
403524142392
718110409632
105739061945
17041918196233
269339988000
8360542811520
11702597161100
10426940772864
2989466767375
18159532865760
7299753830550
9902600228576
158348921500
249738315112
1534623678
130291344560
658375368
236615808
2769296159696
1096131290240
22161620104
2570645
2257659358944
4210350628176
1449325295040
902232004905
26085056578064
21849447360
9806740992
1824441142368
1634481811280
11583489852
20587696096450
1183902525
247520
129267656
9124197174144
321488510
254364683265
13126551030
2044464789696
308986920
8655951210
2159193901425
5684368320
19281672
12911990775645
20638392328785
672733217949
1376725469856
2151513299520
1798568565960
4930844562735
6493041021120
1210392500625
41708859039
12469018516416
4026943492680
1904080531815
662627681655
1446979637664
3979066937391
2307940571040
119738516884
366963050619
14133416000000
11632920741
8599934065030
5750030837376
33420303264
9313972910053
532546541120
221661476400
2444120580
3066729593760
1423041610496
5798765900928
15678618795
97621287584
21229339012128
668251746260
6993729901373
804418866538
229099724616
665742650625
2266774823976
148915920
627560187462
4630020727681
1093445737920
14394242016
10865039778915
55440
117890568
772363208160
7356448219275
550511348952
44556323679
1949243328
1651345269915
2542296779151
3541488704
5474870750880
766772884305
1935816017355
65663948790
1780730452176
969773383824
2722366210620
752974560
2463419798400
10522917888
407253442530
335943081960
855401703936
5786345544840
505781889360
3798986434200
2687716626105
822819325440
252470394540
1122093126570
3281140856175
133091440625
5203127956800
572703186528
12554981081640
57948820800
24156404304
1836584970
32280196032
372190962
1071746077635
791541216
2061104245640
1379464774704
206541443016
999394368
165410625
1411493193900
481045752000
8269233783789
4680487228560
544776846075
80221671008
2330196421707
2239949234765
2387660259
4409587045350
1465580700672
2811650400
2660226119936
15880195308824
1635670831200
27042229043298
173888910
225243791091
588584
9853057952574
6437629660800
4813230560
68155374560
5369936011680
18929265
1676160735216
8521637586
91515146680
9925025792
39381429504
11439063740664
8277540256320
95742730814
2966257271250
22867066416168
9002086622760
2910427533264
3684731278800
1652837936640
3483811610276
2777336805165
66168526845
46083444000
135131325
1001816778144
36831338466
511794792
575111077280
3142596136145
1426570585495
4924307261280
25898318259
9739377074707
4879621897758
1602537498666
126782154192
738255909042
2914709224350
2099031729984
47711174412
10554522124710
701963787880
595712032758
5331476405216
6108068820750
5877048240
606205275555
8678890156230
11394521370000
159428035512
5672940033600
608233757535
4797238688460
5559992486696
77019128350
4159246353696
568968878130
1227837069745
862296
10879236918400
62207246556
3841120097700
1876752407088
14847189014952
862460373040
57005582784
3385569994614
6074796752
838938836736
1704745507976
11079379626
348799455
432551883280
150180554304
2617854931560
2930140767414
297865365120
1310252944
859669158320
1780661069824
234820375776
3013723186083
2473363015200
4910267421
1561818452895
12476337827346
3344900036850
35103436375
312074568231
73912800
3691575157552
816111444590
905031985809
14265853488
200390838375
3069494674080
383211760824
2201712956586
3037263936000
4918056725808
98193229440
1215425967552
223234791015
26074763520
1082152052631
3681403348392
956231553699
391754250240
3825545278800
4217352101160
10128386874008
117348778400
227614109160
19491065940567
5571097646400
4355746546122
243668760738
50879701950
6880792747725
9252110174802
13067857583376
2679693481920
282751340352
1338922344960
8320988707767
54928600888
1695929466240
42267372576
4649368648288
8300608800
2752103845296
52433469256
319336662528
73082320
6438281688800
40266585645
152673846192
892802015
324999961776
1600533534138
905168809920
159340797096
31820175
4756825876600
81017813835
7926009778560
16538184015024
596736
3400561259865
1236382028400
576983845200
4136579473152
44994495
21769440
22144631558240
1093474491600
315535949024
305838727170
3612619307565
1024947
611733576
941454595224
4078359014565
62064450
2511888861539
1369804539200
2024374000
843683929008
6373362840075
363223133310
1664753975955
3105059832
4595278898560
99775807824
1979500727256
14877396958536
7086636970920
2360096177340
11194139202675
7487241839424
215641582035
11054080
3734418138360
4644434069520
937374699330
180723759885
9689380777656
49986720
5775009769680
96466048
10614362018400
2687655548587
13114718239170
119821185
74382712248
49348430304
1731830387427
26218159842672
37977600
4818758555754
14678703110016
5070478743330
3596764529664
3165757690200
48777359616
5178988947069
23155992651834
4193410807488
311955797328
304700788815
173264357544
249043033200
27825351120
10979897791845
2796745046625
3737774160
8646007200480
838988702370
20624897078910
1117978187382
5259573460992
14404182793893
25483495896432
5950725919608
3175809657192
1201447188051
11428908820720
17506289920
11802856433760
12691675200
1025121438
2223842240
106528404125
358767714825
9943562315253
6226413806088
7871113239150
5523638143032
148523760
3347910874464
380470897800
1563519709752
7006037475177
938664110640
291389221200
3604834486400
2288828899728
1577392778682
17826811296
14062379760
1686483075024
154823003907
237772611294
1811046323520
265776728139
638691880320
21312719769915
86168639867
1398059811
10651618211520
70703058411
1316293006464
16324984084105
1427232804951
1226528869200
208638883416
6497696994490
15162810495
29903880600
1871608910535
355330786460
283402097328
12623579707440
3050524239224
26530849801880
6634831200
154379332800
1764588934920
6214211079650
21055952403780
87104600
74671028064
422948157840
52540464496
342561615
238544760973
1484548879672
372290208912
5789219972376
2208874779216
4204300854000
1316988653400
4600098224703
912634854696
902310100160
520400256
17476245991512
10080795
1129418112225
18963436905
1023917056113
22827369964656
18199963992256
713893340964
112866053793
127900265136
200752660680
10423256004000
552729632634
1790982078138
1535108496480
8532616630440
10152637550
507709169721
312631905150
6815929860285
15135007615200
2993405378480
7812493464336
2961254545425
414752676030
20951648837912
790478532480
890484578048
457035978840
5197406448
2344642650
1124664809856
53730431118
288231639054
21133379592
30241131766560
163448964960
660044674512
230007825
5303733193616
743914594368
514977675630
2782807868064
752554270200
2046509742200
1098053488224
3688335388800
27390163100
2088024309885
3101677491360
129005856294
18298980761400
658724094144
7058112285540
13873452432
163318102844
1066228606845
5718513246400
37264270372
7474094375616
1222108784496
73664602319
5484682310670
339979719417
3961204356816
4127963742124
468517736
6978335728960
107403467136
4627536
13347126766080
1099136016236
3737956576950
49455095
4340916773424
1305302097408
5280486144712
2330050087866
2152195760
1955668575
3570640066440
150230496
78426843768
1167449425200
352783588808
580608883359
2222439139200
14504600449560
2845756764552
71073232272
2636282907
485085081648
1037444744320
12651296599312
7878194893680
3861216
53406539186
3997747600
2778876340224
5368365358200
11342475864288
4095335096211
5358000
485501707152
5514898032
3075900449128
9523433920
3718634025737
4624869249
3207204000
216561040775
41871277440
2231330587395
16491597845128
61070156238
3322134341680
85507221047
201212135400
17593443725550
50703199128
448351643376
30890496
20228777839005
12008871120
4836177548811
4001241697785
506296024245
8933274162880
9329728135872
14294205388320
549691734480
16902008912650
2707912350
599998068544
60487721712
4003817312880
12312387081120
955305
1520404435472
2542178270625
14475522080880
1198371360150
2491287599430
91517970600
5080097987550
3288801326265
2349223445205
107724005995
7690010520960
13415987166750
38012537640
3766250389440
9909990090000
341360103
148461270
8279070058224
8617093271484
130919649840
46504473080
7134063244938
4898138156639
1422220680000
3943638153504
436330797570
4138911955200
1146003724976
14413203000
631061572320
21025233445202
22544727736224
2199275159736
3819156094377
862031348880
11412132772160
2147986889136
2008298671680
4525024504
1782032265596
2054613071000
2858340327648
4468846500
198828031311
327672082528
2989492896390
1750962717945
120703321040
3930813291405
1795179948561
41643504
11622000
850706229087
819918
4720753228256
881121871728
4830291737700
1742489756667
1334066722296
3340528735920
2841554675619
112640251360
5536209651840
1136081320920
397838574144
919827104
150008469372
27168114273
3532177043247
318179403360
542902928640
945099149472
14080255640
33294562744
691272688512
18683310610944
1751772160500
5346554264
293041178331
4223231229096
723506814
2846848370080
897720450
466587549120
379294270992
8834875233
852828444160
3613421476800
393029862621
998361
42944600864
4333380331784
60188297400
2303323413720
43349586560
17521513968
6858434987888
543849553128
10004381161185
18041959741221
1678001085618
14905719855
552740267144
29694342906
13784868377280
496872444320
2005577873880
4823914494000
2575882507200
8135054325
68050242000
8445041307416
294814078825
15085534464
6274091469300
433503589176
2231352060
666897346135
6008870211960
3991198510320
106484338752
4417412283375
711241440
4389757953408
569842823936
2086576912730
545927409447
9766652099841
416906800752
1037354728596
119964136320
7532808176160
500534269312
153774705832
667747938
1670174356417
13013276798622
1958834613648
3672161544
623169190080
2520659161248
162189610880
50626760067
1576672939875
113523557895
241881991242
478317873880
17898511129200
1472406936
7954244812416
32480
5767300853088
16346115240910
37460774610
296207522997
504500903784
101830408784
5749520676480
15987422015687
24467478016
360013167360
47685338820
1138785980290
835167825165
26132658824448
451934336
3150102635355
3350248984368
68743074477
26977249536
16653435104992
591197901000
1072751836338
12232004809200
619685527270
1030924565920
123422969448
7263931339080
103962912
2086597817304
435778547295
84528143655
5323631209155
83093284120
293142622815
1548559250876
812864130309
1096641617760
4325753361
133209749088
251331109317
60849893640
11748531555621
79853492907
3969564841825
5539722408
1853946800
160122087468
8927730167760
316202733840
217087322895
1015089014655
4378420419120
3112422642560
39148484760
1044996548232
3989351656728
6628979339073
5063452614504
1404871663000
130615041240
1127930920416
12663712121760
4603034847240
250297767552
14892863893545
88023423488
1702915010115
800054756160
721348997918
230635860
629254996464
10115608944
858501826616
639999600975
9956078175120
3196916103504
1780285168775
1242632096352
6724217456775
2108379125775
714744226560
246279793410
482158764816
18821901377991
1433147688
4013092707494
4933975288800
3374105646661
5418936548820
14971014821280
4568128008288
2093439137280
4496680980
2550251568414
167514453990
90352556595
1855537467
4457646042720
17549219524600
110387727585
2739727721
20808
111416144301
240296603400
18685021489200
1714672176
1855147664947
1375327431720
19864305389214
176896538280
11139518724025
3355023757554
1468362472605
359101658853
1167482538530
2451289339980
13439755719600
326060136768
55364309
3633070311936
445838368320
3030114443160
2773568708163
775826469045
2940923890080
247064840388
171678346560
2775029874176
16483583975616
177555782040
1382348500256
3153751415505
1468631136168
1556019345552
13113338320128
30692735766
969829680
5444160
10996466139008
4758845538168
488938557510
4206005489664
7305555783375
7622340384
3976490616345
116451637445
18298481348576
2692437652128
1361742104376
1022582063360
20213876658120
5688851595
3611777009040
24965010000
786131252640
2132132993536
13169935806720
267299609280
17852499306
18328807854
2594725207836
25345662382880
34004495394
2348519040
16770312
2580001024128
211406703975
508939341984
1860246066
11938687459440
475503627718
78007021950
3041157468672
1356334495488
131642547400
1681481042448
3649539994848
1375528989282
5170937316480
966683943225
2922746369975
6886093078410
736137354000
9628789961280
1635693206160
28072512
19655658416976
532823853408
5628742333036
201261919200
7803140080
2920675925811
274430751
6276568124220
3521717892000
9198633769728
20820475424
3419414039151
251409383104
5991668865
2365871151750
66656007
348520618011
531690276318
572356131600
13719868426880
2066562566640
10128991680
101407649
17916394308120
15130743873926
14671971523440
63314233723
2540151147600
237677822184
12523149737180
12085691081685
118404667248
2313055146870
357443324160
12802243753728
262250538705
709772381115
20239632
1304184863685
572545072224
1575434920752
334887642048
48026491275
4382775147039
13706880
378062477520
35522064102
9340967295
4142859562240
373281304347
2502222103995
2403392892362
74730122028
68318602506
13868590857
344514363312
22477728
4974220169712
696919388508
968383939832
5274017425512
5373335531408
31267350
1621168243856
379515131775
17965657274532
6712104320
319360000
3446987069120
1611206218290
2830333310046
3890020043520
210177738354
50441815850
8924696995599
12917425500
478330013056
7022093430
9085800223808
8480624027904
1726427192826
6018688816
2563607000253
5177870228220
3587676526720
9526920708945
221049279360
3774981600
2140140691040
24430744754480
68997226752
5791135159080
316200
2477376
1257626447628
1919517106014
86785134840
116128188000
953066865330
423525960
17806691888400
122979147720
211055918370
14729433936560
114824900160
8223520713723
43591450050
1078889088
2704488360672
11323426749648
570869064000
274348644129
3352722960240
367691775000
11180368683
5137475550
103702440
378006725928
21026821200
643718152043
2537553600
3215113395060
134355744432
24656701640
670141977120
46401392526
677018608605
544970326446
1244190348216
9189417815550
4768810345750
8664630891
416943871578
189795870264
213977203272
7716143767122
653473217727
319027440576
49539226737
3619039665120
28142149056
141522687753
2392639428348
15539953572
1170663791402
99685840914
1398529686816
28160092419984
20203227692638
18945318076685
17351129374560
3401960646928
72839997648
8302321684800
6059683630
4272214842
34609064
186028647
1586249478450
10135999961640
79518130272
173879256656
3069022078044
773662118439
70070670
15384011340096
13479210080
1687264024320
459960267648
1242794499804
16289754498108
14356420155765
25872622043070
44781662250
106157520
4162218638240
2554712128584
3167886348930
21044914176
167725026000
291129701520
6989324982
14927421285
1323862886808
3202703055243
2272897298864
1411361697240
3307800
1330717989480
3172285475557
265268659590
42162259776
10868190733815
367178975520
785266320
550482448653
7137095663160
6865212558561
8451247492800
773838895560
23489593257858
9123629970
41299641240
28056600630
12494487697920
4501170375867
4893410614672
225058816
406089346880
4198698036848
27102556631040
3129730050909
5084357069
740533261824
1468842357
887543914257
1683323919360
536231646720
14943240765959
1090860332544
593276884980
6817436809920
895256197150
5823301604736
8640291798391
15442566457728
6894041394240
5030649000
3791648947680
231145200
11989259522937
66593744
287347810000
260194822080
16707691980
16676692173648
47641996482
119514444450
609626006757
2070824506688
29842176
1220984637600
375819287040
6066863712
13302702733824
3304809073920
808517035040
17384892022848
3610498140352
7893033203640
23538480480
4382240044644
270897795
7773591485088
277201313791
11281881363
673141577504
94913396760
47381996607
57432120000
4084621849200
1161838583640
849588701650
912942960
308164506147
3673332349197
3307071424032
1097615109888
55496840256
1645608722130
2057932286425
761720
3089996636160
117096
7049113006160
659201425440
358656480
13783258883520
15474982971
244821695400
8748860283177
1532041093440
344256599961
7270332877808
114940485
2951958599304
20976728784
174958859735
2760450345405
300245050112
409218143040
40945788576
1577056029120
4918932397962
134053539360
109916072640
5564769774228
821267408352
1657393960508
13954473749808
20256980256
674895747216
649536365907
3373265860173
4626330556389
133208136
517155816800
25260900
7000071136800
491075589394
7452115685
5339018761776
525133000000
706464576400
1362433035600
415922315760
1603988677788
67976237760
1212723809280
6594580429710
28380301755
3002090714689
91501394424
3921284806416
188125481352
1340218110720
34492302504
10561593354816
370325265504
2433420749703
14004195193950
4708481512896
630061695744
755849797200
1038974065752
269395196544
1446494496800
87033408
645064377912
524191464360
5591936066400
74262165525
724312669840
830127333365
5577041578656
6304175094720
2312612738370
1904886943125
1825125
944515739160
711301296903
2919135189168
603380663424
4584748662464
1189179589455
10441533024864
370275027840
3976246804224
1395372083056
546675640368
40317312
180490543430
19174257398835
8770037740560
120406682760
5868968883312
12777392520405
726283486929
123638392440
157742902656
2684115480960
218993088
15827680769632
11956750872
2430243500000
665649479040
15107819608661
4973825215008
21481938042109
3083519401767
11508297326094
1135434936222
691161551888
1020756769032
46681152840
1195722514413
4138558185125
5417335760382
2410891587984
354224591163
51525921300
424345449
135239622336
589349761
241430019440
3235679136360
100108947960
2554232436945
5349295592130
3132123327732
298077945600
118763136536
1501680346320
7206348863499
165073749120
14809168982391
106142400
2691534765500
2089935
703113375406
2469906452000
1422235771
1074402132870
14997603351456
1275152619720
42969299520
1056012120
2849329610208
3924342097515
17550951808560
2759705885376
791669855823
32001721531
5135148900035
12322071802953
1837081915020
7250941269
8693983472992
6062623229184
1051538196170
6002354043499
1493594348400
310346267238
5798470742400
215298437775
10428517100694
288745484352
243723737894
58960483470
11112945
1873837088445
1541119230252
369266618786
1073040506736
3652085071710
1184471574600
4732790822760
450094841490
1069646321940
1733233996480
224631277264
238189374975
399665324643
224211216
14278686381531
1062669360753
14505692306238
471749098575
72063410601
11896896
2622646408928
15725361486912
1543885621300
949160030568
552120
5156989089696
235935
21443284251411
3124807643664
1825221591648
666319008951
932036748480
1609318462830
2580141147792
4136589753
114552509304
1096012800
603510989520
11886542662656
603446662683
1959610361013
1751468111775
10688569275600
159640345488
97245085261
123999335350
2384686920
14899276545408
21711970833800
1182902321160
9754168031049
761597424640
826727492490
1279264100182
16119255600
17558792115760
337835866401
9744844361583
1884963150
626063432580
1024523696336
8037615239040
812502360
33055174152
600965356995
2722831572912
183094839360
3184260279213
4572680816880
1926895436776
518149493202
282136421160
910778445864
3507324391320
15865567304895
4217044876650
363152558870
110496525
2847506153952
70152274080
4720618639344
1413375002
1465273428009
2099027480550
7585941475008
261084096000
248836104096
3554118045360
72558061650
12597304235250
3179062632165
4609185642
4686778044005
321443241840
4041713596239
17818285784
6327774694332
992246656128
33646561704
4154414022720
92007233040
8741956566200
13172061576960
1218235139379
3885636703311
10750850547936
107184647680
4257450773576
4468442672512
989315808096
1128920
1710489136
720103528470
2962851218600
4590012441960
425873639730
2539717057440
11962463625
1332789898440
97308
2821994180835
2477090918400
2397411900
21215362819392
39146866960
13728164694270
1699938050506
4030727374080
4875240380127
238131273765
5063003916208
909900971469
16457147619000
7061435694338
14831264178880
67563883224
1562922821200
5859891580822
2851329338000
2928520273392
4993664964504
1075819206196
149076774
8537697101448
328770608670
110019
19158120
5403931800
1483401946032
185678819456
40083626583
16276248397728
193793541435
422320090395
24005777502
1708890023880
1997503994100
797149561
141269232
8192360326605
53531297514
209088061440
6717795227616
1500758525535
627719727360
23069100536919
8847306846976
28394640757665
296722776240
10271890486340
11551437919445
842049130603
4608606139770
643274346
80995129761
1254917046264
897822164601
29163728776617
9683801740692
1833237052821
928917260040
5663920095450
652212532650
780682687092
536572279692
3920921211834
18967217229180
25902788262672
134240486822
1120309217040
4099916383200
2891987730621
4308359720400
702690061500
4201452964800
1275520778583
9462865991424
557865796224
1292302865880
14292563274504
24620172188001
328485456
21692762325
391859002080
92292651264
22253795520
1083659039000
1436150411364
415053957947
4532908513676
3185171988240
17342954725200
242734800000
1753084161360
898114935600
4846510664700
15971227165760
5288721966000
4791559553616
105995501381
1096182751168
1792023129945
15203016942736
385663473070
18694525765230
16793172669936
38172625920
6810738996997
3304742321040
4528389678960
7715410560
417867175734
118427627120
996069447072
252458520600
537633383040
5531357808
33729966688
1784088197120
2691390831558
8253773465400
53081853000
4509511550136
9109902506070
2172763258546
28645459793720
4344410305620
2055368485248
293634990976
2220835712359
206159865408
699952556940
520235155440
59946451862
43416876762
1623205012957
228446662720
4216300475814
3641472007056
2355439282347
2721366319920
211494045216
88180275960
3287586413904
306488344448
276957436800
526088741400
2673434818488
57397075
3714805743243
9780918780240
858092494578
9864460800
140185500
2688622455316
16281867483
2081746611072
1860666927840
324041391674
7576006464
76005106320
1938934470417
6145135407
742560
3845457840
13086208984
4374324331545
5806646444025
212308720477
7699362620040
9107274751672
1920476312862
10670751
1061395283475
8047522897440
2464582518560
388913446180
479667813030
8458732352
57934667
243223760883
26107338334704
703145718495
129219682575
556868490
28945316988
33840
3108690685815
246955770
129906014312
433057474752
4051180284400
1767823200
2380056611840
595232
243846599568
139511840481
6720555346176
13317527571360
5530357001295
351303761340
13825662939
55045764975
1404685332981
7188508803
2158805635593
1817295809616
371761152510
4093111537437
13217801389488
4290033724434
12304054352945
3160813750360
7884127848800
4827260151296
99519932490
176926133280
1059451192634
758113625244
2914433430192
2248258398720
142691416608
12754318832976
1661390997721
2561888560
16048686185280
532531440000
6970207608
2227307773041
7554422520
39099379995
1423931047896
571439375
7725325982040
4731007098915
6138002142774
4346218855140
671830646580
9567155620
16066566717552
86195684850
7965031656184
8326637559240
3109786020000
1304149266
3172468238732
127516480
16444690024935
8888340478848
144291919422
6001601585280
312404948680
187985336
10089783442485
1807695841728
9126100620
4510337904
4496432641436
11991435577296
9670714605
292110
1612836378906
348352717734
12017053939800
2712648939210
5128640132000
46604384112
10586106966564
7939626756326
4846746751717
15517971975
13098608280
914226064357
4753166357160
193962694596
2909234314085
3893130140721
2787273224424
1265109428440
12974572487610
102433052670
3660028986000
103098329344
96388418730
4346406400
11283018659325
19240220196240
72509612565
9565528896
113452000
47624096
173798936040
13445896821
4853177313621
103805681760
1140454199280
75956183625
480492897859
1686586618080
25028432596128
952434915
6946111040440
317686700160
14832959588160
1381116043104
8217614792772
184151499270
3371009988960
1602970015654
112811187936
205952208
2495536688295
636843396728
10286164920064
8708653274085
104221493952
2398216227600
9801931382859
979938305535
168893370870
12296569824
8298358597200
62136676272
990524214936
2416653343914
830300787520
2618682920910
3353794374
2003164448416
11596074218022
13996381868856
6127951142775
4061986819535
11872148652840
4040992320480
516502650
9449506360665
15861771771390
2431231616220
1208073170304
1228430702367
7279479315
23629720048242
694949058360
871192076976
29152238520405
20835776
16558002542640
5816706679200
89429967120
50976058560
1635584512289
788277449087
3544482266325
3710435085
386026990800
1099142530560
3816559576719
1518142900656
330427872432
8195347600
856851632000
286137433218
258000331728
3785537562520
280633794015
6564463869
15617361984
2288418454059
8688292987197
1505795326448
41148826515
4563353056245
21613241529109
435676694670
8858849800185
888100281
1307344320
2741416423200
1769759655
457686194700
28274622856920
991152201600
13497512145720
11615082042393
11840238927200
5675669428
9940485390120
590188557255
9654513483810
12667278
1514633901120
22541202360
7468642978920
287398659834
19315372608
147822670450
3299124189600
280267212792
1921744588707
3993848532453
9976354320
1296506876483
44488408800
12599169748320
1067418433920
3682131322545
15143952423600
5436527915390
1783944728808
362978461811
2838514245600
129250336320
1150985637738
390532612376
91231605767
16665412924191
160402674489
23182980920
71464898127
3805015004697
1421340520360
10730572761055
87645452895
3014766641040
36730422819
10288632513185
141859222435
89418494592
453811025695
279158831700
108429613110
10453543699680
1615
405538463415
1477656888925
2385252611280
1453830561430
6432311759320
1924149494722
7851311769600
302437465875
21850338395616
780563093520
6609186374100
272822699744
2811977059815
23933902260600
1559546676000
147882903168
1957059
489607040
17422106472162
1789792118400
19437944727201
597499168704
1291889723021
3932744766720
3742543437360
1890777274575
2740945132800
121734216
1903835091840
10436519868600
3712361688210
8631788154048
3063839860200
7537683443600
9573373440
5763135015
742387536
72283
773624948657
261169609303
3355987663875
12266558641220
5322069825408
112423385250
351329070840
8799352276365
16459756284816
25957587
288990
845596106208
9479566656
9225396640256
67070750915
4904162550
42788456152
2580798026520
337814255025
44967857587
22175643173600
773536538970
88341835246
934397504082
842443407000
47416501125
47356992795
18361230375957
9128677
66044887040
1430471506998
2639465899200
8607331312830
3796948251
4483149019272
1340217735307
14303167174800
1028474643072
749418875625
4598758755360
861955577670
918554400
5198462280
54112905
1041948814725
29065619814
586556634330
4418086730304
1277960395845
510365364696
5662900066944
145896272550
1020771973200
1335261607680
304115537141
1681333324398
2132818689184
1664187298800
84516700383
997436026572
8019022655578
28559294330
16242513581
3224549055
641003767680
2320919664
98680348800
40790160
89294033520
581346196662
974700192480
121297304686
18333783088794
8455964855
2798439805887
54310420341
485497922832
850882912857
9699219934768
3123821693673
2016657898500
77554647720
393900896700
6306221916800
358795277568
471914400
13427799138
71636544
2310826832930
22189811389335
40172294200
3983128007705
256077563928
95252844680
894779727625
5913895437417
1570503019635
65030547024
2068515449000
4578398146596
299573352432
2299583783552
130729972032
911067149233
236394802455
31295405400
7382251840
3886648213750
9956865808336
3646069589480
975975
1009084436800
4025197928640
47878914720
6492707534445
1883385011662
348829435164
10221666952
3495523811328
13005748502656
2460503780658
107567278896
1532933728212
639761425200
1564830287903
14469551342400
84272264880
207139968672
23405338162008
640400299150
8350673663304
5421460018809
14033790168288
1028476919925
483268154551
5371586773605
179390879760
6476679552
682301957795
3728217365442
3692232635778
13009333883
6869973120
47481
1329064559600
1477585594815
379656370560
105197712984
22312831744
260324287041
670182147024
5262915257397
14648088114
21161250
68429338536
1401969597990
125081664400
3907756573512
274699
448298620784
1742629578415
1679104664832
2752176930360
1551615270408
318725915046
957800041380
1390994084480
509006125056
1212417844911
379053432976
18751613127384
5707627455
194384122440
7020767696166
3467266619238
392177550072
14473878120
315393488685
1098471662486
14984728031740
310663080
1302539155287
17815586412585
79663076928
1198559623560
186408581424
5421060958599
137672129154
1226617334838
716128658315
620561031552
2606534302000
1120368216539
832362644064
19132649760
188178900
7498946785536
2576670773265
3869578728960
11902535705844
32
1283261808
20506340470
57695281500
194174672400
4036883740416
75001697694
133333200
1582848960
9918072916311
1452093595563
684131234605
2191154793177
1446973327800
492029225037
835469574720
217398600
2278698454725
4090796640126
795164212656
23590495918080
89949613600
852554359048
2538343489113
5819489123910
11082382120690
289906021376
8008578679602
1006319214810
17526625097868
64266258210
6112498114800
1290740920830
2033498368165
10878122640
26506453391910
1158862847624
510062611008
52576965
9020657826320
13061355
186166048250
3396919381856
295749691896
5998231096165
3009138771744
9257700411225
18144187292
18232591746880
15514891525375
7586312236965
567322122576
130109595
6978812541600
179027719695
5152616469000
40539075840
1667860437600
158484000
252465091320
744626018400
7945287960
727051918344
184240163817
151850788209
302277403155
8631168
72900625
42916325024
2844000338928
892235737008
102008845536
53352
10044308915355
7426894441128
1452435960549
3383185946592
460212472368
20697600
5725765584
8529431137320
1056440677488
295520350488
41918198655
89817860160
4299393325230
149059673280
3356644750560
7691656658400
7782531088220
1511295429600
81028185888
7052922240
10225964216736
5457165910
3868649891645
941728792320
2859040421986
1760693219631
22938907200
440494622432
10555980
4193910
1014671565
737709254568
33536447982
427745245662
5518146353692
13065921811103
458213853240
1509835054024
17162986812400
8391936
4579311000120
1578852559767
5850995072
5490642128400
75720673080
604496794620
1173916237740
2576837040219
786305520000
330329112507
4161083989048
421809107200
1853683939056
16218038760
724892601126
846403585170
1779519609252
542739165885
355153371000
724967714016
3428020678005
20846944
5031928682001
160628616000
6108089145235
86173820544
2506961605592
28658238336
3553793876384
1995913171440
2890665634345
2646948042732
92324610
70431152
3636060189600
1810133068464
347760
980709959856
2590979955136
181555274901
7117257897720
6754693933624
14686552216400
2181651728760
79836622272
1034919631200
358376831139
1438511777280
62329204630
119936609394
2793862758720
16874415901728
4532283504
2842906143
2610934369218
12957631432845
57231432185
132218442720
3116022807942
2935900302128
95518511226
2545029197760
33991173
70472064
3329173521528
9984185523
10323136396755
6151976600000
8914594219911
152067751260
13303978501440
674868037123
116169222400
12488911042584
6277037174400
290490909960
28142667
2612257708725
2698128665206
1322932240178
1821100565727
304532484176
5970937973364
5706647682423
169000279151
374831691000
485382564345
47120
5208840
133363912
441098332200
1036942216779
3574908331320
49068000
15478074046800
101466284
423429060600
580287963904
19969125
11140473309120
6041353759155
482845423360
1436641363080
300577925616
2806753573800
270794258524
1834462352268
216931723400
859739850
3036679635000
184882218752
2727387556992
617226389390
998297919080
520675066791
1242962312800
7372834796250
973436800014
1616730870556
3953346360579
27633745655040
22294497609552
26256889611979
2139114801222
9946500762
16415222348841
5238649681166
3024486258640
208512225
4542226887450
9117971034185
3739308300
4084535893776
2421921941010
14809737955320
328303888128
392782368
10156256
3254769856800
482937100224
198790594560
15430110668082
323175574034
3478411694142
2270084335822
512117972064
1955331371400
2898734447
1691202466128
2710052067030
14849242912008
11186229744
1763592384480
21748332662000
1147187559771
25406416152
2051555775360
4235467334616
16271131388481
1356577617864
1019436256960
18279747513888
13008397716112
3936096609564
9070553221236
49446271040
431611278336
3425410871400
5435246630385
171598170752
10822099353975
369143550666
5029811115768
2592952329296
214745440
31440864
3730306912920
937651795804
395122
21844744320
3190315539840
456695306535
13693393665
2520244968
23262379896
850302057031
3271909044
110514966960
98580636000
71432633335
3429542942518
528483235
4983010483905
437423426760
4125460165600
1529186028144
3198095
461486683200
384784824448
402782825760
5026529688336
444275658000
980880
292953114000
3838062365760
18114171075
933693220530
35554729920
8535412906488
201172190175
12851201587384
1030376481225
99641711312
259107485550
4880230003935
1820925900144
2396259162735
7214259826785
4684171985535
73560762957
13988277868656
8112347689720
277544400
3318309339840
707130131771
2561297263486
51869275752
17265355224
1841938335432
216613296225
68826011904
6532457659712
67719263589
2873616989
2715660876945
1334275594080
43273305075
2087354671512
2139756707760
15881088942873
2611767632304
5226051062128
2348502575265
7747778649216
4344210
25402335
522781272
10017970514592
211791476816
412967235084
10440202443459
4565800458240
2676452193870
1729881147813
4093425165915
5298648000
828156370800
5331696592774
2385517283128
1909954466896
17789962735116
110880
1994789013984
43568116683
4417420701096
74099208456
3479331426000
886390831242
8543364684120
4207088991000
873048570654
19714130576
267255898000
11047172935680
203649716088
1785610599
779793725
9135766993128
633998582784
15435181035792
8846667550875
4684935152
15851311469200
344799436136
819825777225
1436609702400
5597964578640
1067686366119
386870400
301453158240
21147340393320
22826769986475
10491998611266
1893537804726
165383950056
4922874000
159541529532
971865048
13117106457
372567982248
4728144481830
355599862675
162221306064
423674207880
3574998994784
9470069189280
104687496045
5025299345066
683240880
4444207472375
3690444716046
769758
1333439744
5779843869960
11406403728
63955355562
880539838464
18350825019
653002818000
325099665495
3865378080672
2050864190640
616171871280
1913183538536
8662472208
19935369022464
9082303292907
14496619032
1385247170560
22900014324295
47825095914
1583138608128
8751191687456
6171336780
15768033246
2615514874368
353106970425
10578
233535434056
7365364331472
10100054732625
581124731040
7915728928
2125780857090
190830405381
534194966658
126581528832
1721295177408
994125631840
376735524660
5546489135200
25831434671
7805296063
2512836228720
10780048248528
1168540634800
3742035423000
1458784598517
191612420433
525253055547
17484332418828
20523198465
1265186634112
122216905377
45757432064
12326529269355
1744669319508
13380756154962
71668279920
674100
646694248200
6274793378040
47528205830
1349080173307
104691535200
3177014933430
80096349200
15186585189942
10064012211015
12727810297440
2881977946848
485538369792
26750846080
28485617069448
18583817980662
4010367633146
22072989844120
1193183575848
20596212351
7349206080
4575650547825
7670164905
462969603360
577321406976
28044412243650
15455460636
231853823520
174382923303
1995317435271
928964093832
1503832512
893300705951
10479678547794
447379891200
8708422092960
4309419516210
2527502113399
173999168400
192924051474
5216955155238
65601549020
3922997
7593433533702
187026000
754686632
84211173888
37733899216
238673734065
17992303389216
1982925725690
1296086922000
2598077171844
2596988504112
10099973314640
2240046798264
267288750
79063790400
12049746416325
19543680
418103962848
7368342627795
2837587347
37709383356
3880676589356
35948078496
307089586518
2037503556864
3716226589887
3769713264240
34151388480
298937699200
17449660532304
3815542148784
22620473568550
15916128501
686101190880
2053088800
265098735456
99732498822
306103899840
4419014061120
12115531848
850106198592
142800415155
7807983314384
2657396423475
124042929600
3627083631888
4171995417744
1080414720
4570849095000
2594869125552
2659387488
13803855246720
234133159260
3905928424605
53896920
314823110670
26407239984
1917638197116
4262749419645
16215890489160
4431564273992
4623510433250
218507553600
2166484800
7517989441950
14200759005
33716270640
2657978560
1052066585115
58315
30630342600
2450675315500
248629940508
8711829320832
31014289635
208369640570
6567598710400
18244011450
2407664712000
320232581448
402004718871
31102582184
5906612322560
9377684747095
5115038359800
14709992224290
3565146008437
20644297063200
13239631410
435764664135
944455483776
570303847176
23842573016670
19623145872112
17640513751575
2142136689
6782740274408
3407446053540
29372760968208
26795510640
1090130227200
7669789854066
1008672642438
2029031074021
631721609904
43613067180
369493843456
2278010263144
1995751786215
846622437255
337645245
5374637859
14140707595
401302806918
16302182039
3664192858545
3038484228258
3743348032074
79659795725
458181359196
9338857000683
14679443170800
30906839520
2014740000
2193229803840
412286277
687706762512
9876140610
300956110030
1595127065994
1818814699830
516766840573
22571576857080
312157872
34604565055
26734829039632
48619253760
2645784960
20574306640256
3944830713993
129180486015
680365835985
126247583040
1899558740352
21635825985
289702550670
24533746560
1106365602653
8608133194143
62729726430
1125198508875
51816026979
2324854968072
36098950855
1864957629912
112189674015
1853215941696
943536611745
1508949120
1189679024616
16994109440
794860289
298242153170
319922886560
1347135391680
3978797681760
153101801040
563534748300
583930483585
349535535195
260966862
24043446418040
63714442752
612637986978
1606497063600
30991345960
2717782295592
7605894188640
151398473424
11099568872
1578727953176
2050009971000
17263729800
2827978202304
9376963887
528385440
4080622175685
2570386713405
829977958509
15330031365792
7082514845280
5490845305075
2429945090625
4719447762
1612024447415
2837072966190
3459553806394
11161818143712
6465916600
2214135
22888324564281
463102116080
126644422860
389714620365
701312311347
1238101852806
1022207670
48828928203
1511618046336
6404965156835
1426241108103
2896335338760
1323686889294
564400752336
1524250136784
16163834774340
532770106478
1443347371375
12936875918
25768181373759
1277697145515
34070788440
248248642399
3716625495
1383716943
44552343880
296651756304
6752829167040
59589085455
1771843775409
1860506864880
1404616051944
5024630364000
7234511316890
3562238850
909671623720
31339909020
109861918443
35144526480
7123487171
1720167933204
11384807720
933128279775
1465247334760
211163848896
1518686887872
52094124
465551856
4450336800
29891398654
1807484688240
2505047060160
170482584272
326609010
2656298528142
15740294496
5253543851283
10302543095882
467366945760
558571680
1411164776160
4388404589415
5192580075725
12281639453176
43357147974
3677572826304
330917236752
4056983749032
18141039784560
148886903619
8588032596
1555979461455
468135040
12606733051200
52443181245
2213306890080
2552473863486
21833860920
886328127825
6301811721920
5520515095680
410373826007
505193304
3062062761888
5470383965640
1390487648
389658062976
8552982629880
49605609960
225012863169
4075695753129
8163095856
5022696555
3262913728576
8391463225161
78570116184
487962744555
435076881984
1468014123840
1255924668384
531239040
5532345
1099957392
23449546024320
2900345358986
16399012772160
450587153016
197567592960
74856712
1666187282592
1142030048859
5764655618865
14184496411904
3338642201994
4793723349480
354040664583
2376225
42902979552
3664573989450
134304655275
2058733168944
303572323296
2975250668043
1486512864648
37875338624
9778196587488
18879577797008
3834200001824
7089393869064
956634969255
5375547922914
2165433628272
157628859456
1051466628640
51944782392
166117292480
310248704844
808573205440
15608986965600
634241950200
656005888263
4403396333700
21508338772368
2926091194785
4911397909110
5064465003
821913856335
4117523203080
3869256303
8108500781106
1683898605
14598422136
9229949999352
1795448279040
2843199853455
93769376
42050384122
3768176495629
29343545
7175364746067
420424702290
3626547525000
24616548529440
25689983225055
2299661179824
307595878800
11694685095744
486083745
1198679907402
386880
4367730659631
21511881600
589325175936
2510455584
553021374045
2335419273920
4027464223713
6326486830720
202606452555
20552598468
43364579310
3976834789200
452571751920
67858970184
24412825309920
332727610329
3276320968320
605975809860
17180399722752
1275780447480
483881085072
2862032858560
1570037853840
12535578921600
929300181675
11407006183275
1795476841326
4153937269032
3006567495
769807203840
11642207379336
7177318681680
5450667960
37688958720
1746539939680
47385802488
23662818816
15108098488692
28236332040
12509779360
22339507316544
1581782802600
120730585640
73733732352
3130217439120
1966519976850
90560337840
78747840
180037560440
100633140888
2525909445480
96222087920
643416363408
3252480
6281008560
475568371510
2018308304736
6171851568267
11583355776
16759528041256
60931434420
3727130609664
2047466528121
18417195402480
42531044160
1400201570097
10143377015004
8507465647545
10689020550
847681842865
2017626146083
818793025569
18547213125
35839944
2617103124480
292850283504
2093019380712
285140330640
52644902193
8163711826200
2609349240960
1347986640
8842207639056
20340592063096
2317578253848
4397107247008
71431242256
3595379762
16307459542839
36248054400
11849713850
5439425040360
4680693837504
301398009935
1359091484300
4894621626384
799460759655
1847892868209
16688276652
7526379857343
9294311385
12941389725
10284013782
7202547134835
13917981825828
218195241264
12446125541760
4902034372992
1165318140690
37587167640
621987568017
473770473060
896009479482
12809728
676679749920
646021069400
1266761615240
1134175479381
2674538128185
3692227494720
4665752000
36615846072
5073723408040
25208723020
1309498231824
286349408059
10677452925
11168580057240
1035770830263
2509476091661
4078272893255
1299703841856
488117911320
1117238954075
10226114976
2841055216224
101989752960
20655559929312
46770508176
2721876812640
51924332616
1969772480018
406495320
2460240
993761510125
180517772069
10819198560
169068354780
27009593093990
1895971062384
3444104103000
1219757332437
4047135565200
8943768137808
13214880
3426930060
49681915920
9335968785
4534650456562
18440446752333
3121041
11758995821664
2114444079120
1531712139309
2107349595
19773188741832
925069987296
1344368203310
126521001933
684706193691
1305410839344
660149415531
14054977298160
683757516120
1004514036048
11762053784712
8769683472
5142432
666707708160
4884023323320
71779666596
6587545137625
449891247400
1862789284332
15385430
15862536
197720317431
27008946990
692953629111
93599767800
27579795930
8697105519984
1622716903296
858903853680
1911206137344
450395516226
687463185
612147988832
11006975692800
11670998746680
568829705895
1798174630210
13378441073184
653972029830
101196224970
7599200361480
5933564256
1031340694560
156784216
2839003513437
28782188520
2669856000
882383891235
725467130496
3517442660754
473559685632
753562262835
3977130124144
6761374465016
19097054746560
292007486575
3921819491776
119699986560
1289236476192
2437017490944
14550532366986
130608793872
986338213056
6873840495600
18809901152172
344880690
55631249011
130611321
12136221369321
4334709707328
2433787854084
548922060690
12318206996979
4194660348120
119598576
448592161888
2375848278390
271123284915
10166814580104
6741276821424
20480228160
1199004781680
27645849605
710163513423
60018989344
98841960915
450029871984
586552754970
2550770128083
3524814870280
554210781696
1996069084296
2306393081124
806414540184
60410656613
17115573192496
432335585280
401181105
7388532922050
13386356214560
17637305175
1029232148736
9645464304760
2637662992608
1187774278768
20141481408
10027821720
206999425
169619009736
5068043981000
13350415767
125938615
451254368370
16397191874160
2212152525
19063648706808
4206392492944
11703102486280
23400632160
1710521318952
8483306520
5935031541600
9712771598040
4600506000
40883997
168472826496
5173276574576
4608199560293
5429341816
504788137200
6714976309912
187641353790
37525810224
1797059920368
21867238800
605368843200
1794998016000
9802807256970
405680170416
228945876075
14250309180024
665018205
1048754567952
2604089509560
4216946470800
5433219880691
112316475840
482667625440
915878560
1224727925970
4166059196880
263622242070
1664196079680
570407320665
1818576660
14484565175080
1159380848696
6699015475200
8623917336375
9334410625536
1520195658234
594777183
554028048450
3266753696304
1979065433457
3133731795588
15851621283855
22701829643808
496059
11352311425920
1419869445120
1164219650748
21511609581816
177596231904
3099096100947
2652840488958
51734582592
965990347959
568743735840
663984
1726587
27542174358000
22405499136768
3811226536755
534044752599
4043811774555
80172449824
100091921332
12219780969240
89144435744
7959587663952
967518000
1147206140640
843335328702
10836612744711
2682982974640
1311147250000
64984557660
1150509834
621505682238
3077321439360
9500402222208
8361037176
176170651704
3549939985248
258507403440
3584128080
18692862804
66298980
4551984700280
521503113453
8491921378080
2577790215
2020408634393
973273929641
4855630331013
995255480115
194815089144
5312367277440
902466318990
13396538977472
10156647348848
152611432470
729147332520
3317237603529
6662881094016
819456
6414666694100
15529133795175
2047397534350
155811857488
66669290649
1344429430845
686617558224
7783596182544
2990262700656
22823572122
1469323116195
781098470880
3619532131215
80352833435
633591036456
2712504513600
811993584187
11258078603200
10698594447360
4057509751680
12637778428782
2551517806843
1306147804464
5209436405705
942250147650
7600344793173
789152784237
11082512594160
3752774734280
268179087792
4476343309200
15732923990350
162054021023
4774424976
633882612608
219492198848
191462009856
27205499160
22551278389758
18284578313728
14894525039991
4167708263800
21710290863600
9937978469160
1600297902728
5084406291105
965568640773
222202981440
252766775025
6559729704
9220798247544
20244059149225
9624408880
27421680
105348762000
4123429721753
204890686632
41579901951
17501380385724
154692495360
985037088
2359753097520
4625947557000
1938105449280
8685135321611
20927232389112
117232556616
10257629284140
11671053974805
6021713066424
21430819203504
102013465036
7865917198128
1250098382040
112800
306926889984
6246739643452
721865091395
812611747584
1876915193154
327554742768
2182401837798
28083309120
11382268738680
36777957744
5046709121160
249110656
1538117788065
6694961701080
66224071056
373674439154
26240157855
10918004560950
7070118973960
6651737158430
9937353235376
4830092232
6565069178826
3116628695
1215901864320
1061283344
1340295816
10226710043550
1063145655
182532964602
913292541969
160548463845
601301082720
30615679400
137588147830
26349320530632
561348479120
152913531582
174792000240
3622103671320
51306645744
452518876160
12344836439885
880
15832139265
286421052
1600810553400
2472640054599
7075981519536
16062638921
9347970284240
1134203981625
579569098212
172194748544
65312704644
235086342960
151515
1803504131520
27654191136
13552319180595
2632924736
5844168856960
58911047760
465750117635
12204339577056
3647235513600
4841719707681
18189325033110
5692072296240
306096854945
6993241028235
1034124113408
22108132816320
1979986606584
2933529804576
1230679824150
112138534992
255505536
10973781311616
32265158310
25310047844928
12668263605855
199415604640
49271040
4055999400
684538118880
4328079811776
2698089382470
305845790310
6259119760960
55541681049
1506021939720
315122421390
7157784000072
2042776516440
1163244414150
11697892733184
1565385093063
35162997
1414045019520
12007410958956
2722889030400
659155229920
199409724
15667490065248
51444895216
388423130400
1568
96788271475
8753832389120
1116131533200
59033750496
452682308736
7856869054320
85556611792
681072924105
18520038982200
3374769909888
419136720
1901254619880
692491892400
6468434480160
49577431680
714560
5353033673439
286710782080
109443600
4077266740352
841052100
4098783817735
15114167889254
17815365965376
7844286450
3197610117184
15846313491
213828617024
113817740400
7158745127520
2565086649615
1020524332800
6655495
1295226391140
620984470400
1878339375
1782929865816
13191674687232
8015106792
6497062102830
936333072
20061849600
1937410639200
6051551435364
2519440723800
17029225699200
1805576838
22334483741792
60788931840
2647632102135
186891241565
3165524335200
3954782090336
448032528229
588001395504
922333284
3207968920800
6215040
3846399329088
81511657920
6516403736700
3721217000760
143723007
5527713107392
531149580
428443329600
442770182760
2835521881335
5715982162800
3700641210687
65648080
772988406008
515063781240
103160381688
65558511702
883332468144
80376259590
999494755675
9332642761920
1970343705420
27638310792
2795541850794
964884275316
7184845200
440370026096
408626673840
622078549560
62404869504
2412471947625
3179565760560
1234761948
1800162040320
4632736884672
10792603672032
1814620286817
6666482242800
25149189074256
231904155600
16139291957448
746968392
4693621233798
23072127120
419040999180
13107454712416
9806228958750
2905827478008
747982235
1886226492405
189755404800
2541527214240
55295748948
4088414456577
2340683101760
5006112758640
1984388443752
4804643412600
1328674200
13053267760
20732878489920
18765101860320
15211424838290
7207789003830
6556079786880
471340633
3568634021568
13766203329450
133607813640
4379399568128
361347480
2757533196880
2351707671120
16707738373200
8994558555
45543962790
365449476675
2870232499960
382766709600
390872384352
26820000
1101841818
3648159440640
73611748077
99687360960
371763909
17432753091684
4766049346285
7384273270515
1351958852376
770439986720
32709578041
3684769926453
9230542477845
430457411040
9070111419400
5691722400
1337278151475
2049025242880
4134247967200
164187717344
10916605196937
283091101848
14167561445352
331058031645
3333703052316
143988832
9222192000
1978557384
3465094190778
400533940224
2642345605251
1190687025675
14394576288960
52890
6891961742064
6633956074452
80014457300
4493243336121
3828652161984
9471600293085
5168
2643133941864
506769650400
5039944
223106948064
348243780965
853667065160
134762586015
34084702800
2029688799
3249091993287
13032719792125
100897490943
1903335447447
477089430720
25030574240
2212287494496
4874395949640
2323371506400
1401861107190
8026500885
1807875300
886594011660
5350235085
10621441552953
4692951120
3171545776314
5323248746893
9436550678
4289318970
255172927944
5417835840
448733909610
10759224774186
24371308192
5583122001072
13142691441000
609101020500
2951692421832
4293082619518
311355522744
6538054585920
225441879
114527232
3293061580065
9348652588653
637000640
16048129022640
150620561280
4266616137080
3390578601536
3057800172
67029768
14258112
731352549528
344779635200
96674594220
238453426992
160368936576
8915088
2576037562208
219209602432
3408469201320
654610418880
1408862262280
5313153004920
5367270368526
403854447150
2976327765
4741896
267961699740
14667720342660
1451183715
19034272713
4599719400
316646400
20493483304320
131933887200
9032978078880
1522023442280
284666373849
10237542534912
514648410075
22560587224344
9202049395
7588256064318
17454722446233
22865875588080
299126682232
32273600040
735024800664
92878436526
9611956035
266169816
1263473963685
697375029120
365758956120
2986449864354
179087922384
3569366398752
2128074378045
1206330913200
