1068546881640
3014758720
10548364320
399408618240
283249418816
11504982384
2517858417291
469560
4460998014824
31767945
98060444000
683626697325
949300334520
654808956624
5607103559252
4948477609824
859680423480
15759230075640
5632063632
2237390466474
100992439548
1587179076560
2464217109585
2949670331784
1267873025679
135520
20232859470625
491508235176
1131700275354
711833052069
82264170505
2506749811464
46426787547
727868226000
555122153979
1291317983736
2987617545
1160728627707
8137455929295
12339939343440
333298377776
8775433094520
1180437517
2714144963530
30769760
72223191365
5589873327870
94314474066
55654276680
465310735614
234446414928
10688158255104
52416267358
3511355018630
180221080
5657776341000
68546495160
4327237556871
24178329553488
3583938306960
5942440382697
30878989296
142463853000
108164545776
7642634437760
2118805834016
221875200
1008904528840
3533020283520
7173865649360
26232409998
945694565496
95032127883
17135082857944
3554539933968
4062643200
45841261905
374856247376
1637926836480
9307855141623
8461064808525
32379865959
679677886074
541301387904
89506444944
264133176216
55732611
585572696640
82719356400
6659342473584
240899905194
313323707616
677047618632
3371965557312
16992513465336
10073151606141
135935559800
2213419609944
1014634027008
43125831760
4080321392367
323341933120
18359544924
8367260697774
32836560
11090697528150
182359837737
923972212800
952297212480
269369415
97814728440
20828851318464
9503352138
2952936660432
14080110495
1258383131131
2609155640640
997859339188
2193193328000
1788879137994
288510874326
11616529049090
155412920
2024476077
1530452880
94522036545
2909732061312
3657780390621
27236604416760
3446592064810
6128980620447
17076096
1158207290064
1981539373905
14540250752160
1234466832456
3711126298000
1314938411304
1059908274128
1072474
22111519594197
94855236525
34521045
7772359863840
5393543680
156714294383
1490988911808
196441627824
15085143604440
30619927570
8462364248
83203586664
1928083808287
16632
4807380242016
772422336
11426418558010
3288421587260
6062431803120
3901457118762
13265278825
20268853363320
3734385950880
94444748160
2458185353472
1203986631463
205521810
1032191370
2057087199650
5071068941760
2479448619240
7777590347280
18844272
12945433843629
9390869528202
1148288445120
2775017123040
3451717023831
193648876597
60910878033
4104417790440
938075102505
5544928747080
25032489049530
6262930002771
1267389515
813839981850
3787674689115
1597507665600
5749618250607
4039717530816
1450857231723
2624295158485
53341012032
4609426725768
1881150169200
699482851584
459442786387
71084160
2808573191424
529652692530
590587066818
26321139
5434245477
4659121440
112613162519
11779475760
58456080
1753320559265
9064203978451
7398951173238
4286833636320
19217640
2569859489561
115258560
407550475992
1310544799080
1970903151861
3246215766557
624298779000
1123223598720
1233231615
7544479086955
149211930
763847920
2035442943552
3364939886400
120858200568
1117079331984
115794246368
4170943940721
6921085543680
3957023426256
1616233484910
32778776032
3891588369980
4070357974410
871419220416
6275455700736
4533470196255
126314621856
1032160456760
3018851416800
7439415379200
17808670439648
1280269082112
3184162789920
1528951570520
523254888
612446324
1510785940677
10898609709840
1577239334979
1074102315048
395337058992
818946854880
204738564721
4848123815568
1351204136100
236477676060
25195847775
6498506204800
18879276688272
8982781560
2326364263560
2045072661840
659909572066
1835341268904
2785290223800
2359482720
10150217401824
8289768556160
6116544
3723978770733
4933970820240
309437921793
1919794573680
154340075736
7568279418984
11479365599544
169687495656
9836706290734
15389300960
76264732440
369644539200
16626506835
18829136124645
12148919191305
2245952853936
1721693619360
47654649816
1605399924192
5999668380000
346922021475
5536850357416
12073274742405
1906100053704
10978749936
189359606790
1328298230952
26736979200
10765320420120
9122393508501
1136850926640
3189784533990
1290667313628
1377332263488
3506976
3449446281666
2397618241200
21172672479440
1191252473088
10093470029276
12325491860880
403612950
2270333364992
15515656380735
4804354186872
9055423047209
404898006744
13425692585445
251568815
20250764482590
1105399236993
909905421348
2715528790000
355581864000
13880710800
569998565760
672043773960
54565864920
5734072568178
1927081748928
1345919328960
2523828307140
15656165245168
938273480845
1326427732080
12953054491062
633120407568
106055671680
4734973592715
9475181103850
556566077928
1021220796960
54314899740
4262640907338
3297435243690
542331427077
115725816304
1717539169840
2659800293451
2022367522560
975430527807
38749859148
6387101134260
6257981997696
95615152920
2951124054528
18160797762192
1115041672754
19132605385695
3128054996745
38851827700
161037976335
131946156384
5436739440
408534934080
374615076
41340824055
399985604007
10661374050
240585301248
872651847600
993159648
86867356356
105854790888
1209357349200
267479703764
1496018278417
12692319177474
136244541510
19904033376
7291643541805
273587916
45595069751
535784586120
1423071989248
3942130213980
3550829477538
8903254159800
1238876538075
2339485556760
4007936370000
3973053
187766370000
9315211478760
14439417264168
12135378790170
132096
5327301292752
11404003747248
44986117680
2412072556803
2886303233367
2883569210280
954225885200
8702166837400
1451098202760
15319794809865
306426461880
9789036246000
3666032294270
310453123200
438631953474
431610582239
2097814920
520417600
22541677033224
987472449968
203091106590
8913781401
2420742499200
2068939768896
2184887683680
20390382879744
1402466976
20597270168202
2012140141200
94237709995
494157983033
71280
26963799520
375119482920
21982289974125
265045684302
11858015006937
2652591511080
55559838080
8070988534560
72785778936
41395068
153456533184
3080578600
153850274928
22437642240
44697065490
1239041175
17112266067120
8236484781954
315718247229
747484868193
18731445580792
5496834932784
7234511316890
8951346266772
106154516160
3373211438100
977790994752
257980947120
3067862748930
3191357265744
131825365560
17797087682640
1080355327870
2939776704843
296591805336
3278456355378
953794896327
8051092200008
3921444402176
3953749911552
12078380160
6523845678720
131420571960
99554638995
1987916035840
66106506375
9125838400560
4013327539200
715373056464
4385867026464
336537765
1909921922409
8780146781175
4566927294336
6939768288
13185530247351
333677559600
99012856215
4577886720
55292266776
4953333847077
1303291981200
3315469696
822037970019
108864514640
6149682
9208640928
6683911264800
50165498448
3442497936368
2251415758350
3263308993800
15455738255001
75548731800
1329373547424
3040123114144
205498851
22639528819908
274246789419
299597256000
17378081312400
4527162454515
268499820272
594729276864
6836451696
195205900032
13562786832
205923320
4261675831875
2805989306274
54547462284
1594097618256
434431643850
3227794597275
5750760135120
1659444375
2547777035304
1177701856929
12807133531920
30491998425
223073126544
1997592991632
7494106956435
2074508768800
127600857192
792423554241
2529273742320
760545943056
202359700872
1103523701280
4177866465696
13724644895598
138842706884
317910415040
245821222710
739595441070
44549370053
4743375
1761824354625
43733089920
1226786482614
4438206381840
6155536763600
856290839736
15395581428318
50680078560
2326314448800
29387097409080
7890234499782
4262788407696
268544819200
27220690637400
361098309
2837632914155
12641650752
2301207760896
25172234911815
163096290
3495227885933
1002692653920
19795917150240
17955335570823
264606390279
1659679874677
181840609650
713822481456
1567178357360
10103830890384
72679104
8816857423920
363973999080
910801774400
45718021800
333155247136
2355042760368
21590403473184
1313389063560
2925958982352
6292613547
408443230800
34915980476
10520911015615
12182664416
832418458830
7310886240
2102360517504
31717833705
2825894588160
2034328832640
51183846000
25515890400
9789638739859
380344319520
425653680
29598723
220678096576
6821386508832
128730012026
6720677010600
1543602009000
58689808250
2027216185728
787643265192
1077921641877
19615680
26090066595
84691258080
1571715493458
232813141464
2831665120
165115644960
2044296029776
12643403508054
399244196736
481908283645
6712481560670
397614961792
16577403945685
102926070
17108876730
457797326728
3640203161189
502947595572
5025236277780
6226382761920
3065142738672
180597752720
10836650618880
48523381920
90194587200
4297989402773
4827190373505
2127993243525
3937649747600
3066175292928
1269457643448
382575430974
26300999217984
2799102862444
80441790
20177640
16538557368832
8051648066739
3390639537714
12877556489952
2618131241451
94923589728
797604218502
56655781
156502905
40068800
5790671040
47953053000
6289342235904
538957238925
6811882000
20590560
16227288416448
102912818508
1754451567344
1076919118688
4347261128
657083202030
9330250417515
889110208800
4009988521605
345495646447
8949150
10225965942288
10338298786200
230016103200
5271674618160
2010937608435
3078306694824
129851886560
12260001276135
278015714936
9844365746544
5062611733095
361790877036
1134647491200
4730750362800
418896186072
2817255093750
2006604600
348031708968
22168437080400
63940896
112664915088
1330868913000
20223582253056
578385143280
1825642867090
235590461
1162054560
626789540160
4302769113864
4193477158630
16867279692288
452588923680
53328374379
381815526400
491857053480
28292826378960
195723505575
4582565840
37330313832
1587433676787
119831370516
455921755600
102424938000
1013128121124
1946673785
19179644162556
693208492200
14871741443848
509206950000
838969290
15816201024
2360643354102
3481147025937
309698298360
11777421487
123540658200
228182449149
16135959591791
351250930800
1519256512128
4094870425425
4274676126
166301371574
21250944
247610971158
3464225703675
25399565612486
4724665154748
6567192795
18295884756288
309331041984
1293645717504
1093987865432
3527067429600
1946439830192
51013937520
30374687448
38164787760
20158301746
2245570184528
2152961680520
78686252289
128209876080
7718598936
1077900669648
301798640
347748882173
590965251192
50306540900
3725441308660
8553849556365
18269192485089
12690464210325
110622134160
2630207493688
5662295655552
252287879865
3088342935216
2376171268800
20331575397258
3158284626591
5215216995
14249955497184
3058817313645
4065763466625
666008060248
437106859488
3021327147072
803712000
4940224658274
1985026197
20514345984888
1603434987000
161479187136
8111805482166
178391013018
1488440147415
4838943500517
13212855594730
7855658532864
2661424447760
4746837504074
479087963400
11400569904600
1957696359240
56961154215
535991555472
1013117008048
1277526328164
836139637608
114312672640
6572313410
3442874577
12310690027392
11488835160
28770658800
996406035625
1629756494280
248165590640
1376312163984
6857414915112
7170604715694
673677188808
923470951920
1506703471086
355113230976
2722235441445
4122614366838
13411691398247
4900724405460
179511998960
278708640
2398225946760
3438907054280
381092865920
3330495328225
5213432400
3459727442360
2758246813845
12418913760
3088071072762
463395591806
195050520
20906715613
2176922602376
147926283615
1043400968690
1840735947369
159793226048
5242307212815
3051589041424
7577872365
7536868964280
5770379654298
79285877363
401543274601
6949132737092
28408138351887
9359211117736
380094437106
103476240
1410009596112
2901405430560
3157236915030
4149263675664
393825308425
45048240
185051830080
6465942626136
3938197481100
791876631457
524133373456
8666929507392
14803969896
1846238380560
1517137658400
178563203280
3315459115188
15486042487968
13513788185490
4007618937579
1974620560640
9873712411419
333290747925
376491140560
12501926640
575673810495
1401844921170
1453424121600
5319844844160
38218095552
142397631648
4003138415712
2681547165570
9055800
10930017075744
5426275879080
105857120544
573202812600
4659850377120
74971298400
298656462
411374738
3023858540019
1800480
311228747280
8176784440
13480754138775
2187516060576
104828472
486927811188
467890827
5761837626441
98381453535
2671069664592
729450431190
605124871722
1197232739664
7299527079501
337929131232
8277149312880
238313368720
1761133710
1102699671255
249664503424
715660918693
212177375872
346906560
3075945537600
11225870973226
430354131840
358614072
3855868165947
4909899075087
913768868544
55597057504
2695335122480
3383796176880
3460510026285
852295022544
662288832030
9457655622744
151362316160
3490861355608
18797530376240
8645852461125
52254215181
2527251752451
5360050571568
393173267760
159445209000
4598562221400
223109857968
2390609775
5060474815480
3750861186160
678730397760
1736728779416
1444236701292
340209434880
1235745560304
6050103687012
21051328864
121484985480
458736648370
57081129000
8276398535565
50071283766
606779769783
5378288434920
1692214064100
10323840
10229215883936
7759616065464
52620490880
18163932695634
16532146581930
3984980038215
1052363671920
3243263067183
50735646546
268127520320
4339201199025
114166651665
18530822392852
1507235546055
5795332196121
4701356248545
17772480
4006331457984
8736255
1096137192345
3993561647928
94576556910
4406381514855
739647148890
56076384
13718328936600
85786812276
93986681751
608253560640
72586348528
14559120546976
39255659888
20554940736720
14631933857373
661201798530
89220380088
21767228917632
15377460
1136292575096
197790225312
121648508640
3336543841245
6601162618503
3173890227072
2920584777957
6731616640385
1077433981107
615653043213
503486541765
2921182600
239039618400
740474013708
54930373344
18679240357065
884205704288
2104699145445
1854153698376
6054422990616
1401429148416
2661611987034
192074125320
1472667868800
8225637029288
38270794152
22439920896
227869364800
3437272929024
11300328584640
1127054191725
22269145857
3325126000896
1322065920
326714114432
548740659543
206115844200
2910695457384
4210987176
3315065592930
19905028877547
2124802849455
3724800
3145794606912
8792015427450
821465837280
18030000337800
1124553212613
301523203548
3503153150560
177379638
14252815240650
731857860480
8877460511095
14776215147072
1781446070976
16401302055
156382771752
23627351524959
72522240
393092758080
318953899810
4282568253225
45023224500
4345084952736
466132043664
8287616864520
1876884831360
9217730816
1536961831704
25554683840
608147627565
1759435647840
9774342358785
2996776938285
433132462080
500170275
2968282204440
3822310603419
6760378315488
3018618418200
4580601879360
6786457796976
27348987336
565792085880
5082099608880
16551105313344
2401461660150
68128466175
224758725615
4858282022238
4818536346624
3346945187040
3172272081975
1128572230379
2268047360768
593746663440
3454910915995
4450107169200
5371564761360
1169756281200
95347804101
2326093849617
1360942236528
9863035069860
9218604448725
44975665721
4082496211
22299785700
188829315
33732608
123808357200
87028530963
24747334909
268089161457
1919346196950
908117007000
3817955115
82730953200
760445598528
13767171630
7549793478234
3068058913920
5931748630725
935520081795
834173568
210673602909
747281636865
35059186833
3514801999632
4420112520
7019584895655
297521907915
111883590834
1626614287419
225785178000
5051837247912
6883440
1775445045395
1525910176
1591208265062
388341584631
2514379994805
3084834381360
7474657511139
576432179265
13071810470598
18687020679000
592933652435
406696197600
1485757768320
2859616835537
1214968619520
4874504212776
1854637668
2152939673430
3829702800
2520490151512
9178793311149
1184851800
126147840
306980522928
5960941771200
1628093241775
925590948275
12994993019808
3435872284545
10026835745520
358732800
3338544259120
844343741465
9297933144787
491825155840
3316192653552
71744796591
2383942998525
1027272270780
1327829230650
5689774551318
1085303297496
58113191221
92096084954
4352846871096
124688029800
139144910880
230607095669
687347302880
1035557720
433934104496
163433088880
15318503200
2943312793776
1617971704371
1729682262000
3302672256
83635198920
2984430540930
1728394928306
11079172119123
875073213120
941452236780
4294416830088
1178527963077
369660989054
8115916322028
1064778
977771217855
928927743480
1305193586543
18254801446
4580881851
431764582442
15629640
3327695558520
12149832587040
417845699544
5408413920
2015595785280
1965939046704
255252434052
114026
597963414728
347405436525
293503805775
115215496704
308640080250
614323201050
29000241270
2939060835
8623628876085
5613213640105
6507104800
370212293451
9984440401200
643813995400
2844522946470
3712581731000
110276389306
3198336044400
248661934848
4267154161200
10359597578880
190628265135
242976078
126865020744
943096428288
348071328
74543554800
898820938440
5079617680992
252004424
15935237100006
238284538503
296596499661
268632
875453096430
5270977560288
943981051455
21164644306680
330337440
34166221736
203919981520
1636404700488
2656306993248
876948991920
9916120890381
261145344
32245013760
5676265320810
656339452440
32212620
7661093440128
438177531
3825820105800
72540629784
94709558400
2629630376373
1897479767040
1549700807160
21910269438480
464014682616
6361448
2960994457800
634943369368
4179382968150
4625808558048
1334072894252
1078596137961
102746510064
11156791409280
61246498128
20868745413352
23718235256040
58667000
639351530766
1404431600
275801400
79450321860
3745810412784
8918644574400
5210501774400
264437016179
3508249765956
550790665776
3708254585088
2153740750491
1562968790544
3587097570
89902116612
586476287920
31798176480
6592800844080
259445077551
4092670273536
2263825812560
2171029603197
13228730144784
31562257545
11460915180
22079136200
4479590328192
15313958832927
56271117600
360377401065
18992077838568
20304439380456
87352379280
13502722848512
419261589120
492728544
3185299720976
4027592188620
131824144200
236539968
4201800
11704920435
852349944218
6949398851712
20765157252225
4171404898752
203679
16874443440
9691899256080
5614061074611
159151714618
575168324688
82409795
755784424680
43124401320
301637107624
1011628381995
112011658785
5896130774640
388776664152
25635316800
17158400454780
132432332928
885453588369
1250214238
2821836468990
13391180609413
3013857289296
18310897166340
2223825107237
11290637931480
4048874509512
6463485
4830071732304
56938154160
13422496560
71077117224
104092830
6801105529585
2861828640
20405836752
793799684176
3453877642485
4830660520816
7463662830624
16293953413635
1637997068694
197767794832
18149168788774
4804978384800
76113159975
748646432616
13378476835296
954557650816
2962398722580
572672582320
4948040493270
142465299552
380065649810
17098769688
226936639467
8592692352
1686230429969
4879686497167
2689122633960
656696481
151059504960
12865230130720
370309166304
134040720763
1694576515840
641888175
17649029750
444663215817
1363949024375
4464873802051
23115827053389
725978929291
13793712
1288254824640
842248986340
5559873148335
4427544375648
3334667440
307252376472
7666817184
4462651810
1335788694624
8957543928696
2387731214328
11426071800
31333514841
247282038432
4164486107600
57094146720
14011034443098
822153958080
215819872800
129062752
8806619014200
2278906205400
122222921580
476304547684
124331480064
7716737857440
1150301603808
1369026960
1796056673040
2878739429248
64943889600
1008462638970
12881916898752
3117692563200
1666479337920
137742165
45107151040
1079589839328
2003326505280
39920036871
64610963640
14397977117966
2843365261434
2777036389848
1617261576192
2358165902400
27878783904
584698496
2637119734345
2867837099220
358629935520
3575792828160
317701440
10122290285904
1183478199435
14241324720
968640450216
535505083272
38492417280
166513200
129445363584
9468187135440
254368919475
17189405178099
4294516948128
1264117740479
9194096808
3080
361750671100
5168814896700
1361585696688
123776478
3066550996809
43824797856
2782494
625529838720
201410278760
2653123977522
1314019548160
202488599468
845161195344
5512371967368
262947317472
1905267154065
11760333555672
1503152640
148803927255
10914621030315
25712279965620
634606528974
17812854864
3203312475951
407383958916
1670523420060
176706288
279295380
3092856371906
233528833200
2802373759872
6029854205312
1443049219179
152722524240
3741762878175
16295336372544
2398000
2596188747552
13232350123244
1569295815096
53504339700
116390233344
1067155955685
6637028444640
1028354949219
741513060288
4926303504
737082499296
3161159859500
3354513511200
951112571904
28241103624240
4708323394452
3401199209835
2897959434240
1562788846920
1968953751550
4284919425000
680138579952
65523419745
356012977168
364392242172
165256000
6281137760000
13925470336
10499573749896
179361361350
160622453376
19031328167760
2831197357923
13850066749617
11223838080
634740121295
136319787
10824778018080
2629630823586
10039681267968
4451903232
209416650432
345735126
24167813376
10754543670920
1221402950910
1821609201072
691207419
2170310679810
449314941200
6536962617600
88615834665
5185760409528
1472012655750
5498239929
4763930884779
17655083808492
1975881474
4412671515504
7731792788760
9667696454240
9477391344240
281749425
5102877176320
3677802993480
264504985080
12911432457231
1782955168560
1261491517440
276359436
11299113426432
5728050912303
24803531640
84936723300
69935200
24188397415830
1504508927448
3604801536
527627392
4088320300871
8521905672
402379347825
246486490880
496171863225
2350268542776
19921416632712
318467438784
2973631842720
2119898015280
291841980183
2711178797184
76826164800
3267042538368
331545929481
24293342694288
895106199
7589296800
403156628435
300192214112
394700803600
32374864496
5402698553448
1192063674000
179140462272
3258441516096
3327785329440
993558178054
528407107956
45795284199
1720215
71767342086
23649925509
149794335600
4502554606800
10875513600
44738817920
9066631978625
3877046250464
1578024521073
2432437248540
1032610948820
84690891584
4651187054907
11205653340648
13890006001872
1035774818898
11457053244000
24472837668390
21960378957825
1057021068360
2230879936725
2445475360272
15839303546616
5005432029032
92768982496
3812677856
102104100
4755776256126
2371200379065
13549680
2595069878145
11541148465995
596651216175
8236080
4096999382700
16191691614
4461077255096
19825669624325
17249393720
2948724158040
10963036149120
3040833934275
133113306
2763529682115
1201611264
116009850400
705814109
7805237523300
124190322105
18240
49818321540
56045340
1707518756944
1930171031088
20164006277520
145413855
15352800960
410222758176
17687339210112
789593667408
256919749528
178397524544
5961741815225
124856328300
1714907110488
209811290
35633880
2346732909843
2917676897586
698786112072
81197593680
6963896225
37953284965
619216117902
2564807952
7578010922619
951744662099
1027085664
3426082095744
442037230845
94455622485
457442937198
12267020075625
423187808160
10647094675464
2236059331072
45160505775
2248432629200
55366658865
7773621148800
4701628800
1483179920000
4939771656765
344101875
5076148491216
7894638797661
374674666522
3744153815360
408946947955
2711889899776
863880267712
9788500003338
391336218
3619420150600
112329420903
4862033584320
3159145586688
98779834125
5152000
1981358416232
15353254219875
37220767155
55633391709
2829349875693
98289385640
1307389592
1740271104
2494763246816
24636524
13143177384
27761342320800
4046199100608
18478162560
22142329312320
44254105560
1343683168425
3706410357090
20323691505
11368015835424
1573085381040
3154773806280
1883247718200
719731200024
591290280
258742385367
519923083680
4367165840247
10096249080
465791171736
1913928265340
457172496
8078227843026
418871290968
717412650664
1197233942736
896947884096
6599430742788
100941627360
2712437880360
61302988032
160059822240
871390820040
8796066284400
13084290737
19497943902000
867859095744
66463409355
57912587040
17680519730640
1544290885360
1858755755120
603711264
5089953168192
4675153228416
5944143139200
776165600400
72089684106
47013246
259509945816
129905571978
809370515250
21899905605
6253521678976
22978039392
6878410418880
226550992864
8207795904
570645827928
690875759480
501847781240
5540550927
111423424
1683588589920
4489030797120
18062154509904
456900877440
6790716227997
2478470957352
803165400960
7434634342320
7001242588032
125174338146
1592224457547
1527094104
121524132000
118802915
196654856736
51699056640
181520037540
14320257792
15849380131068
21270104395568
3477779274936
138770709000
1238976910080
831493278
1247564788680
8232168375081
1334610282490
4934550587200
533638047579
7734635857875
144104852598
3356928
43923879732
374948061880
14286775390830
272378489235
5422082548224
2433253682475
3001265190
119345202000
4168288020
2315459776
3195016530144
9772590155328
403191719370
345753469152
862857631032
166866756285
2686240048800
1516353443064
10993332530544
20564904178953
7587265196016
4789545086480
22829252040
3884802042240
1578896234496
8714717332160
12046964245296
2002925321
734448960
10827642728304
4757685325632
106453860128
23767394345580
133969234707
24323748450672
11118461280
21953884570002
4667261445
1621936
659512994000
1143544358406
829991669919
1882260021000
825837325824
1322425430466
5122508959856
583928019168
224267167990
6306503743344
11812416
370916455000
2387026535201
9374144446128
74980816155
49614795
31097238480
2767578708750
180960
162174290616
5460845546520
1518065279520
8623585714275
646871242605
810018618561
32934022905
2359080296859
5416035024717
13181503104
28230097920
7933552428480
12331183200
6858533795250
2732857426656
158675055
273348753240
127095366762
12956491971520
14772101502300
14237352704256
1210055069544
803605736696
44395653600
533815160760
1700193678325
22847123
1069649193600
467858616288
940366994424
12662199191299
2900072203776
545549079991
396762627040
269528454048
1545924012864
2116553741118
6191649466464
987710151960
1462273413780
771205253553
220437000000
4901018568
8593591149216
32446121400
45781271319
470081485104
190431006150
3566522840100
3944369310000
12599981955006
240537432135
2857676610480
1353556137489
96338875655
1179374147520
20376926137632
3326264876322
1923258569170
210468564864
4214634378513
57173783280
1741489771152
8051658241536
2067067422
22937259600
6432431978880
346855249083
7509387746190
4061692606671
116305686255
4316827682601
242845142463
3591921682125
64679930861
18336780188040
1238489690256
1788921474813
8996474464304
105787903125
5081555779584
459221757390
2582449391352
39368160040
410171580
2379392740032
12766708396075
71385312
5841569960352
3812868637152
164116680672
2721757252155
845982848304
12316814160
1223801733925
1840567085568
12520548778179
844899385378
2346366247296
212393970061
6149284683795
1354578568200
563282142720
201113109
34620960
5056004069865
1185144643542
1520866579170
739809249075
7628264445240
7193966659880
277777206225
18088828155
502282468
3414454219560
84952325480
46437668160
439506676536
3899231193474
680556240
1570520
3027154526600
274083331538
20812069996950
968876051440
2463353123495
14932175086290
10156229248
2604034725216
90742008192
251372811855
28124762097
61196956839
213177840
217559556
1170749006784
3504594593500
11890562169824
21360532420125
214785874569
12262148407600
347119138755
7214146758
1861486200
4143595808472
28469295842
834446290080
12608941115376
700967736000
3087544605824
5456792472495
1155585094715
6540871811280
77537748918
1287738880925
22624309502585
4970397600000
25723400658624
7093734953760
1509711
2795777969495
359089644240
10121294097000
33539265504
75281593
14838405120
76265147400
4383543869199
2660760960
1866897630
2230500814080
2805889630320
144057354
84700871616
111388540515
482079105
865311705
2778242062145
3588245527440
20070396
87943913145
1036059048024
4320531842907
21648818880
587502906536
122519520
1905829236432
2910862046400
968745967728
53369006691
8510443099000
1627395017960
24596481319578
3871402838784
3121097689710
57722769888
219049285488
1862682959256
7341080392800
5545270790536
21284425680
100929283152
3830843327232
1883517224960
11541057024
6268274991
567690816
465889600
9072623958612
853368965805
199288320
23628947496
56769817905
978410160
7669759209840
784195694163
3073216989024
7974443502908
1149816000000
200299329945
17806332442080
57531125184
59257773680
10685058101190
2128209027165
24942590086662
32597601120
422092342
291238956450
1177067767212
424817862000
273650480700
4626371943000
20305489050
631541691225
108694875156
12204980488500
110167200
7065698808
409956097925
260760216170
1899447692857
2625277276560
55220704
8579393550
6027713481480
1908902987680
15694086078
511437352536
75519030645
544271041776
3654493136800
793616595993
1536650955840
3414512734520
256490074386
28639479408
143778236250
4565790298160
5044839176664
4974125826432
4375372071717
1627638416775
37160245536
1917589587199
107218280
955419058932
4255864282560
1177623095328
5740704337032
1343742399363
886122141535
2607353804336
4045060924632
391192032
4667988000715
120501232470
27904481651085
2914752000
876032
15791478659550
6261671114400
141635325807
204854184315
119550591552
887355375
9829112169785
356801136790
4446894867840
7588009800
2229950622000
5045614503095
200369820000
730796035904
1770003631680
15387970390560
1588309227792
5960755227543
4951011744
301445291061
2688218429895
1747456322960
502091887220
393175256320
21652281456
7886588875
642804314880
3938509605180
2586463376112
2185683657336
180283230
3866087248032
270837435
19173631586488
5857648588650
222007764888
1833993927324
414951257088
69313824
5113350358851
7336507950592
4656845695914
1169648406696
3009868799265
814255300
107893991990
624420728384
1013016589536
84831912864
4192940664
15822881318112
18889424156673
8471671918083
18316408390560
238835091
107954940477
2374439017500
1668531533523
6493032025920
67216568430
97932702210
4933736799430
4180999387136
4271040625280
12741612200
2059838841511
8844983040
198316390272
882297802176
11965885485840
4449082526603
3678175475295
13083891802080
2469107074362
411848999993
2548492135080
2120717690604
1648596821949
22959640234476
6047807003859
297175023600
32232192351
20385179008
1479096965307
9687306192
113059050840
15449819425500
1228270809909
677714767380
1048781460000
3351756986991
3716701524480
2804826816
2659793920875
4549636000
20922412846595
196821752400
5816538566740
503567987600
9875740433280
9685258968
5577833809317
53419363860
2148377967
677665413072
2870993981520
242568090400
154708488
15489208685790
4570890855160
954009441440
19087607545125
8278169743920
6376551552
592866119040
8702891419250
63109520595
15985954930275
373153181016
290241210400
65116800
71040096
301413536745
13068873679428
2833940089125
14243305350
13113009178048
251502240
4723099771968
372140344800
883363098495
13365481008
3210468909440
1080951480690
1102789296
2221838799552
4907805459145
3271561911576
136545998512
46470223218
2481536702624
3515076785232
18811365562
27453816459184
6679827
471731237100
364700934
9948194239500
1030762101360
50292561440
28057924800
2511875305368
742756117080
49348770240
254536709652
988126972680
186373458315
1390137129117
1764490693170
2027748588480
126283900320
1924200098109
80265344800
45591366236
3634466354160
5369229051680
208874160
266015622950
2027713633400
9464472922464
5832176430465
13596004684350
8868193842936
946899224600
816382837200
12267415705545
1483524718368
4383146110000
7021099899
2022947960040
332723458314
13407001273320
1918328858406
196949568528
712595232408
650464689600
1070301573642
4398007416848
5275690675143
3166587703917
328136274
215369570624
1293826517970
15656820667950
592294498200
117587627199
809632912944
5010105360
471863508048
4210706363640
7679808
1620369586962
766267540
23046869942496
523450273483
2848736078097
42489150560
1271782820880
92455342752
513853348640
374676148800
670296725
168218400
1339428063435
13441609015599
5024549281857
1686489915960
82773562575
1189875834840
6817831235784
15133693664925
32672640
2138896560
25567756336692
199716000
516017459496
2118279304504
1592654917000
2966253846710
492986572515
1080254872125
39910618440
3587934375480
25369894711161
589200887520
4998072409330
1044990124416
54271526400
742347338112
181877508208
403077036096
7852462639850
1879459564800
76503297840
8557127533640
127976918895
554541288
2776791997624
24037681206
21410322900
2282174770
2181659040
3956486563725
8931403371744
2050949966148
91733255250
21982422755
25448070452080
4349319362484
192915313455
94054304960
6297755571450
12627338994135
630032478075
2380081042864
9143309716320
854033008320
153571453200
6090190677504
199798670400
6683362430976
5374507253520
302682304512
46502539512
115073740
16640318546460
6266226485904
38546046
5608191179760
156358842624
15794013441624
841082595840
78385316240
14911339968
90114923657
268546779
2002350666624
3697685583177
2926584262800
49089968544
17216741092055
1786204886985
2848244726796
260017929
655723522320
21793287101430
18258786133728
5574707150481
4927751242128
53674542000
342250416000
905898054560
1000484534800
1149282766800
75859525
2706098886752
3717090
241667678502
835203600
18660125697762
75935999040
4300137418500
70651736835
68945736552
15441385953285
1542363813114
264233976960
523018200
19635242873400
144648450
409071576
39599407232
6824298447120
44197724025
129335393264
241837146144
5048265732081
18329924007080
790473156984
1811071627002
568206387770
393110592576
2078572216448
9751521152610
2619238791972
19306120
3488452425504
599476473960
12618447752391
190037000022
944569341625
97471440
3500874899280
83613669046
8023441414032
3366080713240
874688323360
40733508321
1067484491073
189708624600
8909824
7735446904128
720596723112
2202546843860
4302939892449
16251256540674
3039888117984
377912156160
1925384253975
11895236992
21192600
20530379611840
15801517824
9685728142200
18440404139080
920458297848
282178152072
184557234
461730255624
360555342621
198301232058
356243778345
4902326632800
44018039520
8193585639212
228559139897
5217986312100
4159027927960
12000576055104
95507166120
86816361840
84637469760
19402584768
314942177160
515703104
2021940799648
21016502666400
439281081
478549744
2390670018932
19775219672
331944917535
3317361882120
6660570150224
1979995331
83596128
6200919410400
20214536536515
2780920383930
2418912234559
995188964000
11005337871528
14729334949125
3524276536209
775313619138
8383962971727
3165714151600
2635743876000
23803166924040
111874677957
2532722932560
1585151866820
4692196206144
1697678837904
488478144
1611450714095
22353920
224499967296
48792495024
7052831709330
4941462778912
2865846279096
6434032354200
25229017920
4032832091552
11771443008
7639866508320
1860125808960
7523423835609
8159588430
10295501553351
1024310979600
22981766920
2247931028070
368652424296
12101518856256
10753640064
36424600256
3960365910996
389439673875
3888194361723
22729427333019
1700675861670
75696291720
24660933248
967117863840
4621738436535
49142849280
1854380752875
870154846960
3530711577120
2804566680432
588874698496
692460438408
390180719472
6541963271184
2697028453350
18383523859470
74575683
1434625718145
137788072960
740864652126
512596704360
4114227716416
77827563
7829643974880
162173966514
394625296416
2941285612850
866313073080
789271445568
2585459218734
4716990958057
886798618080
210606903213
414478490811
3078919656
4238153097003
3153390920064
1025660784841
19730422718064
4549789957232
607906345200
4343225307281
2723897081520
11082505312645
4395133812615
3836217985875
231762565440
583473915
17956524902121
14152988880
59979465
343824
3917067061320
4320745695040
3047435357967
83063985984
2388663222912
6793128287484
8943479412
1835871710680
3908252833482
1574232
345850474320
7315195182680
32790718920
208806921840
48117921912
2749825440384
8952889681653
3063592428729
5168
2012910050877
18645293520
110617043040
1892447878176
219990441825
116042895870
12528324000
75515377896
68737986096
5151401990262
1749975771250
144369065400
601309941453
137714141264
123674084100
2866439711447
5373037454400
13337663095488
3362903123475
1128768189705
1325380464
10661325318270
1810200491008
5788430987
2510253709605
3525589938762
87464636325
1438405808220
959446685925
1018103292912
3816420786426
16664364874080
14501432376
17903132541
91937304576
1256515813980
13686232127547
1494833376960
6796142784576
716560
2475597931893
60241940601
36878340690
2911389536000
31469598160
1035237480872
561561
1359894866400
505718796576
2204432266240
12477322368
1112745849457
5996902809312
2134817162637
8136673280
2692562923440
764893942956
162030400
404366324355
3861016958880
8375434200
11753642233160
2520343324977
74843424
1749053623680
11736690271488
1912349564615
1629361745088
1310306861520
14177295710940
60963212658
1664331552
161449291278
954086903435
710010012
122614127104
81145957879
4763640
4528036153875
38748402136
23369196708
3231369606696
36748051680
1776907227264
60286326800
15339109351635
6744845646
882161700
969768973800
2054599681992
5600574246465
6771699575065
324860336
211354631550
61854327408
200712631000
4549484218600
81063039915
4282975293198
2743827467040
181613055768
17413992366771
203599231092
1781813085990
5831193312
4482013431720
85074300675
580074481712
1887410110565
434002345
110212422504
4581987142995
587783435525
2687443011000
583041690000
5176961545
4220951583420
1586336976
656677702329
4560315736719
13157701798032
4172041696992
1984621776585
17876746473552
7723221975
987929517048
200154027000
16919383972920
16951624734618
24511134080
51709054449
9837555840
14221228316559
17501092906689
7763088274560
12336618983715
28656948552
18423049741876
62002538703
2296814388225
1669186912107
19861093056
3220783577165
346076265600
375690650192
15754079760040
2653539337340
473663358680
3476213254656
794435314175
89727096
88211243120
3856934174144
217198760832
10422218251809
1451996560560
3468112280433
92285216064
9722737401300
22469080834200
1370305055808
445100622120
7692776662144
38000
4750845912960
4439815400592
1685951988292
10201580640
1040028368496
4695120519984
34613943168
3247270492662
3269555745
41117557365
3635539488
7641722915424
1195654563147
4892424858819
1940702655681
117814444650
117073166640
309465891504
79620995
2769729082680
20166008400
37285990368
4696518840000
190121619152
8631187419360
43012251072
338530319712
10516888843916
293477400216
4893247080
6496712199315
10579802280
22988579041800
65896191141
2773014469632
1340646215265
699922146
10355649849468
92717887080
4632826131024
3483471453891
380875644375
82223954190
4357871372880
1110701391855
8242471104
9847071312
2596170183040
31061534724
5593683688490
6337671374130
21134955
9607572711
1295487214080
64817117508
9735406991856
3372380025336
13838800132927
2952238245264
127406565
3103049587695
41964748800
254903058032
7022700361530
165379890
2772886572525
548439188960
17191028690700
269529609135
25344697215600
413701275
311860346385
343925221640
56402496
22092006056120
1618741188240
806540538445
198935239041
3172324520549
1493552844000
408173662080
12163193092080
6630541932800
178124077845
13601598770710
90531562
4578830188200
14166637715328
4193499330482
140653939752
497237205376
883285160160
3236334060960
1594625454240
65946262655
40686025632
18128413581
702145117632
9226370874148
8133652850400
312683163240
16440334295
4481629932780
955383115518
2813226348702
4601062860
657455649200
3715943966128
435946312128
126924522753
27023516520
1882856252784
2689134202176
352322828976
5491626071360
1163806118208
269840590800
4874399202816
83427003
3075449788400
88508351712
89835248736
521680573403
910117373760
23264860077
4049805272366
3905631436320
2147083914840
3056121801720
290689991280
2176837324389
11583699585920
25560131196621
67589326350
10068397272360
5663961928980
1450585190920
2293840863608
325716767478
709039537752
41035872585
8553412163208
5211226093920
944875946968
6043605668634
11161563973560
404947200
8623485441375
3726800134080
3416501995712
2954913553335
10705658763129
1389983722335
5953839538218
443547261696
141512634450
216373924855
159997200
24292504571720
4109489160
7055640919740
64181376
16803697348248
37521289344
1288035154770
5730099057480
243984
699814803264
23618916720
569533332816
4763390451134
241267860229
10266402741648
878240664000
1049984991000
913239156414
23193746015505
6229911761760
41901223284
4520350230240
349102480356
21012756846015
182198294850
484052725552
19643766683427
1180021073301
3772704097344
27086008033623
44849474864
19096197948
94811817352
26149166542824
13307487528816
13850317767
1523620386464
761861940
191234413440
497383749232
816704950976
12045964033908
2600293146
936911647595
1912608634878
2239890960768
62601468280
3324809143887
9633632936
5417860445088
1946309137288
2430048244743
186640359543
3858498402000
2299880535939
9294930060111
399430925103
11088397682544
6697130333691
665817280752
24309361296
152493803010
360930843237
2132703818784
34706768880
610343118000
13838065810842
16490165895
401890682160
5647033426713
100568305608
330762383757
4244666998000
19730764263
1474149246372
30139818
10734638362944
1099988541459
1264805288790
740951455950
4542590304
163066930980
3470460117124
3942580789224
2000954520
1007799474000
1077807039852
20766829680
4569692275421
186444031290
175787658120
1856950981050
356938344672
18829969169856
1868295300840
1153247110080
3919735453050
6898924227520
4590198990000
3077178622518
19219331788160
1070392170672
238392442008
395927212384
20502624487005
10296595975680
14804985228
1368692507136
11639683890
3288358089093
2041850462400
2070346961808
11073197876370
1516800
3307130970288
1223576355036
5143804293915
8939467700064
864796512825
1723489490088
19064811024000
8899402743
659338194270
32450363696
1253061181260
855330348264
148390617060
8917339200
13074213316307
10165962898000
8908229696124
18823540360635
1214180989875
3320923621440
51448782
3968588750368
3120548298144
20082482223
32220000
875321304
4681348843925
1536380124840
39093478192
1553643208155
18253434675840
1456492060758
29313071510
26491080
1917715486876
4074944451200
1986680505096
827418637584
247629489378
4141244250
2582147880000
138354930
4021899248640
369658260825
3023551062
227934220800
350032109160
171884464990
35406300176
6680283870975
161817615624
8005434151365
5735948854851
3127016313425
3302135652
2760235458624
4008073199520
5439339122880
2726585879808
27754213344
637551127500
14317776
1094061498950
2817359491758
153595918392
441357840
1830955632
26154591221560
13389235200
13197375403160
11456502960
5287546317284
15212549191680
3302823252440
7646966082336
21083090459512
729522071448
8530872000
5896034475
662590416
6780337102728
13853248968
787496812480
2294925577317
1469701705680
5019221086520
739331920800
153871465
2367324586275
2908686458160
1470911669120
19197459450
554253473865
299878656
6110787644400
588788063619
3282830595
3153359979
10761806137824
7174007202744
107546569515
68212710576
4366952191560
3844216231200
1285669840764
630628961
279818579600
1599697008
1867968227853
687932753256
1382870043735
144770418184
3862838657915
176445990
101762392800
583489261440
72074880
507127023000
5476821040815
115064377133
1802620260000
4460570223120
66410152704
24305293298638
77986755
232742968575
1944936475776
3122459737551
17551500265035
57557324340
640125247872
499675084976
26020185380320
1116645075
7588171968
181154987676
45112240779
109170990075
175223093360
6569900170812
106278712645
12382032018048
210918641283
239323428480
1630794278295
1342121941128
9012786413600
7232254303365
4180552290138
457480945152
5840990001
709011893310
244872720
509873709675
28950979008
5156043601720
1435217520
579533417922
1420887938328
29487032848
366829952184
3104896960560
2784846464426
3558134049280
563191003760
15554396665299
7557865341186
3134511710400
12489778015896
10638708052060
80049846504
3381784582302
162728594488
7517493428550
18557372353200
182933272520
6632566074912
1351433756568
10896183166002
3642462438925
529592759640
9209526375
942882148460
2650754206100
84955708880
902062161264
10445316648750
44441598915
6396879796736
84620044080
216682034400
12158405630595
1842766218800
2543931145056
131862236
41928134417
11884330752
1664468256528
6150960488862
9704959641923
12477716890632
117104499
16170467496075
148966975
4849576226880
2786099752464
599374851565
950879291264
224140410
68721403095
10598499036840
1380781645800
1797302944400
699243926400
941020893224
7433078243136
4618933
82778109505
15638337000
765873735920
1509832754064
158298084000
3544872080640
72371695440
3416229940176
3607466762053
8032768242048
438087603285
413069626728
3510437612080
1736640
788071978971
20409142582080
105053726349
8237027964776
26539978769955
622281722426
167712928
4309224234852
2241175056960
2945563296
2342955298
8282422928325
592780630070
14060748
9261292365
1147720314672
12973581456880
257150980800
2767284406335
725345391078
106575
243468734600
4354106980
3482825061359
1420734276169
1024968735945
441824439840
4883004770268
4309435648830
296375385576
400573315590
14392195785576
482585888064
14430050638848
13884494317848
2925558317277
12924736967520
8416820489
594026296605
419264304560
4719794541000
15540525
3223436613750
618359093440
10071520828608
2638332880290
1942955761824
308575701576
2182170538377
22831764246000
1949659248
104572620840
67063196133
19310616128
1397377341800
21734274997539
1016595636600
40158518400
635929053144
152334
103723781538
418928615835
1409973653455
947128704813
2880455095200
3897050297085
3954598200
32436855225
292738410720
16447818960
1118206029080
11942264614863
1694283928038
1549617465
661388338500
6100045094115
328970433
19602621473424
9003835520064
2030157180600
1025890920360
133828836900
734181077760
1711712150304
778879428838
611782208640
1442677902
17066797329456
7891256864176
6770276733600
2396268
5041478749704
2521747080000
5195425043688
3830437026312
8244377618400
3149763480990
135276904224
822202605888
187559153184
58245787640
28253679104
111749035104
138219378560
25316324880
2615235397320
5612418192200
1351600247910
333096299865
394693027680
6360797997648
12480741479679
16454891659360
16416033167040
3507385563192
3371811540625
7670964
8451862614360
624615089904
1432469280
428002200
432346062720
561754450224
32576319360
1126818555072
15364396672560
535833579270
7095467961792
611793866085
15461348952
11533550838
50898856800
8961472975
18662064851504
42973499856
62744
22606089137556
12785275815
904425913902
5623407808193
1565009331240
10842051412896
90588996960
11762205451920
731309924835
268920
74521269550
622979490
771284478384
19605859697424
1593107755800
6174649144430
444520676160
16684940357008
3706951003200
63252000
271852966
1576794172800
6926520862800
94245270
812985270816
1199606653728
995710070944
180480
1035718690059
6322367694720
7828715751645
1201506948459
1730493600
513372926851
2506012981824
17660164156076
1126175467020
158970354
4034847571440
557293564688
19266267942284
65524293000
23970118623600
7469730179280
94348800
8744302595344
2361718347544
1140623640
2614393596360
35305546374
13712226899
196914841225
115218926469
584106396885
2299364799120
37405352439
3998729444943
3130566373209
149663228544
2457989307
25924181912085
2997215081931
7140385129152
1053170617842
3549492632896
24154448852
456423363396
692797337520
3877291229070
19023553920
4501029312906
2069844973056
189840315456
38533297656
11537889
735080
69935890725
1506890638704
4381124343288
13415234887371
1888343699310
9495542210245
8316942218325
7541471655990
55014872384
7242303307225
3553905563208
11971433562660
3921976415
1382493425075
193424978240
1453046518032
165465103293
1289386931280
58165286976
3774041120025
107849376
207509776344
5257173013404
427102273350
1316163789360
2154627539352
78222307920
6422299569
327931578000
568149120
3669425444520
1990001928708
870935979060
17401071808656
714964257931
15814716148104
1841175179040
826706062104
963985220240
11103975448512
3480622435680
9312883940690
3021379324656
3488475418992
22461973824920
1330681140576
156812981454
762856506720
22140146259
2045154941346
689719763544
12376560
60871912920
1944662368185
1202506936410
103960890352
1696823863734
306490262050
136984200870
765775872396
252253823367
3035954217120
142004559905
13571801535600
12268998435912
3396582744150
453741605200
2654147505024
11831369946000
854334042408
7097511143715
3656913678282
14002522160
2082378014892
347190414216
421240059240
437389559680
2481348168
178015837470
23884264335120
17907951327168
24256256016
10876328020635
1129454002895
7947366981120
1810712097810
41027000720
6562677975
10720831282280
11761574014
1078686792216
4702424052480
2366447260160
893191315536
2973582943575
1928817157275
2240280
208860877680
30748410
5009221060830
491832476718
908564767943
56862057600
476186943960
4856839008
5086290409200
1225320611697
8098354415145
52220164416
4364683108576
7141141766976
2231047534422
4151805920815
716256950544
1258810857720
4969393000176
917925241470
76675240800
7412269711380
2638230271400
2568547231914
2160973209720
225554203200
4542857163
535275324669
1540828101
35392369506
578978449665
151754847288
47891016600
612026837184
566262370944
66439327632
3382912611
275237380288
14447750712120
22574182986652
12381158688
65056945460
3089174874816
4208636278000
4639537940010
1619106878676
1019716962
2664647638464
845552251440
234590074272
117516215079
4449037246368
1038221455824
1081458193920
72791722080
33099690734
16572114814536
9442281160480
16149351048192
1180336232400
191709000
3027961315379
3867098899
435362616
19064133728640
11330979701700
126033916923
3173626687
19081051126344
29939039592
808345784880
15433404000
288645187425
156141408720
931369813472
13049336519625
4914395644392
252912565440
1370721804501
1662576626220
2665348540416
32033609520
322464046944
2319797411932
3775437048240
5992671933225
69710472
1719969900849
23073030552
9746239136640
587668240
2019338017488
39155949363
20175133187
1640208226014
1785369132708
5875592025744
46266174409
2426647079385
233886889053
3220850860620
85053293568
5343381625200
1732305613514
1204679971836
3000727523920
1047319382925
1823154146136
11827294785
4114538688384
10790122092
113680729062
11928939931272
165371977533
23366625200
174036422448
21343731537358
2534131724208
10258270690824
928146888702
11684959610814
328152520500
392678000
589127294184
2288703620320
10999518397320
16849056840
2451026880705
3381136165980
11781475128555
919924673199
32438969448
1033150950
324710249864
8890187031000
1227544301808
2133490920960
28215
9611525934211
869941981359
7832103574155
17676094500480
4620567623
40021396408
3677692884075
356126832
11979279233888
167028063200
9996235561353
143436761214
12489597932931
2072257540290
9914366
8579433368989
18918608395
3393230698368
740544
1635782868360
448813387104
95628785280
783235613475
33058415585
909954319050
524381160952
415677982720
2650405590536
1369428637104
225579528000
1049902560
1573
76293866880
4611961200
190733219937
759034709312
14215716225680
19271969459330
699742544865
9448091865344
22826947140120
144923692672
2659481134200
500579382
15695655567075
36480995392
1498824010728
5545256953600
6105894489360
2154331912347
132626846352
964484479720
198639245952
2482846917068
2924739276280
1117995216
1830859158350
2108692505073
1962485633619
257591473650
2696964152448
1596512329972
2185002685800
82858282830
470786330560
2490168723656
10555918552
11534231915184
4095908347293
1031391115506
130781952
222733597746
164983079088
51264491040
705206485725
52392133475
3772618823792
4526207763075
24119732
4403380836447
1329824027088
369199633110
12382387145856
9576096702240
1041772567617
9446751938691
1067441806368
5211411387840
3788877759200
6662491398143
1358387098992
7230655043136
6427624926360
5341511020
923842086720
3546684460242
9678534675516
366915070500
417166406388
2587167
410505795640
4465205809029
3358559241136
1509310196598
4125403716399
2001165663480
148824753606
2910934453654
1649151936
5532890412032
1851941174230
70853783616
5831300329725
6205352638144
21814926806331
3613530028050
22402627082031
454817904615
2894990351025
204129733995
608188685
4783733136
14999230008520
193260375
2761401780304
3803627520
652871065
6146162670200
2176470294148
21563070919351
10782244152
10547191540600
4947515755000
26961792480
2813267599890
380480361410
11884409754864
3149847112230
12486597024
3317922556650
2102340655
130647491520
2866457901216
4585429115820
62819368920
17470078652
6116409877050
242941967835
881497563408
4622830303502
5675734390095
19438076380179
17121369785272
699041307600
27639535000
7283224830
735840246960
381566048
28017408
274533858970
387638996484
10487891965320
1756669809928
183549
134359681455
9927294700178
1768412250
4976775063600
456294467475
179679070032
2947861814200
2157827348976
20288697504075
46670658265
9399832565640
18165874515600
9388046144634
267280614300
38195442208
2338769223936
146273817600
107067596178
801004118082
16114297940928
182405247210
2300046350112
19289417502000
1032666231825
14896368920160
5017397229675
658259983857
306408960
1043291963840
11397515073024
1980241712064
3155503436208
3719057328448
3090012186807
1294531050249
717401738256
28083266607
14416380060432
437268210792
186728463675
170008765260
292941516249
8860248424
777656924517
4071121260213
22478775176
5802123001950
346700051024
21705747903624
14388821574400
2911669389210
83042358192
15890112547760
24074754731136
1075417514976
5862276604590
6046449017280
229202648400
16764977703304
6317328761505
157528800
1550276182795
56680415400
233127784320
11519284354935
265596250920
11579670882000
4219969045620
7815335179575
122134545088
649084510464
4841921502504
21402098999190
218907100405
2746257628530
909146871801
2436461996211
241974734232
36553317675
3540213629490
8756020804491
14117869523040
2084393579814
138178360320
20695337915490
1656017910030
1115905546440
26247949540
34361813088
12428337750
18976979244767
199304858961
175983976200
8344159488
8368240970320
12402552784160
372285758512
357823305000
2489324324352
4221327041880
206964082602
29386313092344
193198362750
3356882969580
2334137504400
1833632847480
8218098660660
19915705051200
3079012493918
10897515484482
7347709345872
612601189200
4034219693985
1836592886343
4933564078560
29753976240
3103700655637
24535181385
5468939055
736979736024
1758522960
4248281602752
1382728658675
12045703069400
3856020004320
4473635285826
101284757640
97538895080
24330883079608
2867791248
107143103571
349386780672
28095919796245
2398679189760
24573816933120
15336567948240
2141956695648
20308774032000
170591683399
19148846614986
447763873284
467766059418
2108756116224
1380735273225
5877685412088
225539105472
4700509308649
24006664694124
22205667365
25074641264032
1883166948176
12169146720
2503594462512
359650557210
7359367023400
4566898246400
122557190976
4474723413924
6659199158976
2953186310880
10321922907
3056628140355
10192
390573147
610470
1520584388928
244401300
6720820782375
2632013410845
428484966
123364507770
879769004400
324654812235
1585975151208
91602083320
1969346338080
17120241442035
2069646596352
2530062929808
388879420125
77141308680
149569364000
473126250
53212538085
22157534970
4237712301069
8736266278110
2751441244140
2121564586614
360514854
250371611280
11548474859712
8298522185541
457366741350
82072874481
5055760444350
19863460858080
2483804122800
1171041099960
16679087060272
10667636306676
122912530688
1883645660775
9938190641085
527361212928
16194174674625
1512404355
51676623856
2130087960
6318481348278
776427968
872265856
21079135669920
280600607430
483868588995
16727636808
931968161880
287129059749
10011056146560
416151748845
2993471936
49377334950
508005744
44985307125
316905398272
1081136
20123598400290
229805212059
2784124844865
674155720
17117354841048
6419984220585
221427895392
1545964440
57240040320
2314231983375
521679034520
3969227618136
875794802472
851355013056
8277954960
6174342139725
21371360165775
3562535936232
18064955618610
149103764370
12298393910000
5774666802912
424593286656
11663960
4410881544
37529633856
343495759187
144377646750
127076367132
73105032
1779986736640
19137467426
1073510697105
573011088615
985155991200
368237847840
686202133344
2651361466232
5006883407840
400521438639
654948390369
16985937870
1956142688640
2093212549365
219079312648
25336307304
56257708320
537840
28664941860
13221338868045
218427705
3171267
4312802880
510448360
195173777808
2157926420520
29649098880
5615812321650
76885757280
8797111620528
9181202852928
15209006783040
559407076200
2935513790352
7381793170500
2864414895840
1210060687632
1013853217146
128892493912
308186030439
519543856440
4554686251698
7538692878288
2942540507634
308792896920
6158900911189
14133643056
387305692683
217950720
4694760
8556933745437
16870209614370
4679798631456
11299539880395
11686965209660
15927318120
6875950437048
21711144260013
2116601068980
3654627287168
1025007984
7904966300998
2500662946896
9914783134158
221674172800
4708952751360
1163495487000
4674213227340
2588426776959
632677709664
3955354765400
20600528185776
4027462809216
44698637880
8159869083
3283350
7077447228488
18953740
9533093130
834380950260
2692440053400
3431974139496
9693487893600
5973339574125
4225729966560
13601725839360
97239462225
2786821962096
7504942399240
111735156960
7884830520
902366898840
11783970933600
39356920480
4269822040484
1061279952305
12892409071920
6854100704
943498458640
58550400
2686806234360
3731430034800
28820744969520
120723132465
623041748525
69446817504
930947797692
1163712
768575808
3770965891
284227067280
2482744320
15580635977880
13478080356000
131623741920
10715716764522
9720858628560
59229158040
37854758040
5142307678497
507199326723
960821488200
1138230999136
28982899680
779293986240
19969311820425
42086567313
10068185014746
16131000
7063835192800
293600842080
520046643
394503681825
7735294799232
437530417800
532438422055
2271869778700
23469318542631
10256232207
6616229091675
65935200
7963872237770
17266420499445
21983898208008
15782733828267
251687046
4263766466841
112209943725
124506536980
1152610999376
5248846160712
1970040721155
5794465980904
249940002816
8871779328
11281349864832
2916234525048
4431094967178
1284021830322
5286908092176
56515297080
7628256
8299283829696
1110770567933
3315904999400
3208040304
1479839428203
842241788115
116237909256
16331032221840
816639175770
244424233104
2631042649272
14441447826176
11212728884110
245267170632
42994115008
1361075698808
10870854006443
397347520
432883061891
637695702585
3616249356720
2901234336
1543859765175
3011799278520
10329344146800
225794969064
67191695505
388222206792
1541184980430
30911939760
349905080088
3798047398131
475046848611
21639721590
16327610550747
651202984704
552577200
15361831095
7835982317240
4679936221897
523115328895
132380342112
3569699398686
524451980943
24560918944640
677604911382
12734487216
1743997985184
10032565112064
776000976010
493405883136
129399492096
10044035434746
231328291712
4345350240
4979570589384
7279755
18733711425
19379349086240
11726319015424
1980886926120
5668575469908
2616459464016
90587315520
343659360
65703561
5256421263600
10485379185606
1918909778808
1580372652768
330762219770
157393145440
276910921920
69330273936
2214224320
2117868826752
43226400
7902956324835
688462951674
263732392264
1942388448
1412313586800
136904043
5876145470712
730562250000
70253492661
377693624880
12345104793459
1290825238120
1956747704238
420251492349
252727690144
803136171750
3577661876880
554933111040
846298718265
271178214912
58955021055
7320325472271
1775983998096
10931444091480
12851265636240
16317735110209
3050007998400
44207891961
54829579441
201583182080
438971645560
195735323787
2573826010641
38338300
19161210811920
330338139800
4838943407616
9057091748640
824909953200
3144272648979
81922938363
4543038956736
3694065164481
5136227305195
4200458473440
851791633920
5924460625467
14603353914240
234152827123
3460320
11363960131584
557646899040
707006244240
2678376038208
2263554796620
407409825600
7164386302950
21479348604
549504
1502550400
20502468180675
131559971634
4687363029375
290287007400
695208899601
10179673100375
78397389
27584211286632
11153959024032
4390532117664
160060320
8530527417841
227749647944
14792782212320
4323386329704
12801915000
87248836800
1079027247072
25036464600
860509751325
9722837514915
135573197760
69183072
43008852510
716201290467
15645121873560
534981543432
3306085687808
1601850269040
2753149030975
577195597728
8474358251931
1298949960
3523714970360
495189245625
44645958237
68889352896
7559811
3042551857814
2742417052848
3143330526720
79676038800
1356381038376
16053124179800
5167693225464
14747990191488
549227361144
175731039609
113902477503
346577021648
29173331356
16310714704290
18010781074
1048687482570
1426140007560
5614413987
12440531282400
518166589472
2174877392688
15711426225
2340239905576
778318791516
3001336860480
11684690438985
131992747392
119080301625
2421035642025
3818630659295
1510150871790
68976560320
853357780968
2037912156
1057023185328
21703276838880
7270775675975
1492984731490
30885112512
1729646655
3562189557849
4693303344639
659887158021
249173261760
2346341418096
7323432487584
14471674341663
2401865852715
10095158325600
990580800
7636227297699
4334434594336
2411617979520
18642772842255
2359833567285
18697624573320
5664416662125
122986246755
2649692100636
138053049591
482861664
3799050398607
257542156872
1501145357619
142295802792
5929550400000
97152
14267727583704
19127713438680
5731912304
1258672108512
420888
310733190369
13205066439646
366018963705
71234938320
5644318464
5254829680896
11711992947
2906659073384
3563483080680
35295748257
2148039686385
6327441535338
142495625376
1935840104757
737811000
2237962533459
461522862720
430314435
22275276800
8116070293200
1999342823308
420048169125
406339373440
2622878370000
4818950248026
43187265495
274614120594
9148539120
96407328
419344677327
12638338566972
416212434825
1081524485349
5286079587360
2385046681416
4706533945575
148796439792
213340922685
1879647306880
4489701638040
4075503780636
2598918681240
9267758162465
3208538861815
7099495261280
4589447433984
217514293581
514613064000
215239414
1587528547215
64593053280
402832132464
21098712933056
3262595030793
1855813787310
2939994
106567389500
1491962206810
1768444441632
4580577165528
4191946695786
5262623288832
10166674947315
1256955077664
400402723050
3135040762880
135403923960
186933333888
304309929600
518888371440
888044696
13997539274499
2534240374400
256288400160
2789922244230
4802935200
2207631119616
3431925291312
1288580037552
449659706880
61808254200
769423468032
654028622352
176872640
602917497
859026068992
406385859525
301428036
21398883753
17135521570080
8240424681693
786565098286
7955773072500
3203275994912
293383373808
1889166663296
297536767080
6597151349778
9653790832092
2603720041841
129090124800
2922988561968
4783642494400
7359595384344
807984892008
28594192259936
3778749754
8592597019875
72187016160
3259176742052
144275780880
34189555440
7025182566168
184823541
741712272
735538785902
3116100709696
315207994320
3803635356046
5801220865440
35650251
6185544792
3268546457559
102474334080
749697130935
5074066439064
2593706361216
127741185936
342746968530
125825362880
3985138080000
1556392530579
110821919
846835985268
16189896888270
2709628521496
4191617697600
30456570887496
9698199192
4645433255271
3946045236714
1700683397874
4625584404870
18121563058896
84224716416
7659735720
63267816
10629859318080
560043525888
8715150455088
49572123744
257607480720
16421501091123
17142740160
437634411480
1356380324744
1092723882745
20243040999544
2415084984
2751807812160
1209927493440
15451680453915
4905003100339
580936281600
58344960
4000315540416
9823795156992
10462214291445
1271099901645
5483138648520
968479750875
1376428717125
3402887444928
1468817018592
51905222304
2948366894720
838815744
298932193175
4181094504704
3219484704
1784285927424
1983355716240
16889057274
8814503531925
3394447696080
1619895758481
138374441088
34516680
5723314510512
9484039047
15111575303200
27297786040
3064649827525
53332775496
10032541798755
14093644602488
78397389
26869013051664
145807093176
1114454901959
70663779175
24194890434
17281008203368
6668527466700
11694095712
3429590404448
1076723552
443552341680
151824084720
382974547527
3061975195125
131064858624
2705518090392
2910605434086
254613810048
3147529580440
19228622841568
800384483520
2693144930175
6987859357248
2432353602560
1002364209
9585851310
17867320751
6941483483400
678322954944
1609112416800
761205150224
572380003008
13927168558080
5079998400
241570622880
99211381183
1065641286080
331411114062
26030193565
159036427776
319848125922
887261869375
10629197682870
1571958743226
17558790937675
409812480
7809970337400
891293786880
14808941350
3896355468816
5964856906560
9601673543280
1446298989090
10540132260
4344912590368
3495782544840
272125019984
102817915312
1360701251400
1634243112
9370259623440
779092922808
279243
1700001574869
1249248
1724710650
59902481796
912458560
572856269925
25708233600
3813348669284
17048531650248
375041978784
12258180
8435520
572457600
14119390806885
134268225
698680065
19370646298080
43146783780
104162972760
4974655215579
1373500046016
338201632800
1802257292240
9065024837261
18734786833491
104798104560
254213600487
27453724425
1946310643200
1871408696976
2086596716610
201498822
12770588859140
331475877720
93024459990
3741106338648
180751846528
38238784896
7046353195065
15376800
8949916800
30699648
304360228575
673819208622
231033770532
100536329943
1417784148096
17373543880
842547007008
6329367872688
13965521417280
3482239128960
54288472026
694410124538
226155990025
365680718985
305491209184
4835109902139
3245353492112
6130111059072
604998
533836568538
1291487064735
95419424640
461829963
9826296721200
132057409800
5997192700824
2118143910455
93609929028
1508765989338
16584363404235
2049092260710
17428163445
6131626582032
46007110950
1600671944850
188198458000
17146752160
207309561555
5748206372370
8936664297880
50813983000
248834019840
70670735541
1115123432598
1441025950392
6207446347032
4337985567264
14732709795087
127407240828
2345090758560
9963288122535
3925967199000
16481399140000
89649150
2214826017096
133851015
9326159500
16133235822
3110111167488
20978457345
25854939509910
665716464
10470631424
21723936726
2962729323840
15186770619570
271203409872
4003928779065
16189762680
7063489008
44731181397
730907524845
2389215582600
90116928
1065165381720
32795582589
244181172240
1738993479344
326405263680
1529356853586
7899790588014
12085176344448
22404140880
499592457
3067278928845
641269071003
311411312520
20267657284056
452260563360
12804453669
95275758816
176840848086
18115056768
309456524704
60
4634737329
3204865551510
4530044621277
2776226585088
1438971298512
658574255768
25721190624451
1360769671872
13760448
117964775232
406997140200
9586167651424
325202634174
1312166845875
3124422589860
7774440
33566141
62127891
13765989928320
366346794066
67945675904
88461879600
1582582072400
24466143249
624093220800
2649983210160
1832420066292
3011195454660
4986946368
226464000
28631647531
19706845195416
1381191600
6006690114600
517969673991
2715716096
235137839475
3814621837848
2085080613021
212914662336
62876800
351784734
1417309929984
10869256135782
14859735036300
1934610490
3936444596070
642969975744
789051214196
3501604438911
1882805601600
133735232664
11534360693163
54290812800
554089287960
14646351767840
10105870740
2131431599808
758257956925
3263022961666
6904954654416
4350507000
752973100790
2872981904520
1218895204800
517843101776
3471315700995
4426995789810
1811207068029
18679878326340
25430299309932
6866961553920
9298872
2052634032
10089717260040
13983960342000
6636489354144
4341335068170
32312462175
167930685
3133707233200
368383565328
5748856003237
1964289809664
38392807100
691804685376
154452519912
3023448544200
2193817099910
183151510080
12751200
189334075788
1179330150
35525887146
57435009345
71074730320
75693826365
4728513428730
291570558760
3393758899251
67945600275
50531358800
3087377791680
882671340170
3408791325
3994597705098
9410417986944
459948075825
7430994123
2496441789840
10814401273560
118138074912
290167126527
2812926189351
512189481680
6215951694465
965597351979
309072483720
2293698277
15870004058862
3232884673005
662164263936
5603176
802280675862
243189224720
2009882156532
15171324732000
3616466408160
7779445876128
502407865344
554712423300
435086648640
3065851469747
351024514246
301119085936
9481478644344
2272128
4213930742343
579547973250
4759108928238
1436087708760
4957303788612
2267338177368
947794585920
4286369005080
672946560
554335321085
351969210320
1606993665354
102240
31087263160
21263842710
44825013
35530983345
97613836320
661636325280
11252736549615
425963778240
6519082427
8583308482320
2651915493864
2721479934
12251169000
188582024697
743281966647
594985056848
20408053138200
9831749962955
10991664469728
457601170656
3221158495464
3827123400
3894505034400
2522227005168
1352157184560
44462594905
7873571147512
1428067544625
370057800
24880588252416
1216727389800
248771154289
3562567345376
1293039556809
640510200
203786023056
185910428512
3314863411750
4527960371025
655142306
87744295016
2420007252318
26078206919670
395340000
2534164309880
35234641746
2626882330176
322349963232
18634881988800
5962136864424
80887251340
103197360
393524664
981921248
92361767205
15491726250
1372915977048
4018699771830
6632073050208
37632960
21305329760
6958169669472
169581471246
15665057425765
400605685032
576484598305
3369270288699
1372124655
507946456185
8739030857280
54858435
110009375866
674243944671
179375230368
67797425823
500261668200
5299891897095
13812972132960
5906270811006
2560576273920
11201766414165
33219532567
429683143680
483154838012
314066502423
40044076336
6573490953570
1376776000896
10087802481897
262675647
665410319140
34696689984
897174082220
2106642884400
721327213800
1566967380840
14385357531210
21016676520
4569604488
87211400640
975063445590
71230667329
795171080
28972636584
2127213031944
897483090
11369907392220
4302199669014
256844250
541337664
3458298455040
761805782400
322262394111
889462628019
4459055974170
3814631874730
1144
1904833698339
5859968417280
451110714120
1204872882525
6724762848990
2439140256
14682016
73744440
132425138384
20556463925529
13024395216
28290944
711680112000
2530048621212
12549355692152
57550243620
10034445030225
1101676781424
1629772183680
140256594400
631753769472
2851101322650
179830591325
37391579160
2751831130320
24348059991255
16335936917730
60364753680
516394484900
3487043236688
1222124904
762554968320
279845825904
561419776320
8884193280
7516953429689
15556479840
673872864720
15148061441760
3045382373504
2873630069765
2694590253120
361728390975
16560303018000
15539231587440
290872046976
2010842596350
4110050990304
2281051850
2323307063952
479894776200
1321324364832
9181663080
279637447080
6186187304640
9816057508288
22911435
662026725435
1097889630915
3755981601792
432950803407
18454383186960
1164783195345
288004931808
2023484617714
4259908179045
1831467522816
840163358250
23821223266080
176712975
15520184418585
16635459608362
237659224704
4728485714400
738357594
1697540524560
532209520128
46815323520
722745567912
1183147183752
8770775906585
3340496018684
144097411185
10233688390200
1852523285760
2863226372325
2503217203328
3929540199539
237625494405
6112680295500
169721224
259649965204
6341443308375
923760237240
12798325200
4899629473200
1082296843992
3594335825040
674468945215
316971332832
7898829744
129986379600
336494299344
333163444950
802124694882
5318749800
31153936485
1191117039420
6671880
10300472205576
3808152133136
17142159589101
1230789264345
28308318557040
3639751755264
227780098884
101972658144
17236545240720
2473757752725
150359236848
10313436480
113562081521
3948974661120
3331104302370
1767345840
25594382300928
490302140899
139473058000
851684064
55439846
11290151525376
611355669344
2223694361625
2971076053890
1756195687662
5009765161170
212137835382
630053330760
258545401083
76327050240
1037241276000
71363929035
410522481888
2468720331
3967373504640
355009728348
22423243658112
733000139879
385088256
288302773356
307266993408
3526071255096
55245996000
110486295743
15783512470211
1011813600
10910606375340
372541710240
100273905
102530869155
26197256014575
297458383320
1395708961728
21787585935
5329384254480
1111384075995
4413818989704
23643555150720
184858935
19098139213908
49637744520
2301284301600
84034332000
5338506176640
15831891075
1108699246200
180807646005
11112928336125
2521536913408
22580245308600
319120890
3212501364450
24006409010352
17849403
2136263014179
368160
189714129495
12994709261508
314152458880
3991952984175
12737119170
215831259009
28876538735
4176803338344
18266510016
1979193006000
24814376138400
341304434016
375705732036
662103327600
698076266544
3163079652720
7009970983435
50265428928
10304202355938
111976642800
2827617964656
137978400
8065066527928
1325612613360
20265846851949
3144461239395
5902143511440
17761538114730
6515917479
4188219886400
4065901489845
211940865750
11094078093
776669778792
2890963606368
70986390552
4338180
6212914538241
8432151651
3617321475840
20006296050
18724836963984
144854813760
2063844139440
5927693355
26578788753780
7266390811680
3360992394069
8689286263080
31699462170
18153837965880
49830512967
28134805608
16349521248
18167321371212
1468530592656
2128862838774
59990430735
755820650
4011023308656
151871249673
1992518158736
50354874042
18506091456000
189719085885
793612845408
157909743966
4115918379
1328773271720
3981494769320
862301520
11387359663904
734062494200
903621534372
1685976022728
45581914360
1467183690
4817682439955
40346053267
49686418656
4998475230
24091047529830
22852078356800
8482961520
16173668802018
198820612480
6799830
755362564005
323091895200
2915782572381
461153389608
8343282378150
1054552310977
2409300106290
29252582625
2000813545611
18824189579715
1874104320
424592892409
4696717711680
4541056680
1220810760708
16426801697280
2016872418040
322400393289
18938739006780
384768920256
2913061227465
4831127176656
145620433152
5891758453050
8810484600
272884330803
802739574681
4471370930250
1678225346360
1366485045545
32668105320
5727259395
225884518860
1734502169400
327691408764
12684961824640
73071342840
2348307881640
25876236087
1685431605039
3963953005649
2936448515616
27360
42074843475
5182357713600
1993401409923
2504392864000
1037051653083
4726331059425
1159719014857
3486378656775
1275488587857
490219447536
5936334539520
1478206560
20888703360
9758857492830
623303308320
4743761536080
3489308086992
567341085696
258528552810
3920655888600
1920933526830
81535651520
18524134449
300760821
1838597884032
2574546474632
6698336318160
2158291898752
941220907440
100327714680
1156500491202
433916756328
18080939745984
561438526584
53720926568
6979684593600
2159707311888
686017562880
760413244880
258924386175
601031136
17055803307900
4869438914349
1337654182392
11120513816160
235060063875
115068795
12316877770770
1926933194176
404987760
8599948514070
56886006992
129213433536
1305265846885
349583629680
17380000232442
71808
5703305950944
2145335584560
361568387460
196263540
3456041664699
4597153233072
22080
287430
30221419957248
227494881960
13108779725580
1169026000560
3748142695619
8402428480
391547520
3342095461848
21775919040
2143741017600
24484125756672
414486138472
12224341504
16884371185
922477446504
2600622177528
396368442480
5368246139880
26741491999365
2006183331288
493557907396
9832434747392
193102487952
85899344832
508073764797
1224515734200
4102820201760
671654000
7675017921535
1104901735068
11354013505415
295982613550
72170865
8119205755800
1212066749295
5012490599088
734839256536
10356885147
4445151428112
1005074395173
10699819410
14357219651624
2673488911800
451524097200
76459085712
703695744237
18285707371041
884100903840
5852275099776
17766066397174
703492513920
24657000720
10154320402800
30952394448
1001327625
775282004
20888015225
145875212000
3145881851496
177128261204
25472866144320
2975891030980
6828591913528
4010686453170
46784430
96322455936
64980240
157272142464
3177863588160
1434796192815
9384369800760
5696487833319
240675460368
30718720388202
15533091726075
3420217816380
1727354634726
2653463167152
19542079469752
11442943925856
72533730555
1405871985936
650507111360
4489038324819
2243532205440
21783751605
19990915961184
1626009735840
326339704
99967725
7950868921840
620875066350
576028797470
8082367031970
3521529625740
4381444796224
115473116640
856109258640
32576798160
51635137352
1133244000
1026724088904
20153974867719
2025871910
27566304795
1062407550480
6516375858660
11538740080
9654482567136
644932340325
101286701019
203061070653
10736464535840
12513966075
3351563925968
6190249520
51409355520
2114712171
1069103848800
21079201556930
2262341519415
1798658689608
4568880962025
54438240360
2524848475656
4549816477570
2882919671190
181082500240
20954671056
7124733307296
7239326927232
2858244029568
337520587655
27813574282464
29246710643784
33346254120
121057630470
10667066256
438766965
30746216781
6713402395791
102053797776
85478641875
291131038044
185918448
858132479085
2342384531280
3738487809120
227178693456
2568086400000
20363168755
1647360
997165351
3979439734539
847260960
503915434932
2473531109775
54869369940
13687234656
7000266350592
26976955829185
21526311719
2802579808000
9843082873143
4085464326645
230186928608
412759776
4613640665960
263042689560
2569895003119
255257352288
82394284000
837198495
23662912
907479506193
5490983407302
9197412340037
117132206400
11055905728140
7626000
207121111560
4137806605035
202980714510
648268654080
9676585551360
25899029017680
2535567099000
3833247359760
2003875317135
1319579354016
84960293475
769157274480
599450193976
169726367664
512875125
853101600
32489561640
71242296944
159487923456
80939267640
6982217187680
16627723712187
44928633960
56907447960
774784352200
5513516736
602827552327
10151136770040
4339046718
112640639391
575532887875
391112464800
7350826855680
26916363804
10402299959985
250976869767
3118357438064
18904865819112
1197900647305
1785855240
18901384583708
8902644310701
6865234857543
22605767461200
4591172188680
378141887495
1953312979968
124769708679
11902830512352
1525910274
1915584962828
211027896
2035152984062
760809796872
18073793520822
281842647834
4289220444048
11156287673520
262323642411
138954132315
3066211443141
1591475613
11614791335664
12297078639
1238259331400
16833736001840
3295276002304
165615567096
321691253400
3504339781800
10366681456296
177095267829
14921053669405
10761989615944
2151787327200
3869121397125
29385440736
57848893443
9429245343576
382652151921
16744088
399317527973
995619028257
4106320383303
4076797725
618135
481987193088
9085591500755
5791204491750
929167789680
157594511256
318568850985
6718757710455
108491104008
4381794572436
21777513490338
5497219801944
175236409920
42243443217
1037385343360
4833768110925
2454532080
990140857605
8237859705360
289889955355
11931227926200
485507422560
18418201335144
54967420446
1108857043016
3743319888
3467887803744
4477260760830
742741334544
7914766656888
550053937680
1711814957248
534288531400
29686283952
3354822320179
76882650
16030341476025
2176235753946
184791406275
421181446920
1278625175360
7396614519
161982957600
22466667663960
2183883315640
660816159720
248889861
2859885188160
57383058096
7289781023
3879228048948
66442004400
2148185368485
1964178142335
5737760641976
1070488119120
676815943320
888796573200
49411701504
985304733660
18179568695288
285333976707
2633655555840
4056731010816
174524379120
2347888996785
32433439280
1549063098976
458445796344
5441813660320
59154480
33072318240
3782597882976
189462782223
2161923236748
70173448295
67794854400
153098654247
4338323365
475665608704
284390820
2650486764312
267571923010
1007750602980
2532311023131
429555824577
6167788875
11854421592
2162239199400
7842601653777
7433409928295
16530901802415
2391556496903
4992290285472
1505581426000
42806658720
251697392703
178734827667
1868016052175
19668361437945
18663635286423
62268847
1185983176224
4785003726720
44361551442
6456254468560
9235538491795
12526187520
10623647448025
9197947342920
133840056987
8667726566400
555690282360
411746418864
5440476984579
7388560823600
14884945626969
507608640
8732246223120
8735411067600
1882144065620
1146873840
15272636600658
3174284334375
26210225
166227504
1918546223440
419122987248
671819573348
8369074575
131122638120
8534392530400
1809853398304
720146218155
99893450475
1011628922010
371566084536
16794593571113
315963768752
475034660544
1302605175552
196391712
5388917040
122023812
1110853786638
29930734800
11847373772066
4542626584755
5924052960
892732887552
337128014832
865812837198
369274415328
2076663792600
120891936
3677060273856
14223896021118
320785051584
9854209054950
546427143465
12152553600
290342592
2667579144902
77472595200
2948196438495
1095281996454
3384156778464
38510775744
4182639496
6872418099330
1448193810672
4271842408000
4254065898231
2445025204272
3397421839032
1454671381605
2475772717000
35248412952
41214785456
693268599933
295920494190
275615749416
142408951216
12359346739164
4387968052857
369913199184
1594570485835
3502242440480
6141167340
11193789058704
1721610761661
16548960501600
2178029930672
39331302416
263105031
4391740872
15410126682
4320298727829
762829825170
10141319790576
1420007280384
301445093712
1040731287600
14161206377472
96169186816
446635728
3700263
1161756674232
7968901878000
17288146285440
788046617808
417379231308
10680420750090
148556102400
15780801490200
440240646615
2282316675000
341899637421
3508915672080
172706083220
1647085125
840
165032498736
11474424008
1615417590570
1201344122385
6442341872256
667943325563
23057133244263
5998954163895
43201232883
2765417171616
3203485440
7657556109
1324362600
275620840264
13721616000
1043627800166
2514121137360
3100511178485
15463054764880
15011724486927
6435724780485
772804320351
204284429052
105246583
4551686076955
1216543748238
175811026553
351226512
22037530177327
7250115472128
1722185600904
1225540216320
4522734832
4043034192505
2832570048
115183702920
11408065889112
940470697440
9541197567000
18334030438944
137179458360
509530846104
134428770
1223040
10459388115
90242202096
5812954280640
359867363247
1920032413824
2210023686196
1833853202400
2588396160
42297561600
563928904455
1105771087360
3962555713350
4334455155240
3479426874
769088809885
661007692800
5979712960859
2125684856064
24254744310
690067916832
11516841771975
29074329594
22120717678815
2860103755944
975254048028
634845887104
3173415550864
71060733970
6143148756459
1198694365407
11402134269504
1515320207178
19758198567536
1745878855
22522037499264
1365479116560
3705789335745
296117240
3287422353600
68249257650
179224691576
844124512
1439517512640
477953397040
14891668534176
629488117440
534415886370
10639577025
3622659086070
165463523328
3155393811696
9231750
13338445761693
3848267335995
4226112198
4701369
2932964985141
9796662843
3173985
4460989872720
1525390571133
1459448779920
3034722835116
725255444250
4108323650625
2464295083710
967822626240
2550768249057
752844876089
10550374560
85342592910
142084488126
75094633425
649042815260
14026283880
6440961932496
1042408793940
4025
63181894005
4688548624080
3800044900260
37093117425
1960521397680
160652306184
5133085590150
4086111755952
1931101047300
69648338547
4776926400
98701306704
13106526997200
3168196279476
5130504335040
22093961750191
917217597960
47065085045
117023482488
88951097565
2070814635255
6540900652839
895901940369
1873410601680
246415865472
2855199830883
66028324230
1968790136880
4584686998080
29492877612645
10284969671361
12009054230240
5102229590185
123160862209
72833656896
71651966400
5136177314048
2875140136960
128484157662
1229457462825
800456440680
15748011043108
562154256486
3241558840653
5534789463360
15965184726350
374933943120
41802076160
5621518923600
18333339964533
29478272000
1441151305
9719424
99346293725
4107290732160
14414012977392
9818098061940
2138285105124
1759171465065
374290001820
1128701135200
11419585614855
2738746902555
1146484359
111084996096
203349356595
9766321473480
480480
231532268688
2094688872336
11526838371585
7281870000300
200232976215
46336906512
18957328992888
301670394375
4872890655155
1879647355710
4430006113143
3749298740208
347444487000
4159764196875
70827046560
6831464836752
2049087652040
104335160
3033519851600
1286432475799
11124849136128
15234803507216
2160891915840
3844962421443
44724076495
3330534210
3259062648345
408280848681
197755228458
9842745046608
2825168216445
9414720109080
10851184145000
9010487382000
690110147040
28685824003800
251268437934
29344192
71799553720
788964723240
7481911300578
4535694882620
1660962474204
18722673007500
803696345280
194376960
684400
4364033460267
473149050000
5710098595245
821515958703
2034854480520
5092025838480
5142394290
669983640960
20693828040
28970979352
847699190112
492676062921
809413036236
1236676518720
7346289127125
30873619037870
2520448040880
1092331125600
6677984126880
1285491986352
3937295486023
12820815680
10047134809241
16751635500688
2213106185472
17706019198175
66336256
446943482496
427458957507
9022748145600
14272939833750
13509686960
26842760640
65162878704
1578267304740
18210562275744
1987834968084
1245143549304
629815240
280265033566
6438326877289
187376233086
3523131050320
640065389040
4803205070097
2692206368832
2804172127544
1248198336
98319442338
1742366975430
2132842387431
399041554680
1828106989840
3111440028697
233706420376
33486997632
393632148000
3145557120255
2332065797952
459236232
3096919560960
38601849
96819787176
170449006
175673170232
9811745519040
505937091240
11821846737568
3182310514656
4609372910688
11069242527915
3636147626280
2018953607220
14237865000216
2520483477660
3457126894080
6800981302071
4025
4053752277570
2699026536320
468294181800
4054597216488
15548003078055
5290614084000
3684187990336
13797628214976
1328222764736
12209774112
434415474480
858361346415
35956170
1203557112888
1216172326824
27972094080
3245666572160
11899957606848
220523426970
120770908560
11241846170919
7268560334805
142289954688
197399049936
3109901689440
2031206495136
46847687040
2619967187944
796377605856
1196278894672
2813498793720
20109705
1944703578960
2206673180712
2428123147128
2172851923165
1035767962152
11894643933072
828911836137
23820975360
14006934418932
4646399304960
33126704016
361719141000
18022827262000
1767549761395
1301262897636
38489630775
5070468015774
2571738770238
27116547000
2771415501120
1054665120
909469311093
3896324608
2717183040264
16340700528
241236103680
173873018256
2516584565264
3390310
135075905328
10559976709050
74398481288
1195738031400
933637045536
19691833289856
359850998052
3322801453120
367118140032
185410152522
23448913640
363747
6106771465794
1758955714080
30115809723
15079891421888
224832364206
17280031600
1545650195168
3180296843658
251613162528
3650046473535
658381900176
67636527480
18302683319739
6096380920
8060187201280
29736845920
521485994400
435883680
19759944615768
1185740572800
420505233618
1294914345200
358121512008
195039891720
663061369320
5217662109408
2743895671880
17126544846
697599432512
2421621938304
3421754712
96988148030
394440266640
905286373032
982679239530
581584587660
7788341713152
411277399533
10173957348000
620714680326
568171969920
273548104803
620659011440
7355599981611
11314141682688
784336633080
3697598830530
8855164331832
2215409703936
252
44599899123
1052424691864
1471295398005
12464305038848
4963431368610
83362345
362362173915
4900789924
3959635680
3086693064
8040818783712
315871730944
848429400
789802902720
1437397714595
470756134464
6566360026200
1432827819955
5329430925420
21872166011325
26438680869348
16723816560
2478485410843
291150930000
484559626790
1442614678698
149951784400
1647923424126
2527160698968
1156148711730
402419619000
299016803250
876641000
715651638240
2121437727276
2873820346050
261851840160
415312929850
7845418142912
170573657301
335464138407
6837485382519
917683089135
764621378409
148162310496
17032319014392
204113939645
64367221002
1758051487080
4565195986
3627625204080
6082825980377
750889557840
1027225185045
2713581661504
1673825182344
1272763394400
265332625
601071599535
371267877224
7358196826008
6619878720
23201470878759
916859866428
21267018208800
1007924531025
2033063760200
1010688592452
1012137452655
358702141672
389934
3087937540800
230906102
7372593360
5431191002280
67584384
621038427858
1982449668507
5278996107
14279180659191
26686349746920
2228658204256
4486637151360
648200511
1196054529840
2695601096775
95396912040
4231182205250
2815423450840
4536015462480
365115563400
573160644
202474099800
8288920752945
2744346240
1117326495780
2500336267635
60323418630
3585245957376
104396596604
197450727264
258460459887
1554407540917
18539399340
17784
957520948160
236826278325
52979850
14310246720
651049939760
322844680510
9555179847720
629344955360
635343248
2655179737392
8034805999920
102889710000
1469324165400
3550592959056
4392403811467
13850336929920
358510464585
216856679136
1319355376192
39517632
519926177264
2414990941795
735805432016
5200374480
2138400
4853390754375
97010893728
25957209744
88893213264
1874754128127
8426399773043
7250621929215
1353747290175
15414161923377
1549964068275
10298626338525
116323036810
20869271244
2575311026688
5676753528369
1972899206691
3421211660760
10399864583160
837546486425
102621420720
2926145587309
1093365693880
282844991880
1224719764224
1285786711713
14813042671504
11902230288000
2015955
12102791400
6677886399800
4113333085680
2525574926875
3657621366
20457367811232
27224016030640
77751521760
16882379214
615520350735
10530398627392
19698946175104
3716099548395
558155539344
15064773720535
24740339700582
2633264933760
418881726835
72014712
8997847632
2445442805520
132466774440
77738952
2622002326944
305223910992
420266539368
213568110952
335636521515
36112959957
3990076803440
2501163
729100818225
2878601917248
297115270650
99703448208
354888271400
14400800183176
4606232030015
1971394916280
3105837176904
12977244977412
345950
8375682560
9173375952975
280152156060
214768354400
694892893707
13223577365955
3898660385928
17720827925592
4384809975
5274033634800
3814030675455
3427465094
900199272
2680210475520
8731777994016
977593876896
5764878495502
237385843536
2114348707135
4840548710400
2099380680
109140262308
49301997976
144058762440
3780856750256
2048638589184
3062986865760
29760
88325955315
52284960
880931041284
116558891625
414235563987
3864103351866
3819729855172
5375347461120
1805165789130
94444169148
1350459103380
381789408
13074794512
160167026535
875596202844
14525465182935
989834035430
1638197601672
1375122621180
18681783120
9629479849275
788752373136
6328954474560
3148534687056
2717144025463
79849076310
531635076000
288803460
1533931340760
36837662574
240
2221406920
9981727174272
13191228876384
7882066400
531736269438
12930777119462
3572527453935
192952589170
3527376623784
2653234451140
48257023122
6055597509
572676130245
7084835907680
2782198208619
429768249064
1233705813024
10548310388095
6315700933880
20138864643315
123435697539
151551439182
2994253819144
11971608352032
12609339625069
422431156
1782680145792
12150845472
21776302373364
181413824
114965834325
4704294400
2342787147008
716750614008
7029601113810
753727054605
942329568160
69207411240
8521877910
3401468160
695520
24192219141504
3807657243960
264614137600
1925883355648
2587638495174
556568768160
68799170232
71932234304
973245576600
7389523864008
2368384390152
5119711272
3120586910224
18839460568280
662984991815
764780736480
969456265656
13378841171808
47444058
656664296160
16932000
1419318465840
3539243569680
794253860461
5022952695000
2787748761
81275547600
428425255
16730011240
10673799123858
36587143336
110045919075
437601834208
953276702742
176754705744
2599344021120
53418981
232496994288
13719713865
3496095534600
4514890682148
3861079807104
1299534049440
8822987942678
3646478167200
4572508278936
14262178168
232987627665
569417767520
1812454869168
60513584560
1184847401458
2197197640
7665932811360
17650218285
2396604647840
19506812825370
157055351136
920793287568
1381022686736
145679841645
7077750624
7432805571168
14937120
28673206090218
101249848752
3401505474656
725369790600
2721094060080
1777854828750
9461798511
8038603680
4644332017920
814726755073
60507000
1986717335064
748633436265
29579902415
1341531477000
7856506301840
3650050344
14875949660
26859758592240
1078091807900
3219074411565
273442196973
3123648
113971979264
11853134329320
4786787967408
17708493488724
598837510215
193600062176
15932605176
241471640640
304210289150
45515172615
61017928062
341598551616
1940609151
3491617560624
396664423515
264956057730
3827362868231
578727470088
823411587250
130551892224
591332931360
155341461600
1135524355680
7267363888617
1102956192
10131630318684
16171963381104
130599310560
3282526332720
177949713
2985360877800
2118444759585
1429059644460
3132753
5205788836300
383626989837
3068095247679
893178677718
122011447104
25839842424
10397042066346
494344402592
1840393479480
584452212300
1873803890760
657080695999
1741220433180
198222358530
19841244812928
592131867704
3560604037536
11762357208
476368152
925704660480
567
679909571383
284190641535
4018088694221
20493774720000
1457920
97481583264
123451680
3724950795507
17215799040
1800481681440
23244573
2781327142610
882391560180
1853924005659
6761542949200
1528159410
943564417392
10834345722039
12289200
1645060490482
163946571424
3190887570
1269860909304
148763743656
8776680
7790596498806
4509270231615
2025519115920
17459351259168
307455364608
1195863848640
1221174771
16559273760967
31076225470560
409127197920
3579246649440
4568602210032
465662288
548253198025
53680677075
3542125440
184449720
1997652621855
2474851066208
191964985776
23026854224769
287466589200
3473949861835
6062995593288
551677320072
44374176
16451569941590
19213347126666
560250152
8307630344790
908381628000
43861912360
12929391777288
451187145045
676996394256
229873285629
2837006837280
13550943818475
582637721139
10954363411904
112378032
2847195
1534643287808
566561270712
535525781076
6348646605
8341073035
9598436256
616047329376
66352130208
22833545415
6680961153792
344119191040
8471106143632
239597216694
10900922074152
1488199257440
5013223916616
3909306050
72067402680
14690671607040
290354836842
1814117051760
552477678168
13985165956881
176717334924
64258015647
729828
1582566295037
216315264360
10318471986726
