314905981000
653354967944
702810481600
3382189352850
4476280005405
11013841397
35319942
55317611985
128931264
75617768380
91989450
3718771494345
640462114425
173710973520
230094150
3532931520921
359394966
3062118248000
4242366731295
25708852380
392306764200
4248383848125
5984974727776
198698188920
562388721335
445873247105
2851470606915
2652069047184
200428785
646422792750
21803454750
5959133399595
28066532508
747295768674
22187760
1228205423574
354637236050
58441416273
1480221308368
21984907980
641058688
62351916384
3174590006880
2338140443530
24819660739665
71200217088
1109449096995
11651579215380
200970402465
527324064
2205669312
21690095075085
190141264780
4996577975895
11019854233216
2775889732785
1594084635
2295347008176
178155066600
1058668784880
209043669600
301305732896
1137133206660
35763349176
8748169585144
67359752240
2771020944
101206609200
14704038288
735597746088
14675610161135
140
327435347785
665825903685
80275706952
5585825202048
800995576480
64778425320
58405133904
3195113349120
4507770648576
13802002326000
18329135408
145819778160
999382065330
1683445561728
4604917382496
11258327080
593535914433
4920629068760
36833421240
1306957124928
17027873283855
1996201882080
21605304282228
12532073541840
11931543642
2354056062072
984769760040
201391071336
74113114320
3458228707986
54330285
454848410880
5845709483252
1160312281920
42380400920
3636435836800
619280777850
1207314669218
882768057360
147265015755
16561717850520
511607345578
32361
8263726543296
2556885142365
20179464
172755296784
6514954444800
271237155280
20630509470
2018731067390
927781415520
310934061120
42639901005
22982451223680
250427909376
98600427680
4035445056000
7575763878459
12357569296800
377229302688
866673600
151848
1483072623000
291538026780
165868546305
116854897464
5554873434348
199586816
61430398815
25498979072
103117679280
83069363840
568314293184
3886494033632
8390702401200
6592330713315
3460033176936
4636939044843
3353991459624
329733712150
13237285215
10451407011120
4738148372650
1219598487080
3458919421440
8664744652560
1235310340635
4139046471264
4484398210272
402542539536
3827167140552
2034496566900
190584239769
1539100969056
4044208948017
151515653616
11290714950249
1616128222926
4157680046940
17702889666
1019260462704
59517343402
13377411467760
2705759858382
805190965656
14982986313176
1574787025800
78264369888
608933589
1708125166520
1649391305163
18408409556745
549868007040
3599237114508
1036141293000
15313877855802
594701646585
1737404273877
10158356321694
14258785095
11658487776
1286748144741
428691746924
3791638323
4025405908251
1080052069237
16570671495336
495213205344
3518888353532
880707862825
12275212677195
7299944272950
4220070393000
7156928450320
3267685013450
1081995926220
668174908755
222658143246
709960983200
108741840
14859659808
95350215
125089501824
591683544032
1732182515385
9200022786060
54832807960
771183304736
6053616568680
173625192000
231261058560
4523915751828
56337309
54992622
3893628697182
4599903071200
740376008100
876966626250
975020040
610154935896
749441833806
13390844122782
34459049625
431934855
5203800
2136866085000
196272357084
722125052775
888922107983
2799305074251
9022210737792
188520735
1319348704275
551015305680
3361408122456
1652814306
1732207379924
27549493225
11214251672960
3035099719547
10140288480
9509528196000
58977378178
4640471126025
5374389384
813526997661
10400690994183
3623016460833
4582322196
25411008
1184865
10199602379520
87537611200
6035478289555
1679337784449
10041526242065
2100119460714
14060123137335
12799393462272
746923681455
9923684489790
2659473130550
3208414227690
3929985082926
4377467837160
5725187923104
2255026525503
8482705507857
2259833979960
2730986562475
16653257177040
2308744384995
245314160
587866760
16486023837591
3824378955
64831455
1050286110000
1365509439612
195462621828
26228264907774
121491160448
1666401267723
9674613976320
5702229108576
1234540686885
5999368996992
13193036730720
25212798735927
80354722014
13788636718792
91203580160
248758903764
916126200
16507368432720
8753724041136
209245770720
14669901510096
1696480584456
39350673648
15639321349536
1626039345
15873752931081
1971552287376
17807518047088
236401200
6525868440
2654842073520
341891352
4194743097880
1393714632180
104361555840
4688003120
4093532655784
311302786608
19952542092
192428603115
7054755552
298699758
1219459706096
1710622065840
1368155744601
27100567318860
642694864500
573999783120
1023844761680
4524718467192
4179226627552
1005787728000
191225169040
4915169286300
278784240
2085738889680
3030664
414986022255
1195641433728
580551165
864648549600
584466947568
1336135542368
1577245624192
15170314
1076994391208
4117590619968
3310788342003
1483087995480
422849427000
2616940053
2335997944000
893159822079
345515117904
75853953168
4804036446825
6607591887007
3088172004192
354928183680
21793023200
335997501
133364304
123754344
58954590000
23875798381725
3349056265920
3321887452224
6531720
1754323758
43281519240
152838884874
143822151
15325267584
1674423296
2759360951560
1177841808000
3387908247360
104147732349
8110952978400
211840538760
3220719760575
4175890461936
289599844480
499150119600
86184230880
4370560720400
1212216168240
101661685440
9132149114352
18408974361459
1035469635453
3284128482750
12445363298760
332235243461
1886116863960
109776471840
3661545846
2130986923546
16383120
6218062715300
1729892832
5400465156432
4116376690
7670964
320037932750
41409573975
304976525931
3803648381736
260623044255
1996030463280
255558659286
4506266582720
636515155920
1302667858800
8238070868144
349072591728
6634582895512
188223179520
1647750347880
17117336986
3079701882000
6525462637512
321846474848
1583786547351
17957179163424
12550418400
1500199900583
329363759097
874744405488
16103846768
2271785143635
62128444176
2761152551600
32410338795
39383871840
2314264886235
2738791398528
2643136664295
82518847905
1530
3676540786992
94516049808
440373479875
1149125684844
291703688375
745310479011
638565528060
77778252864
64506569400
15682072560
2391754201200
808268191584
3039955328046
3128747616
62130502720
2884760579568
842140792
23647190381568
7041677921334
170454541730
24217982836650
5170781682630
60861024
1108071982023
2137285848000
2345496789440
22617004151136
77504766675
801928100428
41691222720
8074558778000
4918038054475
37664875200
11589620719131
41978212608
3481309235625
891691634592
855874750080
1759156089808
1638053613040
2118024605560
1565115158520
58631371617
96707264000
324063850383
15121586195520
912425716488
143861658624
45896672619
163598615037
4113919488
21408493041000
15627665684245
10441679712
246000
29657760
13697727050
10876998048048
497100554720
259986670160
108898371505
2209692605709
11713504071240
1318254014952
3731203365120
366290757135
18113905875
14549065809075
4262365365489
375254256000
117830970
8864432677440
152639777400
66121685504
525486989760
2062519534592
7298082570240
31324818825
2697611064
11501227413768
2505779444110
123600303336
3800673859840
29458193504
157002143520
4509796341274
898997528520
138806119800
2303632542222
192300373860
4139332068352
290926005
36434331360
318956629075
77008107491
22801664145
6789237171392
13900858319055
5871565284600
30559895640
2840752323981
1984931536896
2200044808944
216223083615
19410453657
21093445
112326192072
17081361909240
122643567200
9721352256642
4002863465379
2074807250856
716169397554
3369266977734
280334221200
1875049839299
6712181304576
56934370872
585747159522
667044840960
2979679920
187838085
1050295536945
11934070720
6033932333088
29702617920
5353200567
1522160110188
6397608
1806599785328
418461120
9417810958080
3101917293900
23857718160
9319378122600
4334580117736
2239801956
173976557768
10636315177866
991274352
96058177680
11125983960000
17787967017
138598686576
1519359511360
3373221356934
390621424323
434181330
3784506077520
9449683257
27261791235
63388536
584766096525
117887335254
51561528192
2156492443833
598161648000
528878568288
402949254400
23958402432
15096497955
7880396800
3659198374320
2368264774212
1297776000
1914363924480
23225815876032
2557989130554
468614196960
433466190159
7800549248280
2617955460000
3619745381620
12986976693543
211681762560
8309085367233
4909813605801
11588780826
14089460588200
861473812563
14189928271017
17356260380
8556190999176
474640033824
4308745227669
8159626656
11402367444612
2900493740529
628101522540
97516760016
1945719711
12276306560
12588089470880
2463692782950
7417516986880
7727374781620
254875558200
563585399916
1168919830000
205692987465
2314582118955
2983436148000
465160197150
65275607985
449277957975
322503601392
11266688652912
531043688000
364299879600
955416823965
23528128546881
732782174121
1093255243080
3666839066520
4544634367570
4120987922205
57563406771
2803703155968
56937260856
4574201553519
316197691128
2222498251755
1281209993070
13773080200
24448306384
6521882221824
4295921194110
820720012728
63020742
4736783278656
1254241383120
762401976000
9706241679200
5043397114448
1207333573920
1487941685568
21628384128
2690159205888
27542673
7122971796480
1399055651798
100969603
1230599240320
3763472494560
667479079200
779359150080
2676992337448
929700121350
42150918320
4699756974
4008912210576
4296552975000
13621431337215
96877213191
3171838320
1114661037786
7755122212791
5961618495280
7361255730304
1376258320080
17187689376
3540098184140
2515801477596
19834332526080
6283378138992
425277015000
11835818422680
896131727283
1337561232723
1252450373625
125613306867
19582743201469
7884743423510
1397529705414
2672694380160
1617159457641
52115730
4130672885790
16692926497740
3258240187570
610935893568
4081387480416
284868536816
202765646083
8976495391632
47414622208
36082197088
5881258138785
3663192378625
88095016537
9841526574720
5983713924048
521297736687
344539157625
494915597400
1091614055280
367114659408
10471150326816
16906287975200
10225821045
3931230720
8364166600
872848732700
1177893634230
1072445
310084671120
8743237541195
4775700852936
375645092438
727283437647
2542450879800
547440822720
22704918072
137999862
118978185072
518552416512
4789856810739
13895267836527
121448045240
893821680
10852440456
108183655146
481289603760
4123651137872
4277232444700
17472384263136
8869599849495
971307079568
1086574496448
10125174505746
10403283209760
17428953859520
2520922784
49991541904
4555634185971
23773303566765
7059898431216
6074831382705
21243312178968
1926635232320
52003856520
12957593389632
109133993761
4703950828083
2576988195000
7611821750505
332526416
5615333920449
3306607121058
18441405510
989409185370
1784663728575
5592366427050
67077255432
214974697770
1934483657344
13955383285448
344871977472
872914216608
15176762163480
1608528
100776
6196058691570
18246156223680
36785568000
974080709136
291483055170
151929324945
9755070006990
18336047898720
13213583324400
34734032375
2623150921776
1206409680
4695150955770
2904690568065
159517337728
79148160
1931852574720
8595093713360
70665102400
290291101440
1308426953477
182568424
1701223843816
212906375616
4445728305396
13333748152725
223351040
49359076116
971937640624
481140375
12859752
694809209235
4839141945
821631345
8977921703400
15146333553630
142689799872
1854495275040
3707375765080
2454559995360
1216741568208
9380533972464
2196406225320
1808784
2109017826720
3696339610899
769499599050
14913767770825
194965124783
2443248367650
5006471388204
496362400
815554944
9051592280640
25638482494800
239556728025
1409317272
14165686080
11113475318650
769354486684
42225004224
2592833215896
1312362378677
392986361600
1741975094400
12307039032990
4787776672800
47709940608
2545087212375
5703397966
18119932371508
162441639360
7983829511280
4360794232171
7131619147458
3084338759040
415291012680
7847601840
198382072560
10756665997
76295296496
1382502747930
8640252295344
2353756877696
31296010765
82697863248
1349472154303
2035325605698
9489992479470
803746686195
40527436050
18274942838880
1818250168680
45018214377
17787500329872
12350182455
2851563893010
71308932880
8939556847840
596476924813
67770222240
127494701568
20873949476016
18796810032
885300997392
40811925951
599951707920
2120944629608
82908
2509888621128
40781898495
815884885824
2828155440000
2444014530567
5929214259360
559139572530
575480735514
5012791924800
23376813764496
79266278871
19514554350200
134822880
12497740630200
573814916037
719076516840
212453368239
7472132677024
7119450009945
2670520816887
1450192205805
30297808
205274316240
8665800723600
308793719091
395501975550
5670428400
9610698819375
1364271504303
450050789496
4103968
205427196520
2543518391037
90712880016
1188713946357
1774718891235
9432079950
75578339689
803686378803
9821837960
155826572583
13478985024
1614791555064
11342470455816
9118228651056
8020829429574
8159649750000
318671417
3248817828570
580693027122
84527381208
24789138940605
312301098720
15276851785200
8406403315200
2109433218480
21697904448
12666997544040
1563789142971
17571477000
407799491400
273105221760
13532101535488
13950749317328
7755745134480
1193969236600
774733974072
10107747062
16563399864480
3374699514032
537404121504
1807104444768
10759696176060
3708021240
22894181237760
848813315328
13305597236904
2665480320
519804741885
18912146136
353611587
9925093762848
74807026479
10261154034180
1859371440
7519436945800
19523571812280
18675408183190
2199673324800
610194901466
2971587742929
91926015360
4765600457775
81940025034
788327223075
549397946280
22451517200
869664960
16210815009129
1172761639665
29621771107632
1013187028032
10766441418273
889440480
10377849664
205555376000
89294861040
126642427296
3503483880
1080699906000
530023263
1621108101900
4489522163952
500521484199
243430743360
3020494531215
2766301144425
8245318527600
1864686949335
29880992752
1144945520
980490
4191994280960
11718989566944
92623392
1160649678510
3071318674320
2527850833200
7470894330900
19175930419488
2128223566350
2186680045
757044308592
502212436000
1503850702590
8185870857672
274379350014
14765484017400
1874625984000
55941709104
11157410091240
1590410726520
4988783988900
1781141643
2546994203992
9989458107
1517166191632
743539495622
29880323443586
654865563837
14789664508320
8350712387424
750660841152
2449192788954
3370080
68339262129
160944257200
171129847296
16197202239261
5730378755376
15503099974062
5672069249077
3118870600695
154419756960
5193280092264
3809815526400
2008560626352
6182048430
2163756344715
112284934125
932433850880
33264684990
1531913330980
1806637387824
5202051215655
25201061501616
22329001273125
6935568
25866621405
132079437864
13469103388320
1784769384
6086087345000
3708067318445
14376180121098
8886746719680
56267251317
12755482905
200220446400
109251414720
3544728744000
432338210520
25386250263
12015083583750
2431255832830
594668414325
607533661008
502951680
1490519092896
1456670912736
3493100912184
370561251060
1142336044575
11339346408
343536199104
3470104138320
603003625050
18250029008640
1619136628928
16552246799725
15975229420911
111182974575
1303234700512
16956926393568
10809578257225
4394621653056
1962192962304
985172287500
122067455775
2285646106014
2462094922496
148652413338
3085303739973
22401747480
13819206116275
4123277136
39367212232
304211772480
4744008895860
6511193934336
11886353142240
2339057612850
511755277200
188851254264
3773038290840
2273386210914
254061383250
21122769812496
972234929360
4439577173160
1927342190592
8561979472032
22360873891840
3267198432576
24494998590
23996028528
627975419808
4050578070
1206653563440
1474832113320
8225262487260
2317882981626
4988932649568
5555395040328
45306598272
443652501600
823777520
10060365775410
4768089487560
983015875380
18854699168
377909135590
16193409822706
3919880637360
120820487520
7915355609520
1117403592030
13332238452996
7392946979266
152056100625
3918531323490
1218496579047
4888379542632
2324399350350
6177466434840
1810207314069
263249792
4573116187100
1640952
16149419193303
10658383748320
9009145662498
487425506130
1103017200
236221002693
118452880565
228301143525
784182090942
1113468744080
551814218385
3534225264
93549919446
224262413100
15007799566656
134107970601
8983920
2590551635307
211669465680
2083043745280
213634858104
6805703973600
850085232
3107732949328
10573295249916
3441707265843
27644265419898
12370197225600
6370633682685
3620439900
371901697920
30818365045
984358752
227667989700
200634424389
3030965095168
3336387014400
374678183121
4510014572280
1715736
16828938943047
25236453960
2026280791941
1518822470280
859213557287
32829089580
1118944380
273284950400
575890311648
25769172601536
14908371856497
2317923876576
411840
454755457544
11179250951754
313232237864
21205727845200
2280043065600
108351458215
135258341136
17075959824
17405805106032
1644395904
1058156659944
10645155717120
12000393902384
2099047918890
407632979754
11042435208
10501991222943
230453377803
1486765481408
8360666966400
16840406536239
3200808581488
314360993540
3299682449094
3087863216784
6325229625
153872455
28943341491168
11583003215040
30808671156
3076674859440
4728750496960
809975225664
5313862924911
50298090570
2143371384880
1000418803104
350970334584
231766375344
24744757635
52123752
215637983321
5345741727200
8952475505280
735118555671
12293808391935
64759855104
1037625442
7417587599136
18959488329320
6427229384915
224786162304
591750872349
514107045060
7179496338560
3419962
8458916892384
492146561760
3191025404070
36941472
4308462787840
240844398579
312884640
68025034554
1110341092074
16016396256
15382298378925
7782313961268
22641321600
8682316633650
1583392471185
48167570880
55549580688
2449288886100
7388287040
136732563240
10451995583161
12881885891301
8003128280445
327514560432
859677584675
51332873725
844541195568
61888260530
10401014891625
2585015118686
2853678427600
2365596949776
95117230368
150399862560
844211626720
18764824981455
5811011675
19961676475650
1331487399904
876098078700
21933374100963
2093007738381
242496436059
98792126704
622987833600
78179946
12633518933112
1838362520192
195554490912
1272523725
9978571478880
1563501744
15919391056000
7306488558848
1600712784
31127784
38423550
4394210914323
4757023015030
258934165380
7491876982200
4880245582696
31042614624
1185251531520
56446470435
4938447168000
2622472995120
1825309219200
478267845435
11923558699304
54781650
5665247565432
539885016720
184645596509
7425811344
466581970
2656735167877
1481138426040
175524217680
309925719492
1575138673075
8599433468672
970753449360
3977939310102
13442948173725
5808337460308
1340669400
32301673776
249010695
19352134719335
8202620169370
62941519200
22784288356662
540757336581
162439299963
85602551034
372735581344
1894923730770
97690298160
131048692115
2599200
3790273969141
6974145755744
90937098
462477413664
10819283204133
1260070226502
3751703790750
11211282699120
2096852685312
48259295485
36841512505
6210748800
3228366207528
11367631859350
340610116224
8922182640
2281402451160
8057138520
27138599136
742269955248
1813179240
3613080573630
94282055505
2176321811895
1119528764640
1059570421962
14016878628665
8035984123200
21180239703840
4720511217090
621377232
3957047512245
1357016358024
915652356080
1145471242614
418380396555
4337438903640
4463127158832
67040820
9723041021568
19707720417
17497684643712
23347879863264
160866384588
682184931657
9576266700
3191373150
4643605328284
2636032618869
3746000800872
2916797274615
1836045749136
111354304425
213425076285
1132354080
204432113496
5558556898910
1160017320
4458167448000
295615700352
2744360033
11787283621575
11523204237600
2502734411775
2626786423800
3894235547496
150978823920
144635777871
1790106215940
213430220640
108436632192
43401960448
1256730274800
14350634980992
1593448911600
13493977387800
14306305503168
1169454481080
55480713330
46098232245
254759067
296774246403
143737308000
12216945115
10131132966944
75850484925
455024342721
5580271385
930730530612
1883971793580
8095036704600
12262614794267
372941592408
464829548832
4619434784640
514829730560
1844702815032
867012293560
200222911323
11338155
1488503945607
318326176512
2140171291467
8774611289640
2416936226760
2722016687130
39000861720
2134852031424
803894931535
1024565256000
508831011507
561988705936
853447648482
8675310115648
514336919117
592144021872
11933276790015
499526720
3408173039040
1451482925770
729534628095
3912973907535
573841920960
766814874210
2309899193679
3849363
8615327560
1353825401310
9576942552
206102631264
62054608
2110503879069
1806377392800
182178712320
752760716400
3300383578575
4256198205336
15663155592564
8624218489080
3583808008470
2480030
41404121253
42316788150
4193473454496
189448722265
518258752
15316926411256
1827107029220
2894290420795
19072161465
1590991102496
7420200
2386111437855
16448626800
15601533578280
5599329015840
4067348071290
208907793798
2820208200
667720710720
4354844650464
12809513350800
10103344216485
449055068203
1356060000
4268897859072
3202469706555
2318069134260
65267640
2029521051376
1606159208160
1175169809385
2707295513475
2468343338925
342558619520
9805199937306
563666608281
15446828320
7275569433
4740440825
24994608992716
4090041018360
2974841780930
4825547912224
164872645920
8344292040
4094004243
4021103700
2976841316
37852737168
64379865053
7638596029203
3096077755680
262752058800
122500396980
2848282096
960820001568
184648839480
577440690255
6215179553856
3557398500
1354570308647
21262971153024
1836460068615
1747978594866
4309466312200
1858845027600
17325866757381
665494326768
11192721120
7671122879223
48804180264
1219109209461
2560675012608
166498295040
5916122208
80991816
267052680
5559260845824
4982140791
983568226800
21523742928
405669760314
2582138089215
7575730917342
159556731395
851660802675
572
2206069537320
12106072593120
2223957608655
22034876760
150128609400
3453241850240
229139856680
692801536
1797417882722
74132955
311367642530
57717446400
3567035970828
3237372540129
594801632100
261168034455
10939483199667
234784000
8707536072000
915966768873
241821492
1157139084816
4031080815237
971898775400
829683232032
491375160
229080021069
15381876922818
756333769776
92894071200
662548480930
3257754954000
11799535849929
1853516290122
462486923073
1577079540
2717209340
4129631688191
1708768706835
269737776
144706800
160149495168
469495359725
104486830500
22146514790400
6673011738516
3552211267878
1206958461555
1435186482400
12671536544
8003477416149
420218712270
44818583040
1682705435355
312783903360
391640314368
10970091750000
591245101898
11057197814400
809088126651
342309240000
157827386925
444465
6961980
2061060449420
16914342411648
557447942391
3298050719700
6865379749200
9485487765
817600229040
1078961625
733802148960
1566113392536
1368568221600
948347995200
17872348295625
29640856128
24902424702624
681231312685
229595661750
14134347920
603891365000
2205076500000
6993976800
661005253480
5676252337080
126554254704
185904186741
442624257
5728188182112
9070919391168
139806779970
1577530556
658325257920
127622207310
13694567040
3559208803332
1122930127872
4898839474683
423313228080
815275669384
85985570232
3181780259775
14967725519080
1755399607533
136806688200
5071679146560
175409983125
40800
927364614
2373840345792
2458298074400
12551733834016
7458175401480
850021158525
2333238318840
1658747055537
907759074600
187077400575
185187970912
2510534052096
6532459903824
12517343534960
232005044628
209175019840
8140370883
20965706679834
180826800
29890593
1320390440100
7569818467725
1209105542697
10226516386786
1954522615968
23345168606760
318516363098
14352702
417164487264
861416984967
3905587430745
793034270270
4144099723456
3065664400917
112142945475
209212530960
3284148465273
1365853712448
416062130850
289353533360
28223116848
1967627032378
4538799553752
698316093671
248391560925
1396725161064
1622911067127
2101596481712
4320689990760
8261004777054
744032226870
2676260418000
94253657328
16603432153461
28165377660
126589680896
4550159565840
69523240800
89736774603
5093229786840
303386591200
658976913450
1006999170375
5108847741536
14303520
575809886652
3510648341337
24766678232064
16007427152640
383343334912
296558177520
3282438153456
901725042288
2650952304000
31376479960
257156721150
2305450368000
140611572600
76524172857
15868331760
1359323154537
1113654862368
28717417425
1968655360
2860584984600
1809441969264
2293606288064
35128665
294203523577
4841931120
1152684720
1728456913920
3685745
6966608920
1034088657
76362221915
239191680
28126393152
2049205321260
52942386678
6485828914800
477246102424
1211697984000
608361810864
351549324980
146179947615
309016177536
6171532224
16019140139472
10967612466
6889536334967
763768849350
2823299109345
782792264160
215126002280
664151138976
1459065887265
435430161198
13978605472
2990248100832
13601191758336
3214455575904
5871755211
9215666115810
8872578285270
2969180511096
3643491062880
150700367840
844499640
2546799929872
17144274349820
25244136
2136361374720
5080908040000
4003360779675
821559265200
187751958625
1037063013
358149976560
609213667088
714384
1427086975288
5127321073968
308228921
68159523685
842565940293
584296363800
745243428050
750170532258
11376288
215964839636
1054324510580
59744974680
6415824956976
26411660061
4185480035760
116505480
110415740344
5912218806039
833679093170
17889295951800
6543105672600
3936017622432
2057176417032
819037403600
5878974716832
17203762800
1648952
4286315887
1292043480000
3186733734800
120975821424
244015200
1378194596730
947013097950
2009676000
12987147
9724339809600
22868220320064
93570181600
7633001256444
2627111409104
5807227173120
599306446800
41384001744
186736655
1000950919122
74867062058
1554411455779
153935609888
114224789760
244146672
13307809908960
21919726793160
12372744384
35081634912
39872400
575026999365
87980880624
22813594555425
1170297705976
2603840
185591687730
6062265502
2352
4016729952774
329983944
5006232
137042533859
3261074454120
788725905
20870784
352673445936
3673146710856
633265170435
508874319840
708663865
236429350200
3526294857624
2574419322228
2289300827940
9198014100
6263826741549
27104348817
9168566668284
50411506113
2083699672830
1072629226656
1908035480
453879376704
643284175872
87000
796207230
52559766864
194319911520
638060400535
339388078821
7616766511380
26746337520
287374646559
204735384
23826725035125
95641832416
4025438976
40780970472
18130751625
111719240325
401209200
3462953028756
153820800
8080182
5460971405648
191602057075
1441415398986
22369185436143
311105296350
61630590128
2202440363136
202225620960
2602406495104
1669827879285
209349868698
3661767869760
422051621790
5452709792670
10560541880
13720292142018
28088416512
2969143859
872793683608
8510542391520
252512300083
575411067
359463288
1434467508402
607113639
156034089477
4420438526700
377452172405
642392775600
576490965210
343251966745
228795134733
151616194560
364088116357
545181866040
1353997483776
243026804000
7569791035863
48884240427
976423514784
2547235446625
8675269880
3765708540792
632023944384
1730633377560
208422959360
4052116700485
63623871392
1916977576509
13085119884375
18622355678520
2939382960696
12189768742015
1107550991456
2840746693065
141496625600
25599993563269
1869111034560
22333194550128
77386060774
280179658044
627799447450
523567002
2359597876368
1180181984985
97753811337
3299801471505
6943066605
5848451767431
4743288083248
2291187470000
41880076524
6797634132
17327666144800
529576462635
2663449417728
433374750336
13554885181040
2469243426624
9389056363584
4147350
4311621765488
4095314795520
767956101440
2245785681771
5448925303101
2539698565008
1344130517808
189711439881
70265856
667139190872
82276961382
1313448056778
1709622
4468777714933
3230647219800
1107126205227
341628566988
1607229298521
19562358249
9450543363954
599625
15243795
3897601215795
62403618564
1187025430710
4615535925
264529945152
579222268820
477120
49593993141
213525755520
19525336456
15101461001088
2014056422742
2174088776472
554438232117
3129136214319
4963705630896
2386897997448
33197233077
346455424000
304991280
93997280160
573550503552
5275688403048
268655616624
125173509384
203990124240
37432370880
432362703720
282244679680
225383522496
268110535
1350573173216
182681154
1419367488
4936833672030
11418832995
1201172612955
1730838384
4063483566054
13907536
282801632256
2414468032032
5656627395705
8037300
21549674125
2315179586160
1120488715125
276181570134
3093119385720
50146619887
2575416221199
9181012500
89743680
49453133436
101989725
61111719
12958863276008
2119465109736
4132829927215
4008240289872
2912317792960
620978488800
3003895671854
25525473578955
51537192960
481479345655
543973663725
10534322112912
8894530613760
395720503200
9125694480
161926332736
15916081980000
395767988928
2284539979392
400135576995
28255523920
155429010
6419802795945
17840353738995
18073386686712
916951471968
1768851395760
567099698880
1025698652000
41718394710
862977915800
2929909348800
5413060749573
25590720
5992772899344
3349036002285
2484126935136
363064621248
9438833040
32175360
6210265877640
9148126324375
5329602765
4091466225792
6282793857
37064713210
13372689628485
4846872678112
3229515840600
16833250113120
1210610467640
17171274254100
10115593885140
4377049962880
66977954937
44696599776
290231251200
578834674800
73294358880
1020727464000
12032654855067
643546677830
21030744915768
528556360178
673435234680
3913945018368
678795220992
2501794646208
61238737545
9304775376
182754280688
860021716144
26368689915
383084075
938410723368
2071659548075
57131970
84015549
1877913638175
651720960
24245167576616
569984199813
133546560
850007680600
1466934161109
116631173607
2138376240
292044744960
5732577884215
573613430880
672233303448
77552609680
4272666075720
487919925
9469567771839
471509753736
86032173003
122432277891
8634804756435
2909198643120
278681880
3860429084622
549366808914
7414340062461
816912
7778232000
107135514573
4719062428080
2587710309360
409653894384
11231788417245
3919172455440
136804351992
11884828595200
76669448625
2703290736
2852257924032
545899994541
8516680979555
682112413840
171984384
3555547792104
4151652064
12417811080
13171529280
5155577163450
699202783092
3258315727680
97438779600
94304628
301818162260
368742682728
2038918358400
469898625
2342316336464
1768273996320
16679414976
527244813696
16022218243800
4371135244320
107927520
7054824000
3380838585516
1219905494325
1763469106357
1524150187443
3391641491200
10179986455509
20753580142680
653888516400
3215350126560
28714555584
9910035600
772572428760
7928092432
60818567593
3700731360
168516239535
1409563516538
1377193922352
52330909344
450118599040
20984938742592
261272836440
1654987275162
976983239565
873410173785
12700371888204
6087853980
1234877746095
9167264820
181178832
1309156219392
33521657708
1091170590504
496173165600
1265314842
144650067360
7108888356
5869466082480
20816398963542
892538901930
13696153992225
38500230600
252
44717440743
2277647020440
524289609420
1799393863917
3499446208680
799376978400
2423247494400
62599680
167453160
1061201098080
967179438240
270019277892
938315099280
31959351552
1823021499940
1681617867545
25312416
2958565445472
38090547648
47824721575
2530162728891
80417836800
459918978475
208422558660
755687827752
1081172720160
167990756168
35937477
149953590318
1408772252565
73117857111
747386821475
34001553600
19404697925808
260554267584
278817704469
8210832982140
1426558724955
4864047755200
165581328
720032939379
2906371286775
563549795640
13331334243795
130523890647
9746019480000
268134
5282007006789
1425183757536
2332880222400
1316945809632
37752593724
51732807630
643967987620
31180746480
640255095480
299936786256
199272958704
32951371544
47446781760
2796822228816
7949745
97956012600
2986408576
2497528351008
8100323836128
2549748173150
1396017350112
2533141833600
243559056256
4299699790848
12958529522400
4692241033040
10410323411400
3391415086722
41978983440
10998834
9501008208120
800053590411
15065045541000
969272046171
4099102777560
1711419259485
11168256351456
22924610583616
79200
1275301035144
104816643000
21923804013440
4538874225600
107817086139
1850448660060
313347889805
3748833859275
1299324031830
34133169552
75540631680
98331796032
11799529205625
6318215671885
435072840
191496631725
2993131707510
25762590
3084937407162
352625308308
1960485093600
311587652727
27587282919
521245764504
11247387823035
10466082270
252518126
379889531
5753828160
17620964600
77271480
1438283805735
2740234713216
5125060308480
10686766922928
182871777510
6050758196274
519916394352
29576223936
614692273
2252667090960
94249757868
21999978
3492399300000
8419309441184
23233485184
2233400361458
8968881100368
25464607248
12597152928360
725753900188
6588945
1141516192425
3349004837220
241315425531
365195484360
103394898630
908331807599
608077963395
14290823223
424372256
2483931461571
657462220548
1827827896840
2837027467488
5649526112325
4710262556175
4465588038780
420698324748
3907656177120
54163620
3313867718400
5653995480
2368318822800
559172444502
11529269468703
653209476192
3604919196880
3556038259125
5767610557632
483354349335
301771266862
253069480000
301056
20243052451785
2305899465816
4285301904576
23977333328760
637157735136
27039036868870
26483888535
62471271616
760242675168
17631019828225
521425714704
229100392720
625315228920
2495771010480
558381408
1973601237300
18905249521536
222798771888
3780596323350
3915724754715
17956978033392
133854338025
722541435840
12990519238800
2233734998220
23298248400
12151584440304
2096842440
6231889138475
2421422537400
2757439725696
5845983555360
12729687017151
1526380455600
216662875
117992641921
159279885315
8360541728000
13228800
32004060855
10445502062625
2318404538736
858949195104
11327991480
886030742310
74662843752
346824499
967723700073
1149984736251
182904656739
2040372561225
920207830464
15788344049016
357131799045
2066592609360
237766185063
7713866184750
5094735911904
28854681240
990774464680
27943460352
346573446912
5330778538344
57831377376
2737673064
4718242747816
8628531151680
211397815200
335512316370
1040600309760
1594265349248
1486478400
740611489473
10701294702600
34887284796
928028674815
645689943640
2154441780288
25780496698000
634478775238
8789874921960
9002400
19400259574800
1515768887061
86162222907
3535359629445
4238583801480
63670395392
80556566696
32593313760
41822504550
429914459520
575586203456
7460648729235
8925450614265
14628129836916
24303712108
3534271080
651417028206
760470469773
11405709120
113764007910
12040800288231
1225007960592
534974408739
5153185729560
4295003164962
2070420384663
125400
1805193892
12231735747840
337753606400
1040435788707
1130279546880
16745379120
6453411410691
858208232616
3853816502130
1007348773728
4390475718720
48219590993
754055462160
350295552000
10230197715
12455118636225
3039765831760
16221204921600
12818482939560
2628011913120
764598105201
2839077584343
411840159588
2636073742320
57226645680
369927480
4025612274210
26920477309960
2179929901968
273356853
43405115952
637579635056
3702999334320
16502977075200
134733263448
450585
1742757479025
25918833768
29247931020
11015400009120
6613218620620
144848003440
186515516696
32795814912
608036205231
12778018881705
2371013003424
3113742896940
179423200800
13984058652990
2932087311
21613590205440
23156406000
52211514384
638935096779
11826647878320
7903022048720
13427400
12361246296
2767486406778
298236082235
2522497275021
2140815952929
512748436200
10592125596640
742463179968
464756208840
10661523354755
2923216133376
609150725625
4717076304885
238308127827
757870935487
1636453430619
1724731440768
56312993145
20833535205912
163745849904
2167219866231
9947838663528
279979791168
5043879208368
79640308440
492049868814
162707353875
15232
2647204138970
1312939008
1646540257366
725823840
5891305734720
9559765303795
71150946048
84953282160
1059243621184
4068398880000
1005269951637
783769371840
966865248177
18891832905
55777974525
596944818880
820777628379
187834977576
4375383767040
2812318897536
22079522158480
461007010275
424083237600
17707948886320
75711358800
2191972503825
3186823054800
76493489527
2220527654365
474154467030
7085287280456
4230112073580
19099407133968
48199070010
284965128
20726008
3252373237600
41918626560
2268462385665
7435097706564
1003141152
553683900128
3635099772920
156522002427
99944679753
840128958669
2828128015329
579852070616
174650119040
71017106120
2794300814040
1757177730
3504282547245
5139234559550
2762165378
1625571864
1713559887072
383311824640
8761412875056
3322061687385
14920833479256
6266967184800
1216504503792
1401975466853
5521318517052
8740977305280
82940
30010017387
538282865835
3864280983381
659436021315
1784342208
2444239774704
11145059520
34588698162
981521107200
4364217984
13929515314848
8826362742120
21595844410387
348717511940
297202984864
137733050520
11316839838675
3255568428000
2981160275580
248020970100
1101707215800
19045238472
5720852399808
43242187008
1644547634820
9150264459567
17117851512320
7857486320640
1200941892000
3129836136000
1727226425895
34381635456
581690361640
80581327200
65463619650
765901595745
2187623866875
24182648234880
213977991528
9381502001184
1419151736601
3142906137075
3476476418675
1184955608256
7226867210
15117456303696
39501651294
9771051360000
711536901456
26581782632070
11294599440
1027654661
1481920149591
685536423585
2123355964359
18935977252737
20332461450
107908710
15837243438808
2878739191120
12209965658274
587491151313
7164234455040
15402816986256
2615839463664
9213310652
2191182075888
10214179852899
5234186507175
12632766692112
14152523
42983845840
50044705600
132560860337
225242967456
3375065778240
3252196732569
217895416739
3570233444004
3967706988000
65884320
304279916425
7813111680
54821603655
426164972090
1048296735
156773204082
34996625336
154786861440
75186953856
647890126464
796851974
79521250200
1157329709640
424802928996
49508541984
1442108611350
15030250277805
8512903395216
64791160080
183587824261
27227873805510
586576398
4598946572400
110222405376
1561137643296
1448643869760
14483992667250
179913888
8922562056105
642908476560
7570445880096
16277143386240
9449281712520
771449070843
682602325200
1247554961664
150535656880
3374664717110
3382071692475
1507623616425
23592962119680
7084205993118
21330315
1221283440
2866687812864
17744801047714
76262710528
20591152
5971896
895913194176
4793896587296
66154617235
87898272
2060275187520
706190170752
389268491040
6231892032
573896258271
17901106080
604684400512
10021345310658
2464203525
432391680
1987366408722
381845431688
4546667818
710874073
2206216092240
3948466193250
3640252264176
135902401824
832237824
1175229483376
69604353
7378464004960
439682832
27013488768
60653838225
663475969296
2905709432416
1844915693775
241319353275
24414949500
154927939347
9325659838110
340195895424
1429123915890
240236684544
6210717320
21906335346876
18304948335
2160970822920
1557760966735
803968961040
6873685473152
1116878846435
568817157112
514087546000
5767379126472
9918768723288
1082895664048
6960319442010
1229497653696
3708152846970
4490061797760
754676127800
440600227515
2570575564440
6664713707603
16404444616
1663931041335
14019654868128
9586936292175
167238450198
1032655302624
15510639208952
13016185253656
153116824905
213934997760
289146102624
7567591056025
1946074767
8572715036880
18856595640
21241934654325
2695173219585
184251364605
12044716474560
17038524921165
8866523360760
1520063451830
29491916650
2667397532400
1554376617360
5611421366663
744846613832
846208001760
861769434240
8931420139356
21093600
176713416
466100012176
262749898496
4496315719896
3121131808080
5011484960
3663600499680
22881553743255
39677322960
41139469712
1589113658600
2188431105367
3934737345824
3079656624000
9239486859540
3525556320
1754734884416
350092871679
9836483509544
3279151550016
11076590134752
56738194832
1035647340
607093795
499725270
2987126003400
2195149298328
4184366425632
240180546816
16290975712011
14692323734400
3439800
3155215848480
10961559937035
142484789895
509385960464
1866661670016
2786587314324
310831678872
9585648532224
77029281945
102610581216
1174156278120
11558785200
3089515228008
14064577680
121803876810
877090746808
11151359516
7138844491240
4436179280
7606591720924
45249754080
13975630846176
6737385638880
44823237459
4719091600125
2332130676672
462426933285
3694225392
138767926440
235203090725
1282621208976
21452930410
6111823005
807559202784
599976135360
2962075531095
317791551
1748204103840
884929354947
611316984222
15556386456270
58378436712
4929677955
592971
9690547001280
10230597654098
425862970393
64716256890
19794502516224
369122350905
24870369048
2503978521786
542271004240
10163443740048
17459732704
4498035034165
1094410630200
982390697424
3168537130850
8405118351936
3549757210560
5783352388935
21407904
3774396242176
737036598480
2007561550788
23374083913200
2210786671356
15896617395090
4146083908720
890907474304
729915630
10082895565376
195340185
20433912077
22970181577200
1119328587360
31388515632
6097817812992
3409848305472
764965127025
300816735310
415247736456
31443502959
180709826262
9571247595
2220527432265
4795879774528
1347946134120
714026628984
117408484605
2058491294829
7719402200
1154764682730
139713003000
5772551424093
146239652160
393654857310
6976872
604470138456
2898618598656
20593441995672
115353697536
5160372208800
3162706626560
505797600000
2270931705760
340751434608
7287129828225
10108329088
370113230400
1168683632
1300411393425
3155686560
2381761070511
22174359987
228993478020
6572979284760
2713440799850
552908508100
1992020713056
1071798648000
19974936363776
1156148615160
599589752916
8689687939944
648790093380
21236222842527
1029339901404
2256496806928
2657261775600
3392844527520
6169543483344
1527148701456
3325622031578
6676022988288
276683742
7855968635520
5653056833396
4035822648720
200479776
3902256441741
1636154797506
241825293105
778042650
4859850
2274175011647
224961706935
2901941400050
1275044615238
118219117920
10563629211200
1637507658108
195565853025
247444123010
249671372082
36733666320
966685680
13969372472160
2313430848827
336267234999
2376404061031
241271031456
556807334085
753041520
4724996091928
7498171636488
16803570
7761326998800
2955037109440
2844053050488
2321419673200
62330761413
640919622420
10561139082208
484469030864
25940597
1063800519200
757680
2977150752
4934145665166
1487028103179
32993997498
1862790744672
8994372627504
804027124824
4555294464840
270258750720
8158663348605
29209211070
1204953860250
2760012192222
14529528255216
12011122056573
6670895476245
3942189826893
1690469864232
21942072477765
4627421506752
492653315063
2176170320688
78998031
7434050256120
313008867360
3376022020800
3456143679273
3245965734263
4034156090079
610566909
8237209890
109021809120
653991650
3218328770778
9683023062096
199423216896
861221306880
22833468672
14848518495230
13126562352750
184885540
2058325315410
5058917359065
797350028904
10165351438368
16023656480160
2340083075200
18003878960760
28225069007124
2038478079
13011326186880
964474880
185217085152
1282679070595
319005138672
913530589685
5988720825
29575469184
89584549488
13114535608560
908021153376
18894410640
483304982940
1180945702689
4123757088
289854454248
5363414684880
38170550976
2928332798160
1535851691514
10804488443424
440786017080
5103453546591
19426882476480
2397219708072
240076847640
2190311607200
2730298682790
420111384
592482991821
1517754758718
514039680
15487206924258
4071228396288
2935965668610
10156772929899
12730222982400
14822175484480
8280772864
307153655640
60557865536
22177555248744
2867432650368
53090370
5550546901725
97923758058
21043206919890
3876776408229
2669900253840
169009729984
150056694360
21076743450
68640700590
9773541235260
484996812300
17601016363
21222919744
6428710400
1983362900040
49325337600
5622380649315
26162638920
343548993696
1889397591305
238234701600
349449080160
5417435794793
302993613125
494445209440
16035159828528
372066164715
462622073472
2152919533074
413738946400
234348353008
4240988446272
1783741844898
11815988418360
742618968378
316630731120
3061665785720
32033252880
50790194840
1528566520320
3171562989690
1475418203571
2729402926267
107071525227
4104952242720
50403348384
1514078676180
23387695464007
1563999895620
231715437864
2621034138642
2817859982016
419132799435
8519029287912
12484397033064
3764874723687
5838595383840
1449188491680
17703056000
910719147580
3100486834368
28107875840
8183315628960
9110754313809
4702709846592
3649280606352
2004336127017
6550042177275
30414355200
1614910926048
5749984485
995578206480
6801115461137
11118792432
4334459864000
7204035977155
277818219360
6118592599971
1947098858625
1037565333307
8170912
10775672574744
494595407160
7985510760
2705600247207
1346563608
11720212488
2429610062880
944934976776
105076686
4990580012000
6236415970950
9532724106960
12582051024480
318217224528
40682500677
18899981325504
123281625000
4112345578
448577598719
5475603501225
7427471740130
158476435488
150461339967
13292361225
1780996667577
1420063773975
13497630827840
139319493138
6943615572990
39108119760
296774632
904853138400
73116120
15679065860073
75352491747
84972386475
4779589291131
3763304693520
1017586713
42818524560
206087980752
2872804958080
3326944800
208601915445
9789552136
12257324384844
3924838718226
4803926294475
6342379920960
5623291338832
12796458547983
254683440
225453458160
6902091285
4257916481664
217980069648
14037479623475
3710544572624
2811921043295
994260960
241466317488
15402841763760
13769423908800
3524015040
10940254779015
10295227863825
2274427984626
9751782073200
702673779000
11017055802225
7400836182600
7927087633122
158188747680
15506539776
167343675384
14517420551100
501929967
29289159104
445328333835
9581269467648
1536423657153
52977204480
284424777
3629748490245
3278303941794
45764128900
26022276321798
759386303424
3268799780754
951304583530
33386886432
1417621170449
11866868740950
50117184
14315888123886
3053656320
793161711488
651224755860
439520
338347343400
152063835
2762317580820
6049414411770
83784536550
84538426173
175659896160
3692003869888
65181312
9318559096
1277194553400
15282528262365
1794882633912
3489737050800
419130209355
11928662228439
11841743559
23423477568
1348891779040
1972109021400
2159758557
5294689290072
16707459756960
478701840
15334013520
10472721834960
1781712929304
126989485350
54666912366
157386209520
2670905792961
18044694520
1675264107825
1039265010498
8886602022480
12674675765050
105254683686
5504213890032
17039855626455
2539815692400
56719406016
728276063463
103388621952
23409332112
4358391592857
1901395528800
824433083628
318153590160
59085944100
2696082910290
8693879268096
5028411447240
1096745909637
182350002618
21470414980224
269518969
1528781505828
10816448158120
4969782097500
463675680
2750260400
12227268494840
20733213370353
1749262755324
2144023365120
24619921560
184354022853
3176774966560
152012790720
258452584978
649251926688
23857778904
9840230320528
15798276587415
5376926937200
13521563196636
222806972364
408082954560
990175767944
1166228287354
187784617575
9487071340355
1673801893440
17068348929600
15603044680080
679000883109
15246172200
1668205264860
2052849822976
2583504124800
21200582760
386726471694
3244432779255
4842731240655
46507104
30470151864
14381674954752
11797807724016
460238744304
1787970096951
3026772686400
3216093861344
5665758037725
11681765101776
172551042882
1057152084
2246697605360
118229064
1815715630872
61419764175
615610432800
15282273131440
24597444480
2303667837520
6870789955190
8549300600576
2780758600200
3170665440
362694835440
17128419636120
1615204166897
318225600
23384352465
26167903848
2206620198720
7160309568
150148363200
1187396644665
5172016586604
556318674456
3332519173872
1134942728205
5153779586448
3402907218480
24034592328
12847893494400
579364705920
21954772854
188675031936
205872901509
62803391040
53152992321
22993704536400
2746493630688
95915158456
2945186705280
681217449960
39037145112
1322732581152
41698683744
2905342124505
3003527709216
9169302961125
1675224642000
2339696659080
11300806207168
4813814886240
4046380800000
459634982625
11251620941733
2473971922994
3313818844185
177587486648
784843398000
1281828779000
2936840698792
10735519884000
398119055880
1336815882528
509424878160
9823759469160
3412049664075
10043716493811
7848840368160
387519490160
59142541689
549656898227
2927805718464
367933081887
100466416349
587054437200
7534488
2839361609000
951564080159
1530762112
2778875232
4484313000570
869619871120
2899181138898
22254422735384
1775534643780
156324621705
633319501500
125861408160
271109059200
677727512784
4928540516760
13479965699200
351317126160
83563402560
3172301895114
2106924306336
1183070348370
1426610935568
4193993976
49591008690
9676060782336
682894588752
975036300000
5102759201120
6682671807112
130537689600
10645205823630
4303586686212
65274981706
1070143517520
9692475997125
7545411793056
137381376
2028835849915
4395310396035
5005810830195
4963351680
176249995488
161934604195
21183421619520
10348322029760
61381455972
1240343009703
6033706975380
31624727640
3521823422832
807773968620
8722585933250
1909428068464
307425093
308447293
6170539363920
1667597736525
132148672524
8020327878600
9723027600
10144363095315
1686941550657
1848709735743
7207425
10699390758000
34972743570
1269461778048
234383834586
4209998625
1590304378440
621259200
1756492939600
9577950246480
2336678708616
11094942566160
1857601682064
443853111735
1705879630455
199629159912
35162269560
127469609472
78922480
220387689600
1847942318760
885294862620
2330434295750
8260646780800
133692153660
7948420366392
36103682160
419790800
129527565
245
9290876364385
20662447502280
550246536
322841810422
506911947280
8535215357200
797726793864
1883565958912
27104351840
18803862413280
11626843451376
22578623611296
872163511611
285212400
723832864580
9313932879360
464993360
593733502771
2070243661200
48745590665
1534319090832
4013065557072
834277311360
1858755437550
727615544720
965603554576
9945865661952
123145507155
8995425983232
22929304568625
1188450733
7282810209906
1137284749159
7565203443314
8283228351
28715071009365
22967501134328
288492185520
76647735296
6565866135840
4916407984125
166016431
3009536875686
2147939278992
722589269040
1281790178184
124477114662
11971823524431
2619340547744
16299675
2587519182360
17245041811200
5001730735560
1203388424511
12258660026880
113844178800
11982471207300
5731278979440
3837305838093
13421066070080
6177227601
2140347099968
6686454931897
2473880619
2364907617600
562148321763
2804120046000
478412668494
222134784
42688436880
433124759808
18980392475
198205940952
7141956319464
5544284103
2258970071616
627465380490
7295269496571
384884842350
2816164705032
443496010080
84258768
1820168494995
12305066359895
4932043457856
4063293868095
4380133307544
630336643904
8214660792
121113346800
4360266498
43614193920
22083869327520
1250869464240
79759481550
11718961878624
3271032837891
177352923475
32246590992
5621665005
2133926147328
2603298123200
3416090829800
1659502770000
132121984965
5081357703576
233826936768
1334789448
173709455535
1710304692985
3175894023500
3755693321136
16095394650560
7356648
3687742798545
1929540594912
1242098067912
801285414735
214000952256
6618833494880
304047758950
4566513331304
3074747372464
1161216
902543188896
854771789643
59620741680
7034160
4805636513886
1717118803620
117242601504
2432494658880
3207620520940
7653777158160
10180476625704
137728430
4112629160607
5965250634420
767764729784
28547639021
72340913040
16881955112685
191887916448
546648912704
3890138832447
2723258426720
7496738033774
670879296
5473897065
960
2787745634925
6640802688870
357880815705
9893713850310
113669920
2116208220000
25019695260
2692472522760
407180368
1370687937417
2353115464920
22140697800
28989793872
16197437520845
3987984
73535202675
331032154050
1036801622430
296072053160
3161337488400
889800087792
23446854864
5846400
676555049160
12771813992808
723258860032
4355392280456
428159331
9071969239532
13087291113600
812685716608
4412030775088
899124866442
4029926300631
12949074745890
79521956280
69980855507
12199037337
87333324165
7758933
354328800
1782757441125
742014389922
3641910037605
12036876738120
8745948781848
826695555
2600609004240
1226498532336
102350122560
5516306999040
23479684283
1579771924500
821571929568
17299989360
2779157876418
600396242909
2049427108672
1073864849400
9056996718741
385519381790
2953375414080
119979735651
693329973
3350308903968
2165476548480
2224722758727
3643022376318
589401521636
1478592
2964476473728
340910476272
17325147976290
41510971080
5534383191480
1079257439040
38392805360
2795864332170
3945792658704
12374962225500
4441420578
551501483760
4411578657096
6267594760455
9812274017
349124103504
40360800
2145276515655
14528083135632
6409271862
987483773184
189853273251
3070608
65622302928
9591943014720
1851340519840
1968476796000
23842794703
2746551508770
43155523125
1448759075400
5900656998480
33567744
5826252443760
1308918674475
245260109640
20944346021190
205826025330
43538106312
20433063282320
20823687448333
3997369414888
226316532672
3994350680997
2524905391284
67286736
2826615528
92086090200
11113355082135
1873136882736
27650574623983
84847363640
116936364800
31095109095
8904290150529
2982580965210
94481956800
2964900587840
92111745947
41918452378
23151146480
4646216766744
527957214471
394136241107
658986939820
2382955570464
83952353760
429602041440
1129680833020
19499268844800
19105343304892
8038008
581619768000
1326633913920
6808063680
1355722881553
1447997672880
15871402221864
269175767040
62237863104
544241880000
318862046217
4088504967963
447734114352
5187261236304
703066622523
781162568160
1719042182832
4692167294958
428344455
575464900125
487283818000
2951599944540
8420726018880
4125685945752
7061472750
3189162158784
14579878089600
1760990766080
258440
4451449632399
148124673760
622320692224
3661539545088
532352298
994511255595
90918970128
321903078280
1337230532460
13178209155263
227792758648
1957717944000
138703575582
2274518802798
6905046955848
914566656000
2130350916288
6116407185600
1843584682896
12798397183320
2816955669000
160592256
15841233072
2133149372640
7189569218384
9774515014480
1937853534960
3976150
7119332558712
175148637723
2753095576224
63408007600
175530368871
650139340608
704459644672
7485599569680
8569647330
1158858666944
2071950645536
9457298739169
4101551549800
73007730
8771764808572
654724578330
1594660335840
142621773600
690992638713
49769812785
960086744960
84776556051
4057585756224
1046653498800
3553812101840
3825
6864365100099
169491327520
75211742970
217288593060
7172312441994
3267008317425
3104579547360
1911421446972
5990714568
11235943857243
2122829754024
16941408
204920926905
1756587925
2927149265280
8976476740992
8947318656
26883877952
43290026640
5227323574080
213507692640
743420832
78222055593
1366197573312
51217453296
12637282587
11855345280
2841473777760
131004730500
783377302968
1177188714000
4744725044832
2306466640440
4143753427455
4209701614734
18173664528201
18901121424
5499528222528
1963901547384
1995731955600
80781919335
663429123000
898560
17194186291240
2363560320
134248177440
353717285856
4738388335200
788853719579
861726180000
95861454700
2106236396160
1538369296350
284698269360
15317724285
77985897920
3470397792
9315400433220
67112342583
3034968355515
60112591440
87005412000
1222591340250
304112794752
5318068195440
17849870026560
26568750
4520880
1390990995800
256055591235
13689426001680
396931017600
1466406367184
2573994248070
33108948180
10722528947640
283450044480
269091214560
1079662048920
6888999245667
1640027057760
284166450568
134682965375
3688970225248
38773001180
3076030011852
2567618229678
2233285005
18586587660810
10468570649040
884029723200
2056626
7953397503744
2260197325568
107084487888
2783840694880
11094583041675
2504532946320
5114611619868
2618812300247
172836048
4919783679720
24238867777200
2180188802550
1606347477510
1539690496245
179118141696
1023434820030
95173607424
6170498040
6565311387738
1864618002432
3686021238627
13262253758160
1027191055968
2779819392
6959899833120
3999838441623
449170925232
4866993341544
465876546000
12939027677040
3049560747640
2046741074011
2077295059741
2172461481840
13254623172360
2442949958160
509574
769439986560
95547443886
2349705154446
159073243937
5320365391740
2788567411872
3142382808474
58789345200
2915821294256
248986214400
85539614544
669353721058
14236689517928
1975094825760
389556954090
1048300005456
20515930960
9745055753888
306412363166
6551131682655
16513810982550
851890901400
2594173999872
885641694000
3137430325071
3925289938227
2096283476070
2751064793280
566752549278
985582807287
886291362000
4092508513792
1137862711755
5258720120520
3997731217242
26182978272
8643584
164586472245
1973285746569
3594695293440
37551701152
3969840
687713109867
3049599400
234483390
227509992
36029894726
15623521221840
6310316259
369476050347
5149368619400
4509960
25397485917128
898719848574
853863045246
1115268699552
21885733003680
2789121086290
174584218302
25799909716834
12380282489344
191741870502
6783838118890
384179760
63768539115
2041878676068
12369979555824
1838088945924
1452753290575
232161858048
1178424403849
4768625590821
5482442934
87379568640
2286804784230
23108317681600
19509765835
347140796800
1785080256
6417046673280
3587613229200
1300939207200
570326560335
98738978700
1764094147816
34333443200
855861651000
40425
13753196256
7086595656789
781267650552
15813000
4500035150310
19308869037
145451520
2791760472600
930499077144
15533958720
60794857365
3868030830741
24499779851844
18161019
424314380445
525724063000
375014893950
4796565491520
5046812447808
2318460406395
971869819375
2924076831720
4786666754040
3201591993600
582755232
231897068340
617994786024
658220470450
20861935974880
86887321367
168966157200
49735042872
4974413282790
6489656402541
372186844423
55423597320
35573353536
2734914916008
9127972700280
48456094896
66129063
13089337794750
1505188245459
2858596114704
22832201798
8763337812240
3456089128800
1699101175680
12098159680320
1273685559120
7633370877440
3809997892200
2610315526320
477120
159501794229
7381826128656
544571712
72499989
6196039186720
21719319825
1979026448880
14840520
4016633241600
184716290304
2023101197712
209377742448
2938493107368
470368241760
4903992203880
5184969068736
633160341240
3583050002112
37354213695
388519725126
1593253440
201884571
6059130000
296518591632
213446160
148470162960
1076811
11067141598440
2271575875275
644435661285
430204995
3164276640
71212165557
495984701925
21229701203945
3336493794048
104693842850
592084947540
2839843952743
1176996389679
1134269570304
126288928560
596013220350
5225782400223
9703959210
31744315200
267892009072
9205939381919
3668106345120
8028653955426
24847894371840
2101299197400
334775361882
426873212430
1117680390960
8925286949256
93052995120
369647644023
9473287824
16824034006560
335294479002
9643600728
67537222080
66524255160
1335300318432
2625492646480
699934033095
12209677656
34917636897
6860885581305
8386453572567
1551795982
2613979691856
3227008974552
1580530
106283116080
3842826594948
3767267376210
271765032
9238320
613837360
87734062080
712601077980
3999766593420
3887017220464
1887064482819
47410320
3331178615016
109286466696
152642016
240406535817
2983656369876
969452702928
595721695360
1129438147266
7191073395
158235875655
143112375
781989283350
4413201257122
3093024
16759561800
4851606745440
1124575048436
136044960597
11317536216
2085687133600
744886232244
14704167940800
4545840
3941800235520
12067911856
5710229829000
1513139693541
93960
31361096886
4943607349239
2132619169408
6797214909405
17244876152751
287782002660
3377774272800
567505025
3312390677232
1297082920365
22352074312077
223402070528
284337201720
547699968
22592043936
1833582828840
436018289441
10814232
202430475
6952824622458
2286117916110
3847542009792
1454868432000
10282569748110
7763573908140
1993017600420
609533860320
2692346867550
2954430660195
923334568848
2102821483290
33412816980
2982238560
219475025523
764295156234
3784348273920
1629536028718
274324609251
11649274194957
1804186231536
365370950000
308851200
767051303544
26238199103424
37233538062
24854693920
2127684556800
2658175175544
1973817234600
62480393599
28669841344320
19892074579650
2250011801632
43213772250
596279808960
1719161764432
6243396225
1246557621166
3385063413480
46332653744
529949586989
17129888856652
3638181823230
1109966721110
973720519980
128255790
759952503765
9202547202408
1886035796736
4281445924350
6983343275064
3752553110148
1039492073200
3079375757784
113936990955
828651753920
693490390389
25197889464
2076637248
6202056
7813486990786
278840287968
1270502831169
44468770665
3542721940254
1586255689920
101011379664
235348047605
827117486124
1977696751680
143392142895
12208268376980
2446030658760
2495449850432
23607953765
21487474478990
6632081280
952279019562
3812273656
25950048216680
492917201500
20405561378352
178406250831
1502354037912
15266352
2611898157455
15430169885328
448775718664
748710033981
97080482520
555079512
2322012144960
4424613717040
100783060260
3171484433229
17062517871840
521110804176
836624246927
199388492800
1008240905295
18512424082152
366282842360
10031949024773
20187335017992
5646411386100
31073388930
2590602195
37813251630
926823455580
14538998531988
1983134875680
193761983702
1567321061553
3184308588450
3967285959
1197351937215
1512390718620
5216346817542
15495582375
1357100745
7225962655275
419427568560
14571415317600
1525071718719
3472455239680
583565025582
3457350
436655609359
13392750476160
19216934571670
1318742832456
959005022808
5932237183696
3034091170800
2092074498332
4912385614752
45930709248
191592960
3431124238629
266488968428
24297742110
733370473320
13169141760096
12172364320200
108322063200
281566853568
3039511900152
1639743021280
5090479992
4171169934970
22935679074990
1352823332960
76659960
627555924600
24280692915
421651906416
828743400576
20004700248
370549763463
185182498380
57997841616
4228431701395
325606575195
27437776487715
1062127348000
10336690252966
10376432293140
142477443808
228221641869
2205070984320
11042617584336
2926465257072
76243670430
1424025716175
3115026425280
563344367040
4575933240
436358951820
3064805096067
493036576110
1623709632064
153818380800
154036826678
4372041102
4204031289102
2767725450
16878546282192
383075385408
104172935328
20632423290768
2139288479685
100561714944
24827441925440
2816472124848
2462441649656
141437920025
8761337073454
545396754855
622493692860
3953516982624
1862279611560
10154060000
118597496365
8511107
869622322140
276554148264
1031046280077
783242295
9826954200
4783776128768
2917791576000
1168141128
905072419056
180046400257
461852467104
536954565456
20682787440
4054902574008
157591521465
27024462217728
2441282492880
4385456952723
1757540835000
3066073198104
8141099265280
4274141152240
11077193874491
6960401369040
1026623313771
1294913547200
185510195640
7294172445600
12373828844580
1666031807776
19376117376
202685036400
19038204258416
22831112723328
15799516991454
33993311160
22707911026683
1090891264320
17872594943454
86559769152
207959971653
216629949744
1701034145832
13493494779030
8150736000
2225952489285
5012300853000
833308201320
6251523129408
14906476137280
2636686957500
9379824191760
176072020110
8045097949855
185188400635
6849410925
269943408
17828517295680
19287966601155
8276242976120
332887123002
23953993856920
255945462200
70189324128
59959493184
411971147700
11291706501296
600222196175
40604229792
4462231606800
440334770400
958540228560
4946345412415
3242616418964
23363208907440
7663664987864
13497276429
7969768771510
81129936
1418759086620
7641128566785
8442806267280
38907648
23963978263816
262293607410
915775922304
6463270318648
12298091508472
73475748480
7169171035125
176228327520
815486346240
1336346243316
7206779168190
622983134592
1721450183310
3297337772036
4030901527239
302546150112
12701825974336
390014980992
3066922544
56578536
19818320088
23032597290540
4585838308368
2655813797070
22208605833
3040740974250
1465066512095
4984331253504
6564472721280
924046848
3691904069490
47734298325
194798427642
30903731040
6787445960880
2405823521288
16727103291600
44641317840
6289759448228
140303520
2957403986460
72569802204
145878848640
1258573704768
247699104867
7183663148200
1163568497427
123678070710
4066584
2378077062240
1613087170695
10538150615832
405755996100
244020978750
13264274861488
20626406924725
4298297447997
605939136
1843400507754
20708033016
7185580967040
877497349410
159547213280
4795823403
99092944944
14959784788520
2587322567610
14783169476880
3016817522614
96632094
177847592
2928397918600
2188622748144
18864471780
1192663604682
1761215147616
8123073858900
6739818160608
670265376
110885007285
349068928
75141772464
216704225460
545644725585
21792525535980
26482066063140
1373649504448
2686022465312
674566419000
20823696
3922712198475
99387184512
7680253313304
3874140696555
2476270192032
19845600978210
848903809635
8523319190832
3756270813084
195111855
6826475410560
11575518514731
93557605620
2666790304542
139921186272
18197177808
4672920051800
1769259840
1540051744
67015416366
1352686005000
61701065140
24067680
28150740457752
23014733040
3692436660620
298201048992
2245249908000
1029324493680
3431715
242544690123
54871558275
10038436848
142166997505
45579889728
2108088387090
1767518790136
3537213686345
510776250600
5629199985927
37139082
682515264
4838277698604
438851923328
2415837030545
2688657925824
19960395960960
10100662069538
100689360
798279785775
6936213531104
205498851
10343202853662
97354507833
2102845125765
15962739679521
4290883146690
442214398584
15394574930862
31136795775
3967846476975
3600185069745
2806704000
350643004080
1333287709600
18281741380800
29869179655
6987235888269
930136833640
16020361934226
17902669434624
1571969490
68814748002
55138166442
615983384016
736339395
3326457592752
1280723564400
11049080006328
513794085160
1078424563216
9859790637792
1285876301325
58937956896
5261822720
23419722480
1952506503750
17674779453870
1405766783880
749779869531
8860757767146
8894900564928
91837818576
439476641492
2665551799
3789414098613
1071215353845
7815384159609
18331817719020
2061288577152
14939601629592
1777296826800
211587714408
22469748674250
4121599547520
4069327642840
6734202635160
1431895310976
1720680379392
25407170165
10493460816408
7335162443175
77515223760
2447294762640
304653216000
1479703492128
3010994880
2382070374315
5026982417464
2545973202996
775218582
95719777440
1489832589420
23129388384
162507072
20650841088
19260169826040
2057910008
179716823088
16320
393866659488
2834934487485
6690954690
17997051154068
2756571714603
3813170118000
2642525531520
245065655568
1400790600000
155340767400
88482240
3290447493792
5149576191078
7716556171545
4027712
4666172410746
1071216
5635714881720
577571665104
9179429096200
70503120
316582434000
381342537840
689174648160
6405006381
490264692015
78522543000
2364540291160
7404916479840
7645304369720
52952414640
754630782048
6896451558528
664570735584
266460281248
368190398400
15960535008
3418436548800
64197432
120633046290
86472165975
519695904
1628644961229
5181907544610
17835678135072
8423959924792
137207692608
46974359376
314257515
1774629609885
210900126976
5821771800
22533892440
1902176470215
1945216168020
3199220803680
25680973410
1290683173080
2141077002300
6092045661921
3564349400520
8189837040
12563043170816
23873547636
352272375
30539485050
2402851647768
513023897520
790420052520
788989629600
3438225
2654080450301
7393726956
19985869904
37743088390
1505001270480
659315819400
5966728647
186106060672
892403295840
1997828969850
282633568
653261466456
974986560000
15327730656
4022851406200
941896890480
25821824770560
36811516203
10930786831425
1340845722630
84959061936
58102330752
7102609741872
4508171156640
3843081888
690620236920
1228336230528
23157342171600
1869672436830
16724447554107
2083753578984
554012084465
1824997824
7585772060520
25276364066880
2638075736832
16988791522560
3222010821024
5940145100475
5870296236475
1272425196966
2889355482055
1165113319440
4543052241960
7445586075392
1630451194064
236935489791
4409106152040
15946494708168
4594551888960
7092582555200
4968741013065
50628294240
402792687318
5530197483284
49111520640
3012616954464
1986095233710
11373150984480
3760338120
9738021512163
2325446616528
3770086595730
9007306178163
12979643353260
15420424810560
609387816810
1558239144
840531372288
444501514296
2907179509760
1077649138368
1860405450327
9246581027784
70466331012
10849955985
1441916069000
1488351383670
1308657635
4668158527045
7971549036
2322097540
1575306565875
319677228127
2327265586560
17089597344
6638816257392
3635348009760
12324821250
68991999912
98804231680
611419983720
276648263010
16493676830208
5310664084416
260134770168
5062569083280
2691072
227034357927
177020731125
903363612864
614988057600
2620137000
87797750040
2429632808064
2220708987072
1028208806031
304311069856
657844557200
1343005507114
883578266703
53786056064
2131400626245
1828578162840
250083260153
66877636320
3296745683340
38945999778
17357699629000
674348980365
705322679880
53171220
4376042915328
125393565840
43981659072
9393044450440
3645659418400
3415125763770
565149856947
272929443
226996407
520295982360
3313918663434
953185002000
1638392171520
7433175348320
2457187097706
2411384544270
1296215622702
65867404617
75890370
3528491346688
6793689117105
1444028281549
224878123008
17730824946240
2760744774777
21419103616
203894282865
3501852452560
107936349760
688955511624
205810238432
253909941495
109181352544
15388095196848
7055477244816
3937707248849
1375513267731
5109393070520
3981853794912
121349848764
504670260528
2573801386464
13532000827800
438842784
8539513995
11425175438208
720874727280
1297619271408
5088353940952
190314800280
2166064560
142878528665
324273485899
537625022865
435911804416
666059183420
91323600984
3752560866210
1549676480
831130912084
84291320685
859153584
43741734400
1024374117405
430132560
4625645594320
4958200602303
181070149416
1104799982286
8763784440
7369367857680
2136265965792
350227238064
10320357600
528150280
1212299088
14091081418407
3310375840560
1054095119656
242742752928
1678729374000
1850327482080
4538203651773
27363711044096
3414698866704
97548914
39032475174
5104345072875
2226896755200
5122725942465
1124632787707
3316003908000
173042669839
83040109425
2086273098000
408924060930
466374538671
5997431421894
187479989520
1542330140274
2269928409360
3584416977
8700482163
1433716498914
273022622850
3644263525317
5774680538000
18420512000
371534739576
6275742882255
1527151533852
879986676072
3179816583525
35716568160
63350513680
19095148561905
130858923600
3176395556250
37553343972
601585978176
77997050760
937387569120
404120845800
2510490392955
141784330
59308971237
15646915707150
9163470855168
322668840
237160215120
90603140024
1685785931232
295095514805
269455220694
16402325867070
1681772875335
1249368841812
6305680150875
3379759293981
16728878577726
1889825912
207764257392
1237972742721
450326867364
26981533588608
243507693000
65228598120
760306807953
159558241320
8602676283120
739800
8290505929440
116280088848
1090332320
45965920
6197677106691
473821449750
2077085036824
567596072583
3697579954887
131137542144
402360805
378816139476
7565149354
6502716456
2749208319960
1475349046875
6548360832
14954836814400
14467096270536
590631074257
4140076544
16874559975
517599866433
5736306664192
674784
1762144663552
4341621830400
94496188482
427686268380
759956824800
2322983365056
7714431014017
1502702388
206080012880
10188674818000
2743461352128
1014389531760
4138482059712
3907069513254
202982481576
22566378276
262319130
5815837566
3478516004831
369855749760
1100692923408
76228734400
5116694255904
20535657111200
2085617381640
1160155603035
18827424900
3975287206968
1363692997005
78189670020
2364826053840
8388531669344
193757718
3912745568720
1025799780525
93299008950
202246
7952108770503
1369257041824
5582144160
3737793726590
7551138031632
79140676160
16333307440
7725071640
804373613680
4890455710560
1046367823032
3441561749850
3491414512845
5470341924630
107889247113
1902403713600
64213293760
2028954312
6700326093648
413251253910
327403104
638610191300
632065243056
1048959549848
891181368
6453993501445
17765437966353
489425696565
21395976476160
41779200
604596769920
26140365468
35906864420
11541663236124
2024824642215
528391680
84258801680
20311227043800
164930398035
11941713
15418731512848
375841139856
8612334260928
18454243148055
18913683243252
2670062338440
7581
295892750560
333339022401
1015738274475
612434457600
12917830242240
17514944168400
18707043445966
838845433104
13303164269101
513774791040
6606705626136
3137424281600
1032180786060
16766770
26274375448200
11398913344
4313222402892
618280689600
2983483900000
246808011744
10881456531
88055655
28413240570
1660554352821
197221256628
3486720972000
3471803860896
68542358976
6459509433
493800128256
102063433224
99079734640
1275037168320
547922424486
1727720202579
992781090175
2417057174427
415572975720
1832442054080
638982639360
8762851108414
655236707280
4506215409366
62666488115
2924402134752
223722252600
689496681302
228281253309
3688609596672
92425536
582479280019
2501419273056
1548670709928
1068460279488
10567802623616
218145392
4420053295704
32087879769
1568426592
428490707424
90352670851
452637500800
11230588868625
1947091939800
1050279997830
2146129114200
3491018187048
885371232
7152834234975
3663705136
6744166529629
171272827110
10902928684960
5875250446416
812892269805
10705004784000
3666905461296
6768882351360
268894175760
8345231507280
456008386512
20680710394960
518143705352
458665389000
5655922272
607952282190
14047553833290
1485856097736
627028672200
2925310443528
2915166991499
112270974365
762561907200
7059255857280
76880930
16471444576468
2268916449755
245994144900
1948042761840
24476686863475
1136225897295
412751707368
517347590880
821881568928
59427778680
5321017845
4754275553280
20057600160
4968395319901
194843811168
1561441858515
104373489360
9807339679753
4067393121792
16321764699405
4541102955000
16588919774472
248745
234512682000
24030995784
790668579240
7751138304
215792346890
10819579894695
1176482850450
964683914688
2353164191616
1299328310635
142826040
18229368162760
25307572491048
91698828144
8817653550988
2501940821505
712459688600
488806611020
1253329925744
76118107296
178935720
2804781113760
4066139889400
16737861719040
33350303
1061798791905
6824587150752
1888440873536
16489898537452
2792236989465
1256643096
7978011955875
359266209960
8959262943488
319829544
2972280
15975025869945
699041395464
781191002640
485774635995
3194668556464
2861090467488
2970687227664
4716117120
377667954048
5085023651136
864996856280
15537690497440
475675185216
238156019608
686046241474
38986100695
6208041139080
4595028758672
359427605040
982130400
448052295600
1513348509813
4677642778640
84048056015
79649613732
4376350909392
224924947533
27645485904
4541810627031
7103428920
6427515865848
4940458512000
19962383760560
267995123136
113754918000
6310086581568
1485695428695
1482402918750
2012263988436
1258548541344
4645318463208
4342508832960
64469731200
1149277275195
3515148
18692764674416
6450721017027
10369300503380
553168436596
1929310555656
11261466391448
136002621825
20014578423840
134263847800
3564960962112
17140477942848
8179850547468
68366492480
5537061130080
3072215032920
645257638080
1105576860609
498047931600
23341773719358
1146166383048
381392018655
3481238052600
12865128000
1640493404352
281770640
14883398362896
4415155528800
3355199111880
3228737881376
1005655962780
20832308339040
496454400
5881336335360
1312123487616
721755647424
3363099617592
8369528674668
13035554424255
864
358327536
45615746592
244317296727
335846231786
1843860166680
1146096
1020383459004
4006709513700
1770209668080
3458311222368
15115269434496
391454703015
12254010981303
885285267916
388570943520
1841196050288
4374117269760
781735883760
542726771769
96529181616
15034467478464
16770332280
55609945440
26321814272
2277418721760
9012675239400
12914232303
1904049739008
4352870208
2706190961136
100900342334
15760909068160
26360339028800
142968936600
6164282937296
656098525719
224120631900
2609671662290
30937479552
4205566685760
1373663184
1112118462592
451042026372
22750065744
22527243797872
927622916511
2805448900800
1772555030400
1602078369462
6635377438704
10149959186395
382089877965
4050608309748
3362382613530
509984865
184822390040
1942413173701
823437066240
2882986398750
707529033120
48128218560
2767290316938
92683278000
73460695125
70732398960
972370797216
2136088783384
76922871480
104911639147
181225887960
14096104722670
3160906045920
24143534361348
40360368750
940183333986
501212298000
1247957640320
322605045
1511625449400
347192096310
2830428415584
2250360
1988366189000
7814349316816
1166786703936
1399031272032
3200157123928
16354896
11036201784712
36848
919751692400
543605154876
20924322004950
1302951672
270607755600
25320215675
25347658128
282486269951
290003549220
169862280
27011419956288
1475636331015
4425146070470
24543390480
363520402704
3208556705928
838079505120
1599869130276
246853163697
889354616832
4326126270312
1152
3037741816370
1039441434408
3800820896145
5662416203202
13771200
55378621980
647119920
2223027609760
40218516996
1705785623424
154798276320
4594280540835
5855407584950
1279100153520
638362387845
4330224378495
10785067400
9277551977344
3493638720
158814241920
6736950018288
2766502306425
53257864375
1751213009728
24808884234120
237197015685
14711938816
2758739594688
14694790803
16116157410
64054939432
12388760064
29386886256
9757967791507
3149422110720
1206478256784
28605984
502236174720
5445509234400
1069932519378
500207307600
10584205503850
375332291712
3706648458048
878186493821
18941202328
10650980823480
519230809943
55611072000
18579788091072
3018549308394
3623081724570
416776610520
590333
6904538819500
4414432820
10128980565
14197427175025
3617096718075
6087919725
1496101007223
225975872160
19995653665806
6113968678800
4120468853760
424230923360
481450602
1330061744
222220667680
876220324560
160441065
12290557544160
830258607600
22561753228560
11390499384
747514077817
106137630585
4683371100800
1580201417520
127449
3743462865912
90305551440
7816851009648
1401489917280
21645287301264
65554936160
62317569591
2610566686431
6915757862
10718193202464
3793562858435
1266910245177
97966951544
29159943345
1708557229232
98587730472
187251211584
131095252141
1866147795456
39831569442
5584341594
728544526987
309451083225
7328875626072
2715151439000
505156691376
1381124271030
749376308925
658987948080
59657181696
3334032068850
89006016
814547084688
8072869094400
83782856000
1726119124449
9225077758365
461659770390
6500618844896
2903700992
848423361255
72859879680
912760958560
6908636678328
2398077360
275320565487
245279125190
4214129115
19053669409776
88330777304
1457923244688
17148692622195
1903807708971
4562238168283
1133352324000
2774511532800
180482459040
1772656362624
97606276360
3763135303200
270229356
779550644938
1600573506597
13302694431642
2319705402000
10287494820080
382963513600
3425969025648
7476782978880
142428447240
2230593228175
138393910368
713497375640
27410497688292
2396911228150
392510983200
28875
327712
44889388869
1872738252000
11496429740320
4529630640
2579638475064
2807730409848
191237329920
10287556412400
1132349537565
235192320
2442977010
4426943531744
522073944
18382537458384
6233169619600
844181505024
20529971172
152113848768
8328983620608
717726078
15033250755360
300617199
65093314
3005200910040
3960285008960
4409158984560
21867499939200
58401402833
3643962813120
30539308800
18831778168320
1441272096000
1270371015633
597622201800
51098577417
192394627112
306835937325
78818656
4007908971828
4212620466432
1560863063448
2055497054352
13335079409925
4211011431800
24449664898080
210079704
17167195081215
1666434091872
84818760928
896324193666
7022948358009
5794380406080
12562176384
138145053813
17945127191040
2066428769376
213898071600
14541823437360
837455437563
3005880791040
1388665313280
16734374353347
57450182400
2183391192762
59206125
2122520626848
5786683508160
9780475281225
9302617807678
84040370505
6090865107345
3715897814805
584269224
17797103006800
13998360024
838009113570
3279756073440
1316959922025
3902294951136
2563631234128
147521265840
250260299820
179245350960
168611355220
152472663
602438516550
1330480800
11911955760
9178743085785
737892314163
17513044058752
686377643400
33872466600
37321776744
1185974136045
15082897430601
65567531904
327321930
195307783733
24498993904
3494400
512522180400
13839166759320
2440273586800
91803840024
293713957872
20534151769200
4397797525680
13673509545400
2107085313850
10964800
343093042032
413340510429
108752844200
1122160249600
16216190095629
3652976765760
13419898998345
2708864961885
4581260979360
1999916709844
1167120222318
335075226408
12461720400
115049997243
63575594280
11861608784641
176872618800
4431256608735
452186287168
40297129200
5534121616896
21579573409749
104757426048
353310720
9975173644800
3868412854248
5297382447540
20030196553731
264055352652
253619285400
42778000
6168524140784
109025209160
2363062973040
7090677179502
25583208930
588808905960
495626969759
533316444840
8039777846772
1709703736000
4266588498480
17375527467648
175669554720
32774270760
426651844895
1252579705080
293906413710
68562304434
846013160
71635172560
473322186960
10191483053505
1510046518400
3004008111650
8839134493481
1848505973976
836684695704
6821415866400
8233134732189
30875176080
61961230080
355839444
7833600
2101608
3090988047280
1185149544306
6621755955870
704994060960
2737250662872
456934014160
198360
54399996600
4562549167680
34539409008
989084187555
152065301852
36504795360
8363919000320
203057164800
1756791429200
712690948512
9763623887316
2919578760
196809957960
874062733440
4276349341110
4589798030493
9110193032211
9386720804190
983111121630
98109716228
16859551433160
1330515117061
311645878037
28126226430
64008762
18889531785
17031305945640
419214310515
112852995072
11947259382624
2516903298873
473419586640
5769832180320
5572134381933
3583514041635
725820740460
1029387137757
95549805
2789414168403
871589505024
27324080
4399508909880
2820105790865
13833678024
1579636686060
4777296824520
109460646
3621852851760
5068640254710
27905411424
7712725311576
11066106252660
1719353040
57614816
7399784403
559158378240
9862396449885
141527528295
24676390011
166005608685
4548256495290
456131533824
6720263381832
11473831384470
683387970111
5282529049840
995684440320
810063912504
708577281192
1078051793216
716391921320
7617810440823
167843850720
938962181344
120271916100
14062128000
10672182
99282175200
1300520670156
151400340
745083420480
1956671090946
3022906581120
278302671612
16119506108640
5008557460049
1088619843120
495465
252206522640
142650984625
13436059210632
2776469280
998302233600
141883560
165405406200
21458271120
3256852550640
14852152988802
398441354064
3570290593920
1947145394376
118281525
12712449347650
138028918080
1077239292240
14529084000
25111434687570
6889709785239
1264756554550
70993008576
20873926251056
11196291245344
154737024
31925246400
423839325
4706729247960
126103206320
2233800906176
116680417245
992158044928
4975401267795
1413910780464
1865581264800
1763110800
12177040095
445588424325
2197082418896
3446008606575
18739206000
1869990000
9393760014597
5746367250
877896022080
94963758120
6636017442400
4177504585896
188206388832
13834881187401
47076070272
1222418993920
4016161578
21156994193328
333646864500
3412091345250
10075541251160
50211277440
5715467966520
605436741
1728974379668
894485335744
17973179685
15218552226411
1944139091180
2187435941064
2241362981
4991312796435
15966240
203730353862
2887969899780
10301801374923
2960620931592
11864258185752
5372857308000
509692358656
8310609650
7663832772400
7550649518650
540952130772
17506567466960
11312207879940
166924478
591577371
15953316740655
1829694056505
301338989160
4455975342
1185631169280
1346529627
3062393638816
11629950696000
27604353903104
15089240600
2046116634144
2154462057809
1545103416896
9849378827365
12755614815801
8998283574
2817765094199
18206651395200
1690714704
38834955
11051949179592
4295749851120
4888750261317
3057495339405
3097499782755
11431802108160
3847966476102
12317605306545
2714793751800
747332921088
14216459512960
51218113840
3208371805248
22415040
681997239
4381374055063
38366266485
1347020835930
20366350620198
3335500023936
2521268895894
247616479656
528291120
476301756
10440
233788151856
21623966169897
7486610891760
13451407261875
889899429510
234091884000
14602281996549
4296979681098
385879766496
32273788755
282914061
4772256991575
91110526920
44370232305
3687985723710
5043089867760
1505990607840
123460533
35984933040
1218316750560
7892062893330
98579714285
3063264476148
449896243335
7419268067744
171317661075
527185645237
22362641328160
563759203080
116968800
437613931710
3960341025705
2637829157184
154190055008
308863759360
914341540770
2758536976293
15352050286673
1309985548746
809235987120
22638104112030
15358580280000
417659869608
1958747706720
33310782700
5539976666679
489341360920
28387503
112081124904
1396882615680
1569167127000
15135987888
4970568043935
651929720721
995440918563
41861108586
17175992874480
1292802317031
6529703822826
4985342128656
126597780855
43879114825
44017624480
13133120905905
294535728279
850607448108
1050042878720
1189533754523
476826171648
1434803519280
1059304243896
654879633507
28101838646133
7583658149934
255295729745
133426464
2424918452781
19631827333440
9558528
2191733415144
21416199905360
18171456000
5065373366400
1771442660427
1266597772
46354011438
1341783944280
129570631583
6711663327840
3116920274928
51416852448
2936492941200
8554247039910
4274165338155
550175204040
1146077299584
113819480775
2128447421100
7163566238400
555688619892
32388719040
8253537798735
269234602560
268906400
6446778336
24618722029440
389936625417
18325319389650
474754740096
2818445887845
1616192997783
19456870546377
18408758670195
22167600
2766023076784
26539999200
5340330369
575959965390
437669103069
922376288075
21870589440
13271559186788
18936946902432
345230241440
5487263074371
294966621648
1644311207280
216229661760
2111149125701
2494670863316
58994617035
132550573568
1001415723336
439260090960
578507660640
1172146512735
1449346983357
2546885145237
2187695767074
2494566274761
917476173600
326496912
5149256436240
2622430773378
1238541697575
314140140
54255002562
12722815461360
3828287337525
22095302880
85307920
215122895288
4432512118440
17949845925613
472907742705
5051795005096
1501100004800
173672132601
8688999585357
12500371320
8059372446720
439974678000
4677321264
3679725556089
6159435808257
1522594105584
150057354854
2841253372125
16868966571891
2560693558368
2042720064
1037039859384
24978810686973
3185862186910
13004261965472
1126876810410
182844987600
87013518
1522752835968
326626755840
188182769160
45055250280
323918165376
3810712243305
252310439485
2018579029260
19656139968
27658672750
46348262727
379182774313
10212878636016
308038630837
927726263040
1028674137120
9084441534
509836800
11883012049920
36930755736
3425802240
1413740064168
166672960224
675508317328
1905709729875
17479091471664
17733898416045
3869433825
626262
2595788810784
1038473998056
6063412148640
2156518
10238160321350
209760
3223805666193
4572060426417
6868414530880
2451574776105
3235739037552
3149168162700
5995517744880
20481940110324
4153796476544
416222075424
5173672047327
8186987977245
6852608458488
2234920253832
2715756005760
109254764160
154690418736
1189053075200
147615501999
567259485408
1800232
499576089240
2521439161776
4061374713042
365555006520
3590582551185
169717968000
799590627
9241934148
13625010747537
3656682572301
643531831593
18529648646210
22247031539700
6551909772771
178569814767
69997016880
10255307536
118629284940
417268888563
17881554216526
1321130520
2128780476312
692429236304
3241965033216
23042326646421
257998968450
168556424832
13462651285875
4327862636352
87561638400
35490000819
2468591898320
37835048944
2931071528592
6317292453120
425240640
123118329780
2526141321250
1103947905060
7817551464528
870836245440
99645022880
3019086360
1119836819904
5942779778700
21170692950
1950922714305
1427402856825
130416112112
8714639808
416966372160
520457562240
146882708280
11016007358587
323948911440
209048655072
511232925
22759891
18247601034
334218803940
136318269321
1802523433400
316883804103
2684840322720
712044986400
695348888184
55526184
8293706702497
9715651977564
16363117513848
3976339170384
712693248120
1954589429520
9568110
3599031321600
5444756367648
349412454720
1695539371185
119480422032
3991546440
192
6341206948800
142983271080
11198162522534
129079627941
4615141054485
27792979400925
9361293623175
28546477489026
7482235632383
8372920920
18299095280
4832854375965
62566520953
4517952273320
11722135392
755853751296
107242319305
4276533391200
4163712121335
923380619520
16528417589376
12972685794640
405082604160
16587151440
880709457992
129072624
67688987520
31416
33416923680
662417737113
6719641596720
6067022546816
10532790829200
13925292365550
2692054334035
2375084127
1331255520
931810350477
3624856499040
737808746004
4289977255080
3256636421115
16262137584
2455939946496
5119990809297
12732565874
4007203125495
120862303380
2795051906400
203390274933
25267621641408
931753433142
329982080760
12028223314272
11889805204992
1104568476935
6353593230600
440561086224
288004643625
25030267383
38162062246
5327384773536
14206672647270
1331148
1065214955640
11168106124032
14140526730
236152091760
4349790763820
17141622519375
78811702
1427724363040
814615706196
513839269086
725580947496
17801219403
132467370352
10277333359920
3419388736350
794919595995
377009646480
331921978080
386962805664
368862279480
276868076264
1083977925120
4173495745104
1194049505880
11600314527600
15610348296
1221433717230
5309496142125
22386022920
7619948776836
220348260
3209673082049
1503532800
12915497406040
19905519725
126610765200
818671104720
3225573802040
670869218552
4448892107682
6524565247200
418763788542
228009900
4010739457912
362572574976
3006033576
2494670055240
4729815098112
14348411056397
6107910348792
1926448687800
7241204808180
2579810819040
82037767203
29534144640
79072900704
129850582800
1555886427425
26224810405608
676942415640
4231536252128
2160248885478
7132731480
190854144
4594037024200
2972695392315
5468822468310
45277291263
423077753070
251527033184
600031257440
971223087744
2261488593660
1416248615496
108385662543
457094648800
5487598080
954989337932
1653213216528
206923652650
2740180024280
3186296329944
197353061360
4597047197792
293788797120
10933747459206
4448306712318
15967560056
10878779211776
9077864049576
23188374263262
6166333417200
14678963810616
2366813475000
172477206720
167689240600
593170289664
126090373815
12480557119440
250902356061
2804848725294
22575512069
2580011280
9053639423235
30468118924208
3768681314475
12952909125
491098559616
986877080160
128234363229
16480322432154
20392810336080
3607642533
13753075471040
403976989185
2368068747940
2156722695504
4072824765600
8380599380160
67773395763
595399965
4638783230345
25570243402704
3806663817008
201520127100
20252881982067
777914928
87446546043
3900815165250
159710905585
2492120988654
285499764
9373777239492
396360655704
8902983020680
1464577794960
24178892337600
1487055081312
1181735824073
734458866624
93573480
3753659
74755056090
2808028106240
2274241523400
6498553915392
13113799132188
2195344496730
4164456205
4926225988600
10073615721736
79312464
2771358083592
7049515400928
390354855520
17908450679240
6882394154832
5402691625815
3665613166740
281817315585
16271358907440
1008126086616
71334816096
4059682703300
261258705890
1559224401632
251584217709
13479457593280
1187099994840
7116547028415
6452008488
1866133784592
10694016800685
11368464048
949546316005
4177179676824
11353617343640
751121296440
1156646390400
1632842745448
444442789296
1044695267924
421620108294
1617667459408
14053638479895
5680128
978119338680
1527856920480
210590092800
1925403314352
6517203096
146299894436
2226012223104
75640
9736913533650
515413477800
140697297540
20652582315
6461850561690
39696200
716673478752
3212024644293
881110655838
345836022546
240231712
965258246016
219823425
30067020360
12572331006240
16548310
2047368839040
762220933632
1488495898946
639710028155
856653525
134485482240
10891717161600
31207104144
917054611200
1479802306680
1881097772400
3081373488
24491255040
74721576600
3404862535680
4724154091125
1800474608
2947734985360
58370527440
12936095094335
223897850176
4447848006069
2153521549440
120638715
5402722069800
2303354505249
132120072
9453001140
31320
1052847566784
262301373840
7002030405888
284869384050
3392931917886
691446324536
159011208
12530476547404
6755696891838
1518115511055
8532636505173
20495320317472
221037662208
237677371275
9133586886144
650440396683
21383946870
19732703624280
311390691720
407166558656
2695929905445
457143375
920616080913
2285045902475
1240197938850
7972041619370
821925334165
428549726592
54189744
14476735557
2035969873368
401193903888
30391299360
7007051347071
381762909066
11722285400
1033965072
3403073378259
11055972441285
552970023616
644953976451
3776660642250
5897546944512
12039359745
9200
8575911765100
5506865
3272233559100
9804471264720
1428927851736
547550569862
62425740
4469837968002
541803621216
1112009641008
192710928156
2591315424
11103061385952
11278279467
10623612804
22204571838400
9579635967720
753712104080
7832524932540
839456251200
5594540006880
154202046
661802544249
2002622065080
3989292250983
15041956986000
777513799552
3476892732192
16737493738911
44588544
162156761064
547452906720
12366897157296
4471744680480
10228791377419
96301876521
2828873800818
2824163071938
4281692922
641284509600
84955362330
130675571568
3971012084000
7563845638797
4429111034988
593779405320
9484676487
828310140
2179983984192
4765457169792
698919355533
515618350585
593394237120
7982228726352
87091413978
381368001875
8307404265600
8286622288
479213117460
599794925355
73141675208
8683267627470
1276230439050
1230900134400
136874400
441973104720
39785210619
1417453998000
12006628853296
7378159505
4554830880
2918773216240
12128820
668976219678
4759687458344
128450868000
19353355288279
25639348320
11555137568405
829734403550
2238868767618
1339880496549
10572181226880
1184620272696
39140257000
323072695296
13066200
1479355330050
35446407297
2788198507485
35276146800
141161095878
232025184192
14234330880
7204430136
2073270853920
35590804199
17267778144000
8957076683440
17292521599584
7438996518528
4748124654390
6309528508479
4038932595504
8304912863357
5631671372928
