15472903570169
32065724775
2526707183208
28232319052080
199310797044
330365293020
3693130832160
9932675516970
9198645311792
1927821107
13513816721900
7452621605000
581845829148
11763012
19569363237668
3539831522832
1658263152
11686865553
8023097507040
364498100
20976215772325
5756425890006
86638045770
3050111995488
6404750902420
102206335205
3162413666201
21085860360480
10748720736
249784490320
55730559344
511739679360
60345632613
13776220687080
8511155995680
2536819704584
3475145223303
2532043325
15849168730841
164823879168
10583718042240
43509973248
2496405607203
12844618538256
9330301009530
4590122229
22457515456
3890994273541
2501037589680
1070644727880
9460894098854
20356137672140
125631984
68416714944
43839340704
2603145355008
21651937961615
18310946134320
93478001472
1711483709708
10335878912604
668844919421
605413713168
1297544539907
12151914450390
1875461554
516444344448
12666217491856
246729802653
6499855350336
2863795306736
511926850400
8080199003016
9275884929168
45190593476
469245816
12794647557000
275475268413
759093701399
25680554128
10358218961402
2651177280
1107363955200
18551215267320
7571947768
16575624993908
5318753920684
1495007750880
4377277710584
775591080
16178960722521
143120817400
1235440320
468485863680
61453276544
5898916232440
423870991474
11725025
101982085458
930660773120
17141254548720
2191554228672
3152465622033
5633808428880
1417394713525
4241653855082
5943079643050
1831552080050
5418845823960
1625107864325
20665234833552
32166616140
2518781184
2523473212491
13542619712376
180297984
2577775305
773423728
22197102584888
8717030468073
1392843084
6613404467278
10502018856132
19619210461312
49600512
1372939627350
1789885936
2117617751040
4284999954920
1462438265040
417780887080
231505976064
9950684678048
948767372720
9049825357760
74900523
496848080547
14062353848060
8535610127268
3882935072621
10619960200320
64619123085
1411456668960
20391039999650
15106933317434
2101102508400
6437487924
4946162892920
439468769408
40785449819
10617750683198
1436464640
1082545508520
864319934660
2121577950171
481992537960
49145600
2139260978880
11770251064
45482976
455116871664
6940272711744
465400627200
141097573488
341032879992
192794112
3641172955075
14825999423646
3637941815288
32475175920
701937069120
9289989700410
593893872
751605316467
7503846493580
21764545583352
19179323284032
209920
1681302375885
86097363284
302682916592
7219966476735
6575089797405
13056797810448
195928215210
680943620040
292473071100
1429716563844
15251385732960
3617894533680
3601282632711
10603735964640
17377226116800
17588395371914
3605795052321
570783696
4927010550000
108377963120
158004367391
165115125
220766224272
880171715120
237970867419
537748509105
2339140659696
7905589593704
11704210427
1197763800480
636978492920
382925250045
6965537330493
157162686615
6100948654725
298717302611
41990691600
2460172809402
39123402752
2561340465160
1699355575989
334973182509
11931557295152
8371279230
4354944359085
12455190690432
2357740224
142707839824
7152111084127
4383650657680
2765520458992
208567845
7493577786765
6131978177336
302817878528
8052446647740
9089290906280
5983464983672
3131071473360
8011596380502
3468375168479
1721442678
21920833757736
14623853455904
2141196750
2960476915968
151574031840
3347250292
28644983881584
1859543442342
2761009763589
17517638928816
4874093760688
17477486901770
4644381539416
2231807553552
23011560
287877503688
3685313994888
6889199225568
19590116225184
135792295972
525374949
12722766267717
12074863526024
2921200342625
17672628022574
2983109400096
2699425615584
13340456240325
2390711091200
14934481019904
2299197347040
1806300312400
12424098416184
14638209101696
1006279145784
620187444135
547540783544
5181141484260
10818893883840
369624948
1008787767441
23036280485526
1662181256785
15740138683632
1833603251855
73307988138
20082683610360
37400293484
3504591344
787819319895
292194459
4404239753316
1963973309760
8997745944529
24288
3407919930960
12120464671344
11785435925456
6633428521860
10772873278848
3113813364480
185940060891
2316880306533
1495011960
247277520
1123424620812
562133226090
1441011543135
252809375
1135602719955
11227804844130
707556703419
25230374813420
606135635280
953485004456
9325418098815
3150715150440
7730975690784
8372274435894
206223183387
5188270056036
42276860010
5620957688346
5017551
36588040005
8132802224688
2923481285328
196329375
185630408769
7421940361035
1142514942014
3779785673587
85914029760
419990706784
5029777698270
20166002625750
55267275
4675516576922
69884844357
2455238021024
63704051262
86385364980
1485833762
100933503600
7769165722444
1086131742080
616105469196
4719604095693
42392643479
2941980977988
1050936941880
8913608008320
28680170688
9857659606821
169493105152
3034017584
1401967296
222427935240
2499882517368
1037253310605
134588360
8267695244640
6539422125600
16940096569088
2822180012795
202536414080
12008749421760
4554200597760
270572315520
5725298872405
720231699
10435184127840
1873941927990
35340
2657546895465
2567718192495
1647834474000
20417427644544
12188680704
1760327607024
4046395451280
862243140240
1634540161029
2448044284000
8162458028109
17591632202760
184252862400
4979501345952
5345204581072
9972815860579
19280818839438
7558588807425
65092138065
6891812394018
2021847493211
10743586381140
26878865728
20347933344915
6105128367550
5670162484085
11385681592758
1333484518680
6497782258784
14972403441584
699353180
718764159168
37632
23251458020580
5866705489491
20137556520950
15102312485100
65355430433
20189333155680
2649564981285
21540645864564
15401313431744
2755319840307
12614559686300
45839653764
4451666544
12233256080032
1325168
957332047248
5748290247420
954928810836
10877019788115
7313614786532
459666075
2043377558820
23639697476
6653119187504
14826609616280
1131624450120
2327244369948
5773373445774
90484315515
10729599085838
5242062091136
9284703114240
4081336467968
5542470084
1871260315070
201848305884
15547602720
1147383542835
5567221708470
5604562580573
317817475184
1540458016000
546716907360
7396978442847
6960239226837
39935712
765555907264
7379642715561
3504388808622
4686075345300
1214298200160
6605058153792
24551292017280
59764799193
25748884905
6959580325
2368038564567
360295903640
530396127128
4480069326096
2325690546669
31274774115
15725948291466
852211643067
42727509720
2041181962064
11248697644800
59237701137
7190787426550
624210896000
10457533198848
11193283584
186141312
181838714
6061518302720
4338323181
4950428925
19532776224
588120610
17093404173518
60144633584
2414594394443
19195137091408
2965934132985
26291594823999
237420720000
1874340049040
21801469535912
706002405480
6523261937280
2547221854520
2880023724819
18801135255152
805384502874
6022421092152
16917523743369
20394700960
6454739483865
1534010461100
8308655488956
62240883120
22460496576324
4966941327570
1308498422250
17322429101529
10050667854776
576964385184
1659002068916
2351248871040
1512170526870
16566198135
5045967939816
1328098067520
1245747476610
1648425441179
2731139851425
77116397964
5687600115632
5414344310880
2209550
131153337
7373311654764
7050468677472
17966485412316
4116218466969
563862542808
279565328560
20721910175153
14431264758720
912487805
9040558725
24498724281878
7021323905135
9720394488
19094959489788
5612713247043
370526387310
9881935406280
667634170437
1527193021529
28961845920
2400550003200
666939260729
15593466600096
186889333047
154373702340
41638751568
10295192
8282164117248
12179277721280
11613789990531
374118410880
14398077410
5374485216152
4802580312152
198838624
3329259770558
175630710648
4873646387115
53008526060
8171289535377
17052624888288
458198560512
36360130170
223902049560
14699358883710
295104
1568541840
6038200122415
85949838795
237669927264
4593830060400
1355345472
63743507450
4140716384
1015798440960
23544908276553
3946603392675
2134556098752
614478895800
859868021888
361416310366
45760045800
27522967574
599488574256
2300129423340
542295131013
4599464712570
214556099240
6842003342400
506626090224
157995882000
18930736013665
20142275798454
433130929712
29043811850097
64915191360
7258965588567
18633214103280
4749584436
54446549920
4534021939812
6088411690992
5851408483230
2103571244970
9919326877904
18559740168
1100911526395
3377564974945
4374115411572
9904606173
209468207520
16608748728
134362086976
1481245010856
24595962940905
79305360321
18235430205824
3680318312704
1035629489342
865696865600
3453965216
14944456074618
18936015406256
6671872579768
26767606273200
3426533211650
3055966493640
13505058254870
8907554568880
737977909536
824458299
1418542433264
1246123925592
1756282468220
7523959945941
7280988240601
261917555900
4809326451984
86543615025
111530242464
11641082992680
5514665254800
710163916800
19901357537043
355741608509
250490877282
13672109529
361671225120
439820371039
920353551117
3933571070528
86919263360
2382024530551
9628748762000
168944301160
15187193663400
269413232760
6172361450
9327172340934
48217384998
1271083022000
203701955520
808727548200
7134062938497
139106000
2594673
7711740487239
425024600
23328721704120
3760818557544
17225416497744
5021300572880
639883865520
7811551950024
5904380160
183809438262
2505470447184
18231767633070
907771727282
173122111107
258681857280
44352359919
1276177680624
81756828767
3031382884044
29942390187
6553882754312
9264523839552
1604873446664
2940636233940
319709113584
845966943936
5259878807331
99550207296
9777185166672
18831523508028
2013148178811
382748843552
7049788797764
1893446127088
3231693660
130210207344
1097730094475
101232621
5749406121534
404232706449
955143745550
11888658592256
14677591769676
6720806208480
10363464095400
914242133952
17821053725184
5298182084
23937223495104
48539357
16399566880196
8089999052520
22867898745768
183250718789
5258477
4404173625720
555162932149
8124418946864
22732404852096
17837081258400
2935884943584
223697234880
8436424840592
174545364
2784479765184
16851698422760
5660781839040
3806108889165
1181241306075
3274179051224
455258483307
7114311706512
4429595680560
1658846262420
11192940785235
323759252040
4416172640
341541653204
149961088
2890110960
9245792185784
12091405185192
13700428990580
496438460
272741920
22295844084896
16714351227264
12673304000
193226679870
113115966464
10319192576
10571460120
2756201236800
4582520935410
35996141160
33277116075
11610870293880
21887669640915
2161933326336
11022400670463
7930769014272
1754979747824
3754729706112
23412932258240
3288173754080
630224210000
5202025872540
16538176379160
9720461432620
11631044700
266679980
5846819829200
7178206378045
17868149964
180124460040
862366575840
8555038111464
587801902116
5420824548992
1590522829750
790625919
364149504
11095723187577
2258278185800
8544431744
9562075502850
2553303358058
2677337723904
248680901440
8895884481375
6516643295520
6801271196343
4804898058960
4424072998770
34257832805
18318687792034
97890704163
83804292000
16334837951696
3284289711360
650394419808
146350680840
3674338304
6122921600
7073682247680
715767014655
1458660988302
641375223840
103667483141
5771112807680
3636991582065
11243181632592
9544651484850
6623315245736
512875060800
43955356956
5544529760000
10472011892316
13495873347792
542070296320
2967548473344
6260680891044
1773600153600
10032646295225
30615100320
15505344360
66755858400
148359072465
113436177012
74893255424
1971036448416
8252458390436
622057432
5283339864432
1201269861
1718950431044
325086329256
193943212632
141031618479
195296172558
246807715317
721446589584
65989148209
16197333092864
3544844804100
591204887400
650824682085
265356213551
60012945960
1844512376832
4585345060912
249107014100
2301132972306
11545037280
3792024185400
585435473175
127737
6560430459
21475360749150
18019982875844
2438378944608
615310908
4951545324
2985371516160
885221997672
6383876950724
3536464745814
15487162631808
13884552753060
31130913168
8777773263161
10367791834464
4590329770800
907174169100
4666939960354
13813604308452
736860384
243540225
5519625632772
358334026281
250161635360
16691071960056
105926650388
14796669944628
132057369840
1507886208
209492181983
13171312848897
6921174265236
35378079344
86777058480
243746034
49174329348
5387528869008
17964134592320
5219141228454
294317988118
18839463453954
16257487960209
4850779260840
1933031545543
3506263977600
91801695744
11840075920638
25576097080178
102101187744
356386800
14405073858
942487555051
287905846776
584313216006
40351812884
1178698705977
655990816982
23094347128776
6983722509020
6731055720375
23831261649
8792709867740
10815968047818
4139806754160
3813410624
14310154961025
23784972296505
4413159186128
280277349056
195225245
363232896840
7852905809320
58758072648
7901418000
16495463442744
6369220680760
8836665347494
9069267232752
984393701379
206695687940
389678479008
1707636288
1511798266
8773990022944
736942224
3690585734976
4540419576
10108306649045
2884875535920
554695541400
25183814200865
160029472488
823340930000
5467090420918
10424824805700
103310962503
668409961904
21292624080
17820118738512
4644453630784
250238544000
249908400
294611147061
444138869720
3456476362080
11371846864752
826434770834
8764120391375
19998937
16947504
24067269459855
659435271432
5639171499443
372213167627
19108836864
7174451573176
22766940
26418527181
7703124586245
9992026361834
21871821457920
2718048441123
720382475
48886894000
363658725328
159143276955
5127021579008
693867746880
9984267332000
11044475871936
1300434750480
1364593109715
6707127296
614680824560
3369053866752
4185899744752
105134804
12559309896
6150448444140
10407157400640
21587727236040
5458092338328
170863049472
19856877784202
306684894410
4986875157840
3966091920
4057108
6223506228030
2766515901146
316991413620
10786245547680
921688619916
196250989319
8089817002249
2121888552
7043787959520
212674560
2765651609
1116744881040
5298744347232
43166196
12046604269161
15368960109048
1139475957760
9689629170960
470865170104
10123289048304
1308364419
300451431496
9217211056101
4814440443144
6499291032884
11351318023611
8448
43978775412
2108446660656
4829298638000
3347466940782
14137488524534
697367757900
1490481857280
5823507793392
1616585944680
8661245865538
13984863557600
15419286413489
182201653
12943724583196
163751839040
14899167197696
1563639640600
16663564814384
9752435464320
841662412464
39345568740
15832531510
174427139700
706172238980
3800963513232
747988730679
2605989832680
13155984061896
270674998797
6572151493677
162884304
8621075739360
4094064
1795204622994
3192713812665
6822622580544
192934943507
18787508189664
26113136346180
221850099504
373509920238
413491944129
2370329542469
3956703975
18868328034
5929862400
29132763408
801589748784
19821004131504
8685640284984
19878948150816
10822526819680
23481323553240
30223744320
2273062148658
303187844352
32750533760
14614140122640
521000505183
21672946420080
8112833141360
654138339960
404769225140
10331205678486
1880977911720
14636424902225
1175915233080
4493280
6073195150512
1123540671330
934175999040
9662072114716
15127510042832
15092577908328
437045450389
4175052653016
7597500162768
1213819220232
9715447388025
820158129165
6347026410136
33357896400
9921344519324
3896538643140
422791764720
9904630115097
117320056599
1364414832
7671710362295
20126578805820
104457531810
29701051633
103033399536
89461145
9450442358148
183895676352
1428326029053
2317152460266
9785466948705
1692639286084
6395168392640
2902663079136
12722262406799
1169202906144
11526322806467
934623502752
52186733904
9702206288
1158183014976
3106658524740
3680608693818
7766640041690
24326335207680
13295169583949
5463251592344
33212064960
728802249168
304315989248
13082363005536
2850578372208
398696688
10465084961520
30313635493239
2193095424
7195989565512
2805935886408
11550764829906
43045800
182477112960
61558386912
2563339856640
971405846759
1723776885180
13653427672170
27579766815900
6019239000
70641387680
19696225586814
102077038684
1303866969156
4264854707240
31679782848
13846712862528
84778335285
14453203994372
775836969600
11610862085408
20441184980000
115559429192
2367804120
1349083302404
6775411218744
8740003391343
2645132942413
1576233802304
1277464419840
1089802199234
11634110095757
5249916
73263684
232998562104
6274001665157
271920624960
2047012434720
313186500000
153193920
4653025740
78232074837
118682358627
331458889324
8527775694585
19599125923878
9004329625830
358290970911
2293464794940
28048190847480
7964947848000
236392341840
1729608720
4153508744175
7218822912
22691925382181
10121675367
5786036502120
422712675528
2913758367765
86478642800
1368866643050
574205879070
11398771490400
424347688
406605455928
11963106648
261542174400
115964736
4000233517800
42042575432
6263175
388298457470
12453872
1346297699488
5767236809440
1188707257760
1569374761920
4416520442924
12008151792000
6742384883325
1541568
17830768303920
11068159042629
14305267279680
9386304238200
594287443804
10702270948656
12037227528924
550651897885
14958508707532
1278425158122
12466687481325
87246066600
1361520
20630953591389
9697174483332
4371591276000
149735742208
17038080
10328075507
5449093638128
1586833642290
52851991400
9810352023659
161898539654
715939388021
1173816540342
2916515803696
1680017973984
20682986604840
46817563338
940076024728
1951477140896
15424684432443
3283484030685
919316130186
21992980327736
11640568446144
4025316915424
29891619776626
19557837107250
2446972024560
7376999798120
492498206224
21991215986650
6422487668168
9451508636284
1599708485205
13217637888
238214587050
119824761888
17600148764912
2750418825
81065421052
901359814174
127428687344
7377436965360
23103517726331
1364634285000
699030038
232198437441
31360545
2255450048804
11579853853184
8381211414840
18552890916848
14148605715072
12068758710
8259903562038
10278840911331
294952886820
5345440291440
20256
24927101568901
307008525824
9136352473104
7023035379723
1695779199565
6417811780465
15079402891860
7638264683984
12241485208064
16431581495
402211149120
1117011303408
484534428525
26716801367952
17291017488480
67088837816
14650199856
3346526691455
29292992214528
11880599087705
10803909471993
177635592927
21750454866192
2775290830731
19246106880
6724712981168
774166128750
1515157731087
4491371114373
8172179688068
22264780167728
9581661783375
2130579655680
15057192792889
1175291261709
12519490043970
13118806084736
2329168896
511560383840
785745139188
1294551117864
194780247529
5766612738880
6994359607360
23222101944384
383772080
16662592916088
975836400
10058615883914
6261255826112
224556290928
1338166574703
4532256290840
757048206640
7014458309765
7233763540603
273669630624
15536994962312
162182383272
10923745485240
27311628932712
9683124662610
7319681136
14844230488477
216769952784
1899960860
132678204339
1236467233275
661298234069
7767221679
7676379305700
17677429098824
4310517342960
8233976172096
20984700127680
6304885935624
4988382000
30197304521384
463529129154
26843037252525
877523166549
2156420051712
4270153061754
56559358584
16047838971876
1460341556632
17434732157425
2464055671680
701992123560
127142504782
1867417
1752240
2862031962879
3253757363760
832524655875
2444750280
1970234419968
5585600829500
116812706301
268195404384
1573471583904
9519409178832
7819200934160
390803097762
384037065720
25670120439329
4686527479970
690056122535
5914232794470
262230314724
139970727299
935649559488
7747103470128
620052475
734288828922
307329771264
7814156817840
3371359746656
16167734727264
10246225634184
7973386686720
3898272416694
5193542824416
78972380271
654797231
5790741123256
267277392720
22411200
11334421766304
1038748322304
26197449608232
19449924543275
815849880666
1814973130985
166914235456
5429433476136
14268655768325
1053099531000
11610081170072
5808490964804
810714344652
2301947312800
3753260768384
815586869864
6797359216944
27423732
20188978953584
60065631168
9039855500418
13804667282544
14672720798027
15491349508635
866616866304
714030963491
6638606618465
2379404325888
6993740
4900897307306
11937166642840
2470240800
12711577213360
651020950944
16026674040
623579165352
15577776518832
1759465730875
14908304930025
2771802506088
15550231807968
483216583923
1182392047200
9658944480
31036228704
8390214963984
624485803791
20228945585508
45046738688
11577639763568
17960177674521
354945964464
7894666431288
6394374051560
13012056270070
1285686577136
13848151996800
27194664002940
2004321802140
546138082534
60452646229
5455142434880
10191539649060
9565441797324
21557794128150
12081437544852
354705583005
12289947893080
55653605140
420577563690
4874934122496
3453033810033
21986664638400
33339901200
132562708782
24544432044
1166050244238
3397668456
13627145156814
14556322538496
15821508389024
10283905858239
290032728284
95313806324
73674156425
31609253917709
250373433408
10689009386880
17844573012822
31516121838999
1135910608448
4684759008347
663415045650
3011424425
47560064328
7856024377845
12653827861104
3077548190464
1920572320
258944469608
14009754697263
784649104067
17165112704
17398519531155
12887702744280
3533790976025
5711213258145
7479308900142
515205899312
55056026240
84871640
6875327697000
4222066374512
48159700050
194827874400
14052132684576
478698722912
2408626347435
555582754584
440018379240
1697053081296
9012936192
441981777825
66066421200
7945191920
12699900541800
808414576200
192202752
748357914996
928432037456
355356612
23392638
4436217134700
110287805445
7886696393326
265793025856
29351493739739
3042085623920
102803888
4054594573296
670400210468
37063680
14622657876288
38420103
7486447138800
17746253227
8457597223775
15097419934736
936712842520
2481714152
2565696
8776426103783
1211601736611
6711778455921
4982675325
20714568864
10724776846560
6864934246193
1417858700160
14219235537129
18101449584093
96547654120
9804437744563
921564126
5897246948117
4111003938432
1208819290
3271776785715
346972603
3669013931760
4009586912672
1976561298152
1036972
747578880048
8812028571552
2339706208437
1611467128000
2673559865139
104075876520
9683932946000
2799735898713
1282603898399
6088655563340
1844602985124
11360318199984
16586241910784
584331121584
78329284794
2550561620416
8045710416832
60324343456
417936757
2205282831488
3444514836336
66318040035
16677011083184
16350790024397
7703853587144
17266039183394
18609616389
1847456942838
7927216702604
248489158512
10999051104618
9362986380400
6534224598798
543349182960
13576483178657
3461541600
4902538227536
17082281535375
18251680822893
375389025375
1690716232443
1464891560951
2895204865404
23013632709000
5244212633259
104088205200
3031995138120
4770689990040
525597662331
4766941935972
1016042879568
2608981767684
268192895520
17817274516743
16564800883475
1030292640
5569271467328
1158088037400
1049338128309
6913279296
8084657760740
8448721160153
17784461625
5216610326605
2332671288672
9949182275615
178008486150
2899700823425
19314806030331
13116063245568
1029214608175
4359078224
3530425436160
764689095378
3590037345554
208538678247
7043707241760
10458741528792
14928457761360
5193831184
868531911975
10399328489550
74648606704
388110096000
1310282709534
26651648
94656108550
42778586400
10928096440536
738511521
4102915571328
819431193600
3387748376080
4200545787515
1243737220998
1887860130640
4762989437904
5561915502176
642715047477
6024973365675
373347062624
60020598885
24700870340676
2749197346560
718114665452
10178000855658
6882709063758
707526132304
5940165
6668143693760
2325268943445
108065303268
497980467
10268833968939
6612404943760
6468130476789
727954236450
5696857803168
37528346736
2565889200
8455323464885
5086362375039
18996681628782
28211463764307
941755005
1277637940394
19736019461208
6988456437336
8056811120000
211642009280
557132557450
6247759256478
8935227168075
5632954914240
6324507576429
29927017846632
19564697636484
13202748708786
5852708409324
11727773616
12917984640
10907988152768
14322503243760
12265649983968
5557697226840
4310197760
1934133399
76627693569
9269148764119
1163270009165
1137927981696
1164822039899
224507576720
16102364430843
2487165480800
329413367052
230969927430
161563443
380129792
204389352945
7513211492514
3536108176920
18797398598241
147055250160
13925942940
6265634592384
51662029020
6046634368
80187494400
18915310291696
17773495307568
80448389422
78918726720
6574925984
2841072
4471722862960
14365296183728
1138944422304
26453739678080
17004993430656
10647322
13642938371424
10117510524784
10517639277600
12495722843925
18016733857320
12939527472144
66097195725
709227795201
6448589982000
1711968987
4629930591627
6115237056240
103785
38069333700
449805208888
3358539180053
732266898963
17828397976704
845817902688
1717745400
488004264855
3908111667824
1000861279770
7467853829332
2194994265648
4203810847100
6725429172
7764143063952
86850602400
2233832878459
959239956675
837942790072
30350909600
561235140000
1006654543872
19950604024544
5979189166464
2420932482540
90639120
10454050022080
10510146306447
7172172000
59123711
6212576357218
186991668864
9995758004232
1672196509464
1222403282624
20217967424
23761692672
103827815872
4990799382768
910379868492
2041587504
371084615685
1144919491859
7402444339920
98476047509
83404316
25298954319840
730521969380
6664425936
79443102960
4220065623066
7526573571321
5498902974240
16529291076189
8609521191012
1010123284
1764452624840
6884721920800
9128416656404
22061437899
12542843853440
1956304000
929444451921
22838461452965
36965496960
6589947963648
20278365
1280963255759
118316580128
10674631305
292659840
25111928613375
72195378
87302744320
105395204049
3179939550807
8539124298768
126556595505
25579033628864
8223761133504
10887279754211
968694936
2614264929
8016223642515
5763740365504
17513450695318
11752338281112
3167027136
2003973651075
3075341589984
1960971331956
823900813575
13318554783084
155744214252
8182858482864
8310451295232
9929518667696
1852116024045
49725561795
3842258922480
2085995601690
523410574592
7382762522640
503053475530
1803333008880
7210574383808
5745873573888
17469565755395
922587589404
14605510366370
9394641711
17150233539
9765496719644
12085403432850
2865618935
1703521825417
1859261935212
627701883448
15582426720942
3891512610315
14249202584568
81483848192
223775035740
285122557748
1264164718740
12774314775
75786496380
184350701920
101134269054
1220113310400
100597922490
135256462
6848090417004
108191233800
3775642155936
2295210085189
4419257923320
689848135571
11055192159312
1317823420599
64980978930
1770629608975
8031882721545
156781572852
38500828659
18543098500256
21760296727296
1977755479920
14736938976
12412038130688
7508539574462
6234095661864
1122967315872
111397211640
5778033706135
1029037340760
3065184994
26716599686400
10254367801728
404895247484
10205442606
3074324859585
15181740622454
153959093508
9939562690315
16368424170209
917280
4988411835840
76821629664
4477556723440
9892295756553
6406606640
6893461301480
2201499028824
1895548879488
151518720
37345415784
12526894661664
26795943984
13797407822016
13607445202122
599050822656
16599856558524
25276943038464
5898716160
3002622565500
1921988
11483544273114
9317806975568
2616416065080
500888997104
6161653840944
250528733352
476127686784
3267714118350
804891529316
1733760923882
3517690196
975691044468
6714691122555
1696968103732
6549792083760
87651282600
738608
232242337134
13055958681260
10069384988238
45522452640
3523900533175
402372916407
145296390690
2142738125
21718111843310
551414260800
13336742357435
14479530861824
11517543708405
2059664160
1673455001085
4959658242616
175917854564
2986368444969
665626815
28994112
21693247244240
14231985432734
13533923262860
21991253748459
12659136994467
9268179375360
8512284130768
7596354840953
84641806464
96750154809
6164449189800
9394298380506
3395127574625
393082169139
3650806530525
14034678298884
402959014731
24665550
1399642917720
4450000272
516603952991
55881085440
1036124128
6651402167448
12498830595906
55567760832
2942099150760
30550080
7530418362030
311074814547
29373804414
90340110
121699810856
184998188529
3747838500
15058999280
2360212597323
13961900480
1323520058184
15712661998451
2916111964634
5376592355985
941222011044
5776880875920
22383732893760
14312774411904
23616357007360
33732028946
307322154734
664371314250
194370022800
247677949680
76147365840
226766912760
679763599760
2943430452855
371456145000
16595413325400
3248916424866
4709056185
880067564864
5485986429453
12239842627410
10912467151440
7801073436323
8796767705280
21917164080
6219200430417
18669123380
18195815191760
15212061372753
7528416027405
9972410891604
308106752535
72921664992
1115680320600
4683840
1044045216
24091340197616
8209111045592
21607283127960
207663855910
16322236350
592426418535
4727334753504
1712315172648
253350931575
319758556094
66823342128
201641677151
10971438765089
150498392436
8497298996976
2757150654840
6335184477
642582309213
2087572212880
4213072346604
7536050954250
3219521958664
4371367429044
4409438832
2065088907207
7369066692000
6938659486128
5616006757968
64970246843
13423164912575
2241613261200
12542171536128
18028705494168
3406283808000
3856209810458
12715667700
4109410668
56204057
6904056555
892943295424
70384624725
10189710135087
10618396814636
1371953326275
499309042176
45212650470
769846677534
12287932222720
4443698886957
2685059327080
11874997939460
329984420135
2069205571125
7540998904425
321064188120
17067848482800
6308440868106
19683169757312
46138920
669442984064
7104158524788
9432131158709
5104517762300
601761386618
1930682637312
55796177100
1143946928313
115855566090
429752924832
1554696709875
88196214336
35919254
8985054959865
434940312576
584782346817
921538972224
510718372164
3116155964
3162630191364
6569997665949
5252159499930
429136459840
144751288080
17016919008048
6367427485560
9425844889344
4125082752
342899889960
1165744406706
73475715936
9960363225120
4506415026195
1171822377000
758016
14137175035680
21055150958748
695382
10414202832
18106555014522
3756902260047
292284865536
1632198764000
15512047563600
27881944
978239640384
12849604957728
2576198918637
871873977465
9746016319149
1054568695440
12774189799800
3076267903968
4084073810258
947133857950
140090603156
514125739868
2082352381725
9789544322718
4961957440
721166863230
6474467750205
4589156880
956149008
709273971984
3347120
9043620768
30728051905511
415708641456
424309968
96091388640
7620626402546
1959363379440
13793210290015
5492275841808
492187496850
274242204558
5364176973920
99009027104
547235912106
77103979992
389141565120
11089915395832
4302548466000
8754881317644
630666853800
1230539639760
12535059302161
1260786803
3364454042312
1161087604848
4845764703360
135597863889
2720606130
13968064047084
527389350906
24855395984
302712518576
6238219202285
5109038619004
72176277432
6129991160712
58388592675
864520307040
5221836889808
8863968313200
1449785501773
943480505604
3592586082960
29383041114
6277333219148
764908183209
2339894448716
6330517604720
5555758829984
2710022095080
5760738089463
27375520
13852127520
3641325016368
861066390380
9562032640448
13809315224080
135527179392
6569339291928
29104400
332885773106
987826913859
16914740222625
710609990688
13685546713046
2111697508800
5230680150984
11390119319040
4984271731584
6152540971920
1020071468090
235371232800
162528064800
2926374396660
12497488001664
2109610132560
4238029774035
10069584571974
415138083580
7814536148845
662141884200
1016978228630
448044425016
1062555015145
21297402408
17430607584
74831342432
1179215701154
20781061120049
354797090
10278461178075
3356968104
12396456602214
5227733137275
8910263458965
103013385805
5713504244031
575741862409
976100015426
231275503095
202975439408
1969587038265
18713055649792
1933548386513
287577934560
179872593175
177191411430
141489880488
421389765888
10751130697905
2444658198000
29380101696
21101402424025
22119868407000
13702652792199
7859359880128
169377271063
54659828587
151426633344
4500223879952
59051142780
10985164843191
4565798570704
7524406066980
718589731608
3777609702416
10845401497812
975937471656
1832141640
9096613364531
795701180961
333584970320
198300960
30675728760
29696188621320
14534345594480
77586750605
4400053560
87669036000
16219096969661
5693616086355
7694444058229
9011382826640
7276215190896
1523167015392
7229216
13259084901516
17406406123440
116569733339
445587508674
613419906240
21474589125
21654524704554
12293223024465
1884511773648
10126855795020
10371486268000
5189010401664
4181792473908
6621570569664
669094608
261669124208
688347074104
1211286096846
9788412147864
5896336274944
3305104309170
517207945755
5083689166875
3511641035
1145312174160
645649715109
18552049948512
18581147724230
221987781600
5089265017344
6517002155888
19394502011024
1014674776104
551170550445
12200918016
418859168
13806756113508
217532595449
2436460866048
890893771488
403096435
42302020455
12802792436112
216433910
2061720
2721625324
7119905781632
19212067839552
11492735972160
11108872238604
20200662906088
53787636
7302424484212
7215136275312
95024615979
129934119
1082784963975
22342562890739
6060449808928
7340832970224
445462978272
630521801424
132317553888
68872056647
577703778617
4980522956800
11373658734192
46520117
21572459713321
14344903267184
10927222738841
12303446766600
5584184425825
16714804861440
5453939953160
2108367365184
6628078113670
3612888928296
8732510057152
7838476828
2426012899992
56948427576
6651288814110
6276388998087
8849157801384
10337567104
10986881199504
471397179825
270114903
219155164800
1834867547689
13102496319236
1109563595448
11201651940320
1414300271013
10065553034796
3394147569120
10287065833914
6266523329985
1898040494700
8356237138521
9658779172735
4563264084224
1540319193936
19426983085924
262614944
796331235504
1567295813888
177317616
705534407228
6114715226235
223835429088
1706350774370
8368690341132
120418852470
8152109212455
28700282552544
22899119134528
11141485867100
11578271142240
621172165115
23760532920
210649152896
585654970404
1063389996032
112066447320
686831781024
17765289344
309209986512
2094131760
4783476388992
14749504117824
5489343952320
737451110
112763038276
120256415400
51162887952
136451367936
2114644662704
6502359451014
9932094056280
132695023895
11894555359494
3934875418859
6705930058
1308508355440
314539020
63279884832
10307555897540
8837344053579
8445783217149
54379584
5177650882569
5573764989291
188778892601
393572414784
40566480360
3661319
7916648815075
1008544162200
2441859189
1746302972085
69869312664
12913018380330
9377817519744
10622880690240
108168306552
22462846168848
947270364740
3578391110655
7936173621762
1196305957050
804741384
17556960961995
13692369880800
9624133105251
1217684853731
268905390208
578760529500
2102824227840
17025836669655
15968468557896
547652116580
18216702280512
69127607232
6053608937376
1193718237552
8299609823104
2714718502000
20151373210245
10110118901472
4219807185
19935492588959
87477525600
1071118392355
321991821450
3278756206440
16557098153848
2663521065560
138163719960
2396697849480
4443296751182
16362691502985
17875316330244
10387965
392696166016
2374176223215
3275777277000
3382974405888
386922310937
1598909719680
5622724524870
1529661473040
1422312119360
16510203344
1496171039340
748344484491
4671577600
10592341697600
1221375650
6263185625280
18176756552220
23005716504
55525486000
894802903929
1551726646528
944332218830
189354330000
3615109254290
715707533808
4353387329642
1467786332520
6947905349280
104875043490
7609838546739
2694746977104
330437573088
23596438389776
4793457435360
175926786840
10428324986352
2171386035
1818139747270
492768
1054924865280
1913764959920
1643994
7372200177825
501951969675
1508758893915
6153211497840
2521179645056
8883855371160
1870403106600
44102318400
114152613120
1665307821852
17573577945551
181223622720
1965729024
1000640334006
306840343320
1590224398400
12864247260480
364804188147
14004058880
610613322000
211212788800
3935130012
1228628801904
350231355648
6359096139870
11865688858800
4376442248163
8436605701950
498695957160
1234777086165
888211351872
1023527771490
6288448069440
2556691656500
335583339
330497511630
641830755552
693365272752
1309645910475
8488406105300
91083461625
11263943981088
782650624
461380953
2888074030464
5772858874335
272380738608
7356136170
486223727847
1939684278840
251834251752
927224555088
326507261275
2783707500357
17960807684
29612810695776
21465640120704
1868282120657
5844795865464
2392826160
149740978392
601755228800
16557447191303
6577107119
85437060225
735569599200
13461742814344
506760128640
14245635033450
23014704148095
9350059817648
9864625288755
2868128948724
6028130304
60142368
201941603975
9006789478080
5190873654720
13915634793984
3313296
1627946979750
80396996112
1902655937721
606467034195
2535429180648
12933069011590
15534544859955
18455680066740
16368938256200
2145806213694
15830453184
23410115422452
38652072240
5749687242
57087196400
1385761172224
8175988560419
12949577816784
2693453655552
139724457600
486794
181115379657
18740189076246
4596059371512
1922710361220
28660107002352
47105138064
17201245703124
2706911282496
25253084277063
9825258534185
12582662715810
2621975717824
591215240
763635401331
394582506288
402150818048
906761613531
2276908579748
5308321292664
7471007295509
2413631656
22018819454450
17604645019515
1279057074750
1712129546224
8352068161465
3233042054784
118071967860
1443580144
2946831011696
329981850
722200632352
1190479632864
196984980696
12138116443846
5272646167152
60866876840
316727850915
7265057145129
487779735520
172429155360
12699696600825
7293830082032
354895877775
4138802160
1607077605084
28042511366772
670744309219
10226842688035
110155229597
23275188746136
8186088960
4020497096144
1099503953376
6880996385808
2066063880
9904018924800
8018801591760
106424574080
3800120884560
16822938409899
1872372550692
20846075512784
5701435992236
2705591131959
53865
248382870375
705662380800
2458605315
1566267754221
21775061901
6820096169424
1744725306597
221324889584
4671247156544
191872133223
198032596224
1303173471600
377514918192
4815996346784
10203759550560
8245143141840
12436354794192
1037011575168
16432765248256
10895581030800
9221762411734
17812349175660
1981376328240
6322063291677
154422444
32154415416
25316698388216
202813408512
193023840480
5478877482231
13836792627840
7620756903764
6786877351143
388231852470
19309088700
711511569
3810896780400
3823758960
2170719691875
1570211707584
5320338966747
238194120
13543769964824
1844095857186
32104705084020
289359363645
1092289077
17697441745984
27501392448
11127882421656
226396519750
9937526388600
8840146669200
6012213455808
5299188496
50983349625
18304413173760
14095835999280
1748471534040
321287602064
16466765870232
18700166884760
13165274077423
1272333
15246852951840
2004530369520
3995278927059
31433574338768
2580226703733
12031919328
11515613045040
16219446284928
18501152345
1165890965750
322198685634
2512843468800
23271556373109
2619067335283
213257408112
19950700040975
2880432033744
519764427
22257509580
1066903058415
13850242795424
443381420928
738543920
626323947600
3150215360484
12413969217936
4691953620
2983345442406
6739398588390
19198626200910
23960273445560
30659643981
522341340498
647368200
22729080547280
7070769038940
8736901451880
3958892213910
6389764080
427120449
9713461176195
20262478484
3688154769600
16937650056
266297744400
191766528
518533963563
13824130101488
59092250825
76581584
26249194125
1001756879760
6323823406720
6330465549408
461517440
337373107045
11443427226
1554924513912
5514096504015
7572018625560
4199961649872
11518225414800
42567999760
5761973544152
10796837187584
354009230822
9202754114204
1410523127145
241246113645
3433561829
50453287209
171061490625
3730501816720
802952009019
3360531692800
2057326942130
1267792056420
898772883775
4171044573402
15061532121233
579157826484
2849
715053120
9791497817
532136407023
105720255674
253153636736
4024725312
34743969657
134501492160
23724696336640
30022811604506
7304547632505
601168972923
4143297930608
4040107459017
1433949660360
79286326
903968
1875959963955
4357695914388
15647459404584
18709477276200
1399554720
4344206401080
6922628660970
4787068188960
15837512623000
192535949472
60937087080
41699250092
4174019587030
1081809996472
18758249105585
4065840527184
2335424845788
16612466269808
650585133120
671414228520
197163208872
446711660208
7208073879864
811048715984
22287390705584
4126845497640
1063400724738
4276549068
1359089630000
23094671292000
922437716970
2692438396032
1615890924
4188445522800
16469223447040
11335336142592
18065193740344
6794511995552
903633724413
2895021234
290581921335
201643857504
4968770309831
28184075852900
567069725673
270717016064
3782023545998
4206049710300
1164155575548
157675386192
16917203658537
10832495861444
6842024549325
6198692484448
840163827195
8001074416832
6861264473124
7869740245211
4263694470789
6392871387749
21932751237824
10232848206487
20769189687072
2555112955584
1524537344
6845441456826
3177465390871
9603529960034
21735411514001
5138656625856
15306369489740
12999123508800
1639303919600
1288820568360
3489150887040
2574061201455
428229576
485240698800
5173950759549
420112938052
1073245932720
3617654456318
10564184064
18335608480719
428738974980
11361405059850
113775096384
22528651700604
5315965948332
582821024688
88555573392
737601660873
3976386348984
1179470144496
3927647935920
188282272050
14066804367000
1677762996
42438250491
70043120
23518519732584
25867465717863
473862385925
15806371744
106384955
6094900968
242758441800
10029296
355768065900
1088728156620
1526838830085
23045551514865
3218437355781
7344913736160
34443219184
10037600
12088879172928
2830018225496
2789472896170
4039754146263
9727452937440
243981750639
5207245564484
89593380261
10563449337600
1716465309760
22737173654
2840144
4649084955050
7571421000
7876758660862
8387102055280
250535902848
1154190240
4715950848024
12794803686650
26336872991520
860021510984
153404346480
7732052620712
541252854805
14587724657376
1695044780
276418700712
57935573136
3303606066005
25359982921728
125088491
2677151854208
13331777617600
6224130267236
13450784689424
320475260160
6956143353040
13084822968
17726660593444
268269056
131223623339
105861954528
427037280
2760698216640
6556710890880
729091281600
34996624320
12169514098680
4197712868736
30138575899
282047709207
2163751859295
36510295395
84471249
5995098139320
14798745
8227102485
6872092211040
4478345669529
99304385310
1031660784
1184295195
68410706825
2190230719952
4456409056638
6128310442656
310684668
1305612
174289828704
8631895879458
579255794568
3181364627280
52458838201
5911283410672
1056665831200
5627475646800
3223138476800
2611408305996
249707902080
4590903134725
3643201787600
16812526116
388824965184
2330479251072
5371986786500
3098676357
12081514725
4193555021318
14383247959344
1495211347488
923053463208
13940765332384
425767115886
4919654310120
1260172092696
9759361500
5415725457544
18747728899445
191817828408
961826756520
10435566660264
164487829275
11560662960
26954012787240
8055282050006
1054275873
164200395920
432801007314
396419100450
4315967222472
203386554000
19906055785
9427784736434
482017616704
17242754484144
5099231101884
16742354769024
9971861010615
10331719938540
4533894259440
822817462362
367928059920
17233052661290
2244891197180
9633156912
29945453952
8712737530800
548335584864
953749653838
8070067463120
35491203702
19120000799196
1048731464040
6333391451952
11671972455
2249462412968
4109029339272
751457040054
30832565888
502050224712
25730424
1088550538065
9313755062625
820332920
14066708531652
21080018212340
295357440
10878002691626
21871735040
1949176613475
9538159775744
969056569360
939445038600
4358553146624
11765009715723
4214191969845
163610301150
15853542425136
1019721433500
2233435467648
81921402570
234010768560
3006132254400
1728640
2248964122104
67003692840
22619066757
183363268592
6014191312584
1852054401234
1208913659904
2796211038015
18413053614128
3673955831940
339412321710
14509539144984
15347206575855
9090224750
17196124273370
793908793392
3703181737720
481008217674
3831874925277
128695026
104262505662
3423330999864
86368128
19421960280368
9260273357979
2614051440
4610491062151
10038037788064
518571374040
552285888555
69888244120
1330538572800
44769918336
12139659840
593564605664
9586557975764
620285020
7653743421840
3526471460364
48812987400
4048381323371
2913878240
61905228
62398607
64554048
10252058073296
5248219578888
9060026270044
8069090316960
12766511820080
4562748113
20410048002208
9956672359263
8026683583584
214521114420
910121196609
930138272
143182720201
18555714750752
7976859173160
17350495795114
9135317192430
16149175696680
5032751778360
20412442354320
895160129408
1339050384000
5596359158834
7570834093728
573654612024
932706754812
4300483638360
1089594639
2834482561075
5538595626816
121600
17863509400600
4139765721520
7452888
4630078911885
10750210678664
3736179029450
17087912037168
1048041070080
9728456231808
24523917406520
7165694028680
12500322565715
402071955120
7873723421069
10262350306080
840895090035
25859419371120
12715914580590
7168865393808
14663896632
877057783560
18104549934044
58994226720
12836003180886
292619105520
1743150008214
5978674387440
499766360160
5350846158016
345803412834
260402909760
312326094960
12136807935
4029649579053
144829515600
553557186
14166618770600
440145328
3338260790184
1256631840
1271397862335
381456456429
44025116603
46294675440
77097150000
839939833920
345083311337
496429687600
151109659350
3303213468079
5118566619496
10538680001120
22219370359325
1907641406160
2511534343914
17461195089800
1774916275251
3472560
1117653762303
13587871958661
406061705088
5476447945968
18395725953083
827479027704
10925919718975
16335806472
463935318528
3012826776
324434782704
3618771023070
9152381828720
6671530466949
8228981445105
4322920962360
7538190770160
804907823944
1041479712805
403855617825
1243598818955
3087067418792
13140417447320
100460900610
867756836112
6433604547815
22328474045625
109097880768
3329796223390
487037348424
400036005600
6995672779520
18678136973584
8155274460834
11922679629040
483876078000
9894638523042
4551911424900
483814669730
185671867029
1236486952559
3730194914490
6932850432
286856682840
6909329250
8613479502303
8979335342880
1182134379195
23585659646500
2212390366056
6957812445
41395431952
547200207600
321656685984
10886841919962
4839289519680
22858414656
3600750782520
6935305771581
137404944
4164806709
17044204117
846779144339
6808498721816
6997146270576
33550680
4647152846540
643692759871
9341303534280
15623604027900
7038534818856
755982401880
8257474255
151030401774
11006107839825
265287092896
6112621901565
2784532125744
3954814557668
4830196177062
5762524574340
1575972683403
211060231920
12640264338992
16682824570776
15886690251120
2232048490
5905286576814
30993637356500
7305967769
8468773312
1135776341
18953230122060
5667935360
100276689056
3845640999894
771738618000
4741375783884
28771670903528
160003623164
6738605434080
128548640
63731590560
330046747800
17620714549860
1933841863424
1116204374784
1654632903765
2536925612544
8064336306644
4080061437480
5922465667335
228166677408
25407062055
3201172140735
9251327090304
9032417011744
2188243198785
104258380254
10561322026955
1307393405604
4103855482560
3190743936
19603518074914
2633814287685
101439435648
3927535325120
736660568340
1093120673400
148088453016
11542033477800
3983787334080
598972623555
12913360875
10075917927312
1004781024
466617868800
479592588150
4116805
26736666009177
34133534
2950735233600
19612177212066
7975479250024
1519326997143
357441354864
5638727266590
5306766373280
9394869852984
1164557307675
13654398817560
492461988000
3806534765286
3515163210720
4827179195820
22406320519440
21688461513810
9941306235
19218620015232
3611623890112
5388824595840
16426666113
1097424074208
294496569705
208963296256
2301175668894
149482198926
27784726031904
1257691333440
5091438521232
16004102368562
5400517904280
3973299603686
917343314048
900232775199
390190118703
245405075712
24968464897194
2528034023700
4727669242870
8525893433365
8387205035402
4641530281370
884259501481
22959244624000
1871588218200
650096807664
14353334002783
261587478897
1781528909
1577698445245
98173965176
44626136886
20957875332625
10899811320000
881062212384
2127253932231
1424765256640
956168266670
727117815424
3583944
72676590168
770479442704
439439109120
1142387336384
273089851776
8533400573520
889836349815
7924776617268
6006385541520
7777998902415
33206706390
9255480083412
1339477685
2356588984
699385328480
3733055584920
9504340715856
9520553738531
2019614365014
18140842094238
1648818031728
11565993328064
1360000847790
1292368586880
3129788893
98799996048
2227794217968
124495777170
6179174345296
134051957116
4135162614240
16700697117360
5287360564416
974762016764
6028350662952
4448498859024
6088852
4932927467424
2882468851796
4603886880
6129342786644
346128024
1643735947392
2313913502475
393562967742
21576828497965
16232171013660
17399868183810
210057181824
366235449008
116475840
8405760304656
2005784428815
20631362802264
1006606841744
854569233045
930092696157
19681593440
37302259365
2434156675416
4378780638152
544662149520
31368032658288
2115154339776
3849750717640
264193559588
3595684881901
846775034080
1630909004256
299853473040
8363850674720
6470162972259
257011997784
62993767872
1693728765484
841079226022
7712082393015
9823479635970
10822795836831
879440784
5373759948593
11843621841935
234790741185
1519082818080
2298885719750
895018884672
637432027128
104243328
6085288086500
996079489454
242595226940
197635215854
2909315342306
7309626096
75584278000
17700424251615
25158385126056
4626418445
62010085005
7303636718729
39712114530
9493743981865
605363274432
181806287600
185019342750
854025606720
1090292557910
467557608320
1009754105745
52549445985
462922583744
937676393952
1047565458800
31770864
6570769981473
231849
863625393191
137900244096
30179511518778
1310293696104
6350336
930914190380
25252306532255
15677201287538
44043885039
27055790281460
11387998047785
6414390182200
2457507816032
691056875270
14886364057488
8170863918195
1814779680
19528555306000
377302204440
2866291660440
717796906512
223829569506
21020097285912
6480488923821
146703207000
156240
5794947154355
2827707118383
25538110765635
2289749550
1533116114616
299088557928
2305066031730
2900703514296
5600372030484
16483408595456
21921717983609
2592670481664
121855054035
102239036
14330616079360
2075702900
9963971004780
3490407792240
73101159360
10214332494912
5158625767698
1028451412896
5170424646650
5730122327369
724523184
9141300123717
5737817654844
387384750704
22472161239543
2019155677385
9609721886880
194101554273
12697054399545
28713181710
27510234752
1944599664975
13776857215264
7817696568
744481715670
574568223110
64199426235
12619651570160
2321051756287
5469424656000
907803910563
12634001808104
44577279110
9339130
15172881984
61950
322518391272
9095270
164554310760
3446296056828
5366027520
16933656031632
22656381859200
5886528000
3669266836560
2152418515200
21087590258180
170043739880
6659985652220
17222692395125
247828360400
2799829658472
313922854584
4317008979360
2222289549720
364847505
12849397601472
1616128402160
3165106662960
59049291600
9111207328236
8744016200
6544001922
906869081547
23165745833664
13197597913920
2071856296697
9978003531035
14576935306240
18221595113535
354900171600
11951543257476
9232159133190
1855385509800
23664667241424
1029740875350
8291406905016
24029769197856
16009994019565
10006290597312
9117215288640
20469195719520
17634639611280
828073
17730861144
5883289582520
5819992037980
18988039851264
3197266800
12082047436080
528481357968
51435020976
17886159151488
13737704787224
15106145502915
16461774560
5336817008
101503429155
3239101387184
93378096
16855755
13458352237560
202356646268
1074658271544
384745372113
6456780186780
7051097375936
8180724127905
2855363573952
138196384200
2645611443300
3792470154935
4705815572288
10907501
5800030463920
2792661050929
1901881459
17916816975712
9884670550272
482639778624
8436297800880
171206096
18216402925
592349303360
21395930938200
14769119226498
3784612206375
470186920208
79878261840
3632840254050
43837093056
2433654252681
7566364051971
6690246736320
194889705864
4217056619124
394979008380
863198208
1761041179572
1998480442200
20065586268
2453491124
3520998775485
41019316800
420103911080
1585991485689
188795518032
492131439415
19006135336496
11633216148645
3195504165999
14867445551553
3737856984425
6134762608
7964812416
531338949180
10420104736548
276339776592
358106520480
1550975746392
9837069312
15531929513330
1228768422220
550093597290
203859454968
3711896126912
992930364816
19680353288960
5147419717440
197531689528
8179058
2897153945280
1527363498375
1032231333672
19402376527
78456437072
171167472
15526009866528
127247242320
7541507883
8111156887836
1784273941424
5053808421756
1078106115017
4656795
1071467741790
17546890626720
128042936772
11044028512
100417408434
30626312164
5985909720
6481969945088
19733153
1130864
6906608069400
339951447342
3409759430775
12903810730
3251944364004
5570990718920
16573733280666
17756347146617
397065163338
491827244370
31941277788
4464061537
6046832600934
512890884272
4092051154906
153947916288
2765819615389
85702212960
18187027180106
29571707497761
23473144711296
1771111340040
490737610000
105137999119
761200551935
176559477246
3200983635600
425251460592
4608573851792
1438603490925
971343542520
18825616310886
3256664067696
198201928623
177048416055
4093698741120
21266085740544
110818071
5918214376100
466219203089
620679785792
16216814148480
259367328
24856943459808
1343454288
12103547797552
296324263804
16713764288336
227812777200
137281429152
14042865861036
8418152531040
7158563872845
11968305272400
66792542
3065237364564
153414294672
6875079506928
5447404829664
95407964310
358150293
13515500205984
119476426140
7295831957090
212337468000
640034379
5877199721568
22157472091607
1103143647232
41825502969
7258489762125
62253951
22002844228580
14749201589104
7616742102735
5004606454440
658183196620
8288699311170
716928725660
12221311549824
7548996799216
91428698016
2788665678344
15291156815923
12182310
64977346800
1652455192965
202385056482
1106836113554
1768125
17029198776
441065938194
21248707972800
5468250366720
16027916520704
7759435709847
347363866035
14328786791065
12426102347373
111141805040
1185905854640
156576069040
2743374741921
1503373013730
1448246559357
25543050915713
353780983064
119468047088
2660310120
988579292055
177992565680
6425027509950
24243558465480
1809018301539
1593021389217
132044606736
5376527999344
931049097
6353405732814
5471480504160
18035297280
4759824296484
7510973099544
1365990470320
5107989126042
1970162143320
52357835400
205047990
2899890549171
4579887642099
12808703767275
20008983889222
19123045787328
117396130614
288348399
46940049695
2206191117040
3836850041552
259544099760
170045893335
3264137727120
1189886372624
1203732
2930249511080
489742366
12063135485520
30864008160
13022701338795
9921974151815
12544402151808
5628573679155
3416763020160
19461872396288
1795681497044
7026017011124
66589583858
22090048440300
316614661
12481210337104
1095628158079
111879531852
152907135360
5179911000704
9888480
7588324203859
2222954281314
182817225330
15093846381705
1878923572000
82556127720
3708332573400
3798767452480
2602195188120
15874136492589
10640419226492
34879368684
4313034179718
7915451852523
36691200
7599491424048
53936781120
4339655709914
99514687545
1147851380
151978320
10534358618760
739390461075
204206642640
1063404823152
2694855988688
6070394216152
1260536513775
7144550215325
110157842680
2409632229952
1311797433076
918992800
6725450570688
382140426897
4514562622608
201660943349
265538781716
302749805496
118761039033
19995188192
79634981745
13991210048725
5241398723000
136336200
6040694670725
826607976383
303607692000
286489082495
5192639281296
592239839625
4120235125360
17330174733312
6935319054477
3320924656661
176659610985
272338774470
616371629670
22241999088
1918668756
4378273061146
296782984884
19526024460240
1753653597080
101102167894
256153284211
21742869945984
412231219824
41583997401
13896406810
3862734979419
21773694723568
3429792933840
474966198720
7845342739416
91170011712
689177027524
14177093701680
169657059
1037979199896
15089426457264
441422206940
5294996756595
4119981764880
19219385528
6076919110920
1404779024815
505799712
8474877643230
215290400
1379764800
12638139923538
83176129000
288917765864
35038340451
8887017172452
359462883960
2765187824
506939538908
1154311694080
11561754418608
96235519674
254372094020
536555660886
1035384275130
18579079904
11152755935525
8194917651275
19357750675334
7097375237280
15082198269632
123381621720
13631824759230
9079630601580
5313139749525
3614866893
5756190622290
1111343410800
37870892348
8142826772850
8507580101100
678249062400
214211267351
727262378624
461208769116
2797260209
15467415658445
6007486127616
63470969520
7360382851839
2170954636368
25424945000
1139708910861
21858464142144
1670859524300
5017140753240
8526642083192
34179867464
3827335908000
5727289832064
7637548208
1989833520
18634017296817
845379066800
23612991381744
405141552816
408765053520
7121949952534
8441577607232
1724559494616
221358620784
76224960400
2608303670400
336222900000
8182513327947
7602517329920
7833269619011
0
6901478768828
2118014992800
13729455028800
3417821680014
1868174080
3269276394384
14674223106648
478601843352
5250437781560
3470981356589
8797635795
24831544882440
10303989350813
7911112180384
6738765220800
5630808550822
1086955029
3261873503
11239395840
50624960
60630706520
292954447656
151519207086
75775936
1077836745788
4954997183760
1450406617870
276513840
3870166560075
962766144245
44733242400
93305632880
30389968575
18539075607248
5966399190512
418563536930
352559257515
3646271760912
2450549264904
160154544564
5965979685120
354437073375
5646726907952
10728809111984
86227884395
4695727171940
12095582804928
678201310122
76645167095
19318883097420
78644112750
8312225328089
535491882657
13338150991312
5826015750400
9924257981295
14496432756515
622534600926
263490421920
2586921516668
1074754457910
2710415788032
5918014445616
25706660528
4436591027176
1067208341911
9780049660864
375744
12490488399744
228666782336
415863000
3495460323200
1868888419002
7706111915520
6222068251872
10750717665720
10093519602131
678448111080
20565600
144923736720
269358911030
938364014055
18676625923856
15429797562037
4271774451120
559973892240
20826572521008
5555213335685
849066094800
562536800
2498984118225
3169828833
1216978679661
912073885424
618471672192
7454558088138
7815972528
6364357730640
15013505018060
11658029735135
2118507725400
3264411601248
726442315071
11563028550
150058496495
366480624
4146755822160
144677280
555800967965
24535232637720
338611570479
7430680444425
1079707805391
21956000289080
22577741224250
1705074872
39267065360
453429065889
9147345480
19972205568
4424777070944
1294684
1398175524306
10539499647000
347544396267
1273571059523
3143809376136
764361234
2506202173945
3517777234305
704537270752
383847497633
174681154050
2054859387258
797930290352
7175236285404
133964465837
519026707755
16054718400
47485322304
338743938
24907891024692
10558037352240
682344713421
789797252160
1978549319
171221975064
7427177786022
1074198889575
8047798329060
631673259888
12781535068665
20138980240554
582763975365
21442380327720
3702218789
3730741735980
2115770557340
16172561191928
9708900797694
8004219859288
2695680
314651422800
8754904750
11644037581160
1044385380108
3467299998240
893101415654
8161467422640
24170484
9337943820204
16884
729104904
9853904579389
128080537200
9195853867200
18296893317504
4945951404300
366172829552
256810957326
18193104262
1109357589312
25277535371
8105263968816
16782631342848
51179625
1122535210455
25023817066924
351832755015
1614819935898
5610126090998
251380404288
766992365370
824939895360
34628022240
81695379719
442370680528
1484434364
24009650409437
2278659387368
11200220870760
2554860406860
5316376701202
319664946508
7323966670573
1876047083066
4214849883680
1576296305376
2697569110632
750008302725
18703226085984
9908642648058
143472873663
20310118861530
6045317472108
24919932689664
687018380600
1061498336416
361924738488
40052112744
283066213232
5501238984120
28754204769576
17922838446560
11219013418230
1308624884775
1686730311000
11007374994720
74872030800
2463017363154
453692109312
23365210004370
85812632640
436725675
2061665213664
7663629944640
6189787421804
3953734545600
1362491771453
51460904352
5185333621200
14512050489416
55977600021
206490801309
88798021200
571643432932
10134967760400
6223479710175
1446475729314
1064422914
1643200
1680383936
1484348712672
13325076121820
368012520
34879782
17419534854891
6847228007424
80211431466
3664475587080
14127146851290
977637732246
849112352336
944313517938
5732386098600
29320362454605
5960294051056
281994541875
391434293089
786055935
4637979299880
29796373784
2131973483024
486018354400
2748983187951
3272149881
21483351480
2127018132476
1541442671964
834341875008
166892633289
1300417320895
4281809992992
4259586039104
6445391168400
1995878272064
18302774012
7867849854060
4808548778304
245604028464
24795710807920
341175822525
415826762000
432493653900
5559935150700
192344299362
18293394801744
16809919610889
20050182877536
2875140812445
6213689557390
5338367789832
16849720263285
13352443298775
1683431184096
2359103532720
678266169120
7425867896704
5083047997440
2267761350400
177987913575
24500361717281
14777495436600
4751999009721
1054183195296
4844921647180
8161734305760
219753494320
464502341080
10729037727902
139420074453
486454628205
19830578678240
8112034698768
12355924944
25518504134147
7439828833584
74806365216
2604314109681
257319384160
2926971307949
13953954568320
8149491666
6828797256879
15853656
4517354338952
8751343649136
4467873635264
9531447293280
107621778432
431505360364
704536774200
4795103506416
10374627142544
8088980334
9068021357900
6865885908992
11751372388647
21599626141056
4810320220416
4822716326384
4017732
8505546867675
2547579210657
6140826012646
18220869465792
19851032428920
3082577485735
137081292480
1207606036221
12519421591664
2715270926424
12370290811200
3726476507
432270401784
13964765953240
8196184331112
92578520528
15932378805744
15937738887420
5421351936
667687583808
6427937693320
22138119628398
11222081334984
1090087127318
2670648583956
3014467613290
1224088803184
9655578274408
9781804189808
10334970863056
20019595022856
26994876068160
5506863657393
6042985079380
514283565759
4478019
9191143296
8155943340376
2087692526
289952154000
831741272
4809901237020
2072921806395
1031004917
448045423704
1727368860
10926384948
869083181865
2289399226511
240517823150
8471087756040
86725169031
2342245403835
14393315665416
287095075784
11153222383168
580192385280
1094799100116
16693046510301
347112069765
5807553424680
5276688347460
2644513350507
4696879252752
1694425438659
2298468880080
579118126125
124624190670
1712724202400
4490044406600
6239918023812
23192455845120
1528129028955
13927995187200
15176116125674
3860229164904
244014596888
2124122442573
1967097842804
690249501200
965558268857
905099565040
5798326768982
633056492250
3202024179984
5319087696
11314845316665
19260969369920
7404026840496
11898949920
5188884456000
67109083216
6961124205056
1156787493552
116749392704
21774233599965
15721491216873
981277401228
10088437322040
12952055620575
14236593462
4350973685328
62975880
445965970800
4821080096253
3772904
754712118160
4551719274470
8138061369697
21757926817536
2105679240
4610424069048
2900534873875
6995821878120
10257190446663
205202714880
15026726272448
4353912738
121541878230
5293891176420
16673480645850
52397040600
3275367818400
17416676182152
3642272029053
13033544874
85919444
1861210438524
65105827520
2946447965500
10525441453632
2254114580900
4993263846321
21446463931440
14390083060175
3413971325325
8672913415824
426780629052
12150362366100
2596938393504
425601477000
5955600382677
314382035445
355856145920
829698865920
64504222995
1320435268110
1784359866250
366588460000
3241146489
14052173398016
206234539561
170915705163
697983431948
8285904929892
948755561600
3426687277457
380808194
379594553920
233233920
6099735005496
2387849473472
4287876523449
3649654010816
80216825325
9176476837056
4130044608942
313612242975
351405
731822728224
3008942616
6319390854
763091661362
165854827607
1708866127428
4604250
33954641688
1782058736920
7779978360
3855025328000
3041116584007
2383095323700
13426655783548
314224540650
19543449572660
4446713062000
1041401384
7396188679600
19738366376928
3630932515840
13706190555878
13593450708159
3673951520036
1041573980160
7306323294240
34230288476
1204498932768
8878082011568
4459907371689
4451435558608
8201510798700
49728750
47126952990
703144521144
5760774132840
169095221044
2245668983217
913705179584
5367246957666
5667128444016
183455713868
5820995894145
1053809200224
20882316987504
1302715292725
1947400215984
9123194760117
2084732362440
187690062734
13612246754744
11462371155
88521109339
11919882193000
9767764311080
12907867375200
8346178339800
675222880536
24694361832
40899836016
130343125920
2837350219275
4828933225170
812634514080
376167504420
134613266235
189223329659
56213176770
144073584
1016957232
12899495774088
12709694275119
17989317192000
5198903325
4085386420500
3322572500225
1684742510880
4318352489880
262848984408
3723586902238
9054832087200
1204340247744
9159372543909
1520364846
1944629440416
6933434139000
3365093190165
520108168344
11008462356
6145551163395
163313897400
13887308444958
8561351664
1757349195210
8934936579373
314266783545
3682841460480
5022462320
14129259435984
6187728389910
12324537810180
70363941120
7727593143030
40023225642
5659936574
16136241515361
40593390552
1570780034946
6598834660278
483366764400
5030564923584
272110773912
1381270606496
370620
2466269296489
22896810845529
439898648796
707901741000
651140793072
15589784528970
2531778995980
17234507478055
673119272
2416591616
7473965466960
2463863700480
1159602316184
12420884334564
1128833087300
13635749458630
2944619002728
1561874909101
7551094843404
836540963775
266486943155
8877491214044
85048940400
14488931999160
7812361714080
2637483126960
26342080406928
215469999864
2823324849072
1054666110704
25977153510
81629312259
563912254724
1786499206
777560335266
1099421845130
2029146807375
14418672194754
204070267440
51984690029
18204651086336
37793044590
2672607250014
61228210160
11924640
3848740854825
77805793800
528199694849
380862674010
1428455493080
4763054305496
18068291407920
354580999920
22708931512859
3895723897434
449994104832
509209609536
12384327579000
31063795904
4528586451389
21452191321440
18554145527120
110523138300
262128529488
6217164111936
5916040903578
12241483909200
19851366483800
2419226893328
8071318873904
6516310579680
9539650683360
7063929707766
24767510011875
26152849170
77636562416
159801072
27090
238413709920
6666790360320
4285039968
11159195421465
5944487202576
6162576806100
162168215804
16906948643376
2746468279408
14295743375760
1251352806494
11206710406584
1699948576260
140773456032
453949059648
17820064504593
1166885865
183189416020
231499264064
1732003553280
5163926906796
10809047476428
230913567180
12498294800
934238341638
72395141280
15087177628936
814969085751
7613490891594
5718258253440
3451022077440
1159769105964
83477394
1408731139020
8100918544565
25850647180800
10709621950448
9001234151280
5927392187560
6394250782458
3559195913154
102990835720
18814050464
15338213068883
3328589663028
7349195045392
109626127184
13673800267265
7070269580816
7238961461760
295440297311
415134522668
7728134209252
127982602800
592183426212
3831101325986
3353837245920
9937702707709
7661109106440
15606006268104
1288068559785
3185674433760
369702190
1853057892
4201201408320
52542552348
13468194530440
13204588838980
134935734840
1755986566476
7587042818195
22234693125
2637745908000
27462438511200
823475216304
728189406405
6569667419184
4158330697904
5032719744624
99753716904
3684304648736
70064767080
1559553386160
2072145371175
2556775286585
1834432311
7877063932512
348107694704
34690844981
12174959763072
8494185718392
29991782209470
9236872015124
229908484104
5013085556800
1381713145472
708139936875
22226448090
598613832990
356053082802
83602573191
24393396147120
2954410163350
6145142240
67350948795
29632107120
10804816225033
13820694988072
14208386189344
1426501986609
4993786449749
2536920415136
1958103070
25260941501664
96603281316
8517060576000
567246873600
22486281361920
11375851300
88846819600
3173713389000
6476095509064
1689775544160
11056638207057
2957184983189
31119900536972
2644251324792
16018497660
61688750508
568638961000
41262986016
2848348226995
1989478317024
38136135
17801537001843
9692125472226
1502676714688
12933696
168872513979
694498482700
131553191204
4959683568
3062440046094
3620544044464
11537865630480
31036578650
18596977
371719892
1274388157185
755263075
6004561457636
12527054207500
6385265664183
13042848525093
16810120143839
335311968555
9458676736109
130563607200
457932297240
103794299595
3805592017500
5250990204174
2782746856575
9306837718310
17809978459788
17395730336325
100747141660
12105942390336
27839762395968
340852243152
4705667922307
5053979489391
715367409765
2175357808
780932750400
1240696662795
12380328510590
22313971260600
829725752795
863227698250
162006887453
19716082913856
7624095656480
8600007141
2441410850760
297973387509
691264508508
9013586557479
230845571784
4655738328735
13971246659384
2505491693133
1040863789680
6354733907601
6725201220206
4533170582826
700560062136
2482305465
4394202675975
3537997215
9784114528356
475864948881
13046607
7769701618416
1333302595200
5086822580
7181204235805
159948471312
22686364557696
4292167174576
4357104710820
1525214421104
400178855
209772057600
15425720712
3414851288482
5332193643566
6347701381776
5670446297376
22488700645177
998384192
35890157911
11493798069600
32090733360
877037499924
1083820743
61091524872
5192792185416
5319802622544
7021639858875
20206271530200
18480027482672
517194626858
3505212666305
167216400
5702881086014
1974005797200
179849479185
59262851823
2395523127195
378250880490
370833819804
3701638235720
601017292800
838815588208
16371578197341
22508838895275
2589727111680
295533645582
2103963157800
3673246440
8245503013720
1840242504224
26243977617
78823781586
11317244757120
89579250
683691434400
24774275157248
823009011649
536366333304
524125426230
35605697139
23067999767720
30767298982
7075239566400
4938117431700
9769561338240
5986063053270
295938984
72078181560
4456668305760
394781195952
6094650843384
1718821482480
3355203178755
235549516160
9556704128664
603299238282
3004186812000
13540562009373
12456346368240
1521253090059
5091141979284
40632491424
325269155025
15174278064
137755464
7506616829600
7466351943975
53496688680
4031851870224
102630924212
2727275478312
2422502695312
2317676972
37779929600
18575786612295
11627578587863
1873035538440
166725915090
21790680
16514551536
12136685207760
10281210146975
12250887752340
1561202176918
69384993557
283792182512
5573344611290
439203197160
6630999850277
9589243967280
2361689275208
19322492898
7365616827792
25339943858544
2769744415609
7853292574304
14607315857592
7430709547712
23340651914240
86623732314
10969421873786
12002349861952
21031278369836
8161335384723
5113932644320
97630459008
13900490093
138131320275
17205632641800
4607991133824
1684004615384
136418391200
145386469396
789311342906
2777403679976
72181120
10631941251624
1691869163355
1199115128640
27189759420236
1241858224320
8226582873542
54466877712
113460477320
43511153868
5216502800
1143675
54899524961
3908885818176
7004220615648
614473434
1871534765835
5179052627126
3985964056373
342159693480
1090982288520
1453955081
14405063916960
3352123923936
16605862824320
2793817297775
13465378966800
2328696992637
1960026915
86995440
9507464384
3879961495212
17452651748600
991456812533
10093219948512
14144
18892678175552
2796345942368
154393627296
8461034318
3970995527175
30119850
670411399008
19848293816910
15037394688
19334995701
36961044000
8467968
2909295410721
1047932217651
57359112509
29721388395668
14494511537352
321740582592
19087650844545
1091226510750
914303047700
14610883313440
1427938407000
4450011472440
2280989833056
1951412736
796770739017
51444672720
1635406316232
8616702055260
12574644730560
1202051199216
2952042480000
1477478520775
968241345610
401869000
1034190033822
5047172141760
3275644206576
2936751058718
192074652432
1366591724960
217098884849
269484
4455437555344
313637317509
7704375583170
6638427872538
6291071698275
1115421120
1042941396080
5420411585792
400377950504
204833182464
807224396833
31581639506648
355446
11997804141554
5059330919780
22191939868816
4977061028436
704083405776
19204020145017
894019182592
45267094080
5472932132603
5575220571960
551202829425
15641018061344
278871414030
2032979799398
9283372472800
8513254303675
268624809336
7818809059152
2640078658080
18834697695984
4669623687454
322531441019
807996506832
49771887
13776977795004
24997265466816
209339989152
106495950
1527423413373
3525141586120
5724538422720
534866814144
6167769267660
9738668424960
301492531275
9191797879080
9691361730109
1862218949280
13045704
907182755325
60598733153
6543329720400
137420163144
151400
11499221247404
10748282426208
2047797702048
624590181885
9991294453305
3154961699883
506936323584
801961196295
24481880331360
993609024408
15297255009315
626540254800
18317308220750
29283425165856
3332683234080
750000238275
97240366860
218591244160
12687982537525
1889183262684
123744764175
3839078039616
7636758050880
6466460
16088545398156
412155
2279845216881
380512440
717625862560
558614420223
8094033962025
4226364040744
1676892732660
380358233
54077987600
18174293653725
7259513673321
3937073950004
73199201545
23579191360932
30070656
361945396118
42864833709
346330175157
194580246152
21251938680
10368561681243
1333216976
148062616614
1036166602023
13478992240725
3787276420928
110318831160
4717962295641
590913059520
1160538710792
2833435591280
15776409638304
10500875809280
1235772297200
1606065707136
480036657600
89493478965
1895479479
416911301728
18590697225609
7734582735960
19748538482400
118623024
57527825472
3875343489920
1005523019069
4325645713960
365864789745
3247661519424
4901738688000
3880778
5745344029875
10524804809376
4427295003495
1697904370680
5782766518596
2026609950432
2134648375506
1026448923584
3236275526040
20619246291228
49874175
999113708032
123083108480
6862464
753538636125
82380487728
17693457951
15078831668824
1669746960
526346588315
12165231102360
4319262411840
16939240457760
125484691695
7012901548800
180565937405
5437028716560
2586483862524
66675957075
896270457296
7456324474478
6028794920580
5727011850
2387212850880
3342478685049
8806127826480
9089862298902
8690217387311
496724731999
8370833165730
3864066264
1126207112310
3130912322520
715318003125
12150622542576
1393269018921
1195606590920
20435685997440
13874493368799
15284304988623
655254226620
1195472273736
244124271419
23494929536
202211922997
344357575700
354038724800
1324834162120
12276235883520
26242721568
172169118160
3639982542196
17180824043361
14883060237899
16082609128634
387768859049
525839215284
5236682115
3459656965440
120701314298
301228050360
462601543392
12598571043968
937566875
397685476440
241081109360
2219122356481
1283468256
9759564257520
7482153535472
15649725817952
1892905103
1290063429438
4464410591952
9869907203079
33811883040
1510749308880
4463068583880
227722596794
13364029023072
4596614964720
774216173376
7112210222865
12065299617384
5539386753424
1099725669189
395625943900
114269391360
245557200
249937886880
7262725324
138596336912
2910119792000
2527810497960
4486940079912
97549386649
1141378842809
3911336104
1048350427320
14096991416352
17771734137563
18203262831005
21620863622384
957913184
2152789034649
16719075
70798455
570413137800
1115681304408
336434709
8824670321922
6525271517364
8016583017600
6544289873875
441385383456
4123809572832
1092902396868
6177406186296
223232762900
246783463290
1874732685487
533048119920
1197108159534
1098112938172
4244286999572
19544606619525
26228523552
73835685
723163517918
15803025364694
701707640660
7609093607115
277407230205
17859304831392
2842825885200
29013115054040
1703290896180
14520792434904
7576667774484
980637410625
8894812634622
3531823110020
2282646177000
18753311837484
2715963114975
2047153135970
1022763127650
7005373056
1723122708636
6986400208760
14605403648768
7578105496560
2352816508160
645827729477
1779667680
4464493329600
891405356
120549591866
9438363990
7261975665945
201428348924
18379881344000
20309342519520
15480875711002
172017819720
22758581753
23767455129
739519678520
9156716051478
964605012816
4543623715540
490787245701
430264473350
12590258187231
5944257935
12430440989472
4487429329152
444425307156
867133080
303627770880
1221279489720
5877261935616
469573312150
992073369870
1441751839632
1097524441320
556710729840
44922290985
4684156381080
2537412181317
3725080001153
11156473269830
799701199064
6041381162016
3232884167804
611345538120
203268540
840269997600
10426913147090
4309447060485
413807088660
19288799525430
18742990513120
31287759647
530635762552
878021901120
2391335357595
39378795326
712733345660
15641671594368
10593336722192
668230367240
15989275260
10107188472000
1248202699275
4185886185432
3923165959136
16226660029125
533500217
472141031355
2881817365284
3717324340800
764471175
8611703734746
268879874080
3505102875260
6806892810137
6910489054560
10741645775877
3933942043200
119148991976
11507631634554
40782828824
17905140312
16986094512464
821458566992
3621114006213
984475144650
337764584560
25529711014
3495437874880
3147589382784
1684748
6758303490465
702366963606
4521883423600
5313232392
709671307824
2360100966936
15506742153792
24641875
2588032512000
1804271908160
6272162559488
287090385
5422163034320
58582586070
5500605
386854363629
9834272987280
4507446988
5755961237936
5291360100
525333336582
8888758251144
1101784555
414240112
6342845415696
948138077
202459214172
3375017808105
3084453868529
16691641395
10964082256704
7526396373405
1033360353989
364502
586719801088
5131104000
2749832250
17855899373984
184098265344
67658652829
20443939374
18150332399120
676972966005
131629608
17342738552160
797479872000
875275615720
569944758600
268868920606
18794320614124
17476194878888
380157522403
11598305019480
862537756734
16732214677200
374131006400
5690497972044
2707440832633
1161626717264
18232361567912
269837502336
7386555967164
260650110
10229978880
7505837184504
1536766465068
417161325568
22085822951490
1636138348720
73100941179
271559176560
13531523045040
4071181331574
25837676807592
13729396273976
3202389740550
6010395958224
447860070544
14057188602723
639616309605
658699470
42093630
8990924488832
982227344
1191021323625
1137678013632
6362294541664
94529852144
342831330
98653689133
841230279729
2011777709175
4047245758080
1093409099985
87918307312
110272691952
10668955939200
8084521186805
714078100272
995569493880
5259995402624
71356391925
97098398891
3994848540800
137704116600
202076717568
568157356520
13474976572525
65525883750
1702206225195
274288771917
542439129750
43697423655
168013432224
3208915514220
450401415464
3393490408616
686685311760
18331242893455
41626800
12721431403791
9687445451714
188685470325
10346301759134
813474181344
131518145880
9578243758125
3880004560440
5338955789708
3429093301248
23468113800
8014784610008
3018189447240
29103708447335
275436850871
352948188993
1167642971544
9999524019420
201019553625
5315106938125
999052488225
2072877639315
598403870800
1314427074560
20097752872791
4155761376
5346642049120
75907212360
2129961573509
519074762214
5990692650
1197733665772
6536521018168
1098695344
5058990804365
8186071912200
412066250336
8709231769024
79934895612
12386767185000
496847620710
61945794989
193439985068
369449403109
12924046283400
851531478284
68611672064
276348779912
512042505840
5648977235400
9010080259530
3072973527936
10526713344
887669828694
31457250
27333649
14030359748640
2738385691392
442576380360
6970771587318
841645789920
59589342225
16955187480
3222697621656
2513720544
155481840618
303141792800
220963910463
2820477296
19714093729517
11650105334576
14251459950678
649695240432
15109440731
1592740404645
125432820000
817152960
13407994496000
1870495377408
25891070550496
1827435128750
20459526157059
984818640
126976
19712450730336
196907424725
2951731107897
6621473628000
2126034294580
3288684590880
3862983869280
38063191650
19291526033892
145918984331
913352544
7993660079925
178204320
983745931152
35138743536
46728432542
52608788421
16671624968357
10088281125888
3272956792200
271199927232
271458405671
8000486415
1175690778180
6938427828000
1698809319771
2665566545664
2825559064206
6676282137509
735098769300
11505162503250
16032581259008
9049765879232
5099305649568
31506311968752
528774268280
8260636439265
337304049444
1692063930063
156434853120
2119428375324
5734114918584
18307221386202
1676204189
16889358846945
11379823003860
3121036042176
17899529160
193806749808
97925733607
1739537833912
163457406112
17296592343745
935913240
2705562746880
6967784479376
3719192431968
1913596776000
5463995335218
518994042455
8426457890016
1388825786716
2798702495677
9852536489820
2626163218380
478505949825
28799875398528
7733439428790
5574376430429
7528699541504
700862960
19210760350509
1188914737920
1484253260
351034851104
10904105939958
127235026233
15778365
19895134150528
340047260982
571218279411
26443472091036
12020122257780
6559798953664
1998227415435
2988439416
16488634517240
47552550048
25033664103840
6086568810114
2321505028724
2892854016920
13203678643155
13416188036504
3844295487288
715295128485
844806168816
1335486432
18834354115587
436683121875
1736870873184
16502064596400
9614696715741
632661552940
88507392380
1900697303575
696566769099
121749897504
1120520621792
7117195223616
18900050400
15547358018
810810535944
7250641832880
22430568665
4378239690354
7841858786697
4076111736272
8235228906918
1738906909344
3010730920926
6709789569344
22594292246280
476236600560
5568982767426
25121923779
13616039588039
1997844186624
14512241917800
617974171365
6056037000
75395462400
887984
4174238248592
696494644335
1020507152592
121345921095
10937325412800
1373369425706
17205359670
109650189696
19095060227691
25578362614040
17335015774734
637729425840
14512427383792
8468261466480
15125991834728
95454786150
31280308380
71495125191
16324553731200
1746915073587
19258875
27093814356840
40919878220
8710255008
4992680808
3912604746381
1157921514734
130871202128
6683567677017
874439280
9519375915
6691975624620
14443992624774
183682100
566687737600
2198623321264
1858891805760
8946118943760
13671232915725
18013836193920
78564642486
2174599664640
15432074595584
185937360
11539776761240
12817350
271296321500
12044362379024
468193996440
11038434709
4457398798254
10240987648619
2865259640
11377091815425
5057770725
16683285602256
11724767084685
286116579968
13199820255600
22773890758320
1241275
16923675376525
846584475
129848097980
2801729429138
1769321556272
73416882510
3846255031232
1169184937235
1250049080280
277881170432
766797274572
11223594627696
1544400
230515994544
13998409980081
1175842101000
11840661988584
5630062813184
10190018188005
13839212548200
11105207942400
1079511445968
14689049807600
8828481082273
3187260653520
13105398088720
99949120128
738752000
12382871465250
110653195760
5591153131025
21805266380352
723548454464
4063493192850
939712192780
3701141811
18163538975216
6829164455832
499964620320
8496333070608
5205964659
221558490648
73054496004
17325782663112
13402146143295
4179766021920
19833504072030
569923211396
142499712
13871499406272
6416934471897
1534840634
536644886166
3366126595440
7991634206960
217940124567
3260870776904
242709138984
4375487446770
1142270937584
3719085247080
563140343920
8268757917504
1950169032660
31696721500
5482932234
526855836495
636606288240
412296390408
425080346048
1392237608258
2731432930776
3902443015476
24641841632
3792371258907
10237496562288
45015986085
511897612960
18991756594944
319398161440
8990137022464
27364901640375
2702551272498
7493718490895
10010066754240
12983150473872
1594393898112
2826192960
5107912664160
5326865190846
781562285343
14566662076236
35873115525
6474223348005
370069040
880096120938
5294355848864
2555320976
11316725784
7522121823216
34614103470
59957844000
116420895374
16563058117632
6705960660480
5826839025216
2011082238000
21292875228639
70767289920
2107125490899
3558076059240
727485969792
120875964416
130161358200
332151412320
18547320671823
169584720738
63146317752
13576974037760
166404
1425993036585
2937214785494
2593187050074
11755329606882
8438515689162
10759331139648
1331198349700
14750272753857
186071431845
18240093210240
6263852109333
396401775
8192132582760
541674840
3981022925088
18064055744
4697085477888
21258001391960
159463255680
24823131849458
33567324861
20479521841919
10579287626648
73107797697
3134979868234
176244487312
2325109542470
6667668518280
285874486023
2604436396065
32079419120
16329823838510
9211097507751
13225267297450
376470311085
7261906721910
7045915041984
85344102828
3191170908950
6180991537500
127008
2862271382465
149621351880
19500531471795
1222455968
10248342679876
19191632294835
114450688176
10535024444208
742228960
188250604791
5838204612240
8966058251805
293066917176
123779
18123328077750
812153999475
341415204210
4312531752624
158699875400
2673173182600
22965764523
1542702919320
176128095360
170007891266
1695820505680
3546462974540
14891553676400
7490667293876
4644224640090
15992663011
298612002444
11976118621313
2756342904000
18036219801600
4834806926274
206158920555
691830241037
6590397346150
23142201522
148545001920
21915742521984
12919043037099
5591587093466
1358550994688
17406661440
23146362210510
13299672716
13236704799824
544258647945
1442197549485
10144827382725
14951504198700
521099229000
3395344225312
936085552220
748509518985
799772400
2161561037624
13473380646544
351851139575
6614305575680
187358500307
6991558680188
11741521307698
851261833280
1057499552
239195794160
6208188223248
56205793296
571361565824
315534433800
166219924504
6493956141624
73104734889
23654470814832
1205307621
1413303632
1919723988840
3672603602178
12566019269545
20741108448060
7566598396140
24653553995600
8084899766944
11461466677248
29737542720
2638990317096
3648726221040
11565601896342
41502994914
933294094200
2170680918260
18479272345364
469245263370
25609481
760378611704
535450134555
7036258662334
1203271136760
375244420240
4377171975423
199089590336
953492192520
7305592116240
437938875
1140296908320
5250149091
7909079055848
7421124159
11127703751466
85330463391
4946226435854
3131670078810
6765869703184
6742004660928
24226512976564
14238972540
1662169889665
6905317054440
627062536815
15078113375000
61205760
1829826470016
20301923326536
3809244760503
12820879712535
19099303260
340697807289
16642723163712
1122364299
8886029184
377745876288
9674489800820
112336
336811034304
4256069598696
3479288987550
131027037840
6295869681920
10791700531690
12326914398240
581823425687
2113668187920
3655110474400
45724160
590431643550
14871370219767
21653782732400
182345081940
274413695
2981970375680
846374864599
620188682240
3542244753894
7168715756928
240186543408
8527760243247
3369566613960
181263
67002258752
898202925477
6420371136144
22305891861330
1303490566385
8345446865584
12377540053579
159885792236
20320279072005
8945237577603
6967839333840
654399
731607086248
232766249040
512036001360
70691578470
59555047200
10563776212430
95490383217
1320593580144
181631497740
848918279
3945735684800
1474325626296
1366007745067
5853346186826
258198963451
4210017260400
2443737771
3651608137632
1433432896032
5023856895365
481171877340
3952728723456
291394560
20677464465699
83540404866
2009151192893
25118266035555
9692843128857
18216730061757
12253312102301
18070097160
7178894598224
667860301325
38641670
19404122640
14994172213605
112449655824
28845232641209
72910347840
1272848136560
577204760400
6775282713600
1356597
530519001600
4757287435264
1448183045540
1456065003029
129433144664
17107673222507
196078680
55267237920
5782938372900
20672546568520
2183515964600
9336579485952
9372367390104
3229904
18092731423200
5717915207424
3761068085754
10379979866385
10850364210166
5834338125
6886457045160
69089842224
374876123595
522691487120
21385447237968
817749965890
9920905182909
3169226876400
17190853652
15101554967688
377075312
1550001814151
52427501984
115451029980
20545636736142
101779297890
11647686845360
35424829824
1589556464781
8990783168400
4462289933517
1661177948980
3753060
2785846410548
197331120
200064012707
5319464901088
6027898678032
15203880117360
109269901440
5591431177382
4949266485240
15278107740000
9762729444
816788432250
86965093446
7989425641904
418015771425
4692991794960
683346226960
14304841600
14173127195033
478809480
11831958005504
462958350525
91126497
4064037063552
660780488810
26516075523
1527597223425
1110408711256
301957851296
1037065733943
889869658656
95544413250
1361294848452
5974298480600
13677507230917
43987385811
163847507064
4143149369583
12281669605920
1070012556699
63235507995
2151238637204
9641473638993
11454417390576
3790321549929
20217122217
2970501388400
2607473514735
7623843408630
7176783588
4060707830400
3980099859120
11002320506042
16091016151
1084801775040
813771812396
34789023152
13642714445220
10423858526835
6571422869310
799413952350
82053173760
30069503000824
6454077200
11284475565600
20739337912289
34379089920
4993804121207
1224611302320
1417503711828
1117402183570
23763663384
6596089109480
3450622691952
17210659486518
5868020756280
27059699301768
5518826626800
6762478702959
11452611224064
112560482907
2871528001740
15251212520216
4373454667400
1561316866684
12234976305
16467922658880
227053619438
80003205
29687012
1784388
3365762536395
372477240642
4627728180456
605962716555
5035538902000
651249565421
22218076822128
12646415600
1439065173
1616579131968
4301896448
1726002329600
18718793627364
5885150786850
11002061878799
50565238416
750036261104
12826528991375
4905270720
9605183757
15271393656830
2840798119104
5331283335000
4898542448150
1350710439246
5582257841472
2582659645824
223233689133
3788374243368
1970739503460
5768873447696
492482896788
3959658679600
281323472
2273488175280
2974108737600
510975914800
392259565
8983180100466
3560482376736
2104975115200
3151292924696
80277418128
7331696100672
4863340717560
176580642144
8512099688
8864459831808
202846437624
819515976463
19183352331
53760
1867303518761
1844217255475
12251457373008
4543920843818
12087932305680
2003310648080
15383890643616
633179965100
14526561237552
12474422737904
30465703710
16505608292740
5875745936
9656565255
5933544528700
775944136136
6973346902144
129433757552
81927700176
1875664492250
1546033320
125678520
1176694131200
9234209995585
13450827504
2515460201550
9475359060173
886938206560
14727352022432
1026295940320
16847491024480
10223946027776
1058718557444
8634903583680
2512844686800
334111901760
465381137920
12600922222999
112599795
10875736190858
846669422709
58214558234
455770173600
1216548031020
1269958067392
93852025200
9033880927275
845070598840
13184860957695
2169017793954
24843250480
10423727919099
49003154550
11377049150304
122988902216
3418381070075
750686740
16239069000
22486464
8444515315264
102940955
2076288795
7422072828389
4272704428608
170255368983
223881596862
191930563464
3006538325
1415390598076
545074839120
5873800752864
6289141108880
3487682021222
2086888571757
414404640
623853031824
6699094032069
5169111202206
10409783910300
6871583196168
3929217137895
673898677056
374731107454
11513670074652
139570524912
9420075214000
1429314077100
1023921600
4763098233936
1529592554256
129273898320
17146625368208
2274534621952
135253796832
1822692040
10202070106287
13493501216748
77382120
5155052744
20884904880
10833300741624
40546093484
12016092133490
204869764976
674840562795
278233669350
12030420866880
609731647600
12579574029693
2144183926248
7477366826735
405813590000
9365701945600
655771178842
575182419984
105789305249
984661524288
36566640972
756492874548
5003513189550
10932409353200
1123999538355
15731660868105
467487932884
7000252171424
10480765255
79162777962
953420075319
6793125888
26901963028107
1088025370800
3804276431943
1304358811376
1202154395764
13664132899326
1776674940040
462768330600
1911559264710
24874183873058
9795741120
16463537382384
564095168315
241878273
280070670438
257714230215
525032583264
138226361385
770462457452
20276115756782
876245304480
19906584049160
6415112
1876326659904
9886767322320
262452714848
20172674824484
966093758784
776646897614
8703545666112
17065995487184
2428429626304
289048055296
664686160785
9659676699
13810874946
23024593297072
2799543274660
72941795840
12330318460864
1234873819368
13572339036880
13125505988
216979164912
1002123890240
16774973499600
1392650
722786831235
729184181245
10474701866304
10852765865040
10374504641150
97139843650
1817414968771
907165230455
5045253423504
682074174899
16741121208
5845167810824
1230115794336
3345676376211
3616620347916
5113093553605
9873501349844
10290722355312
19625496899952
10039845163634
933233308568
819628579415
55516778256
1281209328
20107538133430
4726023299163
457566641139
6258486463515
170313555200
440096469264
440511949449
7189344045504
1396701432616
50295756672
11252999985120
1199211558615
9137735448300
10511117866048
17564088231380
2684963188025
5799338220058
29443510880784
6127252919354
2529495944
19808329926360
657974856
7560796464585
10281150318179
33359619590
25936260480
8339887375200
85600746000
82435642800
9654320985296
195148352
24898677840285
25327006505300
711281487432
2673262179840
12083948415000
103571711
3765726628287
30754477600
994298432274
10878317815167
245842285440
61308338420
2401972949480
137641041200
13063177015035
1018014489945
1846412530914
11187470655270
107135074839
12771613375
565086152709
181580516280
694131347385
830668508
4726755065744
6249374950230
20579582789568
15017834572356
6708702411880
21652826720850
7133751568134
7264865462400
1957013180696
193252590816
3483485299359
9443433664995
13984322321855
2794241404674
125126400
4899833013243
933832105800
3709251546120
51366347235
350283495600
1177756665262
76188500840
199781953800
1620600
106160156592
4701017691
229837796720
11115538035
10470879628209
1942010886000
2218182108423
852324789780
145282017224
139943140480
73068790872
1113766734960
120135464064
1132664769588
1280366912720
294853813782
3007131612192
6993241400340
27260415
13131656325159
13000672524
1561881643
6396661959952
1383444957741
16147234356575
6011178499781
8779526584310
1160031592357
180285965325
448801108096
9149840806736
29981145304
171598580992
1434543803075
237179250
234589310655
22242528
13694439773175
3812965508625
601029071680
541147412416
644626304
10750347458714
10929779945700
1374123636272
1749982293444
127877400
5077501293120
6490649249513
761154677111
5267834954301
138709193609
1596200269272
3410428883456
436313773980
6717541715936
724584296800
1176732252322
4488284934000
1252378820280
5279404910129
148138695360
902085655680
751903260776
5877015656400
339848005497
11092215779295
7991920899072
1873980279
10085584072356
527905800
17786992288544
3851080999219
13188622028032
823838954405
5427034202304
3825147342720
1080739923968
160644822
2436678337170
2598984332001
4437963270090
5229497338758
2519764794260
5300960453120
945413040
13084059892680
3305184356089
5493862305
53526420
915653898432
211679020
10524237539100
11720431643099
14979268632640
255175527516
3415719307045
962977043225
8079335694080
3132559428000
88205702130
2358793986640
13989630947600
5758761545024
10683349663154
588782549795
16613464175
2088063644520
52472782464
20140373999009
1719676142592
13896041454520
461859049248
1168799254560
1411735523259
723557510208
6457999824780
5877807242499
409505614910
15764526224027
8698560
16045620391804
28431389536112
121746684267
12008717285939
740732404014
6647229314352
14439074780
2046710023380
1541545887789
5923150701084
1113323875445
23763529688472
307113040
4021770454200
550724627739
12477215116560
12897323770752
53573847040
6592476499980
4290606148752
11336160
11811043983093
455034137040
8753825273463
5157833968700
177978871712
1104050717616
4123405028344
2243657797344
10749827868339
377722580976
2889865953408
467147409792
11299910832
448281334536
133229754888
1485474538797
3976585557060
5303766020432
8415595640
10715933201025
7436362081008
1514077956855
638564675343
1724650000490
105496385211
626303992848
46648002456
687957444210
305959291680
1819659594240
2163090652056
238071588832
1223586859824
2195732728000
51056100
8397582240956
16298395120547
6649792626341
5671845415602
4119312973050
1625841282368
8899198003736
2102516577585
16077531485610
44788256160
5043546204296
693733937995
50283021800
3753117548224
9231925096600
61970173040
8918152920
80518273017
3733196885600
86563469
4217893505720
1570646391496
13195996317504
8834959959815
8714008791072
1170759728899
784483379528
10130546910
89356738637
12942575228025
3712020214985
5830785914496
7617938204448
73082943120
16596579120
2813853052998
20170542000
3570144312065
24402567153840
8916562827240
17558324648480
13260774923712
140847117320
12581309
887537881923
25134933808572
23167810207515
1919710101904
52927011200
1816422745536
1062403376769
27873931997700
2740157419290
114461462192
5947844645028
29646303960
410171314176
9906784130496
314348502395
3674
27552191918025
10197578735722
11094341531688
56737942272
15440554360
566751165568
41798685600
15909455150820
832564125
86779450095
3607054855047
4223059866725
8024453287740
8161430915395
27258819840
8357108104815
3131449175250
1066037028000
52880452289
867722275200
395599646448
2659369906644
4443563280
1777001672400
633822999810
21238801292264
622072448
18324367206400
561982229277
4921375624704
336593878920
3848022361175
93260888757
9056606250830
13792795198200
8364863800
17886344130
29202094997796
18015945960171
502060137744
4825962907136
60444690
1469957480
432314157360
7660865113440
54142123056
417047002560
25218246322256
21713821791515
13827613713356
13336428604032
155852190784
15052095011280
183302400
69939429159
35809506675
383864038024
2051465507238
626936909204
2944495255104
4651931130584
9238065205325
5170294487561
208186239360
748679240176
8979237283848
5118662703856
9952395734211
510547375
45313480
6537895404304
17933001600
801031271133
1631504000
14311292258672
5764727961
7824323169336
13284665151168
1103334805062
10534425755409
6740149121700
3467766709440
570487211616
17859498892650
954546651360
457087646008
4039826182084
30703256104704
4011482419920
1257156296550
78537600
9422855412039
121758474776
18187326201
24794036592504
540713648288
10637318880
76849683248
6853028450400
2991411721524
6388668
10440023288168
856745046725
495514422680
566711616960
94630300920
3752395300050
396678240
4568055993875
1582017626
11367577312840
1084397543936
10404381026350
895606705000
2793044337297
172542288600
6177804375084
72873526410
5448800743335
18145790326272
2324879524224
2833695553104
769404957440
8054451711
843487939418
3553490582736
4867355532144
289817035585
1591489734912
16438524166153
1976339
17925761233710
6705773479824
