304491467
219339205806
2718329945
10861070211684
7830815005442
410755708904
20576403407424
3885069704880
3037548291282
1517780470635
7567274333372
2809829040080
4898737430328
329022536
715703517009
162937984
107164744470
6083822687604
1112194763702
11790524592
6185670735825
5553615312
167159888777
20432851719510
413845633432
35126112
77220633
86941712880
2213049892736
12681166732836
11186270884059
1618050100303
4566474731580
2440725998007
354063056160
13818380358368
263893489776
687466230
374350789937
6007466145408
30592900387910
12106078743141
5347365076053
627748506000
2731344033664
1251851766048
5690446108
333852839600
516180328089
20241776223059
17645312782812
7856886014208
23273387237
4014980671850
4248173754
115480650600
152413278822
764567937460
982340355880
2795539917135
403289481966
515562435000
14578663503971
1012136358431
128575692336
2522449733874
5665665618780
3340608443
321729950295
18905298845040
188871342576
295387097733
21472918549824
8460426464581
50315944434
143823137040
1540575086510
1411761233016
18112554105912
17366053506663
21603564984359
9470061480
1241514917552
21749410793484
9136348055044
6667505745186
544977165453
43644371104
10825738663964
234244596600
1168553938251
376336971
323113936992
4014570708404
422919664128
2185025373234
5683121424360
119823726543
19224223624865
8016196503744
9917913341124
9818389071384
11919168872832
173644643328
310564821
5861854012814
221548208112
3897996243224
1684887891120
23009900967936
268669999188
616691860848
436829061168
8226685362555
265351972214
29708804960192
879763561290
18471632903907
70833852724
6988892024105
36510762816
13281411231360
8401719040
9277229951946
73057432560
998385516396
196393237360
1296622352376
2722142121808
13286824733952
5349972606664
56017386830
549768681000
14236495
689385335184
490694874579
2555684378283
3642958474848
8120973607500
1726381112400
6286881141027
161521824
467637672200
6739555165728
159542474880
2912394469467
1749709276547
507618657000
2797734304365
2275581629790
78471917776
11274232124750
6179262971427
249998387720
366176620680
3258493992
2914728500
8733302766234
711473989
21774000
13274338593190
86626050431
8670108970302
5984742544560
188482757850
1071425071415
14993575360
1192116778650
65649484800
69605457968
4430132928650
10500978049920
2464644801588
4769091483575
3839705273712
5924120644141
4058419224860
90305273664
1560538605960
4593436982400
1119865523184
112464645358
9338142127005
884999115
153826029630
93289202900
3341447423886
3611251230940
8536573649729
694693293840
1267517148336
472975701408
14027999661963
169359466464
10158137589600
1337438961304
176298255040
24649449779864
3897187074800
364534590
606364041024
1026579573495
235835137440
10459889667216
28005034159184
894412546680
949690792713
14809947732888
16336161817344
1857014812928
4482184855792
2947773101106
3144348155382
10288361012900
4300650903290
619279885056
1364021852160
12979102458960
9884388810000
26071088191680
2413221000918
14544167792
9584834046720
3884504073030
604148624
1594326961920
4348036342983
8594186657836
848838467439
89580407
900060637376
428764378119
16380926763264
31460262704
25041103437000
1661674616328
2898744970
24889855458377
5904900019200
5000707183955
901750858888
6356181288
6679504976832
9465553470784
118718624
7677194605920
1939912374642
12828289770000
73815418560
356806927344
9814690307268
456996233584
4279900297638
26800941865172
10168032969109
2917415
13739288924405
4784835944999
4766147149488
411370247466
6003206050800
238754663100
894806042240
6604830236532
23319813828755
6273455964
12836309881824
5348084219128
371445110784
55828193360
23736837307974
984694563405
8083088203328
874407162600
8517733976115
424397717232
555215850
5612046043840
1090203698304
1637001085728
249348068200
166137738312
68798227656
169906176
17550436176
11751152400
18633760273395
12130539624720
463145280
3356510156647
935726940
519680213547
445575366045
12464905459725
2294890097584
132274017280
1033368603813
12141786287553
7877076503
19366307217117
14026952883440
1079577272
8710911804
990745637520
202171350304
7285512985328
3879163860575
7029582369984
60626467281
21130954740695
13625530514120
1288688984550
15429485733120
9822550564620
6765198066885
18963301253004
4761369435975
14131627791125
256564783020
11348031339216
1774808609613
13746450215309
18097713855144
175349190688
1137314452560
22523547171070
7824836880
463691343878
483766400
8327781576
2566407623835
2737279747800
10530778977326
19706455915517
169521864354
363543715344
216243027
641724406200
20459513911216
15410474782560
2341172143395
2019992154880
18656316432
31432675036
6880202895360
3581022216728
8891354522240
4879828536704
6858311700205
265521212880
1984864919664
4262663937945
7297970535288
17210662816980
1820980272
2027287329280
15152609695968
58246344855
508361542535
37580160
2877260648080
3712469090547
42053141760
128517847488
6246882660900
95689358176
5991447427720
4826090679372
277759891500
975890964048
16619153355
6055347319128
4747974363132
16656237829500
88116260540
21584568176496
1214409312160
1801961937255
1380591065772
5342372829456
5750533929240
17556962517875
11443629380816
593445233640
1069306551
82182038400
2296964582043
271473840
47250072195
19476236169856
12853520784000
1750224005376
8584747750215
11361560169960
14990896371705
8889441096074
542730643224
737968505472
725337236052
2026232977724
695987325488
5375333248320
1027643578943
1137287818833
2062605974825
108420962832
854907858000
2074572872640
60545362268
14263598256
26625563600
20649131752608
8783849672624
11527633419224
10781894188725
21195903427800
3128010128
5037919110357
2218718000
12846858948
21203470092
245407307600
383391491120
11173047249
1073039474232
12899033562084
7602090830654
119843213145
12849597319383
255656220777
542177231870
14801491412400
38007000
413616481075
6286553157280
6925176035232
19907231342684
2681214079488
152541599560
818840692032
1703889922464
1236133019520
50219748160
18493405750208
16517997491310
14708109378435
1940694505960
619571346849
597605176
6761579689800
804744067008
74473938627
5826641999245
5711618592480
833901806205
15387713294520
609357055200
649566941760
11681038121200
9303648594359
477565500330
4975540692675
7182544946904
3609668385
6601996419005
6199213254990
5289687087260
1476803910435
346208127720
262272087
1719697904700
12467852491635
35131927590
5898274642845
2633836546390
3316971927360
627207360000
16945395291
298673840
425935795968
2375061312456
8389301432724
8317816026196
3890228791680
1180892486720
1774522035
97001712
3422426353689
3166989119952
10057471724625
26261537954960
999626659968
6571282401290
15459445166650
40472778
10410295916153
151731888
428677613910
38792699400
8050296549240
17450779254464
26809379908875
346800285
120703556115
95004585
224007972466
938773819488
7204128082184
1334068384
16658375440
8465539216275
1044816677280
3368409256680
3452787177
143096613660
9123300444720
1887569005700
67798970589
4161607130160
535303454760
1613007549
831675284325
9076485379144
522673589880
4122004019175
10266358916352
7725754040376
7132085294945
676074865200
3584107455984
1837825173338
1001398548480
4984912428
25764054961023
26597051420240
4770370369740
11379852711984
75559770
4956270929480
13087232560
6463151350656
3330215291997
2361375764803
10653246276624
19999060954192
23089433863023
90322176
41521215276
589663046784
876101191680
11280154822560
122110336656
11929641335040
699580
158620320
9147126065840
1359495453069
3315247311104
1212853420140
21765223122216
5291916195456
347726699768
2987074089725
4072986112800
809766311325
4010717664736
6472173878784
8816737789184
1904327754949
4348291217760
46687628880
13209004061316
16382530377360
96184021540
624969976652
21850426230480
7470323301
446583248424
10294166666255
28827329048
96235998036
400578675420
1164472535141
301745711253
251566742540
13460351956464
338312765340
47035348281
13657054080
8183857891736
8578854968640
1448646312960
11401315977240
49216123242
59359629
917652148224
244462658520
18406475723616
745471250392
8218810204736
3944822219550
1408394640
10688285325060
1056520142496
19426706387094
11384329458150
4157087158560
635983920
556554
19212503789544
4154306481
673885500860
9479360947139
14820509287584
4626514601975
17575530719760
4906125
11385510209280
2067910228608
173741056125
12660998960880
803278120
1122622371
8347712
25845118978392
110933353099
4953259079055
131387424
4209600355
8479781449425
4898950088760
14699913315055
258841800
136916740793
116111076720
11333731463032
27266640
10267241796175
3007486390720
19698507973800
5535807124302
776962580004
105490203357
111287554805
511777500000
24116534559
16212640076750
9639064567340
5332341713
4554690402807
684802665792
8716192557936
1988527376
5367724656000
3354146496
5630830618736
69230542852
10909803372
51705840
184869970331
677223206343
2456505053184
603645899952
9602105377020
9325672200
4981016456
5268114999576
23626021523440
78985133808
8962895605545
652529493
188221345542
264131540640
63335397475
79581368284
77207218143
879589147168
5219286444288
5593854840
9285711435
4492186232384
3410135221185
6302386351964
282255574753
22433276967360
23072684464044
4199682220864
2578325194368
443526725082
16345661350928
37908477984
923400059961
7870498402560
49519555888
7752522821904
3748328300508
343632146
3006046921185
5213036882592
568634692115
2522135983815
3740181035184
167352831744
8852318187585
2495992486400
14457277957472
512060781090
3182034419442
629316441216
17149361721420
18647630489
294042352320
9504684512960
6136464782988
751861877763
1131877620704
12448280
4846070539860
898780940391
144836193
1725176105340
371892628224
178991156
1609994452545
730037643360
15152294342770
4799971904
11276954688384
2461309185760
2903097016496
81773560960
2011774416000
8062715969984
336260232
5251238160480
1396311840
1393173517835
7245983344768
3433512336384
3289643690
1562484832860
10174620178688
13351932975920
220606246026
7924854195164
182211129948
3971248932
280096738193
269051091520
10425563519778
973392720960
11199424389120
1680244250
76295411300
25464801600
9694379891520
875963284512
7403425743600
172654651100
17293735351872
10603305765120
7461655786200
22120788901440
135571181460
13230391451200
1721664470400
1981585957953
7628897547216
56982912
11276462547636
514605282768
18653957449785
2736605445
18001011103688
4984262424855
5517447302220
13031507953035
3416694628584
6300817000695
11873218667736
6223953484
190679566560
3480207350400
17068118657040
11851862100184
5204330275034
3796970261734
9560370426704
99408503579
5638623275306
6523264565867
10154239979400
7223734630560
3709797003456
5891936707033
4357961645175
15087883512931
2706104567
16211956980723
9928285853135
136430355
9744431103546
2955619519280
643760625375
812051025851
22954830
2026836383283
3611962363664
1710867593799
1832734646132
130980623760
6404767895337
6824486581760
11515568208740
7940310234480
5816658905400
1038331526625
9657062986753
1148222107883
9734299981935
187349741435
35109477564
5472868908359
428768781
90389241744
513097385805
43922179845
503677758304
10759700830760
12317200145250
1765689364913
9218484395780
2912179404475
1079379901188
24013401106448
312357582000
731572348580
9165724202528
19983191785596
23374295826
5762643645576
12203058635787
8407413422772
32038299840
501868575
102245791911
7522329416875
3486493120290
1221207447933
13468461377600
12001247142759
4810953022200
7022627336472
17708669228712
20091101990928
2496010798602
154602076704
3635240200676
1204580262420
10682091757120
6025187239299
254461710096
1821195711440
812868396032
15451254782777
1912618886256
2538659211200
6881020999748
6900720723029
17851680
16375626079360
12658752660000
863626093800
10848579735315
197531136
17671904628120
10786343984064
10722364238040
19397459623428
17948414819748
4492783952748
142949035500
453531501904
49255251760
16745843058285
1508271125760
11721089782936
194051446340
14390120927200
6626573689197
180407603239
8468678327760
346533293936
8492007958368
21407653822704
8484755188920
21705408
42582247600
16872127727424
1637291390760
5233591992258
8433123106485
115022316069
19225437728250
6640615103535
8771701951280
26794621076
17897526599980
5365648468635
5408854678080
483489001206
75308162211
17360
2140761612840
2538256160505
12571585081908
7241742293940
7587409174488
254421622728
17382235520
2471479775856
15386355270
116842703456
7672446337500
2249050954608
90934136496
2320952354
15238821106734
2757179041020
1611016977042
22799562240
5125167627888
5394008173564
20358021400551
6631323939072
736092602245
2871215903104
14895994425088
10383932594552
28428447824
27792977360
5010031469352
468816729150
1998299931165
10128543084765
4872582330855
181988580600
7421049577500
3314922685800
9785190777648
9071454781670
1750274665776
113365038192
702683421879
384266217555
545944084392
19927640295360
14452535106209
21123821085840
173915677296
200731695
11180612914152
3202166325976
969128099520
639696888397
47491657413
4837653838984
3258720683064
153167340800
13717278703462
17169462643754
6924700490760
9267826297968
1972449118614
23613277805568
906907641184
21045319913280
92119522848
620876726700
83340901215
1192334678480
7920671780460
12971042037084
27182965498381
5316528952425
12123142491080
4929733748924
11491166277696
24902458752600
6820109000220
7060810957200
24603377722
1226659488624
823900477608
11287280235
213687070311
6067879577760
7251117846782
1795693090100
5369164235865
27582992483184
2683978993320
5399702433540
11733968769735
165824021042
692409394182
1189195324500
6675404901600
214125898896
7713136485857
424707885810
20181125328
12903980032944
10206943280688
1635147088013
21283884022425
25593447264
6532116024200
2121142832640
12776627785263
4199650455000
17077843241760
29760594735
221439708
1319801175675
431761437
12360204539415
2733318221400
9576357829280
8865015854055
61934665772
2511262679904
10397742281119
5244425993248
1308746325
1067583303341
11177472
1843902305840
3674960466408
23552986600
100131277493
939548132208
8881871656593
4402166160
16260912470
3906432300576
22884963530
10150541543
10517808366505
1955599798944
6578497884720
3024883188684
697017520
19185682313288
7470147373827
11521954645929
14053295872719
18605264907450
50719124565
4040761581
1013074333346
2594790625116
17762346395
31199002800
19076262255765
8722723539117
186616974000
8348028035109
144903271800
4631005419656
4269004071689
201505235085
3680156397140
1288512753528
5109953327000
5495643859590
9765111151705
41083028375
1180596766305
9745047982560
1610900707
5374028974284
3994203438351
9898032876600
323767661712
39015920
11824340556670
537315156
2355604671244
4016210905764
13321004930376
260710245936
4763640321776
384081958865
12948587347248
19847272639110
19584
15784675687488
928469173104
1646190110004
367331716539
263371037252
2631753296640
8611654405365
9258174939484
101473795010
239651922152
38368457952
6054020551440
15102409872950
15066834699264
4041044903376
10679222961
17903448035357
7289267958720
6729352560
26030950125080
5038480718325
6848296529600
2437295793348
315240061296
7647601416
10148105712
8404161169425
7429781345280
269774846250
13492261474968
1299296604960
18917471961
135891875
2031882287172
835274090
32740243851
2352606240
11780786792628
9448755236595
9535995823392
339680594496
3173469119076
5887408383525
44004415104
49997046512
228537500994
24301328877
662027375597
693023549400
17059350484272
897356553536
522562833600
13308839759
4469675578200
18873441788040
46692091224
1537276484600
30827974905
1918851975024
1620088961814
15498213977216
1102558921184
129996559
28871073
54498512640
6728293859664
904329218217
145846160592
4813580981360
96585121728
106337031725
15778634487796
23082453406705
17971483376
282979963548
2088144410499
5841607728495
202364610
16030709607690
757184319900
948491950224
7257818793260
52704945381
56722834124
1332773519298
5008539119205
833102261376
707196783
7113905246880
804322685
1512464184020
11613303460440
1509914373048
6838334424576
5944362348771
10617784960640
252561738688
110529079200
4995124485000
7509630481790
12636286197
14278090144
4328460229175
34184309768
13382058720
10005876734784
5433367065007
6582041587800
3502677524319
1113345234513
1626780768
19693952911474
76941457871
6648022080
1346307642000
12995822043920
23589743324685
516507371160
13103785000800
8289702975050
107758356144
222823592145
26232446784239
1618246903000
162217837680
790310560
2288767702
11494423808
12364526305856
1259072349213
29352700
10920499800432
175530282900
1341624274125
12083381081640
1055355206720
623685870717
1830899114
256575159
4604868983160
4766087200560
81718937024
1943375400000
13727235428448
284954683680
16966992974750
476216554710
6342463541135
22876464507450
53020800
3388237203834
1682575995840
19083552165600
11264742642944
14593792162992
5113535536805
16044910984158
25066888136645
238262506878
53014155248
20383146750505
2597946231
5516294283264
2480339383578
647705230263
12122421227523
34828702230
10079194110408
10231746929664
9037801214370
13997909487309
1031089344
60996080
2361920365455
9536516416
4551341974256
6805344
128499819552
546008129349
1037026080
1153406992521
2133852882840
12819131983539
12575896530084
507727637256
425835528489
5807302689720
29121269580
2277665394
19997811803592
220775643099
3449280343872
142572991479
6912901808577
23051268
1021209153339
278346532128
8246273600285
772878207239
5077713737600
5542131810435
5437963182960
17132814413440
24
279579421440
23586010344
6058715141160
6959370464640
808896764
1648466854720
1971089276
9981872239680
15619856610897
4797176723064
5960341644960
9124757413090
1294845483440
7533764513744
1656101181504
32893955520
2578712843400
913670460
458736725568
3089040852651
2909572015056
3054684687264
16216467285568
2178189576255
750391448184
3043693933580
281949600
3547541324400
21098624976000
8710863840
15207138210889
25193623689
11552365420596
1153404893880
14246864215383
13052525925509
21159538293339
6729971792832
11371090666416
1673385156080
6606768485334
3049463707308
780185148
6499356623808
25063062790706
7194211680
16827125517758
23484825007409
23866907787750
7876166149800
5319434018406
3993766872480
128696538960
7179484446720
8819235558960
20397281280
16966914802959
85243592240
1798187883768
2173465285640
243962627984
153091513938
4156752014352
4353191533412
627946140525
3059516
585107718750
184218231600
25047323
3338608710164
75183494310
136486932
5200430634240
103621417200
631157275350
3884350247960
39614623784
42232632959
422518255137
638621450
184780944
2118521243645
9992720295456
2635943375
10511101920320
7132594712331
1891281709317
858598415568
379412006496
9995245537536
1278045533622
11039711747490
11926572074424
562650625992
1439745214600
9944110512480
5981253131381
244574244369
4680070119648
16896853963080
19023232163696
18528732272
898602349120
113020401789
2754170832
107300086816
458653529520
2904462325680
52201886048
250340109120
1744341827553
10573411318920
12103199680
9118464
431402645415
3041613509748
4268274230493
2618344919120
101280833472
9368781840000
75441599690
17811914511720
2292149312424
2686935681573
676257641385
3486664225184
1964861598832
4661392154496
2030079
5326998145322
5458286123316
2813004489880
5649839064450
4529722036320
2674959877569
10194671855954
2195224553280
1034714870
10018567495040
1744800973284
11098113424720
11468777084520
238863459744
3063901010535
6940894125624
9320006741487
19487651912225
254944062368
1099712357060
3965254095130
18730984793472
22181625861318
7584542917035
1318967165481
65826739440
2858007159392
17710805574000
24943717583460
732995308623
1285634896249
621070705675
12396064032744
17990952077560
1032547777520
39087120
6681989543040
11363289280145
2661436286052
23982641687680
7056546112804
14982236179911
1215237817024
15507877440
105911917632
16692291806320
841004953264
17342189059647
139663880733
8962404289130
6744366274368
12439061376
11115005101200
10002943784
18679369858277
171688690967
11424089592720
6462368646849
24216605768574
19280
2887461118302
298942544
8309679344624
871925880
6160096828055
16545783745739
2372914703510
29160483282
5599308911904
2755415250
1341593474550
22015638142052
50377415712
165268032
10572640
6906161770992
275676096267
455899851225
12577037946515
2398444400
1011801254464
6770573530833
4844953600
36550277571
1835870631660
139339094
257285784
24258880357949
71741570172
2280854449191
4581790533782
11323039488659
537599024448
2761733908750
557267810
8278607120035
7727279546032
1818151911395
3242017013839
23384692026976
1547032313070
2889471297141
10727758678875
45447629976
11819433058344
8122195074168
248000933280
26565
1109096471104
15202786306356
2487829552656
2374959783368
2757786583320
2992491979864
54689707380
1215576818610
11613541443696
10104029517504
64633448880
23656458211479
24126482769152
151097860147
4843836925632
2881728194644
16885128543600
20276889
17206237690480
363619579016
72095455040
599796906408
10916365812399
13891158804
4605609240914
244398043518
300659406224
102857214112
5828081583504
11264518931120
9586226638100
2865386160
507111052239
8604199097390
1693085345728
141656121794
146687183464
100597446180
9121521
1179462145680
42434272650
241618521727
720294415684
403965944
4686850540170
19835133717960
13144874761851
1078987814448
570608310080
20662037953284
2790479151200
27102429873217
175316959440
180843593760
30524272144128
10922803802376
1371134832063
498215718300
300242254
2276758360224
7627827343760
508670792640
55769791627
4609175060805
21387520
1167548340444
1520199696744
21690124707440
1465110550255
17436701814
1108490826240
28050748593
3852629858529
15174826016804
6248538643347
1061038067175
326312157777
141215291280
10685601944136
213119408
11236636569345
860756335380
79237283400
14938204692473
13215818396687
40476525080
7635209316992
33854480
261532880075
799220516759
10863867375360
18918326125190
50553274800
11875424300552
61934094040
2216807189400
9180867764640
16022290032
2727641215080
25933907937168
35390628210
1367188599984
1243262586495
12409946850819
486594398017
1737699223140
352100599760
18014394759312
7851096275525
821702352
10643832115475
560559831616
41083168
8978866219862
1409915674056
7837208561130
19466273746304
4998
2753649428244
1417747848560
81582265179
105210834993
7070828112992
14523251605496
247982870304
949712069922
656782068825
406565204664
309982252090
2577218267904
12072709015103
139788120
53710415088
4995225841980
2410918114752
456104922579
10853075052090
17193607737
4374930
2518943503230
19929289376536
828115274560
886233286
58926905136
1909702373040
12332006332800
2211973796400
22244578200
439521334296
3616203817576
2376559875459
8347889693520
13786168378320
8180472759264
24413915990871
2221361985167
3931951464
1032368058648
5089240289088
9407673049104
5639287380832
17963548920800
79328406484
44202052587
55389095190
7562791152375
14799740256
445107519984
874641329694
9807291007488
630798271488
5337185680640
3915246300736
1371843333504
44337601206
39738393636
219127653900
37047366696
13206238814340
1286087040
17056704555
1523992102930
35228099517
10443772596864
1586967364490
96708146400
583372255520
15427921223715
2952102882960
84516549534
143971722624
418471807680
4514567182272
1179071435724
64331370831
140109886833
675307303011
4930662246210
8332628058612
1609679329860
3463951040
5458396845048
178978864
1573448908185
26909266119420
4986357363936
6093123939072
663362368922
5045826585415
448899984
1152008760656
1855012201804
17751609949904
2584073073520
10893055914312
3331797713829
2244014897334
6674201367675
4857572781425
11287563857856
20922762069
2585765094328
1640307489470
3599032708128
143017143444
1898414583568
911209584
18256069215930
17507812182144
2476349072715
2772757395072
320854105040
13547099862000
3010924715568
8352180579150
11783565439800
752573389932
11627525226840
27667350641
127021578750
1253832688575
312908350095
6138929563162
1120026383472
6338309750784
1257751975040
7575518421588
280738267047
16482206829816
3082506686688
8809145088596
19186706555520
15207134228748
1256705387744
224140792
19902427012125
4115677893912
54256693176
7835284115928
22060691088
11223032300310
345697647715
9258320381400
4844011214336
37281226752
2027849765744
241714263672
444972855
193381436064
1013487203520
20360916507925
14362248003500
644136144384
4360669420275
10284345631104
5655611037390
634001392827
4943458954860
283029715496
1340522955
12080233604
30173304236
3606216
9131534316219
11718136029042
178098261
8421607656000
4926725853104
823548960832
15255043445040
28772516400
10210271978214
8128510833296
2593019792
3930016111215
627640280460
375792109487
13792649420960
4279315518720
1205661441384
4677902393680
15493116349295
9069479792845
14704208956359
4228557253920
7203671473584
22691743208432
16553062890720
316741046895
27162974085
260155497
4068162721152
2198779610385
19279042662243
790943615649
7855352976689
19627978961640
10600311812160
15770021172750
2172906557640
3876785352999
15229546178328
4116277034430
1767523792195
174111912450
4884308436150
560679643875
433795147880
6435942068384
668071457991
2007354274191
11085453639855
5933513923480
5980273425
25617819570
16640412724090
460956320
10202260140450
2771223264
2502349693056
15673610520510
266872952500
561026427
13707858225600
2822213340560
90684079181
40562743410
1229889643920
10284445983436
83962489440
788681025
2124948404
1655871945
13675174217784
1468864299699
79388054198
1923362660119
7168268120368
1157247931905
757301829396
21237674261700
12471124788122
192371247915
3947750468090
343526267040
11584849472
7123765134200
228748626068
622215432832
4793226903087
2417983141320
2731689322131
6060162859560
16041431544160
294770504
13244918460573
17473343160
11587365555
5775784775817
20226517913680
10061137132848
8521371730074
276172861136
52745419474
3800317117
2445666048
12653231322144
160215814080
943368135
4325613881834
14438265548476
9312702395348
14772142180290
418685696
17432774856
32968365777
3453855005050
5168462700468
9497988458948
136917954015
9437700481440
22180199192360
6791346775808
151537555584
813850156800
353802464568
10201552568272
1589423341584
107834205
1239562615484
498669210000
3911556879450
7862476893480
424748164581
24767273862840
3749690045376
1098837473590
15406238768495
547200
738058934907
19103514949568
998013844685
5828149399840
1598091223680
100489241020
3837055217894
22839237888568
3003575563296
6008760760140
9593990406
5045661407880
17330677447944
4567304925509
12229093185288
3183985296288
847982016
369480609720
16857530432588
12943630713320
3145116189600
1016819792768
5523698619936
352486027067
4673083126680
797086908240
7587107493680
373584283472
11511083926840
21153110141576
106093150625
7099069152000
67247265280
251885332592
15957858432120
12215653373385
969479720976
775904557680
268218805250
2774821945365
4280130633945
7591310238768
5052207718656
10054397917676
350276400
8195868693600
73583551088
9614730565928
912760701039
25777763107850
1062335011833
3782807848050
113065090125
1738079503652
81973846173
739070600160
10901912949584
28330583521
1418231194443
3202391479485
3739400967528
978397392960
318510192
20983626777036
11579008288174
94576274487
1758215502813
980602942544
3514688233264
3695501264
21351048243552
25052211969180
129338627600
9955806746704
23685173893040
8847036978840
4649888640656
3858956696700
3168740810379
8961809741594
133223929098
664105770
245211652059
1232646167480
16684289667
200620608000
12023148889872
101693037600
15001863665415
1244306300
434560056915
109442746832
318240
85485911880
328174892838
10647624400764
5630294638095
10121533846105
24305773485840
3408708509
2960035185224
11585263067136
31112439228
12208756246687
12910056688350
3541775751360
1280690420880
44039498475
6097689215280
26358881304
664471373391
492234907920
8728172601750
599093588448
78745709550
199293646860
1075552017423
22477741298082
4351924102240
355637868234
6910099144080
83796524394
9880550785875
422096044986
167228643120
7816946670408
643288493421
649264755955
16611816821040
40999901910
437370365460
101267240685
21349561336848
153447427125
6155779141120
1667924177689
180562361889
5653646566674
4114990882860
450684677392
8809592000
10725888
11848747124108
3172189376160
79614729264
560182175086
1400335310344
169703191440
22281267003327
11503958208
70130596305
156310930494
226924402208
3091089597876
7661549955840
716763252640
52807227648
7004777770224
4964735774055
11675828352084
3109154480
1160957048160
3088621193
1001135382771
177460911936
1141272345763
653726449152
4622569445184
1326626995830
4752135735732
133905071960
483105
1737141697512
5925312
15211998456720
91031467185
68550759200
169826540544
2561920795176
4644572783104
7647511686864
739911516875
10209291107162
4402385673166
11512187748516
1272391850817
281162413290
4342884008300
15069311483787
790110417600
220129583520
21764297061969
7120016318355
606506624640
8270787262056
2877432988500
56758254336
102009600
43577046968
6910421906472
271456731
689151698326
672995148980
123584695920
83740483320
5081302866600
127607232050
823350560
18019211466240
3077672688389
114559398105
5505127265934
668235703875
9208369479405
6205434180
3816134825136
3321136606095
9234626760744
912274617600
28870275760984
6119554347907
16586651167568
19931137190454
3135912764
2611003918080
1486302331500
9149287987
2693996980200
1605096780651
583019154069
8675399356000
6050000242928
6788032865334
3619312
7307280138972
1480993437
8161554088624
12318417191984
3177255821320
4763162256
608148953244
2114576299
1570410229254
886056568320
51179265
191327136
18903373896000
1231200232392
13629880928
300048399
764439701760
139819489875
1247265380324
2390626608
279739036484
1086734873763
3578917056
7755286919000
5475
7593650656752
11340980961212
5816044795960
6587988492504
653933944800
517849338704
5012751744
2791718477145
5234671887984
132132981736
7536459323908
13845375421936
17862225436041
20058432224
877558592000
14302153424244
8237923772771
10017500320743
456747720
1439062261880
950362803654
1104215524895
1855380080
54155740432
380522951385
1064484804
11999820
13233315954240
3840966449705
10522656836627
16011535857408
938253806368
124276811295
530856076608
17000535005168
2317808
26932177439937
3537360287916
10394175984624
9548049698075
6848590848655
922049759475
5438676432000
673555848352
4917049997145
269534872161
23585040378900
443477284088
1143971651984
281582412900
3236273618592
825238446912
306101841696
4856266161945
26847678060
542215561745
3908253792300
7622866707134
3612606172071
934542149093
1392345478944
7924396480
755391377454
13535578978935
9445436472948
37784447805
10966654183680
25830580590
1082095786200
61432231392
10353670625727
5241236055720
2170349005656
1043307979398
11511744377760
16065684895608
204624594
20240508960384
138297178981
1066512511152
28403716992623
823760078100
806778835605
230988068704
14115664251120
19012047151600
314862036624
3094944490505
14428568263804
1633479740400
16307187
15794560
7864411307520
12828162780720
1437628516840
290668303294
647365009200
10137978408636
3968883350705
4508473961934
265858618480
7272962967344
2858540022
153939454034
4255951128
12826767385520
3197468147104
2761598959860
7133423101200
2693630160
12496442938920
209908663424
15584898120
824704173048
651838041129
7097141613760
10238296193181
5992529864076
9649857324210
13061401920
6641664489873
264920620880
24547326057179
8934425416425
910034991840
9286921510640
20216479971075
17155901084000
181250625840
45536367240
1189107546480
3969215529055
3079400327640
11965861998035
1007208172640
42961739856
250914409200
2026760150808
10591717077171
161215563368
316541232
19696928000
208178616408
9271922052747
1268590885590
18609726465122
1633426641
270628950867
12680052254364
103289292200
354560274440
108539133285
1938303020284
1311736149696
286623126300
13059312360
5618769721724
3025230518528
13228076575848
1364289341382
3969665310067
203202382905
1136516229600
5966545209000
193965458841
17430899197484
19204700897760
2682716067824
444270840552
21574903376013
887310172224
4088644565400
262546081770
14629591098558
2693099520
1477558253952
14243464699599
58956862692
21516888958404
3953158633984
3287668868289
11125979500880
10719069210185
7446036413
10765197783424
5017435387034
326245504
1388996982816
806039408640
11845950912
3971130893840
3552715330560
2695316318970
685046239944
15827712084864
4352216970384
2001150869795
8622941436795
17148343063440
30206014761
946538034624
2107470982265
932026168125
2313009839608
17625608583744
5768584123520
6584322370496
8780411480
3422662840320
10500916812696
145259604425
22376834151435
166061638080
282170329232
917720351275
1245006633024
2136675426600
17057214174
100273274498
18097021878848
21883009833344
25635472719284
129616090776
28165377660
3394591894980
14292791947385
49397846640
3109743610335
4764926317635
3430163947469
12432580927064
25701456264588
658537378552
118777225880
786924636420
2712854090070
3180480320
254929059798
662898334602
21071741157264
5602969370516
13423272845889
23122337733144
1201574587712
3549663552
309759882627
3475897425
31089999024
2790107913996
15266538504000
5451156403134
16289007276387
788207898816
1002971577735
1411195183968
10336024264545
3281487352
4477950901248
4635066686016
7171507100875
19793903377824
201474000
3255455245920
2601948713544
91538249149
3234494743424
20892972415224
623909550528
18510478097335
496157863509
4841038401056
1195833479984
88891674480
1099461009850
7419892067280
71590420656
540723098448
11228950164360
5639564354645
2244087875232
1413560313165
61095536565
638978843217
4882275413670
6176182080744
80722590
1725536774000
11127074836394
986627989065
14091375221
282717475103
89722023006
3281274957240
212364288000
6126416283540
13564893538103
27703132475200
994544402400
3683126158800
139253520010
2517744421089
2099150557488
12630243335112
18629310
13381646292809
8897848177344
9515783073951
5752222315224
4535328063552
151261612320
11313406392585
4643627436000
221952182384
21640275208874
353615591784
860222199296
18899922234
1195354555520
22464796096656
279210383309
878283628560
937625675400
920651905440
1093404172392
48859785
11333425392624
20625484405104
5888538607205
6065754829209
4126653600
981426701624
1226805785128
1157063734440
25576888784832
1276659702024
2054755818555
2564234848032
79159491216
4353481824832
5843245705200
24373842241680
4014865109376
5271778945192
1099673624
5671698332659
435035448
213291766789
5719492036340
2256850244385
14728009481120
12980375496000
17580933783
1427281737441
3044435022000
751359573056
737138965540
830818185024
14519744774033
7209982104528
23239474795053
733247610624
1606293611010
169583960
19703035846064
3910757731392
13381043783520
174322961580
7693908284420
199219527900
18317648
5873176501776
221637273312
10246889238
1681680
3028682896272
7471431031680
112186539648
7217836461192
2515871489040
302118162160
3714156130064
1943429734925
3408768426096
3142902953904
104242336434
15244540747074
2721255920
4125952692960
13015630916597
21703569300
151133253414
506242992240
5909850955710
3938957362165
12851073862292
92529455148
12603647938596
4945535155470
807930160
10625649508704
15358506468464
12608533961373
21775030884411
934745536296
13810160270144
3850100281575
6030132382384
1091521556656
17525931069760
459850368432
2194323945534
19164205668251
4954336497119
24816522893900
9238952702022
37289787030
16644177894603
168471767603
25410553633620
4436999
1113016000215
2603810304
1162463677158
3742860490824
19451777631734
28089067045200
3418456294800
2354575388000
1877021744022
324885133125
674396801500
5218481637124
4313562907952
8476996271024
29459163752
17976870839952
2013451985984
4974119069920
104133937416
10601497964960
2578158334080
4198395910020
832751762625
5369707656803
73017
476838321480
67246460840
2655847472976
21850275506114
113087440935
10337768583428
64986838
191516841945
313162884639
13399074513825
5534007360
7683785409222
10239712307224
10917246480
2517734506320
13304424048168
182882243264
3482725536
1132893301455
16036004740149
5893985564
5303279794816
10509287642520
782563813416
41290917141
8412729533850
17393867235654
13545597228735
802200769034
2165621332500
38569984215
234195680
356387848992
16950777656376
326371306979
141872854500
16293764253296
6043036390076
7091526574848
8452404562700
2780309510385
446801882220
6107232467264
6538631728608
1071024902984
106179159917
24950523627729
5097464379
253052102070
806000728080
9535041135
173709495456
2922448640874
4274672765766
4390905765089
238005840126
70986600
1840111562520
253551443600
8285850390136
306783864800
113265298146
20143975124007
8753344178475
3044517
10758423828204
493167658583
97962480
286902688676
7082371407600
9696415680
626215916151
21962207936
149672074482
16092512990400
24715640322929
17883297120195
141889546944
3715136184375
3679596349020
183964145277
416488420575
13335429799510
11783681416760
929348383005
13142285641392
2428365216978
6791642597040
211642210395
13431025614708
8002144961525
8347069598800
447224816115
11274055451360
632862739031
69468266
16233775471800
3048216712821
391086606015
14773845924
4789959088824
14894068025850
589239275688
5837260703925
1239148650000
109912209930
4182802624
1786611701144
7682506014960
6799809328
14161105098507
23848076701800
7712077481704
1572621632664
12154479956448
178993776
633829404644
5471379144
201144150504
27143790999309
150703520625
2473457008725
5659112826432
10132309062720
385950703590
3882343704018
13722812807495
479839342248
566970971490
75985869568
82250868273
2251453432900
171421143600
148721931900
5780905994240
26766432
15452285679600
4530337420
652343984
15400385041888
2840341021518
2593021099524
699319076
975489138176
1502302109825
11193545451044
92085131264
1189050477498
824531397120
7176306160
879154423902
2324929458698
247780354064
2092782255768
8211840
12449967574528
24206818903824
15327294778832
9986260474431
774826625664
8894965009440
15011097271800
10674778975814
14351818508165
5072568619440
425
3739391712936
55862620435
3014120970945
445729580725
6584615837400
9121341993000
2025509744
6614109
7709983213968
546893321
156250433760
13291856287
4457083051960
7356959328476
203655993525
3431648486
743320634445
18388706728400
4019378542752
387065321280
2563108785
376680532144
1390482532440
253329605865
7067126441229
4422566186855
533198164604
13688120278080
12095727641552
12386357401
756755620800
168458356480
4931517767475
29244123753
8959436492
16209503490864
8389101137685
11352849125
16423104556800
27037429263
3123720996165
2124817843555
7165071150471
855572319717
15311396976057
61445953182
73579068160
47267987592
4034503506392
1866875388132
9283257280
22777760
349327664
256028516490
1102431600
45982521480
1956319020480
8741973719232
3155741250495
7367345942661
7216329996182
165145310651
29750890840
11852849658272
652264497960
180526758048
726468617160
54734040208
6023393450780
3565786509380
117778717719
323777145600
4193113142400
1574608975494
13198734492132
4499327096845
3640558743
961454281497
19162832136524
10256879955105
318559598880
2121910571352
8192913391839
2749294288641
22872032919120
43335275130
4901028059109
11693680686176
19945957626120
10422317887400
4879066746474
805671652929
9535759147296
1364874909750
1335702706464
4758810
368147468
5599123761404
121614489
2239774083968
2841321527700
1146377966688
146380677744
1716048484755
136418005384
559988158734
11150080371714
243535843010
15296293886944
619125523016
619198553664
4675750111170
8660976912720
462378658712
12591507338685
593406875880
9650234110060
163151031823
172826983728
881560746950
9821286411090
3979956796977
7774338576
78507540
2289818329320
32914933961
38220248052
19594330280960
23634181587186
304560660816
4811322610341
4481386297704
6790232039955
10490932371920
5510706454530
3471970308521
98256355701
122433280671
9521072640
6304492941396
25223142266640
65760894045
657036580872
1663200718280
2031314552520
5941714313514
2945573796501
5162371704
15543388010
4365384463776
2665363839120
7600424576544
71946700800
1907510728560
131556736800
139832140
18672682778685
638641684704
2029320484026
204357775424
545801974272
9713461324032
4456651669140
307814257816
14118832457565
8153285318640
1996540572384
196284900240
3866782210340
1234252069776
10337065753815
1967629834415
649778971968
4848086500179
46452738280
7778290225904
1673469686369
278964
1783421209152
2403525375108
1644983883450
513653995104
7784736174930
2557717916
819509710760
593919768
3212805222960
128058095550
96189698849
1507914540569
18665472754992
2760202442333
41427796748
11054319891428
31114725120
8275165240176
12896596440
28105032522672
4742944876548
345198477280
806788311796
2881943427
446724970830
11900109780
254385854940
8618029873296
564172787178
13640499900864
5961426513224
301019420
88210171104
3083974314221
6288866011297
12645879571650
13104244799325
920577950370
3384503150
179252736000
8135063568
253728126480
966801474261
598959905000
937850858340
48618015558
535545464545
323789438720
502432372224
65712441456
887827074680
14096873478128
2110478598912
6473252757472
2187532288960
123279664200
1208048940
22419292825620
23068525708033
14062866539760
267070781376
10564052415405
2914938782393
323960819
1929629871130
97038598080
425584601859
64317062112
33192174532
1967822992772
12000218288256
8903153800430
186782904000
246825431262
20465777113922
8315925116345
1345678356825
6901409460
9379588644775
2775528445644
124899184109
431963351804
150857021280
169163264
1770195259665
1272222792685
15626647775232
7676974499399
33927795
3145893224880
724628252250
784104401477
176893535
8780680352400
1078480978920
6488200122600
401990712123
332631125704
4216773339977
23609694303488
3397457128287
6596277750452
4860836266664
1867685610048
33727236480
1973415237409
3992278383552
6973002728640
853153096052
12879827595264
191070785235
20566099692
669952461240
381153050766
11886840
13322748280608
1718419770900
3211096200035
59880047360
355424728934
853323905280
8227503417600
300397987904
10307786906648
7239187965996
25546837052166
9581296431872
9744570848136
100261676151
7576561342512
290136709185
314900160
2202847419600
3422486521775
9891745647
3498326928456
48877213944
266614876512
11664786536487
11680654219036
15708284952780
4379487937983
576020616500
4439694288051
251688351880
1742887481595
937055715944
28510117600
392087212320
8899812117000
17762431964564
877697183625
584126968128
23446779298072
95148898688
14528147335968
23766909434880
348411353500
2889509287808
1088750234192
1145114109792
23169085696757
7925925
1215934844145
14450035067325
1029807835840
252430265367
4327688763
21853375728
13104068862720
4407335882592
460868243360
24247969764984
7795698482
412434665370
995300557697
16663822272500
1872864886410
20954597879215
500819494081
20327906
8441773827729
6546822255484
16318619674770
16924915427373
8296733208255
10975104511133
417454956803
3211849430739
429882443445
736247839872
3411030699
28221098544
5335336256150
16940990242964
3136275124177
6470728566524
638407817949
5216397305076
1465408142640
1242013498692
912505872753
1012349265396
52481161685
70647535530
2783306249045
178196992960
114177395549
11602147565316
1395386692596
77391016106
11624087475
1173743964576
29872259256
890586074395
4441388434635
99990128
86629576866
3810880212930
18018716030120
495899046720
14189538673590
2179634763375
19319358609525
6161663669752
5563157474
41857440
46131040427
10660754817
997827086
424490103135
189248964
82016129
25609674423600
3214886761075
726563543706
171419849552
2555344548141
152216573190
1545926991840
143476254792
13115617883597
1660770531315
4289679406080
1208565871016
6750364057424
24497659476342
1632130426748
24423531440
867484965940
50662690580
8435931616800
550758909724
1274493967747
1237217778522
2002802115984
5382247163202
3153449030600
11037125800584
5504889065520
357170
674775625617
17734805720961
2846883952440
13663384183650
20014969105164
3406211148769
4752812812590
9779491383075
63262781760
17096715739659
8180953409160
200156898944
18211336199955
8241644029125
5535586759802
9363464897832
1280931885
4501581458445
742975408695
908004165
19116402500790
72106194720
714123002565
8631104971567
549122493063
51797781
510410958255
1235400
29974690099865
7479813
19413794463564
1360744134981
18395628618008
17249575994280
8331675062700
14632927437500
7213191972558
5505580267759
620630644725
4965746090432
763788495646
2073796028136
18044923256984
5110939498880
191261610085
3738024581060
787834594998
202748754372
18456947866896
55545424791
6101699688
30400854295
66357407925
19503413661312
4458267663300
1619147073565
25725828437244
104924269525
582355943490
1513110144
686738618400
6797071125
682922156224
1838045400288
1590492438840
11415776647748
31083612057
1571847025152
10544857064838
7647154503876
250052940829
147172803648
5121219904288
8336246343188
1692290712
3048574784760
34476297000
1693965
180358658240
11212937009792
10390973625
21714048
1321259339234
475939758378
21686350744320
84673067760
19540577030160
4649722945218
954959890016
5095015476903
6709128846784
384616480160
5924635728165
176350517280
23404109520120
332512014847
248136153984
24210698862800
2228093300940
1125107790
17610842065180
6417211497344
4320523921700
925958381975
14972322066665
1199492784
4612566449043
5675852515725
70761600
25203699840
229710
26169899704844
32127840
20653929189295
2558685186
11769066549240
1585158769024
113407488774
149727653127
7043442173336
72671480133
1394058268400
5872785913979
478847831280
4403818643400
1172388785442
4677978045456
14762624238048
936835843412
9501154982718
51255009900
123341122548
10721741630208
9600888654871
11988911636678
1059768293038
8127270327930
18030214428196
1571024673360
4867114899124
1404397616
668753278176
2811880002624
11808199176984
9758013378505
13902860707616
381083677920
1952649923400
940582550925
4087151195190
8098602652374
19354873784400
781510669600
2443213226100
7038503039904
6081173669865
9354463185717
9913152369675
7201443670616
84451206
25299926120040
14711567501060
4714710700752
2569669578630
20680583903980
21644979200
168508856600
17259599657322
21766296736240
463994205732
7227242786415
11043454247469
9076039428240
6327697535049
12134978535963
8735357429168
2980249783500
12715492728459
27240384153000
12330523053168
15000290597280
26750231709120
1593095219688
14117900650
21182687399984
4323437856
13523201521650
123565368288
846651695621
2281720628712
3132056276536
239142831426
24961564126368
3601768840527
7248430298382
13826267871390
29846642737520
4722745370418
15009892560
16902178973808
8306876985750
11205306000
22694375783800
1169837193050
1360688339520
13102908000
100461299850
893803939184
669591373365
762925452900
4482651104660
14966220374952
3211488000
8060085330600
18065620194605
1799233409472
1429568300010
5327972149227
14556657632
12013183239330
4857121197915
6169968141480
169357658855
208871137566
1997316552852
6507719648208
12443644971543
713313647730
2014335204776
4142831440617
276732245530
10653987074544
4470534576445
17388364746144
649307485244
331705810800
3440304
8331004352384
75573719025
7571852862145
19716996307332
64588412988
8338783962080
8549078593016
14972510955600
20180723472
16488945478377
2406744191121
162297713600
2459483687691
18420902217901
6358146766139
220824450
14948659464024
1055635226415
550377189852
22373533405080
4041293173768
15245633
8300441121824
9844034441348
406509823709
645968335956
1486090993968
24454763900112
117244643568
81664059224
7331480506368
203500200
3851713295705
12140545917720
5429681221587
8119467857655
2735508955484
4889813087484
35560161
903505041920
9175703296375
9403428229760
1919031107760
722181990204
14357422879680
14402406336
1785015802790
164055607065
6409728224016
28269412600
6022177194
23759657983561
2783372766158
1183014160160
15526434
14432022527775
99087309216
3861443507934
1621906440
17295325200
594568764421
2969173956608
307449433872
242397447080
1527359160355
23480761924620
2328324027096
3513414726305
4835874745188
13089570929248
1582031890560
1684962651328
26550169670827
7557155061680
1378415610
221500369908
48732140160
5876963758800
12150232865643
19037070716400
62640076800
2335149946350
17812854864
326607876
307321410990
16001310935664
6151419830
525600
308664204455
887260203828
5809000074000
493623848000
1958395517400
48496238627
1206220399872
3064989200
4996931235975
679486257963
7845960980858
141065083297
4192409799060
1053602678865
20604759760992
20867263679030
2071907929629
1700257464021
2562556114440
13799814964650
20734134916860
3057538959011
4254780077289
18817639305465
161808480
5342657355448
54062993115
3665957752969
84638129500
7075930058184
18666738251973
8465667941900
4636730016
23047319832
271414609935
40210989840
16163084205750
9534904041125
12439774168731
18002391731857
2846722729488
11371827062865
12863334028611
69750168560
11972717339159
877014593595
11414655961064
170556056580
929628389664
18050342273600
149599510485
25825819219200
135097064872
14742214543836
57191318925
72078590064
24591056312984
2303603278200
1258453959840
1162299073600
1660247667936
206955252240
90623257356
88287920
3712495162295
3771093273900
3839078449152
1468288693949
10274652575040
5955509316960
7042638798240
385126180
2016321168984
312606291375
209021280
881180117629
278235568584
17775326932064
90323928630
161201250
32582298600
6794015151680
9514276971606
4181749525745
595671038550
595772021775
411937181864
23112942039
736278643296
1182867248992
1615250334390
10148950240
972018364416
148423010400
199306230
878038718375
586711000920
7499375926168
515885920256
2615240457744
20843747392
53594858240
1742151412995
10074267814912
13553813504
34810112880
95480990
50326966784
3262733750430
563945393880
2944438259400
6497751762928
15310412956788
64796550
1105482168000
55587865641
6492921666000
776416124720
8470887734736
12166431766610
97993211085
1166921480560
756306351585
2015838928334
21552456772008
763424803200
25568981020800
13292815510240
55013110362
32630468512
16422534056412
7877529264375
172098258
2417581951800
10973650010400
6284998496735
2494531112216
293233161296
11324706643055
5708381384547
2472910544
4516168615266
7447036348938
8284717694484
15025428296640
148682111376
8290620458724
17298738756392
18105346285728
253903839904
794948187600
9910147892
11867554046880
2735624666970
119193223700
1783691625456
50019552000
145422115432
15562924760
2737307472485
307525499
902058169005
2790305334900
6582375849
269808840
28974269644320
409078391520
31912587
295408910640
1719836115374
7251478902144
251166420
3338975007108
507705212352
37467139840
764420339361
7620950080986
576399133440
20495498699880
576009328907
1134870192720
688333658298
3345939079616
2668217312540
8893647365
193513008455
5451963910260
5863187330409
3685113446656
10945527124224
8408394760
354391152885
1597668026625
8942781184252
31972241040
7317298362240
379046321280
4273252066944
3634094468000
98147280
4572744263680
954212785416
5583830065632
7447930571198
23475509280
13750935643368
76190393400
10827541206024
2851514787384
145183828713
5371046953440
511468631840
1413547377
15628657424184
14124311520500
19919326776804
144453522240
7800485614944
20959869
2143361558000
9914567300400
7960427586069
17297869809
15867771804344
2337441691191
901505105989
8449822255094
18501065448528
436493977920
4256533551520
5834351466704
284029047900
68399012304
110790847024
4339636358640
553589795115
82652493
187287160
529557313536
11351663073443
38854200
95696983305
196269236352
1425630903411
4625072820720
8692764725200
765392745600
3048526195568
1498407008640
359721202176
14870183445
13594207352544
10605272618864
708268687451
5211076059360
4304008155420
1328916807708
12676606594400
3925526318175
983009918688
11890970398034
4489037218944
947007600
246958485930
1607424
9683701662430
2257560233040
11126625316044
1395114839865
5924864797785
2525996160
57261715560
2789920660784
227838576
937586096
4038370591860
853008289560
222287719814
602888832
4305903253317
1459351068225
5689961767028
4260502241625
30576
5044787936444
8115322289613
6961229389200
5857909017920
2498872590032
18332504291976
21085436502144
32922616320
11441863562448
114758538960
954211680760
27920234880
24568440084315
132322349852
16088787378000
5810182762104
2343973444560
26002337287113
6118799610
2553273811619
1049475397069
6740047447625
11754161096214
357312219418
8105707060649
20610900
4108894013488
13899119876688
215528412944
32227227186
7849791443664
770651563815
17888940752
290876371469
4083169754144
2711864255023
157163340915
10877732282774
80409421400
12873065426384
2717797158657
2492731714
4872675793664
1539957874932
16185306698484
5663983185
3905923675920
5986815838224
298170790197
367279457152
153726136853
56636018208
7755889960
8820809359362
1563218879871
25263841925424
157995246
15937302335495
4722716205632
7311600245820
2063392238208
18562537728
14026530137
20438166980979
4367547564534
104140581402
1875398450640
66706343826
6334264867824
110190463488
191517480
8123500807664
16855594821
106552662678
85645076400
132300646830
1592025028608
930614315884
4175836864472
4461989474948
109506474
6028234065315
11177393146400
11536251929730
987869401344
20087841572031
11954894950944
954369331328
8612999432671
13954682880320
12806328540420
468128121145
10810282802814
3397237892
960016729104
3702634301520
8396550299088
5720262987776
1965116780900
105846075720
502992251
11262684936888
2348919067286
382008545232
5570929480964
8038300425
4752338650800
204989982420
1182639698126
13310710188
231791523320
1379935370880
5427389905160
300156287277
585306090825
1271531513205
2771263203335
4455924948
6918959834675
58179
251320872752
1016582839680
77283840
9462347907
6180697359690
1649103454656
60007301277
8211580175612
68262982731
333952591707
12429214560
4115894685672
3669250432221
20050343131056
492413814480
5713126378176
190535
282373722096
5589708970
8750365528496
2617871052967
1634710523040
1725934701120
35400549774
32210296272
14004122681016
822625107000
4453680628416
18683594312280
6559203827106
11148501846675
233364696795
3931391379872
473893519360
13818308952
3350428047036
6230732901950
182529984
132553005088
97850739584
8424724609334
3081926987172
574871691294
9876168048747
21299936311225
8520797580596
11876089407977
546219137205
483016512623
678792210096
12314360647296
5368210365882
3904869866448
39443902760
15445719923130
2451650259782
17268922943976
6029902140500
11022378475856
14830077638475
10243157324785
370859403684
2104841432
616587422815
3031545050370
1914336
2974230348555
48570027303
5249040475875
10276306409619
1791576144
6703799656680
1290152032896
114142597120
20332801035624
9253095144384
19771315716685
7246644793320
20543167927840
19476057835884
23513576
554891220
437347764161
4446414158000
88181484882
6891457079738
6111548671921
967496867370
17435650007761
74856269160
788118646484
21607106670765
60515708392
456611269856
24084096134020
9200530138536
28701231221520
14488262103168
126305040960
24716652687480
4875488668125
446291449344
717699442600
6482505007296
11866047386827
1632964632
38000708352
50283332
197047782223
2851909546544
881327709444
6627597920229
17808642095904
822572567936
681095355696
3328863840000
412983700192
1214480659392
1442703990
1361030344832
1665414644900
17549569256280
1155285688440
5324508551936
3308300900759
1217816302296
657983939248
7911600802476
536565319200
267958835570
6437247632595
6520250880
23908444859
14096065884
113736376215
679923201
4997293104375
3223606188627
8087871154629
6324217957680
4733987027840
4973056470480
3191349315
7763046886824
11325340749792
1278627859566
281054172684
9207307654119
808667749215
159225044
9542122670682
6636460500240
4465326340440
2355108
29175101667
13000937028640
5635095543792
344691015840
17903465668704
73496460420
16180331162034
1170410138400
5433340770
6001127100800
569732112
5489029912860
292265886913
18803061760
4308616210528
9662694218688
9091141705824
132965531480
12444438227139
12428868075260
7704592589540
1574304900000
120684045240
288135207360
1030342759200
3766173136002
642598114711
1239388846080
629901
294560987994
12528657314450
8910160594192
7338443992374
2438297442440
128227032
79373507780
4373320309560
24847748091952
7668179078400
2890627820430
1745017271960
29798577
7050526211575
1771709194108
3398535440
5597384038376
2303596529120
650484923400
10794548
7317294190164
730656497280
83657145600
321174488985
1624361047912
179459633792
261500270099
656608068200
128348352000
3035413400481
639730196714
6779627313597
1023757441728
547324074159
5418303096192
114747495420
98725214043
1436640814070
129253456640
3530851688400
113419007408
978897450165
2533391983208
2407924339968
21927292580115
199745882672
12323071203050
9425480
1781856885555
3892279764548
2827882230084
74375017641
65631513850
4305840
9784428627864
848270509728
17513126622976
2525752923960
5620263470640
1577779470264
1154683463549
8740377610314
207900
116874411855
4412018285360
11982586880
424139036440
2572539742
176918144865
266612528
1038854326272
82764328552
197607840606
12965743540736
8350186657869
22148293800
17267519147760
8623795340549
10866300690072
3474900516087
10178939284800
9283317736880
4067477378976
1089213220715
45265587840
2508960555387
48171423
3891739488
45832478120
4382415460080
2310196024550
8089740
64113349553
989285329845
547596141330
7615612553052
44248407060
314874426744
6364129034225
159855048861
2075250135504
3142489244700
662399110084
7960585114256
49116594240
492278595072
419457456
7691622891120
1737604266489
49991760
147416720
1657281600
11574359016000
75283786000
556661377788
2592310406
18453574606824
9845472669153
445341801895
21848246454343
27686175910036
15379565760
43746742340
163113332016
11940418379324
8713665924600
10810184038274
8459860968360
980519331033
10682214659312
90532787772
98310690684
7531295274168
5475393159248
7776912939059
5697946527006
9343992689920
1862549179344
732175564995
936110955584
3638680629766
9954505909390
1471383180369
453208073184
14235403471634
12199907945841
79396872336
6812020358634
11463161816909
52581824309
651067363837
341923250320
29405412341800
2868605331716
4313753160912
20218259223623
5761502332733
14647582089
5994797535029
126762480
3232483173801
6372818644608
234706739477
6318217963260
188075635176
8325243177912
15868429904677
1999712
18858144311519
6597253177344
421510217520
124202711342
3910104013344
6281128332437
11060732820000
14013513844329
154306565023
9189945704432
2183152530
5064469358621
5064754530825
4198617710388
1679876038080
23320039664
7510250399564
10155665314260
12504886504055
1032239317148
20921825473331
18850943731100
16000125836952
9372474589814
15436378855028
4850998416
23975390045952
8087626974710
25311633218235
7522864172544
16603516256490
757656996
4702753809
11474438587920
6366571754400
7761182789680
1914199040
1617474694064
31727641701
428389335720
4866022369520
773010004767
3430148597400
19652015513926
2145
5696510355360
2126255593572
1685475
1553136770640
233907057120
32337270757575
2935244953728
1369220946132
2084589024192
1487939216226
605760081849
1276556017536
15421264992432
27028870440
886263240528
3222281223552
712961509715
355081144376
927291786408
4807943324280
5508034247435
24811322116064
11036887863144
19113745070160
8129059508125
1207010555205
3098478209151
115424799126
3464058423000
3340272527423
530566191960
343672788800
59895400530
11078849579
7427138813952
1295760144
1205315066996
49899456
34894103400
200744688
203596370432
475693624650
4266607152192
8224047871200
160599024
487461985440
8940065044412
7804251540855
4825232671624
13520343494733
136767720360
1611317540625
30563332836
7478355053728
3413606263287
1625289674484
9253052751425
6189214104659
1073813453600
4635575136126
2005788000177
12656902939380
14841916902135
921089817440
1102825760
1137817784792
11810630034258
7844480280
10749960068400
11335278125600
3339869111040
540006960825
3504158336147
16883535486510
11234701732464
5673342984248
187434656640
68900867776
3201857133150
6748922851544
43278149640
2834763839061
32920802784
14037945730380
18890013476269
4834531847310
609753
13356727725825
2785869218652
91562804224
1089036041472
31251850760
2057912377216
11708052868736
1074113352240
6368286901704
216843158434
10050640475616
238693480880
4276099728
1547652106
9575388215840
27473739581184
56692764912
767769594740
8515939408704
2207112956480
875130193320
2018462477612
6746623209600
1938610721256
17496736927776
202782868200
238820791593
290296935360
37739159680
516207748080
704676874356
558789120384
13318490064
4543523950620
53528283
5687041251744
2191439164915
620043202625
10389911041989
913500793240
863693119408
17180831619084
3421874440005
43992974298
9143921724660
13828247874112
277189245320
710127463104
930574653932
531313899600
3702786760541
7799208364207
3381874987491
6807727855152
667526333865
484266213184
271302707961
4612513102080
7532088543600
10450090456704
217756530900
16105894200
107586816
28168311989
283184434559
6676999775880
20234890737
666162802944
4357589205681
751690268274
2146381717344
805124366592
4428907712
746912891613
3522539593395
4036079686800
3603064134
14099061042300
18095858448
6865109309440
218783529283
33124536198
13455230400
1111990318680
115382782728
1525755071460
829062153248
543379914
21410283352080
1056973814
1501877105360
20352585
16854530000
11688894471672
70183396074
24749020625
7607113788874
1258518452864
4482161708544
7229338770800
6845007453032
18989440768116
428580147309
291870810
7091561692710
7850594705850
4422525424049
3282607745550
859159764012
51613033056
3056046224448
16734794332097
3177693504000
1005623027392
115440439744
287647096776
8366317234
17724091517472
508159206
2474053988873
280818693760
1171754349480
8658221844672
432173199915
507993747994
5689498807494
2071159838
248639423256
3666621784
2006678395560
5007294240201
2923055757674
6459276830208
975920448592
14678130735000
631643868185
623209500000
12092019014376
43319864520
2213578458525
11177200045275
51720083784
505722780360
2406935945664
26728066440
13690115127
197785260610
18614549102160
264340482912
66138942384
12125954736
927963757750
11655696636594
78926427
2099195699256
110475840965
396278693475
47317948272
4285553321280
9855612055652
3319544084
16597000992
6956489052969
21050818008500
435209090400
2380867505884
11423695594850
18651536043744
7451485622661
846275709032
49850340624
2821324884048
17681540740992
834028228176
44831083520
24577915056840
103303099548
114911161920
3199177875174
958755657216
1863731865656
1648876278192
404589997728
105376640
6843936132788
2152322944512
63038489976
112404264000
3562685793434
76004890752
9074801842032
207443784240
3544407209360
2947307600928
244439712
716662725
24739426604464
985128683646
2162254107000
2426563625100
512072271704
15088543440435
1598888340621
12492864
14812050096
4383594144755
162458459306
17126955851175
2904027445710
2607444112
24106457013210
532669783822
17568822657984
10990523034400
8118896332896
743190683144
10346348520207
820892016000
2307270329280
3163278342660
103948194096
3444772225976
149958000
3221494653534
9648778439594
57922374224
312973777200
16759934235720
3169296167880
2070586969297
6671237611280
1184451840
312398272320
952707501088
4069276809360
15447142630416
1723657638807
9275434630724
358870430325
1743044688000
2230043814936
14887451040
6445335942416
1176237464000
1037337696
15018851812728
17418048089088
27368992258496
412052363550
6719354725018
8465620852620
2234089986714
533113919100
11260283336812
4475934278031
15650743853680
611468158807
2230406814768
158153633232
9095212920720
266582183984
13856687628210
19043542832601
15944369975015
4721919579360
1123430188140
2214144427824
757603185045
254732717888
99451637168
238125304274
126575910120
6602113953851
366108620360
3457334957412
21442512695828
4123447623792
264676527415
13509642243480
2574990073244
1863974240
10977731760
2004512159760
620803326816
622861798671
21247534604223
15321526045799
388713384819
11875319280
412332698232
126454008515
116531470820
12080699813600
9578581294104
3713787
5826428178800
3909813051492
305208391488
20760553042847
14887519
3112784029
5276356862445
904916480
18716338873973
216145086960
9924440519616
7135914277484
1497942344880
3029155554246
13221495777960
342985496392
2903253200
7532547035235
40546441091
886905220320
832032
49269115350
15094873457025
601999398
840622318536
6397019078165
420914219265
1073248455735
13186136753244
248934270208
14974059064566
4983278452029
10171837050026
20312279446536
1997156844
774558250635
5438864581971
2201502843344
96972334900
915171370160
77191080600
1819616564480
6207516000
252665741984
1986717538410
23572976335464
5318786129877
291940064724
171513715
914275208880
1044973955136
549119734812
7475993750482
11273281609767
1826059583184
3782031852309
22243378845240
6973827680820
6749300192
8183446991004
1474735226880
2219521184595
5561156847909
20822189143040
314824083896
1506831742080
124512773
3070652129035
6461715470670
16816040407320
12244134167712
23258729121750
455845492469
4621779959735
101251793616
42961440
10594500608
1435634425604
5768187048
8988965011598
392073711120
7970814516780
1803492401982
23872521371435
2749897581102
9112274260200
248817236657
357275965887
3258032542224
402799779536
252358114608
14394105934929
20445490098
13369540048335
6406589740170
1237384263600
5638142203344
115494233856
4387420174860
9910832714568
15701770258603
26632824
1287843399680
1384189284400
426126417648
9077089744800
1856364879104
1382517812016
20440639277511
382345575916
6507039113152
89753738436
86649220867
1162976598784
2952288964800
4423838275593
1155135545910
172757163040
844169406147
2797735760
23291194080
622824007764
1647942140215
7837807156872
7119676602390
10475726256924
95607033262
12462976512000
3801606475560
672214725904
7583097696539
4403753082000
4605372237375
6677886186074
813648900422
17736090572943
20698561674936
1699829115699
16108608236625
1729200
2913770739
196753835
1102607924019
1974665378400
5091135216800
1461613788756
215934766920
570960726336
10314013028495
15789038051808
3894097534640
1861000125
21224728728081
237758837760
615838936400
108050563244
148776727995
473135872
2920031712
4704064299900
16472283224772
1158624639431
92936769250
16190543997
3266645748426
4347554559075
391325431000
10212891880512
4009214079346
27485377920
198331280745
219253474944
13556499370920
6657090636224
50050300608
2632708650810
18695439003792
6205169510400
927438650600
5426790623228
1156144017474
502675078932
80099825328
210482618400
113906703400
31293868754054
3596547853152
16149426387072
14898244593440
74514696936
50376419800
4441266647040
3295699526952
400708359623
9352238316225
844753942016
1064569046345
8541611849828
3238904238304
10448204207399
4494997831064
15410235452724
17371199120880
3576964184997
7227270393591
1007553963955
27362175120
8114576260032
2169860784
3194561762379
254455467600
16172153047200
5846560073295
194865116096
1719219706176
1944463314816
1162075491150
168730852500
10849185890842
5260399091920
4022328356800
15661820512490
5155559500685
754547434680
14059546608427
6382760140620
1064573895
4493880998048
140761254800
359219726425
7349865419976
1153183925520
9660708788640
4637935942848
15602930554495
4220563575
11418616265728
1440458953200
2980851533709
159172049296
663900
7340378200974
3603999083139
120099818550
19511142
103499985552
15510572793154
5402100275850
1009864047192
1943420194032
361041290955
412299778176
8511649588320
11394592002450
137468406688
1230193741728
1796502824933
112573754813
58182432
4306617736109
5154822086844
3165003880571
1804596953600
3025108586250
7525319163584
9542370682680
44689551210
715293061344
2605351179750
11307280
161352
5932556254625
23912206800
918460454744
1139922962640
22847031306369
9958456830935
759417359472
1563245558883
175006300084
5675931894655
445241350
2393989317740
8075893529844
8056517294760
257497510745
4026960
21047137656480
560265260337
11919942968165
39780733689
13436957448915
10259404020
3791196700200
1145847361536
155782849245
80856162519
18429174416253
14194924207048
197111241619
357990480
183463491960
5250420454692
2547476984
328668233040
2179675215900
7822946972925
2342122947072
1252181241264
1114035051360
470081516400
144291717840
5332627320630
716729022240
227004316020
162991030320
3005861293344
67118544
325722995325
444815638290
119443991261
28849768680
13867177008240
60722299291
5964515570832
3484465958259
227958217925
323984125344
922016463130
2634771003200
1500788678
24127748774
12496873322115
4141270514868
2667574416672
5121736125
2928936534040
55333873980
29044854381184
7626382430720
113871342528
15427169439201
241083808686
10402666616489
7442861422696
539792756360
328011427095
1084715965928
2027614153740
756199920
1607179902016
4915312204
5699033368896
695520
375062941
2924540009400
12819919046880
9648850139224
11948997099249
26150546133426
654530781564
3207454344990
3496583282976
19589867390660
15591078272000
5968429760928
347655528204
86228110644
4075949326680
460000662996
5438068001555
225586604
1427882072
14186520916783
4609869636
12094952696865
4993059456
10952041407296
42327936108
4682629872
9901759396320
2862125561664
16649314644480
2977081524333
27974579108564
424815179248
1620491145
10872988611072
9608292171615
10777567224039
36576814440
2461980255
11864803658280
11456972675424
8860306479596
12202749195
11653336738080
2406233310
3476443363290
13014648782976
281157237455
41553557360
695897446560
947506403250
17771960294688
12684025468800
9060903257260
142364077707
6857020727592
1070349738528
11345917893140
2562385036575
24672572242032
8561123502175
11494364705802
50699175395
13190813686353
1471020849749
773842090658
28350875918169
1110692817360
10264875902
1038078913377
1404433638284
46058603524
11771449235
6263407186316
261176314784
7682837517880
4974021990096
21878972416
216748769064
64024219539
15737396942624
2397610668144
15164166354596
3562198299275
10168376224945
4561068348627
34591007295
3030523928907
6136853041935
6539727957345
3210197760
60978517160
3724467918966
1761085244226
1921850522163
27239579895
455006240346
31679003697
5367183088032
228636434149
2907296554484
10855949425389
11185860229872
20949314592360
2854114321968
7337651952267
19209898140435
620000
5926484245200
137827605744
20530961544240
3282048
6411782832
31089682476720
992910732696
4348557399264
3052646876900
26950833979576
61666082548
8415362567475
1722212520315
3079806647544
12112433095455
822188188800
3381052509288
426910909488
811378380813
626462717072
3637768780620
1438889807380
2135907344
2142533147208
304164
2099777609
2599103091312
918474047632
16268391
7198
10766618876013
4352426424
6035708542479
11528463465
133459416
2051771481309
403263620
405720
553376166912
2928433872507
8406639332856
3513839487873
5414503748400
1554841918420
607825200
63274600935
774845068896
19069151753520
4330150431750
106671944400
2780274346490
12577220730675
7321351463489
1282181472
1398015131271
2911332857679
5367257518590
1244811783537
2697309541472
16188096215534
12999331623
598662621711
473326200
19960813617789
80091260928
55182403980
60786524799
86108705129
16915010731520
9510019792560
15952288365456
1160925583545
3097813007399
75997317051
1096610359320
12397856553744
73332532470
1633012336800
1794795984
72371268480
10069978560
12794839669619
10834973507412
246330803928
681126095573
19041606515349
247137727655
3966201478184
55155148032
1198449281297
106082532
6549423022314
161658168
10909542171150
223442668800
208297374780
6951286011096
9781297054678
930697815447
4414189504448
281478444848
8906369472
18313523166
1889398600096
5015978875584
6078017119977
30588812280
2803701431880
3377912948475
408316977351
10658761740
139728132000
1332278226510
22510110441048
2977911239424
3296022491520
12921253569630
111349440
12690133191159
2007934835580
11709371572080
9573832101104
40338911008
22460804675486
574581324240
6391585513650
2772094178412
12748411080720
15754626682608
1422492720845
1235613740375
7647164295728
2821470557184
9143124154884
340930873908
88390388112
125364237420
2720073376578
12181843803048
27032444397
1923314688
1595170691835
87794491136
4188360
1607384085840
21346292491956
16604270761104
27945702308685
6616436574099
13774634880
3456453091392
3503785576482
26709214957920
793042340
18705703859360
26137602135288
380878978192
276794899644
10417860946073
7372793994930
157971982605
483083833520
3555270900
1146225733200
416607002025
1814166269232
81065202330
143382052800
13320941040
321198012360
1961721078626
224644311
148835604960
1596269360160
31385522048
5862450538140
6277793475262
2515834156784
2214049806351
830563884
197952384279
20307180603
5339720601128
1140462977484
4324543739550
7142335200
26786195320944
3389110063104
609436701374
853421131008
6531543680805
878779529310
5098879044450
4199187965553
220197272132
94997786429
20450817554673
307017861150
4335452008960
5294474416793
999846276484
452666273136
11553610250722
66606486030
2288609442992
12931191782619
710923539458
7394132847
48601047248
5893219182000
5981931543152
17463453069069
6555400649736
2995688494435
22726199908224
181058173440
6685424009165
7821732176934
7301137204075
1575958827730
9620026826736
318408176
16467427706625
8298044403840
9280069606080
10590879198304
18412915027386
10898225028
70158810150
13211458539692
5598670280
145916243694
842405913840
5398496932734
12992591898120
279491520
19664783
892052424335
3724838975
640528434560
1014010949592
1015057852800
124151759184
254317504481
10597478216208
7977653804741
231346493664
3145650844260
23442800737120
12293914339665
673397527426
20718176640
20495002672116
1437406180937
4961521174104
7259070637140
7919575983
15506735980221
3327188676140
18640100271315
1198919061424
446007744
539012003530
11111010991248
131611581920
8300437865424
840859146768
4351318886144
19903023
364053875520
12862625056847
8597051477520
4821764805
7863009748973
14560774601024
374306400
3961887431565
940514067600
17813082207888
857232030639
7953233025315
6293938516800
1921795550518
5698974229076
47982366432
367363269000
14606723560
8003176069394
20767527
14642961168624
352119210345
1434061454
205955136
1956807882
9062849230155
13320793708746
5643512151167
10299046887552
16513119962576
4995740623984
2413904040
13816582720
1488662741496
8120687104
205128723600
7359821657400
548408671800
367388893872
5508998710880
11184721280
3202061998545
962224125639
17263328664
2560980191705
8487476237760
73305679167
26127640320
8675058891144
1020435550367
1330670541600
681310299960
223535526336
23105917587732
160049815650
6831244270340
1359000
9563699688879
2070770285584
6945807306053
146374272644
2991805803840
3075923828736
6040345275
2155234072320
5653434513168
2873173364640
119637840
21856201740932
16337478149256
8718175280925
13442242596332
20425803776477
66777416
4518040091400
3574576372032
120874690388
3690514332216
301371750680
3590664
6486202882425
17572685997948
525918720
613663009800
5306300211080
2441169715138
9469924800
1175385977880
5566512750575
19197287627760
167450077456
3546431930448
2021564171756
272490177168
163548582960
1681559492223
23287680
1958473767855
160024800
248305148109
3287483587388
30013277653031
1180975008400
439600981554
17167837161984
12746247717225
262778102430
30434297322896
17157466858103
1811290871594
2881688502
563195001632
45424551800
74623047200
11656065747250
221244943488
737247629496
4104179969958
10276182982856
4097873531400
75756889600
12412260566640
2238852741720
704584299744
2854392193800
16171650282744
7394845223936
13697515593216
350202248928
953502453372
14108066523661
1883580303276
341448803608
123887345175
11421845309840
4497691071720
2778567949080
658106999304
1354833450360
669599995350
899151195600
185467439040
1151814575684
12730202378
3807125680044
27394806
259262590160
359381444130
9624498236388
18967339597050
1981692713970
118522311780
9812949738933
808909554960
2539855845
700971956472
674502807576
124167720765
44394692160
22433305020288
444484787024
10614626712730
1802772496800
19528845000
7416650178144
14482049240288
41595568592
4422465783190
25346714518125
692507349648
10732924182816
9084612772400
284769662436
136317174840
15987824741504
15968670368
27477245432
1718581187232
19521071734560
6941179257985
750406813733
2732463244931
10591723064727
3189210215175
513866518256
1677181219350
267708672
553171690352
18939707471880
22822800
7621647989184
2602255116656
557874227664
493952958560
12994390198792
3929243697855
221755406040
13813146
1507011393800
1162894837104
5176363358803
1038747240960
2310284478195
493735679424
23601064896
21102065862464
3041742765
111834459975
10964347290432
200781678661
2189596157216
1224790281990
12101510231850
1971082668840
14769795794204
25972500
1831728401976
506480898033
13270089927920
1031521642668
673385894150
222781184769
27031392045
9959796344295
2268566576496
17621204342500
36694231392
504272055
111572542800
15338959757660
5639704587760
3902726551392
21396400984815
22180477032
51365554251
19290969624
3781749893908
876015958
5159173375584
5375221170672
3704883984
10581361365132
135030386232
19310714299299
1017168120722
704254272000
2763148689774
90059931
4382943690972
5997434097980
8584870440384
16843573932960
156177725319
22510541826812
25155203304
6504542530110
31093135501424
689627897280
1067282369
37089260
98854326912
1854061412352
353037123234
3421080
1131154731900
16612499360
3490221536040
248899034468
644057114
36592680000
3882789972405
1093059
865335382500
215480841480
453025268960
2290622840
8241177448
1851283
3519096478688
2425589157355
8031035827776
379533150
12153604384052
130952956288
9451430388400
125144162280
77866675425
14572613987568
94477460
7697264535791
96857051744
2230958457
760369523408
13657752532809
198152815507
3113121948816
30244169017920
718069045848
15576814408428
4243986115904
206506481456
5017848381000
8434839608247
1432523207
5901677520
5341548547920
115786006755
8510656594160
223918238052
648161330640
666954096960
5408230933
351782730
3592186402560
5480452417656
6099155747488
1550473897440
1985855520
187173310680
1611177847404
5430207222204
402668952532
629328759880
496843457
8526978485984
23699617188444
2803733734725
2822935214400
367108588245
5904416765744
2483817531026
250533627500
4624276817160
562959944820
11349700340039
21982026090624
5629580807604
346655034315
1064673253655
15980601324
1074136992
15799168410
113079397935
139172904575
2352727940
9903709457820
9292908056
1971870557440
326048753379
9147219881409
16263159
7343137746
17856177181608
13971744
30186929695104
624
10417716229440
180498041659
65054689440
279515423025
77068897200
5762365281140
13991027120
837548996520
37606011
11802104374464
5800172432985
193442818760
180134571240
193589085637
8882820680785
15345927376
10983831575054
671535860912
1117077143
8702509571
213213105630
15063704856384
8216114602416
2417102973012
237870569440
6132510428784
766504189206
6923919397752
3863572594336
7174764774360
2567556890976
14371513617732
6326936
165138018984
8880239965000
11805334371000
156734968572
4106696834444
4128537793600
8924203155
12328617326791
9574543819750
1441290833529
188159400
2996679947352
15311497223504
6984676206390
13698869530554
704065110630
12285041981793
3241962405001
8172450034320
127699215600
4587657433750
5763286843677
2520808349787
13709492700000
990132665856
4979974427505
16829592841500
1524381305469
1881595793907
3786174906624
340919008056
16487674464
14462961286420
202542530670
128582159760
10296822363255
441325798304
3941607967379
3504028615984
9296709799872
13046535
115170126704
34307649117
7259903421355
7664649843840
1294492332705
229875826204
23640159000
40038950936
14234386138368
174973543092
2636287165845
28262739960
574261426176
20395265688620
31996164491
1845569457248
26883600179655
2349523452020
1494411332608
333705295512
268333549056
3715791748496
539277136454
8720689059000
716030869032
77112453800
3251499551027
7805389760
8051212483364
1081479696200
102022674
10083320375340
4049356399085
6836436050334
6132477534066
7305365664
803009590488
7830751223295
1847481807555
3340782680407
329051360
732646288560
12372729657134
9851486272080
119478486720
17100617755038
23646345103449
50350476400
17272679753520
13206585640875
58801145920
126650054520
3888976348465
1262225734784
35299599699
10082471658000
406777644
250785375885
402019910600
528967584
21946022945
1112488608
6342389119689
3765727219580
27395257611800
684796776770
7556125968
77360618844
15339898632
111333299550
3082512041899
5245637321700
6822230666225
226647296148
22370880
151134765
22413199615695
4713089574
1978155028465
25031623627700
118026431208
10779406922416
1006983760915
2876367500
100845
15232986837248
7658592622902
1784158882075
8874689001600
587345364480
2776206656344
5098900452224
435936956928
5691737421744
20211117921891
12399685760
21710289410158
716767415936
685906733385
16541376420924
343579532395
10211755257
747283785600
3446944837
28083282227768
7370985448968
562531226558
9564090078340
1178952047040
3541477788864
12680268585360
10503693129809
4626160530432
7637902800
2995770008223
11240056287656
908587680
16914148325828
1011384313827
4642164761775
6212530908054
29002239915675
13183273036752
2178713562984
20358768158568
3744665555400
741231176895
7592483057160
10985030650440
3721740543360
20829131075130
609066783
74457173376
5181690143520
136529786624
224887801824
17942232336360
395328627680
22473128378828
1354826470585
3701028672
10686239110710
3853612942200
7206955951104
22941618161968
686595136169
565214743050
200415815
230005646423
6653975160
16139917434564
5793870277874
19821520964084
8328127980918
973775900
3217294258560
100427308784
6543801430230
3684289800
2627728531044
2939698772919
1539799077025
8227172620800
10297866634230
540843713840
1840661154585
866942053824
977961578789
877471085946
2024164506781
409053688680
16369515518840
2105314925854
9855532752
485111969160
2662759023350
13652487006776
14474605345479
20437184348880
18154197574464
128889173
983731095
4028632800000
9438898560
3419509759231
2421202408128
50560
2040428861394
14398601898155
2601285440
25861021872
2298912924320
407786400
67439493
2338883284791
5278667236073
19080839689968
390087401184
20427135111295
75114524
6823665337056
767163571200
88361362320
17021375
4337296103
2519087019570
48028237056
2696368125234
7319111
6238159267532
11813786027856
17448589331745
7986097137600
163857422759
61337321479
8720679532032
159192736208
40316169084
91134884815
75956409296
13427553542870
747427469505
1450767467584
3023789016
5052871089
34781000695
7674623675248
7657912494336
15189646477364
2674484061405
1172336694714
2924401004856
15490905716
23661219225
3387150
3286188952536
3201341650470
18806330637120
874629792
16111216800
194075650480
19148561896700
364206953055
14576689828504
7492489506304
14241296176026
903162540525
1312021136
2240152535516
14392642628880
8374378192497
109368308000
597835666544
8496082676736
611721920
1075350134880
223329315594
88164100688
17838888411300
26981006495268
11196039583565
374064089400
1050264700056
1112334187510
3128790654960
940502920608
57123464396
3632532820800
661658489912
14354279013717
3358921384
930566099160
848093741040
3710955574144
780822467154
29760
4878814953600
756780015360
10450152944
1426969668150
9941834083057
8521740214911
7593841663175
2073313436288
3235384220376
24156600
63461127000
16160159233075
438438732525
316746816
5394740392860
19432272569834
2736452651520
899726255450
13563702232164
7666113429040
39472686408
5148426702705
1844976524400
8306787812995
4148242251480
438628902888
1198416939120
892892000
16438249198462
161028980861
34120721250
5041890518840
6048621221408
343667622560
147971742360
13190218724
10046549405718
448259247072
14974174692139
1314910656
12849348717576
12113384770725
9431109439500
1980397596825
562849444495
10484025385280
740406533085
3483859735956
134854137648
434284212432
117345298455
4248716226300
23182748820
29665428955344
9894747815550
10331838901920
103689605
7363058472
2714016010014
17772064229865
26144251480004
3562510574322
4116460262448
2138256080397
4884832267125
533816739414
21772540865376
13288501193600
18164694488720
4599823485312
9448318671012
1118803866720
166275704
11227069752696
580077000496
16758091452930
124786878359
589660810952
1936327104432
4431284880
48121002524
2186415
868955817600
8553921656148
268432961232
281465661120
4013489272568
4682649744396
12100499190360
79353459
1234475931024
925387516872
12953792528892
8927686640
9694540460013
8241984529968
876427302240
1576749963422
25701967000600
44192040048
10189967392384
41542079711
1244622680
11397448680878
4140308202875
13001184364080
3320449113744
3004224602080
98346388400
3079469627927
52265586600
2630794693713
1931655262635
7332932494125
6566824960
9602622029824
466395469580
96253799112
961280936545
22979422144224
18556353654641
1094650775
11966799785600
26535004080
340070056625
6374515381834
12362036216040
13655353263552
8018335255425
280306913172
250952506880
6251844396672
1272875066640
9927491318115
100213473535
2122638469952
8000133339260
697744965015
442177153440
2201408869000
6138247659671
1740910848
14170934710740
11403744301696
8175920767506
25799082276370
3150383430600
9603532276800
4334290782120
9346779704064
12365655912432
19119857731605
8546640008600
8513485943562
4393160949168
284152288147
6987668596775
168184436427
203431985289
8986762727280
245097414425
374871767040
5199276852
5790281740530
5038311443364
250495356936
2989001648976
394524847250
1614548522307
2931428854755
72754010418
153815568090
2966494536000
24856713786000
945703424079
52133844224
29253930874740
7825878500996
2424955571850
3206064092448
21428939048240
6149845386048
87593472426
24993580295864
749016
24331919861760
5929772864400
10206802924409
23546867024592
2125530000384
14160015976905
147867672480
655266017280
562368307392
227459167584
6800301859610
3517979880800
88449785163
1000478801
8603918001280
17348105086680
13576090677947
19309988092688
548318067654
5276175898950
1094417029760
981634398346
240878416050
19142061098076
3277970175480
6578363425722
114737398650
15936727857792
2475464772690
9593243068640
16637656469468
9093334400
6165023124700
19384208731872
451541948832
44879929325
512830080
1498930324000
20066378443776
2386491836592
8519608427600
2782830625085
4350741066
4586884104568
11142044691200
125181654413
922726236
191023443864
41565914885
6695695058920
1425692104647
3492257923
2083572848412
11390050275120
3693201565200
61972414800
15610154674944
68254163912
1085178037928
19391822463195
4128088953016
840663396
419085525768
7877831967565
851802801960
16691708203677
1176190154588
312925150269
52786184664
719675569965
5958702062874
16364942306352
12167665277319
25287495119808
86212178030
6419526110660
509288367483
938249086199
17881575403552
10091085842805
186868337040
9115088019968
700162840
2747178535320
10363226650854
5328993685400
167660747084
11875833970983
13516331934000
10968115749869
20912445278912
11039426278800
9905393051850
2561915721050
8579507371680
12129408035186
730971148500
13391599249520
9946370640096
3556114413600
10146985656
363921
2988260572200
492788706740
999549
3560040933759
3068660024395
8518324563840
6017353849800
3669072698845
777078956952
9236845034445
178615899
1669542609600
8911798354779
19399710267009
13174474676655
546867560
5444710257888
4087922466894
26364590880
21388825519848
2458321758981
328190908916
414979014504
193424609400
19154565885
29531091
274176
19850294211495
6965139005550
194448510620
908380363284
44346509760
3511887349914
472047833950
8702056127076
260012608112
1723818746580
112561831844
11087077319275
42216310734
105902336384
9652713291995
12227084261035
84299106489
4958870045672
1351208467140
2765285812200
10456801890960
520271612784
16345789174902
12703053992816
299456347095
485447871600
13082788836741
419909839440
3138333218165
5347891607296
15196689459
662852988840
12628395385920
104574542815
4247060302250
17910193128240
5103315212160
12593902499568
3492731002992
18157525980010
21522606539187
1102822845
2797521582960
312244464
4808492612152
597641724486
11344303620
10444819669
300162144
3847936788150
7985498922240
4644242711120
258027840
27315757496092
80779648512
354920420
29138184939584
9235559956032
14924859781419
13828318933
310457664
7809606599004
5158956021992
631696620764
3870693577500
1862494303145
17907327232832
8191266320780
351140027280
5085580380400
2536544496684
4502961617984
11060892866400
4714961259821
3398277784025
135794077776
2107706900985
1409794942080
25444006172522
1347818161536
259459266033
724548266541
3460300272
4428873880184
1888002019899
16301542595520
8480492640720
3483975
270387690885
4208400935616
34719916500
15444604385084
16698412795320
2508047810460
12238090972848
3834498240
3511521311760
6680648962170
271837205640
2244325164984
1197342310360
24616318092900
6302062220454
12683325640518
1372887226224
669458532600
10242336000
16307734069887
613055798160
5586434080364
21063142703216
1075774775
5147363780
1798186848640
603762906432
2048940654423
14551737856656
1260961724
9905096488080
15583481760
660648656972
402763746000
875039438576
129037630722
1203512009024
8372009840040
2017083178184
1119977657526
6447300283086
762413528256
16022307569307
1461144675484
6898521022820
18547019305920
48437789400
774830480
15461231738568
2041853665280
25054920000
8321350611249
977358299720
308990773588
8743813478400
6434597665872
2683822390634
3168113704714
1138905912480
6292242619803
21896489625
6386285083548
1509260157685
155858306080
197128190352
18012025292895
3204432
613237580640
2004121125
21529743046560
707222728800
11126158844435
230994656966
295054850958
963735395460
794062786880
246278945952
275211893912
589985985120
21520429131096
2858943726912
119608750128
15625581588827
10975760757723
8004111987
24602903396232
399153688758
22304735970
1173007645920
9834097069965
13569655117875
2431293089328
14793453382176
30367952160
8041399774254
19594938934044
3168930594440
19675
18850878267402
6953413666634
604165690960
9786904380330
1950806559179
5777844937205
52589690400
19910917639095
495670362249
22898304
8827542401520
202141212325
10409910334384
292636460
2890127605560
1006664705888
1078603732800
695527882752
19847451495795
464605870080
714476641775
158785505
112247312436
3989576616480
11304602259
16408631412
1042712739824
357721023392
11942621887680
2228582210400
312972408
5106676807352
2818615251254
888276217856
2412103904
921848302750
16877249679621
16542343992510
19622809494704
11301484675215
2790240812840
2486130526880
6235565564096
25532853265
6126210759259
1769875195880
2305944349239
853615650440
21374130960
7104202510844
849016800
28962756062515
180704655
135510541
8429670710
410138387360
1236468031275
3749444400240
957728000
4749047167109
10507439477951
11256767852964
136107440
17472658432775
32271600816
13788429121263
1736504611986
103533787200
1032371928
11953120713339
2138781438976
534426055296
51016951410
10987272819750
780354649611
100677523934
4600457334116
6901164561675
13687785162409
1581502714704
22714499544984
864145820395
16496691268134
17772627416544
6027437697140
7629549495578
12795649195428
15523494
7664383500267
110328835799
58450095669
638763755175
633830480
333894515616
11698483217421
670827176516
6388331
823911940425
9758144
24800881606139
8166503572866
3178869837000
276233624865
120223471368
378135408000
14672283120
7293336502088
8746605376146
615855233088
666455125520
156303951680
42020611200
3859390307880
10879000452100
256452204720
6161709066240
217702792320
387283151880
983993444511
13540122915840
3262551343040
5380646111378
5892128586960
5530522303488
76851938100
110882613393
3606381094320
772620175728
731402197029
7113140322592
1327895510559
2268742825449
14912678292287
1001586024252
13247156864459
960876375030
2107950
5570497172942
20975158620
1323530333637
75511729072
9238138856128
3149736545085
13557819133368
13432517295320
2915721724608
14279614173825
9251754687560
12457586427840
4768323415960
8085
40825533440
9143753488
12060270117000
298928868
84574874963
850597550184
174266593969
10545068787855
90168476
3059625380480
14611562616168
1461143472
12669048
58004073936
24877974884
119440468464
256422445344
24569306687121
99717733440
3082917869808
168138113220
4853229185
189127606668
27659198380
5999715638999
702728857040
327000192861
14671956909616
908195034600
168726547296
1408142617700
25188216151824
796224
12185862344
7875662120984
629182836360
414747034660
56797629693
11014772250335
327395676168
5084000
18022224
11689021812375
959144382180
450451047680
362982415720
393133745472
29034347236731
711341989056
5896784
36694374872
2280243046176
10741910323647
44334937440
3632470007400
4914539114094
186380827551
5550523439640
622924711640
1669369703148
6404601494480
2508571120
16975876107008
622099700
24177722184000
1119728765700
28728622812016
197176139080
27074328892224
873671570096
69093250384
579087397632
2545281968240
11533716538160
284453505000
2779651937872
13954018012770
17122344960
39339945000
64806093927
2306764484970
4465351792300
27300552662172
1581606226395
145183957701
1564124871749
17064840156672
1030013173160
173700058800
21675407340160
281978592135
3062270175595
10157785957320
3921290252880
6411647451000
7895692887079
9184402456320
332908390181
1196860522026
31257971423025
1351400078
3376299590664
176539133520
9910077150
11772480047634
790193901870
18177687577280
25662978
3612233768704
510908983200
11239678575
3773378080472
19821263334
9052199530560
43191509521
3360090252000
349323342368
4418105268720
6370897348710
11824896987272
486895452498
1224780544800
5224936898160
6732103375975
66871468800
12509382032
772306869855
261231380208
14558390469
39372090576
11650179886170
16962085561827
7144579116936
100487724725
1130652374397
2807692
299706837128
3112398815760
142671200
23079334567
9831864165240
2148643187810
11026067520
16969819394880
10183952205570
109614198930
11525095736
16123966775280
10653539711964
4136555873399
2522696175984
423923495424
340849830708
2577696801372
5993345463840
9988901418969
9408677716242
5275806809624
1115506939120
6304183383168
15937775742975
5363130009720
4792738447905
24357686496
500716619472
403173750752
6580562936640
1944077571072
572378316475
28084614223200
226048772544
112632
754023462885
249510128
10790069472
106383024
22521729070656
7826364561152
4537270584
1737568216641
430633804672
1571127175800
1198402073568
3341899005536
2583453249400
2768795568
8920703998164
1063100822056
233040840256
1012164017715
582559113374
1059206604840
258697236798
8125086879
1685549642000
434652281010
480009964182
2274503084865
7380295633560
1022017636195
45495912840
492167250160
13572205970
753839369250
105024479040
172300128
4013528567412
20920634492670
429501600
4583152273875
1505130264
3754163600325
14330889115689
4391022230580
6615926517543
22044476593760
2749057715805
10433310720
26721043853306
181136150204
5396703049056
26935856128284
3701650696302
961037678684
13098724915848
13018951280
9754074024408
5460566736804
118117274
2739669760905
1118575051625
430799492859
5493567870425
1792201287696
22384836566400
3977350664448
3817086777984
346291473000
16002204676832
383581377753
2205721468275
43802096760
18867769344
2124691739
35171603082
8513113056066
25694877
6233741232096
171224604
7795240850160
27773103840
798729741821
2171787184040
152533627008
13307940261920
6685400002600
9698840044728
1630373837760
16660601638580
7987176864
7463632951604
7253403743859
2784523758984
3904886057865
15055782336
14335668086220
7624453633904
832069659025
47540022269
2470528660152
7270208985
278964
17006047774848
8134193889360
4474036950864
3972571925946
83179776
11825409017679
9768804930080
64152159344
5939697275937
10087519908879
1625519672448
12604916032176
6164455150860
579805155255
21521889167184
1434583027626
9899179256295
9244215819504
548877741864
13345977728889
7157612204028
405573006960
25852244291601
2526476375696
14407844762805
1543669680
95107760
10630538358960
76914735810
572099093280
9423209915504
7002936189810
9421265695824
206965838619
637660952484
5739488614368
1230013883514
169453883904
16837922640
19554044424624
5436499499640
2268415806498
3167138499408
533055575
8350888870800
399678998214
122970899840
322028752187
10458065374064
4982240432299
2841995590665
3592000763248
6033046825263
12278366554139
1330493112720
11234293582640
26204874489024
9400752236645
1371291390
112187659
22515901355200
107627259378
95464376
18616978882375
45937066125
25804313452
12903421941884
144130330657
9679876613538
2722157752914
10418240004696
521644100
57136178796
12949298304
16138646108480
284022718425
9947285016930
28708748544
2219244937035
8914217741439
917318710526
6691893897984
17119904476928
42653482679
89801194825
3968910
793981704288
192977916651
4581728374496
1755306194928
2160036963200
1977350400
253719230732
1120061985424
1087660371284
1904078018544
11123701982232
20551139127939
2899213933987
24276710965747
4427033663120
4155279915488
5088111554240
250082489220
877596674560
5226377221224
31357625499
1539299613
128146815104
82220848925
1089090675372
1742113301760
12900091344
241485189280
7332588141840
4008348614810
441534884490
7076055132972
15602586448504
2694244878192
16828163984
2031065977968
308692282169
5429528000000
12992182250320
890988486968
738059928
8163995583205
7012208411309
1128472785524
2967248133624
25039374834549
12474206533584
11032373867175
15354050448
13350524353740
5378303702000
418911400512
8879660143481
147779902275
17255287857360
239987358856
669791326912
21406636425408
84294545445
3220268910718
1115307518976
2491117576455
375913257720
3755636232780
444391920
2312445758496
1161713280
5999886663515
651119040
534841108040
11359970319672
341234
723050325599
1488172069176
1022627331840
1281998023040
16783657582216
77414748384
15769014840
12108032055
395223143480
6881537195940
343139960565
12669124501682
2372459385960
1648626644574
6696046368348
47997699120
15115114346136
69251928108
7631755016160
8270028773475
300606880872
15593381813672
332218454400
139126740480
43958701056
22560041632070
9045474374528
6674283465240
7449729536484
134409352560
155620136
11970068597376
1167988039680
7692259679115
7424744789440
13988131265784
11969428927512
1185422945840
10783969859760
5652031500
26525420308592
26931507197100
25383164711424
375088303760
12765454803600
2865373675200
17813468791440
1841758593768
2822096550000
26951436832259
1372549836
7658481728040
35658905184
13383630
9577680474374
1480162684
2660099479800
169374932025
138275771894
46655032320
55406166
4982037059925
26133621070
14740576850336
296006240
15617038162012
4839778661904
12529365402
4413926828232
7652114300
1650887006223
13781013512799
1317722067336
1222999216341
15978835563768
30609444954
403106275516
15443318924
18484218959784
4357647385500
15027011389871
24775681763079
2391830972349
546255642000
14547511221608
17367517401210
37333296000
254499639680
568753904
557489802701
1097513984
9685566936045
381261396288
2239912607040
29722466932400
16294971951225
41512083520
288311304974
11172508469640
680833597353
15690179215872
4126769146500
19764779521760
364693377180
11894842893663
8609214875424
145084061248
378572700240
7957642251816
