2563888804470
16325747800560
382553966839
3677476642455
3511182555870
40407830400
2023620755084
90166568310
825020319456
4882931892696
109164120
1008528320415
547711320915
5855012763344
11053670302080
10081833260655
2996224
7238556715180
3077509797600
2017349728092
1986754137680
2957238642240
10265269523608
511111044350
43078384
17054495286024
6976317979880
73737218016
965219159520
503632195920
2501871220724
4533959726016
5817354288081
20496401163700
3104672374512
27999200
26615967701440
128437089
425766861135
51110125560
655093861740
3751688299200
11947292624410
1522883582766
19003252931
9322680134640
1548645120
15050860000
10689422402484
8701089823888
624155246200
18075317936784
5983730973200
23277620419584
152179094317
484295369616
176112128
22476368704512
7736664677232
12673215809606
70415010029
2223859412803
8678615760720
1205969446048
10260988239409
16743055039776
4868977337
43229605405
9777108528420
180889338525
44611683840
3326546007480
20417943862960
38846626
12519750534044
2582554812048
6911120927070
2066603877674
968633696660
3432571110881
214042825587
5521557813200
1074353020200
1001030197881
9459229197
2236918044840
175803369390
15385232419920
4313576530725
25511720982300
3857856
8945309303280
1644138667024
2349051582384
321238851648
2473048510812
15778182654912
6047594650240
24128631537408
938322880440
2282513226735
4730860587024
9205294168728
9712857311
392200936729
211455954792
1151889289070
5713091356484
39904335900
32856989935
129947628720
1835183048
2168487048
14900570000
1755600
12697506631005
52608850968
221805413904
3295175360980
2018722021764
7948701705893
1659385634040
80124061200
127698390
4927700367744
929771359680
1859944174816
294406744209
7488776946800
479328575780
3203976233264
31993740675
1338569584938
478734580848
27478833915
7870329654
5697670353149
846399360
1429540720
5530030911279
324900756164
3838669909056
11454219727560
2463265374570
21390279680
10110817964084
19291503312780
12712872935664
65594806875
15909891253636
572542247081
1192329735
11526227348944
5130586937710
31664820668152
11687363660544
294908890276
1313393360
51682176
2982272076015
704156027925
17333148449760
10057010962092
9570964211910
3907275
166606131594
8141016399030
703939190241
11673962565104
24256343925744
133263806793
15202460180
665678195874
1763853977600
6263877118725
1502117434659
10454722106628
3229573844640
400041180000
5206179291456
12532908656
10885299771456
2019495001720
29507841776
12181946747525
2651452101000
4823392250880
88857873632
2704436721459
13895739930864
3092538817865
28309746989769
3708131753928
16377625
15103922804869
28661417750
9211324576608
6603262997175
5577322384320
67330200
1778404352608
169320828105
2560938659741
16201436587200
4135659944
425416223721
240389161725
7120478531208
11836737486
23021737269025
334597656387
446723813760
128659178720
35972055936
988063598586
9564808
9383279670765
760111159440
24536052888401
19905781182840
834053094
3167805345342
7186829741084
1936719841040
613005991579
59069090070
13384846008144
1006454818215
10152410143431
372308201312
23953671512688
197772729168
437699011815
371124066488
230086080
790223800080
313671155
23193113164001
6447267588965
8659950364608
52828392375
35471165805
2352580672032
230584717440
5913311063136
54046374660
7657140728774
16185796597539
3293521847616
19166366257680
8389170720
2228070391641
14391263515200
29023584227382
6343783362542
9688531942635
618500891520
4558531394280
11958661968
249386139285
36911247048
4448253590
14152400709330
21948759318369
292088949
11399482123106
442633357608
990953056896
8731424958783
12512727627358
9785945805
2038511271540
4384044
1294563128040
4208340283704
41511836856
5290258547904
16106627794
550110402900
1696264194496
681464769156
469000224
12469795
346312215909
47970840060
166100508
404669261451
2934106484620
19625884895744
4469295230384
3355185750642
21550429504320
4969576566878
18981271013760
4690491480776
865338700752
9605662538655
2054699997
73623467745
18035542710
20742711
7035858420003
52693314624
31850104
256887164
2626399024288
1099177999920
4113299063258
11265892740000
19669202768
79132497510
298081255175
3791785089312
345069170160
90642800
49742000
580830374509
19952961661500
1978933395600
12667459723620
1261879427016
2498523318225
68647425264
438618675560
3334426507440
11749861130616
3245975576235
717522099120
16903171509890
19373597760
28448915669431
10635771008992
95376851103
34057153320
552540538035
261169989120
191659650
22122411126894
2807613269832
11432070453440
6016488677059
11179715148000
2964380803544
3760531046180
5993958970188
2445285026808
8762013137800
6257905034229
1404995328
69882703776
8634489462960
64924069198
15308285367134
417965795955
217889731
1249055795232
2925274806896
1596435797
1472085306
20081726556597
142208866800
7156741885260
16622175947016
6867009733334
14509552449975
1710109058
5754724602288
353019391280
4368471071280
2606405788386
1204000275360
11442718261605
12966834346200
12473871824480
5580932727552
2835130013856
5255556337400
4089816516000
7350083484680
6637550050880
3559062044720
1435056183
4893867874280
92593032000
650511764370
1560001814538
12278543929932
1428952766085
7065520
167766825753
347994913370
6300125009987
7264913190948
2737567369152
10865391059745
25498387995
4114019599809
12299740742016
12273077379923
319692690347
28852585188
20528084950065
14420537212274
283931459820
1288991200
17864457072
512979885
13226223722360
2368847918008
13020514019100
1049746532320
19833331680
4294060321320
80693928700
1924527586020
158725535876
16029172218800
4425284382644
5501139847280
81250484
3091985873600
21538265700555
2222413044362
1951979052555
7854054084000
13378280549550
82999102720
572684854488
1613196031536
29197341558
8036348147982
648962063568
5975465758929
1555846100280
7757202960
6977034227808
11147152852
2137698865904
1684203147952
3739092703200
39203829000
1287794104800
1173631854096
12112774539120
11071465220
4647607777505
16023717488040
3136665511967
569254992678
10538277100950
21752732894112
1221924969236
4759517460429
5644069660896
299032020945
29374112
2111549962725
6464515150080
12538758348392
3845352038400
5638774758243
5632042865490
692111822352
1848910272000
6178159345916
222832269192
1401127646184
20959239765324
11457997333944
6228698220615
15303741750
5953221021110
12372262426524
24131720819528
340994384400
332605499314
7981512880
2105873527875
292170645
610697052075
253941424128
2749447510128
907616956950
755619364456
1099654749792
3551382765612
2385227651820
32152537424
817193233000
1541937408000
10099368871800
5063818483710
31597078541
744270179840
893259440320
17538296299758
200446035685
557099428026
592839358848
3601276410915
6257862404640
2224651534034
3528594764646
94976496384
7315440602348
13371906600
4452704169408
3261414418220
31950285120
3614578384113
9515080153920
21349287847716
37624591329
9764545343553
5562752990297
246303003609
259056795
21532215257714
2390090552976
381481014489
10479723978752
11712821936112
7486272094416
117717607791
3452640
578778783072
25714468518536
24313352542200
120882233309
7332310005600
3883844147040
8248078461315
3921631875540
2466386963187
726873871317
2267636870229
1626038858835
516109946336
16238196655796
15392000097920
51120204135
16658485837125
2977813623705
1154509195224
2971577070000
5166386354640
61878737440
18633532681833
51406127920
65752636800
638173456250
2402111303424
548742260640
2875245398172
1329292035864
8597990482380
14347437350400
1604293445125
2091274890221
3446596584184
42553403900
94882736960
567373955940
10464292023200
5988406621808
7426067037600
8413575234
119228811840
4274593563240
4579623814080
564700947898
12271939397769
13178552592
855211500
11259752146
19902518062875
1311139000
3747109342320
13128216510871
2395475162640
10033484824674
674765155404
127374336
6785899255080
303084596340
226651592
5961643772319
7651783049248
75117384160
992686518720
13641419704
75629115936
242222222027
2480474174620
867943088
5267163365140
11644402279310
126680725248
94934925
4416851824119
25399949878560
8350874248059
40686476160
6688771005840
12211411083669
14679712272
6593689731660
3659973076312
14540821359480
18258219993431
3345124614468
22882541440421
12247540437492
529298079552
404362897904
104332653693
11868794652
4853366232000
3452230275
14315927721840
5901126153912
106846023440
3116335753790
1242071471160
6320786603040
209224046955
340733923200
4366724144544
135526962000
7239325594044
2560828440240
365599729407
32694610650
2310413895552
738916171416
20182672190157
2147810121600
8022734424800
50871906393
794667600320
1754375840400
462671789964
678777179535
681423934212
288002409000
1345781888
1626973763784
9354339
10886594932224
10601721645801
18456761293805
16903710787514
12429810989250
20153185611387
19445651386937
15496029119680
3627025197579
2815084329884
15351273151893
1023174933396
20433335745396
7380215094087
2136711502271
174509065640
120980375061
3225733629867
16731001114784
16992006303267
1671856474872
12075749878368
47623352160
189913609688
168376841
207876546515
5221920813095
1355916864000
287174626928
4798617874752
1357831080528
11509300497840
10732186220042
105588262320
18642858221680
29108879100
5451744128
73000598400
10855361172960
3995105490344
497944927381
15940474132008
17178668449355
231723448110
1582466270000
10351203552
187075584
81251860914
1461776076315
579171331120
8671872058616
23785368936505
32560929408
1412941872672
8906153775860
267647771352
197008455753
66720755184
2317684306140
6574410666240
786312625152
374295065130
17660812855488
724299996480
4060337491740
266087710306
399813587865
4057168120565
1144229776959
500465315664
22429190010720
161321865392
6197313540693
121408569584
8118871561640
71265482652
11072366548620
3401525670400
8750536991955
2828034753264
7232467998096
1090525680
12047689062495
2136416449230
559891909440
1624839946749
297913967104
221461930755
684155800832
1759484409039
8484079927544
35060943960
20424206148093
99658335170
1783319870880
24670435021848
2000399880000
661634977080
13692010660734
22120254547830
13208280785280
916209641568
10970126312448
790552714575
1128780153
146234934104
665600
3982908381375
556400040040
399913926720
270577219263
527146455255
1199530114368
911306256
9040433573808
3047542087644
1244068143750
178734368718
6316844349996
493942453056
12665963583504
6141076259475
191870624360
3095388757440
2205243621000
4798954593920
66381362319
107154846216
6951089064
11957250790434
12935573109109
5431262793102
1203549954048
30636000
708818964840
11382235877320
1678578487780
16284118537568
4326719166
9544303902840
93298671360
556394776704
18379042211285
1739412966176
4778005045671
4040232124896
16386550825480
215824455
21797728697550
13432556257650
2219068131328
69448553655
786355654392
8114785525
755168278735
8267262461100
649329034560
186957615780
8040843206160
6637994170416
60
10676185065096
10335918225485
1237356992712
1862396146576
381121080480
50167342479
10069583148747
4220768162520
146050660140
121812551493
516967620672
315289392
5863825162224
13864170144513
2063783983077
14066489904
171930325680
13308015380303
80522253736
7194600766080
90249984
361105776
17546098530720
16997050314530
274029142240
89674773360
105226446624
482101683840
5457071438100
637976107034
37892873664
14307038809536
3706390876084
996133172672
22624235308215
6064291628800
1167838563840
14654572879524
19739339530365
3607647046880
19127469478260
23194245555
700876776600
3124018646836
12918686185559
61382004010
102735867168
6378326891904
25203396871773
9389172360
1580488
655600894
337948781088
6321768662360
998897921489
1134493064523
4354966512
553438452
3356146285236
121316350584
4910134258785
114804492699
15640253263880
1139482420320
617110079382
195001624829
7132360989600
3921595660544
2717291009181
4237087162
90450578880
709000572
5567812160528
9202884536560
2906700830405
614025763164
18938685426700
18736955650272
77627288
109259171865
4103218406240
319532116199
684040927800
93794188293
1973953065581
652093344
4948427333465
3904344554250
2910139271880
10111809347012
700958712512
38153561040
21672750768930
10541912062815
5241483143859
1654699121658
486724071680
7309781843348
14862419290845
2814533829360
5339675248088
9762429260480
215099206560
9995597516954
308470160180
408810352428
27207378000
8593897668734
1191315742505
6264955792719
1498875975056
2254255570896
17910099976725
22789084253427
28287665780
3060822534
44770479000
5705606760464
55392186465
30692141139
11147727230640
17033171897900
488489393824
46148078592
30896342417891
2195452392394
3642522428502
24763380475104
2607742037691
3987178016868
184947882812
4565114728020
7512237848544
619130418240
20939083209072
348883283896
3929246460321
530238317564
6300680661504
9962678730036
6456737192112
135222355904
13689227482344
15385510099989
9196835716800
1635073707383
1800308160
3126687158000
9698950227048
232724222718
7385942608064
143977934400
155537695200
16052999025152
996518936
29540792762075
13133203132616
275123
10902775537770
14304696890469
12407520671840
11345221215405
10856757559313
26502671652480
14956455937344
23015991798896
5883829353
17744518300896
2686056063075
8439629193744
4810732764096
2633414020848
11838239280400
1471832398512
527246160507
9280561759376
797419200
818464971280
160032100800
21963003900
8880156585168
9757278608
117238407048
5075428391520
899323793242
5256706448448
14353757095392
7378357827456
24755928549000
15290006298080
15167525156864
550094149409
585513021288
158644569104
1316163543975
129404209728
27750129
2948003680512
1358037066672
47066943704
16258652192664
3927851372400
9987429830400
4173087938208
40263342624
2841029940915
1683238880
18297853566784
668975887272
758516735624
1051276840584
1602072669925
245
4363721803491
1000217429805
4800
884974970880
579306018347
762376516512
2817186468
1368212994
590616668928
7436356161801
4750576016544
746796480
311233993572
25427537260125
4451661987
51975329033
714035827200
19624559340288
5783034072365
5331889269455
22720392512360
407823636096
137766219692
72048134280
1414377679853
11871708915768
17834582304
3891895000
1139320166448
8329722093110
270833892480
682195053032
89871465552
10061878078464
128020036320
1022214873680
7732513879992
399120694791
1639811622384
7606072397784
3662017880274
747698644440
155151700
39161373680
685926513304
3648318056064
135408
26700714503001
20317647773610
462036960
939282952065
3376052012000
403471344307
1093046651774
285015924728
3772539592305
2338698659715
2197921341440
274176357383
4222805437152
540508209
405631802475
6474232455210
11060427721800
4356063953496
8463142638555
6919217546862
6908849950170
17874782136
376552256976
8279456430
51687634856
7865286343299
78908545248
1347535377419
1807702696812
9981064356039
903790832355
179962670160
4423870884224
42490113477
1010220656940
5978151491840
1511065251280
15864062760
359258469500
19744969008954
5013762535320
15958054079352
2431969307145
250640
356766560403
7468525850310
15479671729056
787505930624
8146816843740
10652359350204
3567026318035
4568302092585
78619975168
10285679954640
886386505340
3045624028854
1513778623749
372142784
311006115
12289985610
275011959040
166070906872
2697204724224
5369137713744
14107578471891
194600
6837226765758
662687477322
2107718071296
23900716614144
7137061997625
1311407981520
9874275211577
829622013264
2615510568
650243382784
1372318646400
31882464186
5947432169280
162699702275
803441980
1347983638848
3380220589675
689969534480
3829233296
7303391750760
2912270000
13133756565851
18632151636
13532847756800
7269757719
31970064
11924477880335
11918584869993
8787908365665
1184661691488
61130957480
10830560672
8995267839359
3626941300929
307430568704
969110464800
11086472160842
94467146592
913253803485
13897466185680
14523852817350
498204060480
14866014383175
19995166888200
10317434815710
3463016754593
162490860
22382484975
2844343106592
843479978012
4351528509720
2038897112760
583656082320
87998514478
381077424
713221125232
108561630387
3128461
11226806258176
629111169918
14368584934715
1172422349010
21506450286660
1433195686965
20968695416856
10418539015460
1033128812
6220731481344
4106546457216
251487011880
8400701100700
13533699222272
4581900059100
1399051071264
522453238640
2927590701344
2480324230410
1066095031547
29527784
16815349077813
51512452950
5163331383
19382480593875
6229919591819
3694607325330
99229499160
5746522156800
14592185148288
11580437289190
1850536980
4155476239029
1796683236120
8912880779124
9539322273696
2124247650344
6009993990
10127757616
6957930577320
800638869492
777148484
10401177783296
10784367500400
8704812319740
1561617682968
357976986720
5549715873872
4888824137344
286893024940
255619320
15429051785
3019541368728
3420951180240
156647899800
14947721417760
10767356472432
4232785641705
449587269003
8817801585163
7121611125
3821228781144
3679930083684
3323895368184
958187616458
308485440
28162752220109
57395158506
3890357980496
1518502589100
540304671488
14909270264880
10480866199720
1068598708992
61693918335
164174920
994601194531
1138459646662
1596871932144
251907397014
837470686640
23746412002
9257850903423
272613287232
79342944
3790653942672
26516896000
47205135153
15800830095
3309555587000
791763850344
6291130790448
3540053010620
1406692499625
7009601815574
11731994588160
1967491491183
5954794318920
9216155331257
188144385
681160126920
26410567615920
10585258311173
14897904
24759702032940
1143719893820
109093526539
67495040336
5921723725424
9778044095
1290384694800
1822354916880
9296767054080
2485618868
401693160
18926828400
10374907395768
668251458714
2825535996396
1778002440
139310688
60873630080
23821873600
9213046476225
4813284815442
5646411450000
29109528
10073661109232
1894679875104
4028089826612
133377020
286718131008
7642405452527
2229120
204220779360
3099245055563
1803687646992
3723825
206233623680
2323536377328
941711718206
19814133017
367598136906
14946679902
4330605236400
360048146640
535947840
6989072671191
10206292320
7716488384220
1045105357725
4732049525736
178942516111
7670649819450
249673453700
60443764248
20271085812621
404984933184
7312511637
2611158876848
2119700
22199886837195
7481273660280
306264398723
735703169040
2956151999807
1995281464239
10130428120176
16958513510184
1227954
199372618435
17538426497130
4186281075464
1993542845616
1025358750816
6996713312976
1134928269
7876431288705
6132846112299
644984668256
8582471635475
4265526224505
4162924500540
303197053248
1328360306
4541888
480446612352
233202528
15081951368400
1745980892271
4005020933004
5926131416142
6708562907376
34542187680
5829043674000
12677163469542
3846563135104
845877827064
95377202006
446043845148
8977516009747
32996396433
3238565965040
33669120
18583954872860
24332906592896
737904821400
1721140512
2444041317872
10233179723427
10148887406790
12499643299820
655173076160
15786501335589
458705718360
30558870888
34484599275
14951650840304
1559119247136
19160292219744
4333615104
3341354286004
15112689124784
2198330305416
9011839760880
3444539015049
4937926487014
18364547283203
9348587291743
636601636125
9778624165200
4313122375040
2082856142052
3483560904824
9035983916526
4016668992336
2785658208366
124806758144
3944434262472
216036992
840493484145
10677202413429
770976862992
129174999324
7264738669259
252567848299
2983969660880
565597347134
5671599480036
9777954285952
2967091181775
8818637724672
9118291776
8326617252399
1140889566738
739138507094
296101432176
1163757599700
5944328057729
4661467267072
1688184787800
4802267673993
4127330394915
47055720416
5460626744160
8906059514160
571118449428
2175275852724
4556298941400
7371498055664
4572720
67810435824
57076507360
23700600000
21114817077120
1159627873950
3124832889024
1290120569856
173676057908
589296283560
1106103609849
246793601336
77819822133
5676504566040
1617483020340
3900700277507
12872271740370
19818721970208
48096686016
5634978976809
3051848822454
470843751425
23260681064400
11113918004904
3271173495744
465981955824
1640852788568
9149612535360
11281403611915
75557520
4823854051200
19948420352
496311112440
228143402424
3635170319200
1295415
10256317448192
322451412600
5267928311376
18840048533394
62460785443
373888586216
3229641239664
2122551189668
464457421005
2832563659776
444211965472
949334720928
6266992
26986934241729
6352943231304
957564452761
12668416867280
1591017760272
4653406012328
8568641664165
6404977071360
19996148642312
10927694048022
315840547839
16327912340
15453012720
192749401845
851700592715
6651566919270
595494858453
7701854967144
378549958290
37886408248
10057983490016
908137378000
128600472000
3700260084864
20523789249928
12960329386459
3649081692800
6087493785573
5344056128172
14772711321225
417989108625
14659016625
41536202510
11198789504000
556026830
3535232994000
17693078304
177962225264
174637714001
21635112726104
1151185637952
111093035200
3633879320357
14392773558120
973139496336
6740020166656
314988869993
130821520080
5189054024
6438911506176
58954422135
2577572204031
3925424662065
5556535604928
3786338265088
3732546675
1121461154610
1577750627360
2714547926557
15307833927720
1266213498936
12643068360
15790504861824
27480306367644
9527327057781
3272419949955
3425953753404
23295213811584
3818735933760
37530864
802439439408
4066769618816
9612524714166
14100730070625
8877733521195
20523732549840
8965859805000
15520417575
1425834415935
679368226320
1962451609236
2766229218432
1993474649280
4176541300000
201724434624
266792512077
33517669951
32541288
1004764001260
21838516779200
18897554657664
134844877386
2138438978142
9948451795266
9464866950
13629762955914
565343197851
116957773899
920120825520
8083668652320
314604029360
328143090240
1851572349033
55566309600
112448286720
2254024434831
19405784165625
8253003569844
13466711210150
219223300942
4564542285120
20640705347354
1896325860
4710587806935
292517016440
34436820330
11846991222
5121751334034
580571883659
19661690001096
748041469173
15017577798105
897465423207
2763214173640
1082325022824
643218852809
5082169968
1537605941025
7142324254320
9581634668528
11783574782847
8463201399344
1500854640
180472687869
516914858480
27471958145184
10134960128696
15914970969
1321446587349
6149227053717
19966394106424
1581327526460
7570446862284
11816964748199
24432316684272
10991867066180
9745754304
361051164
1327546400768
109497745280
15427191588804
7913093811840
42626681355
4063516139754
2233717767105
24725446581
5303902413469
42703261971
305764541040
2630635188000
10631560222107
1252049493
25797968335172
1327895296
6802105887675
13378595882400
21810431967509
40783132152
9422503712624
4299059377305
667949578544
5338391044880
30892887900
17782951630709
432822085839
12263703075316
1541015464320
2959565771715
466435962888
591225262761
11101221802944
12356683431744
5729954231352
2898117766544
126681720592
10602790894944
354578692113
1059390493550
368244131805
214777929494
1514366620752
111399429930
2738596572712
4800602512224
580089571425
14156188093898
689647905840
9603940710
172199231457
15558714191552
3691685283600
4630357150692
241509136957
7114487760
1063528340
112596837507
20691419378852
19789486449705
486203797700
103651687920
944232758024
11421920547059
224414180480
1622212304349
1055532635883
9025261287180
148256752
2394434518080
10140809348
3259208022600
1731170564856
3354268284768
17833085353104
985849042420
110391464950
10633783104
760161705
2426889448247
8104353583625
3735414316725
2405874600504
349765440
18513889221210
230233816800
6684279916272
5956313767768
3151637922888
5141363578248
5461116497760
5079628634624
1111017965337
309326416112
8827060053175
443866440
319594992
229045756800
14228815788712
168853329200
23536495810296
6873820901337
988255462866
5842022973150
4377100312200
2090049572
3984375088960
5006829364320
16238730872973
1788752420
6615509716068
4313050334388
773136
131665620674
8284239079776
76374059115
572401381360
2072595020847
467006683
4427058497056
10031281842400
6258689232912
21419125425450
17321095439640
29505999978
8924294859480
3027963342284
79915311513
14236331161933
1186865154816
798
11536371101813
3751853526720
1520880041600
1902415879406
2133511852500
973151168625
25886401177988
2308971328960
187340821814
1494954156528
77174365464
9333629836265
13198665557952
9103179747184
19514434375
208236429
1940910125280
29633958544784
361046216648
1410207519084
6999926570208
425310050880
4973917403904
2814441411082
3073165902023
14102157266984
7067050691776
10423589608368
156727306008
2496380440620
66385063584
26462051392
10032146923960
12344042808
59782921312
2323919515320
8033588887840
4512312307075
1810747475
6018962563600
26143865403264
447813310560
17288710398400
14326188751917
8105416808328
6996998385392
994299126975
18698619601305
18039059058734
590641592460
2314754696100
31335904739539
99497653527
796225248
833921948475
9374016993750
821384511360
4137137556111
5220720240
4262724874680
7896382894660
18704536925912
3415895742
2702135535440
303939272320
7510674288
17157164309324
9533283319791
253330
13035194532360
7696970638056
53694382280
581540921465
6645328487100
23779323593444
1267041033495
7656191586
14737618138009
2192412679016
9278292576384
10397956212264
953436416
15109703386415
14370985009584
706356449280
35374521
84027664
13127238682752
2076784444280
9528576288770
6841900021125
5629910530944
20845606868784
3409286192350
2010636783456
12584929155840
293487084171
961482736080
988731894072
56334444
2512421296
2164974040320
1362348787056
2476423991492
5202089057679
1136963895342
12813964603120
11504795016000
367213221760
2935133389188
2997131904
5278071271638
16120186472
10230647619420
3829075920
9605323788750
23834851883001
4520704000176
2337476798496
2895660115113
10343255886272
12439254446784
13170965684688
4673749243440
28553203308
15612397863678
16881327156224
8960213079808
283309490430
8925459668396
3302747150144
1391248827500
1392850629175
5825315444256
2147714299368
9450410746970
19097877204
270827593536
10733025657600
9846938478181
705825259760
17483649498432
12405900328575
702925270663
1408557071768
4216925888
11291039001840
888214605200
9364484706850
5366134340966
691783098720
7224990622805
11042496609840
8827804136192
9346377529773
12004097758224
7998587989028
6717335128
264550967568
7701149945655
346851426025
1105191007776
8694111415360
4881792302430
179374138504
201069825600
891156076560
15333125669909
3719576809805
2783053261260
47974286979
10052258637246
897640531130
369894444920
305202690177
20218906506792
1528189023312
9880318299942
17038640200815
29637043398
7463832092640
667782723240
6358642565420
3137136078375
251661023936
6096524375040
3248756015232
14863659240003
709968551352
608387105520
119136478818
99777963288
2115154285361
449858109815
749623752503
12991896176
4302662772856
11854248238284
4423370863835
12384022184605
23459135700
9437953721084
25682580
347988680
1223734374132
6377361073200
768740649600
47941000
4738256724530
562154867885
24166075733260
1886451914464
7701487493244
41145270528
5570580539387
15579645755744
11475617024520
43363829145
1271914364
21877906911840
311960367624
7371879568460
3311817
121053244816
267238927144
16280778971760
19883089527285
19877807327040
2564024891120
2066958559666
8282502729774
10531274208
645811096
9590961688440
168896
130200
5349868895385
3766732272576
1643214822480
1640242516560
1835404215399
269832317755
14997605486160
166635550224
5668748215011
3281101034400
2721861958320
17257161013328
4756828804288
3125317790883
1208302733936
32267143440
12323783322590
10433952844350
18747925152003
14038729337
1162972497332
33838245
1969018505664
218431508360
7397388544439
105688694400
68140560
1924072709461
17378859896030
3423790566384
22041336862400
145935680
498612737904
591405534090
2018602444700
710978838944
6760482772784
10401897848816
15664645324305
19993539253464
5536225695
3736877035300
14169194162175
27756261156
695690304
3516802219392
1302944399568
476963380509
20191044211482
657596576
1189233589698
3914380678860
3603793639176
223464437130
4856256580989
70281929025
21938488542
114350875920
7600106736891
9559436786328
56857556640
5027431844864
164787
2153218128
292521800250
4769545878615
8066923251240
2488962719925
505621886355
1562807552400
3711960128550
747435146315
924704234784
132010443576
157512959774
70196165424
98651269628
127408080544
164900885088
29022588
9853741247684
5068810351415
401558991750
104462828834
5104678253220
3951920
1519859807001
1367924040
86384974368
7019246995
10651515136350
1889535490730
218234067441
192645440
234306975375
21168917991360
19088610783645
7441941804642
75999
2185519203312
23372983352667
214670525417
3654383224448
736327786095
10312769413704
1204618408
5343557850432
6490843957840
16268551847650
1064274015
9976828965
4692353711808
1634712875250
291372317280
4689172428800
7654251645975
80039003570
4473071168600
2260060860785
1237774507125
18294717040311
19170457393050
1074019002581
6068363838417
6441419363445
11026944
2220116410296
395194681728
328178077913
1082459208
31957873920
3859863291595
3876554453760
960327458432
12878009838652
16662538028240
80387405900
324115041744
4130112704928
2077952275575
1887048387420
8640962772015
28462058849540
13693041548472
445371296784
2243402911995
631068389234
2877430296
5786629227792
1192643288044
15835691275264
15345567324450
7717312694460
7072911185151
9856879349777
2543032908720
1366260641466
870165184509
14119706577883
2242614710
209240766000
4109307475200
6941102533715
19034376875280
7141399207008
25284455649
1544005135200
3846389511888
422334
9982766323530
953667012
11788447506304
187733803621
4132950640000
81750392796
29781122784
8497900155552
3400003146
3694595014800
8795831281725
620077127208
10386967186370
12755067487211
812442208240
3121648593200
636387798800
274185700245
439724850360
11694233521143
323121709664
47568897000
2096640
344902436976
11386220945662
328699200
182513369792
5576786095617
2426107079385
69478080
7021500320000
201901364280
27327806541000
155904960
2430721758269
651368688
9439012911159
295157195088
24325548938010
1609995259632
15475787396146
15559573764119
73267840
4502621489275
24202008
15305200708385
274063278960
5997095132272
2504227116960
21496927406010
6091142437100
32947994835
452702462965
246523904
20888887478692
53059425408
123302836784
13854600
7109717453664
8792064809775
420715755543
14425051590884
4480617092048
376144573545
7637473442560
12901131100
9897815945168
282687954960
4830767700
1295404936800
18800979439320
208705518000
189214577100
526909562190
3179957612348
540085515489
2370433152825
2863261642260
14317933975980
99594772992
5409874777360
4035011536
30643067
1133406335232
1382257290645
901606361292
4459768352954
6360624408640
444533425731
7173622801059
2719178929152
56992544280
2312775265185
146858820192
29063324382062
95975800926
14745838748256
215641820592
124204903632
1980285216
4613621022360
1187434612208
7288689067380
5949582652720
2103067564452
13315522858195
5851483547000
9270080674740
171819823920
463939576386
56137708069
74644088
42488108334
3060
1111022755416
9708543666983
2501527738983
21090313684395
2256128812749
16765247007600
109563693250
15108860194155
2610404232000
193556
438417942529
3699489520452
1890312369
737461092960
2366453328
60597299124
25479116417496
188457728
11398416527764
10340216193024
7391813249376
85437437040
100867937856
3679073379
369917280
10275097136321
3273159721385
1834079183424
1198127607600
20979694738860
11964449622389
5171416785324
1756634019096
5437861692672
1966024755
146891933264
20667204205976
12653654549756
24861447127220
15208068341760
3549033064374
2551035615600
12108013070400
25526198831364
127514058400
84876664320
6725199037392
4149231973944
470024806984
174512111132
6067939918656
9439859773296
26111739885
37652771723
1169332757385
25691595264571
326879865411
99258897360
4553558704167
4967018138142
22495482312
4316400
15132132275372
22583694697080
13749199042488
10547885400305
3322210208912
25515004944
879649142400
15680645416
1036903909824
179736384240
3966869400
9402229935120
8047571339358
1338887553744
1341893313
113636485170
22509995377650
749197511376
161502817520
1062225552
14251910176395
17190964456713
41092045065
34516380324
2181250763640
12592898898944
352081756180
1648954440
17926986800712
9187663182480
18968691135240
8850416030484
375402463152
25475045083791
410060155680
23766834290067
2904467382000
177095875185
17977570777845
421890323175
9886877216478
877282196700
17092968713504
1480664822196
647403812112
24616597103385
3294152014215
1057103168268
2016
428636465088
3375226907325
4405129842960
1027707086
12963934704
29516805582120
252188390058
28183883238000
3704014753350
2942170337640
5218965416880
26299536123
2033112363831
2885219796789
2492180579000
12903387480
23801386744130
3675563398347
11641594297373
14497870536320
982088061500
16467862905936
6125237995584
13045242394293
2567765288
3442234272048
12266038658025
12394596962737
6429776034240
26844749649900
4797320822448
3598457744520
21271038454344
441598080000
4896802711680
159944979893
2621392385225
714038010417
601539024375
22382571230443
5065293481440
2188702244736
30558351600
22508211264
8614469361459
1985650064607
16123263363264
7974984240144
5550760709300
1395379887484
2118360773529
9887016225150
10518474161865
7732219333650
4907568233568
2033898110544
26043460625
23499824040
1306101917148
574971048
25288821333488
26572947058784
10222340225856
543876538920
165824398800
13886887949892
921896652512
15559802966505
296758075392
1590294517245
3520261679772
10865286417975
327425061600
17727186674080
51150598840
52018110144
7166360943288
41532980391
2836506555432
170121328536
28992443568
7060903888896
7455250223669
26019776827719
54659135400
2046503864604
234960952320
3402039030390
5576842929645
4572495350775
16639418312685
3974195057399
16183536
48285415860
14388
17183404342104
9164246490
2304199133280
17328747119824
26515404501292
11252952664800
30444976604
668810899
12439901195280
866444399030
275611762095
506394510237
7760107370547
931992312816
613256864111
7896942964224
235501772310
2613566195471
608274712304
11323058042000
1910996348
2597370624
777781517205
2035104
6038360874992
376063109400
7732586546550
163893525536
7865982714980
10427006884364
9657827661339
636972930048
14618480832
5885666880
275617474488
522815457402
2315573520
5372160228072
5208612399870
13395467575215
2510102294280
239764613
142958162609
11811907034435
34534281590
3292817055450
2305932365520
18862714716912
1485223658520
4710692314512
341495973578
8762191230784
6283719252596
226055550000
262828368
3941002376544
2163209205872
4438879599798
85606709168
53953392
2216619859
624235454280
29374698983852
16901714163736
2807205984
1820871489
29038250520
721173967360
233625721875
597591922112
18120000
3434580239325
16078050940246
12310723064546
858980335056
5206449872250
1826644915368
14223720
9674669667399
5656256949449
316229760
1664583
14793669047520
43364757920
10422707562384
662333160615
339191855559
677369001724
9174668590560
27058323575
6851787089160
505859645520
994763863632
11381592521600
363479966640
12450451684
62105059368
2841017016816
153852329904
467242125
12512895470568
4809636621792
804607217469
699629296032
7083608691040
4536691270272
288777462044
4848649344
13071108222016
572932588416
4704785358504
23492626288
11654838604224
174331203696
4708585593864
6096147415589
216092609424
1764538067614
284789236800
2828898416400
1581394016972
12300670850520
3221311139865
2519597344432
57409527616
4374867050125
11297442474864
233129361600
477672222300
21767545813528
823454653752
264584415
306705364
86525601965
1246350713634
1202984990145
4607032930041
460898628216
1228220759728
2486309764144
11059713610848
13257937001216
1083533704237
1857414780689
1912611940572
194917109712
57593928987
5429983928270
13486919536104
23960329056224
1259904125036
557593766730
3075396292992
6610672177200
2586737951640
503796636860
10768558140312
11017213629900
187394510160
6880066976309
27756774749624
7091711155140
9224125591500
72812047120
970995840810
977518871224
223415689341
41912330900
11628447933584
214774194635
13396604928000
8393116958625
4190390432448
17711717834496
7565446618632
263315878848
128949738137
3463624990896
1287964098432
7981686142436
1183408815696
15141014778024
987795234096
2665520417600
55627068455
2365748988130
126496266692
10845638054790
6386927576288
581561923215
2584605900294
159110852087
939086525
203388624
248715451104
334805386396
8326115817575
187081597626
312316509596
13698474860400
15202038423384
2580281184
5120827612224
5803630548056
906016305600
8833991948784
25805534704
789974140032
1815929330
10046143507664
460728047388
734345956052
24927901722
8887560283464
573054477021
1227464662968
3130265877912
1568333037375
632896349085
72992011314
4918742464090
14739964008431
131413656
2242658746368
1384903392
6400653842528
19107670417056
2176546350
45363008460
6479411342960
645651419616
208536671000
1010468732112
46582648560
22610421064643
5801441184
5652821504
2952574521920
16474583512552
2469104851140
4686765908560
12385608187950
3096674
121947689264
3982842336
467285029632
3964034893968
73829248064
502005256095
4704461023680
14550936235
414152873472
481449042624
20040045392640
6733975419
10623405113904
7002535193368
7282899823079
885163721456
1696594109595
19680302508626
108216954720
675224745360
5711236079616
9200123743328
1000968080
3505687069824
491546611504
23484520981152
5579193607094
10917227562080
81263443392
929710471680
9814554440
20671162106980
25851041295048
47082483
53235098910
3409241052672
8542887984
710762042640
2431234235400
893587761605
22315918214980
15678962482176
28967930789
616917000
1924158594331
15128237072
202994400
5226258108320
6620172912
174415731560
30464079559920
2784758609439
8536537732800
428825461184
1182341528109
36428301063
533244851945
20012008915964
23859403442144
24568250925
20529011147520
10474060703580
6736818016665
6324000
22153131398448
135917352714
2775832995
2498399240568
2924218752
2829312442760
13625823406800
805115029563
1039092298125
12730196283480
8523121502448
6322349049072
3764141361981
5351529641472
608459710131
895372964640
18539730
9459124699525
4153268568600
15253905760656
1244896341725
9319602509
1874659740668
3527899929777
925220220768
11066106933001
343733390
25850064735
1169150976
291504330
3978384864768
15026228391431
2866869445323
5698352639475
526205093040
12333485284740
9313434703757
59283495810
170402479184
90169774240
15590849240637
12100234655754
3505833212310
339155355000
2821618260864
2707220641856
129517904520
40368368712
29824420962360
316541440
1276659431784
1109379787120
1004703730509
5053620761856
10008756110720
5853364287552
2557877504859
8874190634859
5362225383112
4872523952
1830845808870
6532375224144
7737666909675
549319049136
192139153024
191588096304
435485944080
895933454403
575575949772
611806249191
1947649844
92291424390
14986610324400
14523672466512
2526053180490
197035339212
10143737574554
210614253750
222057919016
3506581491840
7237079668544
19630937388800
18439680768012
22424735014983
11901065607488
5025976168500
1057896366455
6369173884128
2031234354600
6282106787872
2134657842240
1242933580416
83740191984
7091410765992
3054007482218
13276092853816
6248592470360
6861798071520
11110316433807
12899876275076
2424878331733
1429294996872
2035756559216
14476848358128
27518840672528
11887941512326
71956828944
50842029357
17479803274608
160577749420
838422006792
265182019453
17761855754850
9795714341859
4419094238244
1552111839810
65668400
18949477652859
10168039194992
2441749964280
18420108781375
3499064632860
80639137040
52196067
3520
12471089241600
1984769333505
4246339661200
2300047048964
11623783118703
7799328
429037741425
1223238487240
10975755840
9502173006404
918300761790
210632828536
7681813320123
336818992
2549492506223
435982116584
258642104
800656676640
3699337501440
1754189261793
6554051388963
12206246652792
87858417920
165440013570
3075316714008
320032582208
2300989036148
4709183274510
12073522023850
40192908784
576395613000
887945939370
11506097895600
7450127170750
16724176730976
7299310418480
10178903917804
244043994
81155463116
765437488776
306621183
3258824679160
161734282086
273302470640
336627803336
675237819969
27800976070080
890845998975
1276261287840
6389371579680
26493772575600
968267956104
309987225830
24007139796640
9650815320960
27277772948135
9322756254152
12230810280
14157876023760
1922325534630
2623347970544
149060318085
29365781835
5464917316755
87679020
696501287040
12329054683792
10558769927
6248592786
8165505708839
3364281194736
994851840
15665700520
7545636479069
4292209973520
12357229715688
3971278080
11821950000
233540952372
20426830170
93237838512
1174766405281
339309648
27171229760
6869065125560
1618209008400
4795638349455
59543028153
4678398499920
3927796992
3859667523
976944693606
571753518435
6395828625699
11865720604893
5607205924239
8155236590565
41850600
10076055383700
7123834700
1953839558642
3737593892760
94834340370
11572655604432
9432788687166
2884824510425
1102922493132
465674317020
7644096634944
17007605821712
211968730112
699460090
19206058042776
1694958804
597239982920
6187894639815
3479904000
7007341588592
3849210000
22120815214890
26166725474820
254624091680
3873658354200
1340532410880
1364445977296
2509420484
69698384604
205341180747
2902332096
24496500840
16625011350576
13778909678144
195453637344
28240452240
80662805300
5458489694313
5186204206750
189156458205
246999030677
688467012000
11414081234907
280973405715
18470575850792
232953708944
1947800168100
10449525123072
55267860420
9181247744
339925376358
5695370101872
26560878427485
210041379240
16151077774200
188476696336
2611616570199
10674367425
267641811240
6456201303552
3220032545520
4118988454152
14257393048784
6332612761902
6411878928
17948935176893
10164955418451
949833806312
2606014309388
585968237316
246842580
65823973152
16901426441637
1813440917376
2534840313
267110532999
1945324282500
506092800
15982439688
1587694848
26319948870384
7945828142175
592771212
10080065988720
1623568482784
4666802403375
8016007920
56937979280
805863138678
304184995037
12700121157895
2030759178675
24219123633948
2508935
176480145675
1058266655500
281198139204
12996092445490
851192124453
3406915886417
3736952174592
9420461496
14868646855335
15195636053016
6734120603000
10712554417152
127604051360
493067724096
7266176219232
4270378847400
2646883199
24549793887555
1478069363400
5066752683207
1161344
12167609652000
374799480000
7829473218240
500401232760
3902741038599
64210353605
7613632915800
12225282396270
1862395764435
16063419042620
9464817711552
7111637617854
244714064448
36903572043
1456131600
17402711865
5790602072640
2697652205619
1394214375
1616637434781
62229888710
1254302863198
8630842461120
6733757229309
934977730544
12429963761040
4842489420
5528647155240
7741279554120
15366584251442
2551535119224
65258205201
10780070951472
18252229415724
2593755612624
832796269437
6701668056
8434931367458
3668147565140
2921171298204
158510417715
24726727648
5147152498104
10128792504
10926428372384
355240277908
1079808049920
1705845610800
18363014439
6778522351160
9641055788145
15349836958192
4345507480392
982800625625
360347586872
950493096
56750460
810341156040
18137264221440
18108360986274
18881704125945
5384860392352
1808886231360
3039898489784
2296136484408
16443538201200
6195511113600
9895937908785
8380799592891
565950867328
1817907645312
147236932128
154358657370
465487100
10574412882978
3589550523702
12216057595224
3445491619268
323163681984
375665254503
3090551455440
29690278002
9057836627840
8367040054197
20675439522083
2359351732700
2105382408480
10110759120
16096476171840
8015934264960
735649387200
761962449960
465808700544
184762088550
28165359269
11416071490949
5771418128952
2817599889368
14238506513600
10682046570690
938019092480
16099950976872
1225635196000
86198707179
2098763216940
5343315298416
19181065713810
237652035768
9833651520
967110200100
1150618727844
10785284563664
18779098130160
3357000396222
6092699748384
7724022583200
3949968419885
8385966680448
3970443734964
3858526814016
767146596453
804428968844
7084298147300
3232347647760
14353908199904
37895040
24999403129272
4384910643264
276875145216
13513028958
2199364199424
1442890854405
26376752378400
21556802544145
2681753693787
14865841367520
4440920001840
8123177467700
6683315183742
22915365131520
165719845715
22953070040950
133318341584
828411892632
4338658221552
297603775800
82560731328
16608119227229
94736247462
1111027456
4547080526655
15991823067792
648736826400
989508663600
6121318184000
2464752182640
7857248123
127938115760
917716453232
1503522178569
5297872103832
1381048373880
2768338961440
1455904863666
7397544
8393509337080
770349894864
3222433025702
114592141638
1088934133392
164673108574
8864968288400
3130879923360
422398012800
198307440
28661736
1138503345408
15568573832865
756651865653
5534882303984
4000863227634
12493467667268
6002396018640
19026465964352
16420655678789
9609662383104
47497236700
8176119817200
4053194416560
134976
5139181285943
9505218877494
727518382800
3182447404902
98981519400
598752394416
2049707520
15929663265120
479845187374
11678385629792
11847334385016
7242686063749
9866861184
141455326089
4095463980713
464562389009
15967502199495
27281755940400
1260339720192
12356349906329
16534134968780
3802811333360
574342095
3083952208545
736167901095
17170978850145
486154240
2069739302384
22596563435
7904845686404
33098195852
1917238941696
4401582192000
21929897663395
18828956680
52189464008
184697298364
582721882
467133844770
360502037584
81054089984
8362417610592
867677801952
3916053575280
137156690384
3054699043792
585397805
4580035529526
6897263982180
6058187069760
499164703200
861360986304
2633334096128
336321331200
18990663960
14307062363732
5889352925625
3965760
553650064128
40656
11841624528000
2134693070202
1496998597017
4768163098336
4597769144232
7084163123232
214524717589
11990479340
1471541450643
23259093394160
914428705653
13806187436608
4776235431800
18785973597380
537292522280
11512222587635
4583402300736
21684961913040
449789439
2076780160400
5160980088336
403813561734
25628337353685
2211842256
1571463329346
4623083758560
8076020
13093757936475
13171304468960
1018175471075
984522240
12288594901248
1118831861385
4300680109284
6735709808187
1044603588735
10015214295900
13487684748800
611840
13252770438336
6049736613648
66651578040
3751146571800
117598511232
527076450
41367492000
6319940331750
8688358421
24411829530665
11742050913920
16627050975821
245440972800
1869968349184
1726333208754
7457424
8456241163277
1097800069574
334625669525
7245725157
5981926104000
9593125156944
3873792
192383184120
940135724023
1376269104068
5620164661440
6047096370420
6528655607040
102858979419
131844431208
187901785278
1994398810544
5190105784080
10433814770538
460766769208
18745695950520
31302674325
1825885061183
15042379634309
84200566977
5612478698832
16266396493368
470447295
13732094376
19268411285760
4479966783864
113610414681
320661347000
1109272124880
363756161600
6898932529265
338609374848
6025034925
574248576300
647867932784
224979860000
1331552328288
5128405886448
27526783587399
5435258431809
1261271240915
1109320809824
11761356366499
4006862811
9869665599090
328308901250
320717023539
2327290633215
319503545328
3682726074000
182178925840
6646787159264
391907015640
1233337817778
1070685
4006399680360
26472477870290
11069517024720
651613055880
1366097332688
20017906659072
5268772674354
322556274848
394273572240
1239343163850
29504746730368
84326461785
3045178788
474422937024
145847140920
4484897532908
4850489776770
21921148430552
681461944976
3406752639144
12779372301977
225138310551
152100059111
11282423424120
1982275451000
652568454120
1616751625344
22943837316400
88748524772
165758545280
1991412376083
3827670221760
3100407701958
93817591292
3947373918275
5620107468990
9206960686272
7482928840
11423458584
12979559786368
703560
11136596566152
8942340674800
2202614492325
11937359344512
25567840887939
6581860301688
200640493394
17541074393232
942387691875
7333071448547
1043474331120
1508857538320
12213372205040
54920195120
681707751680
9956342628225
20828778153404
3473277038640
616439760858
1482127485966
83764422289
1822308080
296887745
84765585150
14889755488608
528220986579
902119206483
1271690565936
173673746580
9899613751560
10052443169440
10968762571104
4503970805958
14849856
10944299410512
11042465952
175022348744
317999625236
3040492878920
299419969800
652145239824
21992829120
215201488128
290565848562
770947212672
427244909075
825537888
490249555775
2296372400712
3774996019
4263379456275
3270128
3919198955073
834902273016
1463782844
6787103913200
1733257890
2387548391670
408103435062
2956128
9699795181440
13305581780280
23587847385824
8945678783090
363104667480
1729235974590
280933625024
1216990382400
4624704
87002782560
8056623324064
15452446464
7813887362029
5517445233861
192656229255
1048912375814
72581182135
4734288594000
410670279235
20011340934000
13055595710925
10985018621850
76226939568
11842415720229
20026908237240
28972586891169
4653427870312
6640074508032
19496296270728
661886236
1286092194855
176642099886
90982710000
4353673093760
11455635144990
952586439140
5511424805250
89583660920
203842792574
302978965592
306702998030
5586880391638
9726523438310
1760748461810
12718231518720
6229631441400
464432360
6481209831806
655995263600
376770801440
902502930560
8379999818768
163697258417
711748205250
2693909395728
51166304064
3412632389985
9338387555
347958039156
5304896063325
683717548800
7024570968624
908997490800
81486840
649034135960
20278758720
1922660220
1585872334080
321921155036
30934413000
670807063677
1330715350440
10949792814240
3810368900520
284022519375
329218844094
1044805440000
3350165215968
8867882016
727680240
246763235922
6913652665920
18315649941680
3132841069176
944088009634
13503521585820
18049797954760
20113828381920
18700248215
5426080835445
21090881178780
14550202344645
39918072064
878478740
16584720937070
56455937020
5535182182790
5209112093295
4376221913034
25326300703100
9359080667547
6712476727124
6715233692685
7321710696108
678937719555
6333366876300
2358946365908
903709611936
449621115864
7320806394244
36658595592
3453573807720
116646048585
551301909952
118181139984
228680944063
5140940066955
996467069465
15523981296
13883992694750
13706482910880
858953885763
32015726208
27733313000085
7376511240
3535197197760
361680704
3924666148368
5239892111772
16575292661130
12201137346032
3177473208525
14633734320705
617117567157
7823875824128
236399060352
3524116877034
9429672163940
1002648473541
11827361251395
199968592
1144552469664
31027706229
24873193640367
5899092476175
7691273695728
2938936575974
2552664
26185267
887016574912
9157980971880
888881528652
15718595330256
146254237560
784013108480
822449530125
5111881951995
10655201967735
4148823100032
15995208774664
17752099492400
52915791258
1865740508682
78573141075
10152493585711
193145828400
6217974221104
17197270625
121756635
10652283556200
7446635835912
828337602270
426395207
6730259744
9294204640
31204656000
3218863113860
757349835840
1327115678070
4688267425344
5239435354560
48409098192
1245516758441
5795064822096
14451103660448
480518566872
834660666858
266355972960
889546658
26595104352
6972563658168
556588863300
16077879146840
8337720660500
5129461046535
16747502673660
14513661988096
1509256581360
598280865615
21934080
3753498442239
9050467696600
2700273553770
17327483744
513988711632
136281473020
3229704705024
241420177284
123133103030
12266342255520
459401537
5391984
6624360925
2007795786960
614341767000
1381014953640
16021818814400
2620054824072
341174356152
9997379546000
496437354400
378387277488
954638905680
334455
1487257024722
162359389665
198160335544
535240847376
4024455019254
5383041600
3341677269840
2670661980792
2910812274864
1015746749984
24669290460260
4407994922760
1951857920025
10978224098688
3163903502760
1433680380000
628559695662
17772260496591
71592278055
1394360631036
9360512600284
20719844406384
2876946526575
693853545
8383799697
171567093501
176044581
3815361620
995484215970
6051060638304
85256596640
2531555440704
2200995203180
1702861230
5778864332346
81588745728
1343030235224
4126882663200
10432883723625
683364285000
5215752268480
12436167021600
892429965372
1685134896640
3992162421504
304815776332
2923696347
312570350895
10072509483008
10578617244600
1640084297168
755689026725
3477165865094
6355614529836
19398949742322
4922161882080
910812929520
1793768415840
26377719100544
9602084204949
2333913171675
14115160917200
190865740320
2012777008000
6894443333937
879007877
156577265680
1167880380375
21117924284
12489170728005
10439603055
10911080962460
4374821235370
92274792988
14461686689
4819021276230
1651210168023
651244014176
486422446628
8725283782199
235230274305
3308575410432
18909865401336
7536191656203
225392951280
5009268831525
1462911047496
306738440400
1579203094210
155913416308
3234159107496
870227930880
40090992
10552414396160
10932719985
36036644204
449639392
7850193835476
136995224608
13259939599476
10816056113525
2780899865832
561264588918
11504102586576
280705717133
6448624
559334444125
97128555959
5051430345045
1121795871480
3713052189600
4994426960364
11405176697512
2063779020569
71285180010
4885493413691
4389453649280
4497121549184
149600518704
155501260096
42328354008
160831470240
7926837002144
8535513285600
7438758019264
679437264
1160433463704
1173288514580
26283431303610
934755296664
53064
401242300201
692084835099
594628118784
813635405600
1976170933436
5343360
88682880825
595813008453
9087598060800
5586
7230002569944
173886384681
28200274184680
115539616320
15502558656240
5507778817920
7766020323285
16987900855536
453973082112
5545042389600
49824840
9503102788920
203388546240
1633107060816
11210789790720
346982240
178219836600
63053872875
486558006
6653958541524
10752478997085
221400717657
791222383973
85475573270
631210065
5853033649476
12554901212249
833273068320
55601273732
2595082335381
9435981098565
351398829483
12029382376632
1385242853371
282243671424
502982612064
2721478936352
941443903334
19552381632
5701383098355
21525306912810
5455419297
602592666720
717674851584
2118010289910
1004109120212
570961920
4902551689056
362574931320
5013400087934
13768135665102
5767115349567
21882317865984
2001937180778
771417241980
8287488
184974893922
434934809036
816459121179
29703621120
21759717425024
2449809017640
5538027459975
181384388640
4682661291000
151790610944
11556
9230079728
22830729238672
3054564299019
9248986886384
26932551797403
202183812612
7314756624
6844570924700
13986576
16685470555497
198135853080
343615733913
23633433277942
2403865299024
1210328015331
30762155090850
20433778250625
8295284910578
1935336150000
10409922099957
137376045625
2141179810809
4850505499344
1119531905856
6424264
9538614435288
12625763186210
940278334688
21238481258880
5914087254621
208118552752
3896542526625
29554216840
828597627165
395720073430
3714980643824
16876687497800
25233870521535
299417067152
50860830
12540827031068
3812866688064
832441504200
326345273280
2549568791264
22587023569591
10852238437425
7127207006733
8412975559035
16098926604094
12880491244128
3055777704405
901161845630
171723554520
1570050867600
2423851171092
12452279302560
17850590496816
28312948385664
1292307477300
23608097539450
3681369861120
1058667841368
9421307789824
4606780854240
23223018879600
1918497231525
9222903534096
2155457425875
203526556800
11291530363344
12270947111208
5335462658067
6858670896000
4518186778560
16990449091551
47219904325
43407412308
84639600
139434941181
3740599280
47592991389
137135394786
4447380998880
471524465097
13511332230144
13803893083475
203637453705
32426050527
163763468400
1593688350821
24224635872624
495864415800
5620041858123
8548640784271
245308379124
62043374580
106362232768
410935989945
1926674025356
8116978719696
8364760058880
346152908077
9798702332958
686546003306
11609878388059
1733419233
2011087391040
5192846795900
766474089024
19175809570225
10113040903680
164206059381
39141883443
276076684893
235579887837
12177464422776
2856897168360
22554653906400
8512043236900
18738579393072
1608940502715
795977934024
1674861204135
2776826182944
15839702184150
4394631689448
46594813608
15321110513808
319694307480
10353987418184
738143994945
18434647948656
4009026772296
31690929105
9383180097604
273080907000
516668967749
8682679819793
36956687
14544247416
11349071197440
14205928452288
2338533779400
15404375344176
111906782187
3618636650640
2217949402928
8386555440
6621143871168
7611469587000
8524219925680
4492920699225
12295651700277
7459200
557383103277
15546892487976
973923424400
3129220380000
150602790597
6338432967128
52089555
9827987827878
5915978328512
9446116904000
1224084222452
13803274058418
254252785164
435400
240662079294
3129620112656
66021327279
2536339254624
1064230585875
16395768113028
7218441591225
18989093395195
52926014428
7988180564
9042591004161
113775141120
202391101415
88515562872
18247472568
743093909880
16212331825893
14030640711087
9428426650608
223899568200
3376365281196
2904664286160
1441100115
3313449209400
72112416318
9442146415008
7515941921280
9374806721324
107643163641
74613
8680833115455
907556864
15497378860608
3787151167874
7094233532991
4905619844880
1028480
6682545730632
13403439003092
4563499363501
1415335125440
89741762400
3203746650
135441132000
1260550754775
10550834756303
9756647221737
7762808406080
69873359780
7813249650225
3709482056448
26300983141992
3372953647392
3942486198495
2849932660640
10467489234930
544561838865
397976933712
2450233610376
562786227344
11060227865280
26066082
4357947714296
26950859954900
2613188731760
4918535596800
1008635328249
414321994816
1522016879526
70903989120
5680319739408
5249392912764
6773722491009
5129396071584
372846067920
6622087116900
2073820305
15135179709675
13268810340240
130173555120
14434448754240
6029260955319
1677870916995
4882640073051
6378155531148
16303064828400
19866800716952
2949521185065
3099430663175
7802483379
35410339224
5979307320
576773111880
30834333860
502019999130
142124546400
9158190130544
760687527600
3847559177904
6787643705190
604002266646
13606542017024
2228114655360
1463687560011
8028632885
18054283777224
1948767971040
240262578254
458413983375
6031870795080
12516217714240
15854360398107
293456922850
17368152856560
4648869433520
283246726250
1187402184595
1054794599040
7607540770830
9039440611133
13038022101159
6069331316250
9374886615
923604861354
84902229600
4082307881
21673771190400
11850643258560
477063330150
2777029159734
13295938203405
25185527866800
1414431595590
3031720814496
646276838640
1532993449911
17581953853200
9471104744312
1759634700
5438877406368
6575775402735
14460115373847
2005974142004
2485569781169
2502704764560
5740193695815
503873632788
14659631872200
11865685176576
603182178584
18569063168336
1956779938592
6418087673352
4229793616160
1334281068288
6522495111968
17194970007054
18804404432
23516992635840
19400216909568
7864583805
12779376277484
262420182096
13876497036398
2928166506645
6469176795200
141914794320
4363603299328
1929171000
18077511036404
9626692373057
276456343933
3202218643800
30006000
2104121529555
1334005041024
438354120
698708832108
2994889690
298079080
23312271045245
1074992105
3301487280
591120809184
6443251403412
2738184319416
3900850747200
564888204000
994307019796
11458888459200
16497801466677
10292732419320
3885593712
446836395992
5027315408374
11374180755600
1624744485965
10318730338368
880979709320
2571374498238
14197959190800
468887249070
690063403392
841800589344
5116685356635
18044792766000
17550705168522
17905239544286
1516861107601
392562475216
2709713348379
4685441106225
467030489172
8224458171930
1499833534272
12916332692325
153532875744
5484224548512
5001023364048
270474416
206595522
4756191347565
7499505378570
23960863208464
36731980720
1310259387360
2090300758896
2805939980184
9814901785920
3627766875
5239062952200
17759178969120
17983869369957
924741801219
2085511197654
656096531200
1584851433536
14761440
322646720000
16052562528
7335282696165
437491886832
3060353891520
4623238426851
2400803838331
601544938280
4001908345
1412614869240
5875621304800
22203566385525
3981822036060
4253751134100
122601739017
3376103250
3909641405040
825875446440
3098180547504
6996761295384
833631700
18661769750972
17663860008
47535544320
1621243329750
9400961812043
7725945380634
23826338225688
251830918482
19305906249168
9389303068740
735545148200
18169343055192
593085560886
79104193077
354794651200
9579038284800
16790368356762
56563067400
855190668150
7420198382464
13714833384
3447231826188
1914913283688
7919727288717
2180932215495
9101204803824
6961191002034
657709299000
17882553144271
13524854564880
13443888594176
10355421794784
484094354600
4086432684045
11887604790
1269422968320
18626743464699
9331525760
6020565005520
83472198264
587046293808
7233331586984
1068551951480
3618475064630
1243548672
3037530808720
10477884915648
181879374240
47137057348
7516196507187
5522985635475
12774603240
13909611571856
9703406546547
1210637031120
5531543246406
20974006182195
224281208064
4046545475840
8657455134240
4762046381625
14752282850784
13916965788
71285783136
54511640
6602255716322
19722669080842
1583061253360
10983354021870
132661918266
5173469288784
5419502131488
1023569679620
7715787095520
336408746751
10812144616320
60664863798
49616595056
8140783365
3558389720655
7730394217280
1333907642925
2160205366200
11784201941741
3211303627360
1458484639470
644529024272
1415048143824
148937153200
792330524832
232651243761
7275304072192
7409523501337
384831286475
22041487175600
296303914845
689791613238
6871746813912
2076750913650
12374000076774
81223332190
280337561424
20060607840234
691483152960
7153882382640
24012316048056
10009730016
1511935769248
33871405095
7073370989091
2078108354520
10005615915075
870103796784
11191106902272
32726190000
11751106009148
1521269232336
1361728544
17031210339
344460318522
5441883120609
850310115480
14488230094800
91315879020
2603510948009
233498206200
1115370532848
195015943248
105293928
12602427165776
7161305851359
156375351968
7219189085472
76014400
10137858942717
168924817664
11583224640
675502034693
14476900800
7694349552120
424689240
21003207955968
116980266029
5602226273640
5666825798085
5946589816626
13681015916400
4349834
117844446165
8063679237600
1485581484
8596325
224358886752
5007455745600
1016687210
256764559575
737574892692
62260691166
204204658476
12601907805
4123159004575
38323064432
6430672277505
21242882620440
53087400
15288531713208
539549480496
3815550877086
3077389633980
268239993
10035665888100
182457
2323528934480
2054295381600
1026947125680
234593816149
1926373947780
111574968300
40067402562
8378516099184
19866445332480
1012739292180
85974510720
1522300296
4160900516346
418013679600
2419354461192
4476955300652
25791885250047
7886686011105
14661238181070
1604480061744
195138356540
4340325876096
399337552755
6677257739264
1911846255174
7132090268000
5275395946800
855137422480
3574263504495
42531020400
5125672447280
262658660
832314
357855430004
14913780868300
10364270868059
8938476946668
6402806092865
639981406559
284987637140
11830494452460
562384684680
264316628574
878195797437
10352305851344
465453268620
829202880
30071778135984
3507480160848
737457275299
8274999726462
19957599723360
16075576427168
4266762299583
831771234720
1530764500807
8709238080
5623092136032
406860113
9436959651
496473944724
2931221250536
8936398052365
19932324620400
9014149040034
23679132245189
153531800
5953171980000
65852874120
9220627318049
12299433603464
251709260608
560162357776
5196576
345621463952
1044310
2100609600
4652451224160
20881330149264
21314826
833082678564
655203310875
5237768396889
117070828050
3229400048
159164916435
1166713319379
8927952650424
7482192368
17009382459405
2818309368000
26002027987200
6723282843648
2253666163797
5145974335680
879693696
468160
2559303625065
17165746142040
7628303446118
191601271360
249472290963
852252604179
12818738777472
9525937228311
21754398638180
16579954946100
47461207274
13548203471484
2982943832400
147521621180
4990438015794
16920
1769319761
20460709939845
23717721741560
986381037728
14113790905460
20125887728188
2535189162840
3781928794750
600832915459
2748551343444
1810960312512
17226279093625
15947990457000
359129096784
24657788579292
11435476665600
2835493552512
2512223520
593440254336
8782570023360
54320038949
44543762154
17267065186800
3806941876885
7387954714112
866042457696
19257522210640
2617561240
98135178843
23321624351760
108843
746712866515
248457813474
16459593664185
1523143816
2049526164
252264430556
496457368056
300632394510
8891088304761
25040237329968
10246402320000
12895232
228485083428
40154123520
26487775969464
316373071124
160189104
6369148175000
10463302710
694109934315
548278073064
184284871173
24037345924680
11688713462358
3460318932
144788810760
124663807000
681250993946
4542133505810
24169600915184
15646515030
895652176799
20651045896026
13354897104
3454527898656
9694875851328
25972383130029
49995
7199401442204
808879143206
148998760995
1304534224
3706355562000
16394384
23419554402552
17725099178040
3550077719370
17703579708815
6697728
69378668754
15883919563424
2713644500049
36706368074
5359200
3490917050448
127618493184
13206981451246
323845450600
9441300506720
5015366356784
284047044960
231381609495
10634314033476
20598040547201
265296542632
50973822900
19651130895
3781048447275
1508893243280
149682570
16105849428960
21548317769502
31989818016
1781308924395
55473433440
519041709424
23863707837
11897326299789
345512160
14712478253253
24914804385028
6846142143360
1195786480180
30522240898100
69924932560
2307426043426
4655548290960
3714468932190
4881656662848
73624743620
4886737563600
8266082074784
21483535033800
1220997254092
3913161614649
832880206080
7104402298800
13630980604800
136981061520
8994411723780
26087396790393
700543224045
1526999881784
1113479774217
739265797800
13575973116729
4409499299101
14912962513246
19198984516800
105081370509
3398438448375
16407385502550
12270453720
2765116669952
5566942603584
190916652069
3458526205365
143945009456
38793192240
9490187935599
662162833437
29538929280
9815320957728
17001287965008
13028984123085
11756757585000
13212425521404
1641505789230
14893763903016
9314638479360
1064443519856
897276276
166544090688
13044518712045
8392979385239
119856360
8785609607535
710919973673
193719970269
6951367025132
10333020823134
26296167454920
4249292890479
209996019
4421475283392
6994290742769
8404364404800
21510680813424
44951085
105168269050
956856498
7815863111280
715124326196
1888266494450
274512116
12380378716755
8285784151920
215322324
273303089328
1343907100560
5880279408432
348968611520
19839256291983
18516228849
25196926560
25351172435968
23212411057000
3840440866080
1135711967040
741302958942
20307297204240
822382161920
923040430389
3500705009550
285862382993
443331379926
36221450330
17000842173
443707098016
400913096448
6746407947432
11451660562200
29513520
6603198541280
8801566159723
1659374795960
2781781644312
1464575122230
3024513954000
748055848125
13830780502632
62426378880
7751171889099
15360331967804
2034293287383
10429547184
524060502000
5109892155
48709468416
6607708839270
221625648816
1607224418152
260112128
5034037801848
1152768577154
16588236785304
660671151525
1536266825184
104242709025
13150002072627
20173737761008
15866805380
1226186978295
1118714665817
4423738606
195073605720
31951667589
320521344000
17195016921035
14228736
2434482960
701730
1214905636275
899731708480
10111396155648
7112167819504
31824
21044400
145831133136
11012058215408
26914409936484
687628421056
4735456691040
21316971680880
84844038144
19683824367537
1515562679925
250608944880
8895396194070
813933439098
9152035884000
1024750248288
209856
9011818374444
22544194630911
18984
6284275605160
27759690
13500121582920
7339087520320
38829545624
522647922564
4676048263040
3184582312296
21624716685747
409663775040
421527173760
3407289167792
827621820224
4752875098433
815789584960
248374835415
10330073444496
4270053181680
3178310224089
2556002226800
3833149068288
1123355693691
970309639200
9207679605760
45130423968
322330608
4046856539912
94503872
2924211918348
1581659719220
28772289
11670102701922
334297126368
2163714650955
73103936
12458330911488
27162493280
18800921872109
1123270306200
895393976400
149115200
720587985936
401401280
1515758283725
4916292227803
936702572239
4630461414507
7366539590361
1601267928
4674760200
495661325
6479456093336
12653641896672
6450196327020
180685440
2609529393352
187057500890
1716218862267
4805721394760
224784869280
643510431120
18758132835960
1632365131320
12788937163692
206561673136
7296507670660
3113751573884
9392550003898
5918370243240
95533867551
3040552896480
7998831412216
131679341232
13619118485336
1186221395975
1290749672136
7803981230240
2275445744
232599852240
124772661936
13598058647465
11894964888000
103552144416
51061388814
25068814145044
20067580985920
11522149201142
2773639493856
274336210200
4150710539795
1726053027303
10786181039360
39365826795
14994451902764
850976282239
407051443071
2243898618528
2027953277076
1497640283
4432697575533
2226345424
19638343360
28396696674150
78557511109
3670237003160
10120076789277
12468180469275
919618681575
12889343783211
14960665275801
912410462295
354480046244
1599030125
296308662240
180441688392
319419746100
19432211902440
3413783297180
901522568760
25886838784625
23577909644
638969310
9701396095776
79913100000
1302188968080
2762202773
137524106720
54541717720
14389489267644
3209256157485
4992967739504
37243270080
99584001
3302197989840
17731498397880
65660
11744812933260
3343819476744
210998304
463365018930
7218300329136
8111602952520
21270439944
3132635720032
11389255674720
1652847294720
5815500267839
1116647115675
183148855968
6409624933965
1854605975184
18131775984
576239942586
11264002465851
7255918721898
2087755563075
13571920220320
10306123703540
1121577072
411947827200
207958592100
4830262940607
142174530
2127184531344
141514790429
8477537690560
292642867440
3879573898200
150107673150
300559729743
109179550755
279474073120
509849799816
13214350656
44914258944
211094511103
5047210035840
4319152147712
9375558499320
22353277794029
28808267543601
20851521061560
9899262098730
15642930870
164615439456
695959712091
12652344284384
18492763707
2015230094960
3709401372376
1494996680408
322209164875
3158539363656
970539785
30648957644
16436794504670
812781698040
7721208089992
7557882759
632317405874
1375393181877
618661706750
2434281035
11343913631250
37899660240
1222059079809
12641230325400
113091835584
77978970
5623788631032
821002117924
6098303912960
1304931141248
11239173680514
2889027383970
18180964505088
460125484000
6791586890400
615680684112
263498590
2927953393344
305812411083
2054122934144
1867524905
822014351256
2093922405575
29862539787784
13975825109400
289797755265
2250856451800
27112894875
4941915141224
2362571310567
2252849915876
4169790238400
987408728633
208566652000
193698518760
5317454040960
453952664460
1006726735170
6592752985104
64936263480
9235058773776
285331768832
14354613524966
8077421373660
13883582225088
736503120261
750819657387
23258370390
7814323239856
2858730293936
494804136528
1750211191680
146243535778
5599864808300
9519422886545
102817771197
89599618091
8181146109
4026880033581
2094732558000
9251195857280
3023313322468
105249312
507957886128
15388829607
3034034450478
6764275285440
293372912
558078276272
7629740954888
11912856364360
2455625764884
2130745575
7031459160
6183479331236
1745937899280
6480916357504
8012996468950
1453126046636
4594536249485
1817763895392
1075180632621
740621487375
4715814243504
12382775160572
2332063892480
16279258557792
1311841906200
30396464614161
19646074904960
859449988
28661074859520
538569875
1017721249456
14570234154
17393277002976
710693949512
7782171400080
11343058272
5945031564465
14019722726112
80471900808
210924608076
3475919763428
1669993314012
2525004497450
1107273692565
1656081
102493332480
23882894716956
68083521990
2757459420216
544545700
2824787
18430164743250
20083715780877
3296763008
1652582568
1909391641290
5691637054908
8538928089489
199066836816
4057414555
10611302160234
384188412231
17316123739436
330456663537
44999600
9045997041144
1272225982484
2129423933592
7356463051232
929460612096
12276089959936
217524112448
26571576145320
215336375280
15990181009785
514407872247
1224392069640
2417884976
111710196
21318044439564
21209480640
879808175984
2054426940645
9570849867495
12714926844564
830753311199
2164830481632
10682949216464
647551387680
4476300059040
11155042272160
454431242447
212010219784
2756280303900
57061152000
1203121904
56856540069
2562030516480
1890177241152
782688971952
1353806527125
12294846342464
17000123235552
272343680
5573513057200
4550225907360
29188794453
95851059200
5615095952130
552601659454
10865998359480
2313719175705
339874200
1267058484
5592500643264
5404776196998
42930914717
3971908954560
926328563714
234324253002
432483453432
495287314065
338216697
3031774980168
13867714823549
10796875848
93513082416
23156779415
7057011300192
254377320
11327134105755
4904664484225
4308696137760
36653268960
17957052657225
3259589630528
18740308980080
20144290987800
15483136644056
593409043899
12650367651264
4287861176052
226660272000
8065010504520
441853329131
380030573621
9002223886656
1079856765
11873202616314
18536237590680
26298218284299
2510879695
1443718128
13144605829824
11717314556724
8292165739104
2795628109019
4750568104128
911976
152581357464
14796969366042
43489974528
10452175076915
11215412897156
150508530280
489379309536
8422784208576
2469121628670
1078179384765
2757629952
113913306104
23703310226736
5120875305008
9013619256538
23008778474880
17308156866910
67859746680
1092700309430
19988392032882
2881264914984
7258637484832
514739974585
10552439436000
21386343958614
2217054594804
33639339825
7812318810688
3801124172844
17659527940689
543786278304
826021809179
21063517344
86788208576
207793739296
27659340
4704013261071
542163055
5621604461640
10174785412832
4276654391712
15445577743200
24708005
1072562976500
8422356245547
6197451046944
3663966102840
973869600528
852085911896
8787983939280
115463282144
174399818925
2526828492513
129101996976
641156861670
1615164554379
20231287135410
1937152290969
1286099005035
1537559677512
23980123047
24112010474450
5093520472000
612484683216
1049215720113
5507425113200
97555286136
2884737534712
9806243322750
455727055920
11015138933760
3242130915192
1431323775
345479384
2402900640
29642213547
9541151309950
4887552118680
5115296622216
3229778022016
3529438162523
210253629120
786829373424
11377234016256
1153894125312
9135775491920
5920672059456
1286035839
6063701012730
2107903999782
691635090485
1001964080950
738309600
9304555260364
35141936049
8207305267568
11894158644500
440907291936
455259899344
284839327360
101013031119
11569454114400
5285177541
11551605633750
3666909419390
1206638496360
549525020
1180527620400
15306441747016
356299170000
23484781015185
173993254265
271728
11449152
9864720250770
4192412026480
7135325340
6434040411657
4003628574384
1794527146800
62183541992
773989815599
1268345015899
1180514903992
9556148437605
39592679040
23940413216484
15751904739764
7847071515360
164695797552
5374198043231
1135597810704
8310129300
1120789855988
1233100785
85785254565
23114011185
796639981800
112249403488
1653342399936
24370773504
14147646685385
11342433391481
6952147414800
7340728835010
8098121929920
5596857605475
16031885533998
972359863020
16440699478032
1335603929
1071575948784
11944625355
97326105564
21657426519120
10665456200399
94044013056
137262560800
1112456816640
843137922000
2760740912384
18393582232080
10390606786560
4441126053567
7846982826480
8464281826728
1034170380605
634447891415
65389427129
12018332700384
2943852978816
188896378880
91028727321
1184185452
10246096360896
62688656010
15901508920390
2794967432304
94242858075
17564886666096
30046958342599
422223159735
3092486157964
4071184998912
10789482816
13577000885
138688478280
3162889436850
7975657051869
9686564570988
97500534
3041664853310
745795102689
894062984100
6894071141013
3816795676320
7330258767323
75639764745
1923181094340
2723097828281
1267459723215
2555774362393
130064167424
401163768576
51314164605
208583786808
14187184655952
17455872
1284726957824
175081639348
14637024164448
629085887304
132335918612
3910391619480
229099202815
2234092412580
285302941560
6457560577776
8379714056175
14644373077098
1218183210
4702375934711
801196646565
11490844657264
1080423562296
3583025498367
44845302285
1019476580760
4602530844720
134146440272
44733
4044761414368
6103811450880
12707549633840
987344640
2588390574
6376687996984
8512219037700
677327612490
112220762624
788987311910
20613285264
8087120961024
18357911485445
1095512609100
119667330720
24939255571200
17701156148721
521990224965
997253985090
6277969768176
4759639438320
13437144473690
8256696
651407845920
7270463793856
3846731422428
3337827837977
3341057249
170137370440
35660005920
43125896000
7908751872
908623866920
5522152234
479845600
230698877640
3492551504680
7293233159004
4069282626240
4915347968
11726998697
469765148
14577872380440
13460100863525
75
3677498023584
2936668155519
182447198208
51075473024
7417825529049
1304720704275
211365860832
24015615117
72010954053
9645891680880
2081468337326
7326553113792
294624
10527990000
814646668056
59229618768
1104879776
2302884902318
3311193619008
35083245175
3407251093440
4679697764952
1073497992824
34162886520
11030677405605
2613728
15272753480192
7439557899312
182638757912
191431766890
46367255880
3938198045859
33824369350
23224698696287
17721682163640
43343674
94720380
590202606000
384141492
136264700880
906633558704
178765166272
16366258883358
5874061536
92040168080
5026750219876
407752940175
4266926282080
12128889609160
826229987
13962028717300
25968420997500
5400702151299
81421602080
12312289653870
9421408372896
21840058240
10785338408
1168463806230
1631833127184
3094574854760
15589981331584
7278111742064
4900368132360
11943118488240
216133477560
8763802516000
2684494851780
242048819376
1317521374416
375156015104
7415639233851
3288645958752
915206373504
791736000
15975106211358
3045254839200
7743230490200
18562292335902
7200566525880
19214059971600
40392162888
1070971240080
3173147808
131398451856
1134106875488
490698582272
13263647494620
569418132192
303624891892
9685879773444
21068588662416
81949467390
2388100825656
6675414478362
4226859121920
2423447206661
785045170560
73345943616
19795158339264
2332234845000
6754212370608
52099840
12344089724967
2544087143367
1098705460761
2528650062939
8618367417675
810743952
1655493664790
657047549280
66294165
3551097491760
5071962317184
1132241989312
18406385899200
69201775968
8956391826144
5445260227428
19483922220702
10471325112192
279549366624
860954776122
969928568532
13659736430225
23930083857200
1580651699
2126178541575
107903565
11399218900151
1776884627223
13391125139376
3969268459260
320597956800
836943000
196179947012
15698565959804
8860103748532
814010603112
8633181642800
3365751246
47084425248
860634679967
5658625248
8537600654697
11502809674962
21087643840
24266288
1113269920364
32479445880
194220
15730434260885
7187676353208
4098901724160
3560266609200
277094480
11823815395560
20603503495485
3726152538570
12290012969256
383740076583
974712802536
237724724
1041098730
1048438620
15973385714787
481613032494
1939550868853
48105927408
8092566783117
3927271712
7808090220
9151998914888
6595621567920
590173194672
10132360534034
858484338040
174363822848
14470680
30219022755384
1758729753320
158667354655
6928999959
653242804068
2206807196480
1179984597696
13079333198080
2009457805152
928727842560
61733596000
7687734028800
17625273123029
182637945
5675290452090
39375961
3112074703360
7128703933440
10039144692780
2345632080
153324688583
24923781712000
6369102696528
3279424914045
1002180264813
767195
4991988502602
15434022049680
12150103638708
5326011980256
12985742592
86112
4986384237923
331729323
3975928400600
5471990257756
2264221245264
296867196776
4193701418829
8967938192600
20516130
1605040176240
2039592785440
8367064973844
15827549044816
380534180496
23586822939537
9055127299860
113716043136
22537837056
3919291200
919838422041
12813100870240
29755688130000
48003103920
17934578999516
5908610866275
871546330100
69623852320
12195822902400
3723870427200
42833817
111817320159
17619294803540
7904517795
567871957128
8256586944375
4786916814120
13904073348
9458945685875
19011454290279
5034428205336
67410
16301393417265
4511586068736
1755927230709
10096935969393
7137243180704
832635601292
132845969036
12499438796400
19065767167216
6279538113960
16344438303540
1227516156920
5206682585592
8565064582800
8425570878020
892631514877
4455254600940
19556632969664
9351022845164
683108210400
11220485528721
2787323964366
12360793258320
2764409480144
13870775258124
4800744592480
586431500480
7411545264552
22945196288000
2093165099550
1823913307665
1733183466075
356652053589
37412263386
27058924500
638909053214
681837210145
499002370200
17480854926360
30050864640
25193019738624
22996993812334
9173104181880
3699367063200
15624926577792
15020666486784
41675496
156630114
655406583375
18222795500
14785863441104
15338270724343
1106008384690
1462387452917
348484608219
9013516670984
87144899112
21164354217552
6556167728516
10130171762802
402106668600
9663184902
14468100803295
17452503579225
567716864
8668189528188
650493302960
6014509366974
6675004959008
2466522482040
299094600
950123007202
1115148102896
851704029693
11933624822240
2096905218048
18139116278625
7145123155632
12093745884594
4201972605992
752816018655
6541184816599
3522715249536
7340712339105
1249476030
4761014604640
2889199388360
1201409260029
252281520624
179395342944
1677146932320
32515752214855
7884104556624
309497138108
956145089772
19717924064
4086507872700
6552427367787
4760674608612
16292752160640
2595889574036
8491949386704
2732827826880
6770531547450
14337410137603
175169
1109271072
8044287559
14364446958976
7727446248368
8646639372000
25571245945664
4357611684
9744091279515
1578208778784
259421112
1524871645080
4201404797408
2213082785916
186487740533
14115605774400
7249507200
5209278564747
22065780868263
116690734680
8798164740936
10692821268315
15120309383219
6828126816445
2512550394704
176009248145
1023830697996
121257120
142983363264
5475083544558
7572659798000
22391208663120
7089657687891
5442765840
140507784918
1504018165923
1404390170975
2406687003
17510774460
1071713542560
19396745812703
6633311310080
1163427220134
12164560
496356813
4577504625366
21373149089
245074054128
9079858117683
3292218431733
4435805539845
314474208000
751552149650
3360237946065
3199756896560
273035000800
201827593296
1663928048354
6110830119620
772994205839
1773672584958
11728956630672
3780960616884
438544361025
337306334472
4804622944734
3951992411856
265204361765
10757107760404
4962872983472
1351001252016
5398718600736
15514605899520
3827347383195
56446530000
9679139515914
69634059392
371501442
7718578714418
11986128
16973407810554
6752340277065
378803382065
17431507129840
6365696574576
560096943120
198529527735
10890665910432
7615873551552
9565555878112
1332551178900
558113902605
1001662970864
2489125169846
2215718800718
314023390704
17997361874973
137137567788
4773048520544
1640837913204
83366376736
686249717248
48444210738
1166124019467
237667549509
977514805295
9160938949680
194289500295
1790031815000
674340648173
89746928880
9786486297600
5169266403128
13780531606845
23282724222408
13679211611160
29764062992595
262662284
12802062726810
8347680
116633586377
168426926064
7241634663798
356493300660
2172759287744
13476578400164
40973959860
5089609175024
579934464
2217004523685
938476040392
89091540384
20259080002614
11288331828024
147764281385
681208035
2104180994600
3612873998445
199511575655
1192811970000
640138522725
412253857164
2666512835112
130354498872
4857826560242
5690533904370
17325929800800
56385528992
5415179744703
851242551360
2046367133496
26526049906617
257286488340
599458818900
8522895504000
18744462985904
269875
1176
3330472478348
115017400264
6906201635970
3162987033570
2326145445351
623362848
12812243975080
1361137727040
7898914782431
95511872000
6732805322036
1573
10230908923875
491210451760
1558743623073
13589970468077
8928456442929
693327103600
1882963501419
791787087
72231551159
223134187536
25978238657943
6892414282029
1210234723523
1665594831660
13702759780592
16888929338160
62967864008
17745691006110
22056397113449
794704162560
328802073600
6409831657824
26507701839872
5963196443516
246662586045
1834050542850
3075986908929
1323
11448077845025
24231090124200
120987626430
1344458981570
13656697977
1640288
790824142095
33856705680
1065670809381
4561034400
16392853985364
572348054640
14125727719845
743866293326
12627897554789
146815254816
6415881058260
3463552698660
2178643276080
6518651595824
56883874223
19586471371440
5894228604159
2152607589600
174801674204
19681459062909
1691974081080
2653541504
7332998249264
397040610840
591832609179
19469021677684
1057318429440
97699395152
410144498694
10001373915148
280787875992
15170563545000
5032783024260
5425924434
466858254720
2121789047070
24200660880
2147380565
1666263625920
5583267021465
3915079706060
24890266254791
8810947355520
10071943854282
123014525184
271830697054
2065687843200
376833795216
11280231794832
6234118273368
10310795888316
1020162876525
598253376
2000024722904
46443939192
10365404919840
242568288
33760980000
977561949360
9560422058240
917214414179
187175119920
577401658605
6804372703926
19171835416800
23349541052955
95515640640
4054336398945
4986168
1137035364
4401057144528
55423885914
1973431808
1139122244484
22560675724800
6304856944825
392903170560
9806178417
148055274600
331504702263
506366686815
642242157029
16157447031912
14750932078080
1812249025008
115057269
16439221989125
1730716109640
18829848525
10092810016064
151005810897
4099165708414
5286853507770
4588433584833
681075440424
13664486682
10535245021647
1011977675072
4985217441776
62125082790
34368704670
3482644838400
10884769982400
3923697148560
1121410095
7329353061492
1766530089
884478079872
1313771254484
7256348166964
11268883762752
1181824874858
2651525624832
7370389139568
208736337309
14008834183125
36068012450
23373830704
11832410471832
3118319061660
19311939268920
916498937690
560156926595
77655849071
16344447304064
12740763410144
556675573800
10026693724536
946985243936
12874970339184
484008
970655335725
606459253140
2384862644160
13905969584
192231262080
673194216848
18207142189740
7925796513131
3449699450400
246588744927
3311939854464
636830887095
7116644618847
28930235675045
1334804130135
28097341418034
17843753435604
3154584834240
2230620252
411044758800
203515674165
5932285262090
2374196262046
405275582400
2706228427904
6016605751296
15421501942952
152736161760
14974382962352
709406194720
4224558224095
3095065366965
9505606138560
599880440
394129884960
3799437788025
978279715064
127947936744
10290596907392
10677914637824
3956848334208
1081315757312
4701406254116
794583620813
10699464882404
315992965280
185419085110
1492109005376
969242328400
2733667387065
192037801968
660790156090
148194072
8743290207916
5735795016315
149494691056
173317200
2730587376
6451909272144
36224823360
528262709025
4707481427315
3932492099737
306968008880
2052756663900
5892792100272
681073458960
10728495536
55521972660
10093400646930
64452751593
7844375577500
10922484466560
18377937519480
5682641638026
13371437272050
34473000044
556764
75151440
9087939544464
21240359262408
277728875424
23444353790559
9721729968272
44617480635
1802481120
4233228379230
1029047274624
10905957277765
535211024
5955793776
189626598720
460404525
69288700
9185865559608
1729619606520
4205114726544
663386704255
310064111820
1234836149099
9215943271452
637474401405
2083346693736
2580847744608
18622531102425
112606431
7496090837928
51657713820
1228866309
138657475824
253733568
5407858779400
885021032160
7586885247480
975735041625
802965620
525498696954
8023773294564
7166262184173
7418947966400
4218537213
1882635057432
38881368576
2234990955692
7146779518469
20987963166694
179529439254
360744360000
40460944214
5889745120
289122768
4614304242240
5756162588922
20439233116736
10032392855016
8128138540280
1721578860240
123977986688
4516331556464
11265892102179
2760063776640
26608708756008
10513928172672
6832991066832
18565928196228
5401606206180
782443529
6527442665040
50180113584
11644245367029
803726687400
18845176525040
617521019841
5211666972512
516343908
3225724670550
4553115369957
7632499719700
3715182671024
52984302015
7548547343344
7692289904
5809190555325
4242367305248
11351953747986
2232544242816
1403986144688
86062218
45053496279
1761650380620
11121574638474
11688037173680
169929890256
64124668
409603835009
5785839759404
2020567464
4773380917005
682571736
156381392448
297716575934
1147776806384
8559686448896
200437890065
569064012475
4807362778680
628275371906
16635931289285
25697574436364
4200
646398889344
14
3353036377200
2543854326600
645378289584
14445074010687
10615000642629
82482498720
12815499756800
250186690432
1701280439040
1532249319
26233976764338
49397426760
22067437687785
947922254752
15843524433075
5989366784280
481502625280
950248348368
21048677535360
1617660210672
308104364
1938067021936
4088893094400
3853802808416
9775100767035
693168579
63970174320
384605808696
10744034994
1995533259399
91433240640
622579184591
6092829600
312459212100
105747752
666105050494
9300913363665
567238853360
1912029545223
25385005795
358227505136
292475636570
844113424
14754563364000
7860162273120
949208074395
30662370732796
23938771379712
8660093869312
18612864917272
11063501745240
6481619393328
187102125144
1022109587785
2873566784704
3307482719370
3154232607536
357363906
3783181060425
3063050990608
821182296996
11132878585008
9787831323920
5216692046240
177244068870
8447362791707
4198057764904
17475437238336
488214187032
2374632645
468332641708
209783231400
8254386639360
1513725444000
3395100338784
7465614288923
15514857678150
12346179248448
10568406182080
129769503435
1335401983899
12750466137174
707995193537
352878000
9338855076460
1776294912
61671795354
6683611169590
202556575
5173844121600
1106868363719
18499612019759
2126188502895
14068405773600
204563037600
1934785221504
9289274509053
14165845853040
2745893868900
1416509184
2564187304305
1929312
84325560
3452860565132
27662624360
16825786931142
1726077671856
31627200
4001670363576
51736614930
700420667835
10080446922000
9866462965293
109755000
430652444040
7739927138979
4450296944247
8225191207616
9788405079189
4072880
3219998958204
3484298756365
2395565257547
3581097175357
4237264223748
42928215030
4660738934576
5009032761150
184574241360
12998016141120
900491863040
4173306554592
4824071319600
1780389072
5659898182104
380191884304
18517529600
11328822685472
264358780
53590429260
8121710446848
272108704565
17386210215
2958905392443
10143603740690
5679755881569
8224948357176
14738037249204
3421080
6771076235040
1094410316304
1884652069952
12193480
42712288083
9879309605620
22077673922
22999673498088
7704507850641
912013771836
2206195077600
3021246452010
10504165735380
487851062400
1369908263136
40249666620
3060063898416
380566311474
14232418315252
1621276422015
18772778254692
595957461176
3627936695680
6374061232110
23186144865
167480938576
2991040440
7633469794413
3322303425639
172307409456
64159283610
30480669120
458853865168
12296043539676
14590803601440
16796897438400
2681280053760
444456885950
3906826235500
586708778496
134404901850
1549636940400
4898643610754
36713541800
14622621532970
907045177815
8856161825805
804873958449
7259772019904
8514969435200
247626059400
13223288753120
285051483467
18787034284784
13680554282150
2202042667104
4254677620166
81396171630
1341163668329
123316601739
923286240
11628883897974
82525968
2126863659400
2789152940
442319361190
923085020991
6591046601880
2785750743984
15713719098
593050439040
19875875179920
9554344527168
2365600461840
5864481372816
8579052256508
718118352
11506386947040
598657671295
1338575160648
2048537473440
573695093400
1786979938626
6577351011
4855457876745
1953168519016
136548475743
3036681269480
4421960519900
7420896949515
254675278095
8634455827712
4740535873984
15956052886496
123078560
1204848143728
13770693584840
8140531496
539441810145
10049809989168
1233044452080
38340588224
11909116760100
7268944454226
24929603054560
1109020985820
5399462050400
3555554862960
10608038213130
6137227680
4218759928845
245583939120
1340428514
313361959032
2200944640479
199880825760
214645539657
4468805431360
223960244816
5448931925976
606828255
2203200
729236840892
9142954279200
1424563918960
8227729872000
327629043824
15809031749735
311527117808
16514185757445
6588337024584
20630041200
5730350207232
1405665733
216120492371
52832866248
1616258427567
19568901469689
2551035785996
3541371456
3387825408240
3524401361250
24445284
27133723901106
26889159580400
25040055033656
14898449831352
10176252043440
302169001880
1283326110
1749193294905
175650646815
49627700
1952101024848
814423772614
199752
10121251425453
9952595400
985944839624
615926168928
1228226905194
12629207552
38431916544
8553499701960
27184958514
303005493984
23903024
313006264740
26455909284
7349537315468
12763409912568
13314602166624
153771408
144574240811
3443396848560
3845002258217
21505777301925
8008439676465
299683832564
22926425206272
9795295179088
9016416750848
263479581065
154128
39861457074
490272507648
1658124549261
11962398057400
7408346016936
7624310074336
152339093390
15531841811184
1527199679880
2160435980648
2295523152
243865475120
30780608
35302863024
713653547152
9502530760296
1043309754312
1916020574622
1680593006295
4652013280068
95602203765
373085358
22518556269165
7747829893440
6389695285758
104357564640
532019144475
12366657370032
14981698982920
2870312640
3508393715712
431975355760
3548038906592
12345586438575
15475317796440
117448350
19029108561204
245380600170
122027351670
5527505168664
20390945179644
16327111311000
1509486200973
26760406443039
10840278102204
276760327896
41573232
88567876359
36558207
2697413340980
5326528356240
609998025
51738409800
109900244370
14026656280896
7700795145092
13465268259840
18275198664343
6318785985876
56389674080
2307149219634
8466884384320
316780440
78397725824
12258120744200
1212971606457
17026188284
3087780989195
4098342189600
11177042797344
10836425995472
3788779908312
4545269147
63001816544
18135563073012
46698985125
4918586889788
7218058633344
24955161000
956710067082
570962008848
1153981981680
43995450
193985640
227637875
5310287819200
9268366334
5207477338623
22453481827000
1158393559340
507351005280
356979000
204157432080
17098113448656
7107752540880
2411707982855
672647352384
63025007040
32431810165776
22494517155
6774881625600
313277686800
2208475390290
358482090075
1934946004362
561802104045
175636860
14195286250496
7185623376
13238516052944
12925581905376
2588005352
29003848346
12307680
1653070806308
7945489254144
17063313772452
11062307872014
308266440857
5511142845740
6362548377800
10323486524720
8338137020080
5065148969088
5737554453888
14557661429040
1096753125
15032987191365
1955216185560
18291270773790
205068367053
216417600
3316722082728
15276336
25870882935
3924018915822
7930787976240
66056184000
23388175060488
2537648871632
2216256000
43417176
498524688
13883358004187
7754003355060
197253182922
4533191572125
27344312686
18146959513665
442943131920
16550604145088
8454051000
193372126530
6774559951088
12561135746544
3137937716808
5480223500736
280142422950
92692022436
2779479855600
3925465471557
4110911987312
5919749195967
5155887556080
2549458868640
720692991656
4970061237480
2641285710000
69194912
14211688570344
7384875322104
11404682706177
2019091797072
633054575774
13167028460404
11008676222784
11488101433248
2617398812184
9651021569273
13963814794887
370498983862
3267406900725
2685027431200
12652398690000
20665181814434
3750893933040
49356873588
1819995726720
17615580985600
10411866657650
1129500498896
784784619200
6773202789143
4621194348888
1518285718989
9123013736925
9552325903920
8412879523659
61396546640
11895841135500
4634862818916
4544039269440
31183887857639
544018791551
2330590615392
645120
4215023074416
53316310835
2172173557095
2161498943720
16885097976838
42961787824
14948665244877
294514770186
4141922912
2248254768984
736038528
45266205264
7461177424824
27384143054016
7261471240656
5057346650026
4118131476030
1599071895
16673005516800
9689655349
11285162444105
7674626197872
11982457029888
488108133
13988499395187
240443289415
953094384576
1927254200
6696533760
2269802424120
186226389644
4631504629367
10979219523584
24436928
18463726361856
2629800801120
704775942747
10439085399
284369375300
1055077009272
67829800896
24224684974964
15127670535360
113255977205
6684002484003
4325306838720
3634528729310
7735231576800
28879729540
48663584
18276410655216
2905254699000
722939940393
714245486880
236412215793
428094877952
5219110730258
1124178187511
220260970845
11813656495424
2461005854232
18765265907
44014671365
3189522105404
48272307314
26492924243786
1541617187068
21148767779584
17280114177216
455695464816
27673052000415
52654876560
1034053805018
10119161688064
13590941478180
1318885105512
6489945000
378400
19198866960
427743586296
276200638032
12333464295840
323037396294
19431948614790
72051286320
15364078601391
24636687480
85908494056
80450370436
9451082845407
11751476013929
3856702983365
7737975
15960628839904
8912864036655
981742924720
2082232152
4716610455843
390802561526
1255379450
2050871823
171433161648
1727677542240
5064206048654
379102934112
55450629
10234547542620
27140667602220
10269688260803
6586663368600
79989533855
4861562780688
9125715161864
1762109631009
309931159791
5188702211856
12559220804739
26918636745
376685940800
4403305896834
17582678902614
461597387483
7427008093533
173650219380
4068716335918
90685236464
4104622332720
12496499164864
5558135862600
27587834464
67011630
22595456616
1499996137104
30010236130784
27066183494525
7478243636185
11032111730234
2910603995376
34328073516
505472288
239105341061
15066813827610
11851693765434
321589520320
6244157187056
15777717518780
63893429613
2043901787319
1848261160032
411345506880
12008316
286195469560
30806982608
188198924850
4312678836294
8738792724712
119625573585
1476941586225
1072591058
75056303139
9455776491
8297489421000
17563723798500
729982183833
6447982380203
1631536559
255320832342
20501764284000
79485213324
332009973504
11669693528430
18419610431400
41468070420
435667056000
5187717360
121647523256
76962128
1660687530975
856584950
933035039
131044618728
444721025520
9960847700310
4680
501317725623
95351022152
16517128516902
85510249440
106446384
27984512352954
20202797347200
10296222717272
51539935656
7325989845293
4786164594848
2291323193824
150273122480
231781583880
16114090905665
19448092812
828247123821
19590813682272
263034632727
1772962567632
8566282736300
20233790549
2875025538176
73770112710
14178682805474
7320173380392
5929143393584
56785565600
646015923118
1076076159954
305912940060
17766334761120
386317892334
17479405433250
2338665042800
2992799372664
878186538992
7896915178544
246850959355
2600243602272
19288447766448
32359564782
13748632645104
12805722720416
9603517895472
