933516120375
4776844968
10289976830511
172529784144
15727327761600
74782836648
14395764022722
11076296296320
1557120591
8654131798400
3669411365744
14418731040
71552
1433783874
13237988943025
11632691395456
2306510647500
9105901470432
4530557535
474134236263
90387000
1759653726016
785032195584
5492044012
6278373693
8888808065496
665334602993
591784989048
8063608312186
3383880819264
1084863410880
6377810177520
2479565211475
19777371651
369641174400
55914638
51320070
24706024002555
10830583449600
21303719975520
35382044308
75859826064
6869846983619
1636909472736
7807650369974
5294990961520
64325184
20683383897215
119010089484
1248444785742
134614037376
44901668088
234499283396
11721073217280
51273982692
17625781890272
1482222036295
14987200147849
380801235136
29323098002864
359964
25350723936320
707284466880
1020121288625
5303751740595
9329747640
39742674492
5428592692359
316936830105
5697263
26264477259120
4910331879530
398522352240
6857734959816
15459695205110
1047623330976
8098277178222
2575085862400
925412034171
604666054800
65660633300
22558664964
150768878090
1697003588352
307324756728
1619603582288
11535191165
10663632740
19853645999562
986675322072
4993162698927
12114097747200
732333743670
13788275477772
14595124297017
407300044800
11708115022032
2537490257640
2018500089648
7019633867505
66701248
498071493267
2429377264512
8166406930430
565780561244
446693459824
5286720450336
10182095854112
2611929177
11626295020236
1345366663040
272312651856
808736831280
2723445943
2404152463680
10836370359890
522049837295
2415553352481
6353867691
3238739680981
1114593030129
135437427246
6189936566595
3207392357169
396104897856
20137568103072
1107654769208
322053980800
500288813808
752129040624
3414851426304
140612704
19420262400
17138570777844
12136769064
1334507394915
6884993575320
12810278720040
172452533760
2308390104
898319006833
5699047934160
5040409088
180916331040
7365091580685
147989084144
19101099273009
5487048
6689373546840
476971213104
6639306040904
10756436131854
1708728466161
1104693668190
6025956490652
4844831239680
11912230820
3632031022798
330133232
5203800
13140223850
8277543910416
6754297350548
15187397280
89478083664
508232103168
797363764464
1165185
18964028335616
966655632
96525205760
1065200854872
1198946949228
159548997177
17101677050640
1309308825
6616834323190
60641819904
16565767219760
109143672561
4880429481296
4799291670339
12511386461925
1270480211730
5591461487508
19647367943931
11630588857800
7246834436660
77569824288
115102323000
16235790901005
18639007243200
11129131863108
46624884
136949310960
3775617569493
4457351180520
8651676240485
13248828327656
820025440
1502563859188
1139798001474
345734961845
81997649604
3167241321200
2960650932800
3905475
103600330968
16616041904
735478169080
9467007264000
862194127200
197745909644
30760680
13612732005303
739931546216
4902796383135
47472750
16140266358216
7348683698040
891419375
372388589235
474634065108
8309220955607
22878984
3609457937169
2203091346800
34507012
97371956319
9225964893743
2634694962680
328872827094
13978339929840
3008580166144
854815823675
6437423744817
16170084063692
17324396119516
7892247835560
7918359707475
18456024702632
5591803593992
17528936038959
116761365
19645322797409
27809697552000
4726704959760
1064448
5646832267650
6322277552619
2232712864032
8552423809550
902957
29709356859
740836646784
7463391564384
6144097123740
2947680
11834096069
11233906564608
2153730680
3526197343500
5389595484552
10241010623115
51974024704
2104982356736
1902041112240
17691606219431
37870055280
3861911693040
9266642217728
73343043
948819978772
20291422361184
36323705000
23399302473216
6884358741060
4628769366400
2125677913568
48621205542
1386645402240
1650631944069
10569293182008
6785965326672
596333231600
583532912
269833545
486991250760
16959616775
7227275517
351882608
751089724017
109740288
1145000032704
20541688649235
8881974230784
138285023040
12242129846400
7301593501290
32472495
9566618491395
10908295925025
5351738937344
2134250128175
20198478621348
9238094864064
845556717278
3398346682557
167913910008
29550260918208
2078349292800
17041428313544
8558049507966
3468374512056
1728384
7920967108458
4407268951440
2855148514416
10733615550
418449109504
328933645320
5572644
5143987570680
527493067136
1536783772512
41934985680
10254731240759
1864858773885
8132753427150
10562230016624
1459422826015
1892126121424
2110635
488042560005
1563569347968
489763488704
37339776
6885590369040
532666409760
767075292555
11318763950208
6258223462400
46708092375
79635626880
433373328904
8114909743000
4587499795200
4979538474680
11793053176112
7096535040
1225006259624
7814928114
8517704474400
3949998554880
19937520559680
9258202945104
11601389777481
22815694289228
13639635699
5020837122600
6493854346743
1051717525920
2661752384
7601250781889
410993277552
6667837111845
16169724480
789263549349
6079319208
314839445760
331553267265
2974167307104
880455576
2924497775799
3748811380405
14846797
686769213193
349077906000
10603917463860
7612655086952
6479968604656
481461959
416198160
20844805940574
769612630176
4205678613195
3773665415520
256029560528
12081146840444
969942039
7967030497738
32506614291
2115026295000
165702219705
756449445248
73149942345
427125610407
25268733153664
43980224616
173283552768
1997303237800
13866973316625
2086608240
3120944878467
11957084353820
2297566944000
1975915209600
242955042600
364557265521
612624117735
287087977287
7050155745920
2464660650794
3280715994435
4320278152920
5354640
9716462627340
13393669704240
364736064
3009394273716
2067937380129
5702313731751
196704905600
4999300651247
22079910947310
748894852680
495403939520
26297486864
11456149415619
215049825494
23611441860720
13664279768139
77930684816
3538486854420
204877204904
3969657720
1489165623250
824318426457
8827331452863
74925697674
3509061807111
564831697647
35642648900
265040775000
1653455504415
1356311392290
14013243831387
6946484145120
725696306800
776412958160
11190616925280
4647027570864
17742792426800
1034470180224
21474464011
534239482296
6033035347395
984045216
568506404835
220330106304
1523451789720
4468345359248
149759584
1323175111479
26506091278209
13135153351294
2151831496619
863809308384
2301103080
456255129568
1178646273936
8222778457296
38537573200
18185608896
1183422633435
1152352021052
612458185248
3913813392210
578117322900
351639436456
19217324280
10792255745959
4343787195840
15822223560
359323897728
2725546544
320797914633
17768831727507
672666660000
4213888817544
26780107354875
11713060431072
22661014143852
228820454784
191132033664
22466379848968
1034930543040
88894782375
7377312311733
792015703104
13766940825
21403362619056
1064203126656
120217365585
2258762052
5895789455
321246451848
9695463075597
225730869280
9092795552820
1564451740926
2133383680232
10600474492818
210011676765
131834841234
21571942168280
199783350
525438368
18745327545
14268268350
636104739342
12995257189110
2298881356590
6961517640
1752268157169
54915377496
2652855523532
1759493861175
1343989427960
1447386476984
5038489521975
56257240968
9997311208373
7366996572384
1382086896
808630133760
184719667040
6392336973624
52252619904
2561805283752
2556471038348
1689559784
19648875138635
8723499655440
8602012773165
1083343725975
860520160630
6532082640072
10752546079968
928522452060
7656154631400
3113919871776
1140297563055
8805042895920
729738439
801344810880
1326331737
21135660039495
72127087956
9469044802035
5147500391030
843516326016
1391059023940
697819864320
2944881667712
3088530064752
4776479638656
9416107870200
11804876300
2823844316293
14911246034
31113005
17505666007544
929450862767
3200975447364
75257716547
497979946
494085060
5081250113814
48874256640
117475598448
875233910562
42734617964
3857861640192
8209242741150
1217075
159676331832
12799614444435
1174478304636
51628769686
5558733589416
1092109183200
84600309931
1120623851
215635445568
5637379524032
959169719624
1626722765808
1106434122579
771264055359
19397048880
18418507386840
2359735114688
2423105924976
8913303408
551486347356
1363211326202
6429061069368
250646577236
193955903328
3818631407976
48397424688
9045114858640
15833994294972
5047551978264
851291442644
8361560397296
8607985809225
19685554592
7482221485200
9660266293938
412122896640
625938072496
11470249014846
5641153440
5095355651243
1596634148
91659269120
680509440
3727546177157
6701633547075
4259237267880
8182280026
499065736785
109362836903
8279466357984
38991514224
325999595334
28478118033045
511551726048
21130220707904
402794182210
8974904187480
2151802262135
2515977282060
5648938873344
619422220872
5302745391069
279682078550
361172536416
17445128185485
8275251584
12755453023200
2248188219590
7226138634
958617153120
57463776909
7203469221824
2175862267530
10743796166400
380293370730
885773222136
174422704176
3850776832080
470918226195
3363744384
18521342806512
3731316816240
27840809060064
3779895424096
16004873152125
43937009948
6230581971247
844117805592
14419080722814
793719280455
595352527385
7535852160
496705163339
1067463800494
4570405235760
8167668600
6854851568
8207388092484
9939556935
4313240708192
5164499734779
4573332259638
681324887350
14735568600324
12376627965023
4683988412208
14745651574017
76109854170
9066182234841
908792368896
3201628547600
684489294720
39152659725
4104326877984
949742847312
10401592189520
7229604626804
1219673650128
2670540482304
864218452160
3918815994240
1921284092448
865392904873
552185348715
3948288354400
5313273120356
211241618048
2808649109952
28880057239
1135219452099
361170708056
88281825840
27499771751985
6102202403597
3271679664240
88443408735
11884463360
7666516818078
2746775423656
3882484207544
6369578810
18245910398661
3698106100269
2690684804970
246430656
107120213640
239677130240
100973505924
120454694528
12757516480800
295845504
15710249504570
4150161369720
58782343737
8648564
16640255107905
133754760
995663940
12477563177431
10094602933289
5111144126490
18351488792088
5490803300670
3789019618176
4727559139044
939803930
15871139565
349097575552
7199554381760
7594989044500
1249065090
194449360224
365935081680
13099847012217
821700476151
157774126560
17267154345
6754848145683
156734302968
4552634860704
1364372122320
1194416929442
5211043483635
12163692563930
17657688380115
15072471645495
14510200187331
48383950965
48907132560
12070355218560
2127734043072
36997022517
8420800861935
320248317447
4187443039395
12484333043026
639634548180
3805015004697
1780884243227
304106266360
35882331392
4271935374
4899011499
441595697760
4373401880480
96824134875
4336763311824
10252260864
14832482086833
7101893175480
1324013385000
16630311615320
7451345751384
10287219623655
1858506566320
3186276946974
14100638094153
4241990315344
7872214268529
6205728
6963361680
5890383735640
12735210018690
29272002558240
6401887124512
18707007444359
38947127977
665067456924
305524109979
70200174
10649367372916
2069356717857
9457485
6056709613560
7378001139765
11140720238400
10431510038640
1754843738769
15956942476592
18549866347337
5907194740160
26922028866185
101154994600
11889269779973
132115676
7943035900799
1177562055
507446543648
103211537
7910094848864
754060356
8337425679320
4422170933117
23730202784
9690440697616
16924483879245
16179213403041
32896527284
11035879877104
362909510400
1895636367025
1333416248352
50538187128
22641160284
28423632615
21680304307200
11708102856359
16887893750848
500819080031
803028962538
322063458696
56151708327
952050245344
493458304360
4226064444000
7919138758497
3557578432716
7909677840996
4539114212184
316318206140
9872660
19896787560
520339801856
16761913301504
18607918733621
998834783012
7707403121184
5299832889390
910877835665
7641444705730
50084488695
1408513581552
24910121172690
7982953075710
5327389372608
4730052747555
13039146137183
154828422
835222327905
2996808986619
4094485270461
582029614200
324488249120
17955998977536
571146223725
328306076480
20810049708942
157494486240
4388103636680
118678200
2769654861264
660174358426
27638426088
1016764769899
832675508955
4675671699192
8849346574016
9709105489184
3278138542100
122609926800
13277875874725
55713232728
9145826970124
4795365243240
536491402432
440530446810
18853567040
48836868600
23335073962050
63641312
550611600
4445743948800
1104209671680
104630631
7928714477460
3723647744
8474327733432
8218546976316
16390371512025
109934661012
9449996299380
394682633180
5093069984640
506429879200
9026579608635
73393749
3000042768000
292366280250
6818363802972
6775870558800
16110090363510
383696723520
5920063998849
790728273899
5447801966919
648095476644
4605259734
6042292060080
3333421493036
9538975797129
19424574016425
599497112844
449847613440
452862390
12944534950035
18552693978559
29733997800
8597957706959
77768539392
4350114348896
5355590617097
1820962018800
28066573644
17847050637342
11864606552384
26964862701177
13006364123520
15035907452489
8887981938291
588373739520
283892293470
5184132102144
822647051255
7743426497616
12257471623488
211850994880
709049351010
24436342350
3851815964304
7930350436124
24327622928
430653887472
817812742572
308368202688
3684160361946
1260911424832
5131202038450
839818722600
8196402614400
22551545016
3018837753120
664477194860
10442555701026
113461165128
799812
763403954082
18787459624360
14170067970884
83354986880
95493280139
261227296512
1890665257040
342280983781
2418982336820
8865075648
4003447202010
62428252320
1885346906069
26097278652
14240060036727
11103985734765
10907986
10098944097984
9182269879697
18930695921100
242446981497
18540553574000
6823195916832
6020276691520
11549526840704
2115726755400
56227650
4692054466560
3853443458865
508048785
4219357461660
95027990512
9312485725296
8179103156406
447089780627
68255714
17282455814657
682398598000
105603569280
1457797624947
11760347569388
10485947254272
1025448588036
389870704223
87149117160
877788441339
13803320426547
8222229395974
1720237251056
5139392539520
5563975056150
227225418
1101188232000
2656455324416
350481331200
951449556180
14570435471574
588382257771
48567089274
187461547560
7592363423085
16684777513292
11742380910
20405112018752
1640247126752
155260596000
22203184931756
2159879023605
471711840
1902491757810
6571371244615
1129195741856
9144534064500
303761226324
8568500891564
993925801440
37063201680
378861659694
14106641771040
556137926400
1235424150162
3571249184445
198370320
3406970421520
254606015790
8255379919262
7223430487392
11608035450224
13876349760
9454392583436
4143022485000
305769513984
1215854707128
4621609729330
5659203984336
25010173426975
11454319159920
2336248416684
10752849697734
367371397797
880029338915
499823948650
76598838
7881375528384
16305567360
957306348
52281164279
15060406150944
602511067500
266175504
23140209542976
1060255315350
207726449070
428118548340
6944066466360
20951512159760
6978840
8958182894414
19554061211888
523883890
10520345194976
10399843011143
10821483352736
7742431135800
2271442111680
709167729537
20701458617280
1558688171584
9011474036
35020986000
730687019868
759100755456
3906981375984
5177432002512
1792561518
60014403048
7195011684
2087000691776
586289937585
4885581770160
28130792976
21088527191335
18526877018
2976786162
25921060680735
2606390355348
906725959296
3763535556825
9569395836000
13426634241174
3483975
5927047798035
16283720941605
1884527051904
294897088240
6908523664032
11726771614800
16065641532960
15938107999968
995684514432
3982731689328
1046551297176
1334440983
3484664694720
236543192298
120297056880
1343187200
889670664102
2132421540828
1373938488
4653580488744
13114368399680
5080202280855
8143795325688
334140643200
3295261488720
1048847011425
6833381208500
23568588011619
3613385412000
554773182864
302376818808
12947888060228
5282962434195
450864190000
68649378280
715781787840
3161719794015
74795932419
205075288600
13133599658634
865207844592
2453548124056
9961009609344
1259531109
9772667013275
3341421686204
8940115982672
5444619982560
24777757705775
210840672
8644667499006
5725107438021
15137904609576
6163763133168
22223931060107
322697704419
761211755264
1265847840068
2468596464
9875786214873
2120737288
628389810030
221707208024
23767541371259
840409366836
7105705798611
4778174663304
1034338047585
15268365707399
9240174093516
245314200672
277812817920
1366016815560
381016852944
470891739264
885991241772
1548613151592
4291057733708
6562107188720
129180307200
2017163125920
11507090135163
32941997501
44812763520
491737240944
118872205895
785090520406
8693155335150
55961433528
46015901184
1939631527701
1260347185353
16445265603480
201330505152
151693508720
68393718624
39118641878
2787921985492
9039159344844
24349446714600
5631581506650
3629369690840
3995995390320
9662278393718
906729862688
192546300816
2094487853920
187860569904
22511479275460
9621503736
998776961040
5467891469004
4002391790208
15489545597984
3567099608336
176443422673
6094846264704
213962518000
516341141980
21181361209190
1641211620
17571004434893
36784324080
838173482976
1844236389864
8668121481040
77693070980
2106633308160
18461688968588
5550326400
967837797888
5754089384288
135598054800
17517926612160
4654349506224
13768336687297
12135393856872
3197735465560
36980474528
67312843382
8816853263670
7686667212096
1446402021416
57096371708
25263907720320
15097014618824
17623143625136
9159940379180
3562827325200
1058098718853
10130312849790
21309547977900
16449289780545
7085788539552
4653167058750
1460242721
4422549315744
25565850091248
3342763635120
136975684032
32638099689
317070000
1351833275520
25175866433632
10205738775408
23501080932950
7735102984560
252715127160
25677264945
11060704499708
594495999392
241431624432
255923304
717424497070
4609998534960
163194606960
391141780911
7691629018788
12899962782880
10769324004054
258222462480
1162748489860
517919508519
21259615918935
11102962472448
150456776184
116627142528
606863768
12635795953073
5610976452873
4867221212175
16165048700160
78156039360
13548652899045
9211740118824
3651402261780
100090468241
713978634663
7102200700272
19483217188512
236420678
11433476439300
14338308089952
514451019159
2261719190204
255136222275
3711732570840
241510978800
7214244063840
3037918052988
7996541148288
27053396845799
977634439040
285566329920
3555032960768
581101400256
500996653578
81882834000
3169140534000
6235835119470
2106287550576
867944320
1513410298400
3623558652000
15301321782230
21614406377948
4453742100430
1801854450
569677617392
4447252114184
3114073984
372269520
7021584673824
1161120
5920304262128
4894830974385
20203600967694
485369460393
19000939029059
1543663722216
7047466987147
676106386725
5924469485952
8600167890655
30212221335
38861383176
7502006190483
22331578035
605900017200
6251687404095
9529822012480
2366066377030
2742020581680
163709562080
714927027600
1075846586815
21221386276530
35191800
13328596406840
8815067963478
33115637945
1981056
569957805
21763979160
141852454929
21155908399920
1831119737087
53961659892
12063479179305
15282989058240
182890574207
9608628979794
772196756552
11761834241520
31785150036
23742497792
338599728
1648509268928
1832677429968
6848803234220
314148965735
197358061875
10896584545937
6799429569384
145443378311
12127494595824
2395069805538
358410573696
1174487133675
253979264
21087964346208
3253472720232
4599079632
83882585787
252654
3323219096541
6038118503984
16112652449595
25611485046504
968938951130
14761092844530
619549136112
7848662342214
2354262829587
8591371531248
26694757440
3957495252080
11013955270808
449657862735
207132636279
4011607778355
1438250385020
157680074496
937237979448
2658366186824
2544
6255402011048
6945422980320
6711971631479
5517030329265
1222156768
511826728504
7349351626480
2281633510800
834688885705
8356983902904
1653315119610
9604531908543
7241647370958
14289847001085
2918018176722
690080936550
341095114350
19346590031751
226849165440
17053160750064
224590150405
9555051817254
5894088795792
15901229755382
12375065101392
2815377299969
5756499970660
330670456272
10208307925143
4766040083504
11059483312384
11397483668064
8492391113752
5169863197070
549446629160
454362640
67833945333
505273650
356599892040
151705705306
2448609800
4612127772672
2331113762250
2739858002742
6266647780008
6570335857204
216531185985
36173280
63063832188
428294016
11054650548984
11351954872256
3886329600
462752268060
9776528965058
6962330542350
3439656245772
680040452750
29230623690
27912917760
170405681160
4753114540213
1378092326540
9466150326848
7885618200499
181905952464
95227352325
8126555059728
1386189813888
493844306476
14708151619624
9944446013832
1513703577204
462832899915
8177978095749
87791106417
8534829191865
6268756403520
15211088640
18444955782624
5036850480
31477648901400
7800756346484
13122727417320
6051597319425
26911894509765
128612664
7796355698148
36424924800
555567352704
93252123660
12604411908864
3083175984
400558618880
7058568316800
10774789401164
114206952816
6268774805040
1598495146550
9128482575264
3565503907409
985324215735
3594342839253
2728922368590
2449773604577
4266963858438
894583435935
17667466784568
7794586818200
1068765273568
5594810241552
1192208694336
285756942900
2260404903309
100264603600
7639958902785
254857020
334591265008
6778871323944
17504453564052
561952482645
11754723862144
71135155349
4763602311797
210563353440
242129548640
13914848676092
800760658446
6222788115775
4400718923040
216377889240
8957072069712
2182157687640
417116928674
9615768690525
579796298192
2382764597136
12685891514534
3360453658
4349339647257
968127041856
100472019020
3838866360840
11295401879
134539825056
4322528745744
11186485730359
13215461571
3082321239597
7807806798995
5343689873760
72204097680
25912937954176
709745518965
16044057934352
28359920771
7623353857280
658396460144
11509209964224
3710535855984
18944282575400
1335401984
306169191900
11895261876600
146680972200
42034033827
952434852945
3763848311552
408219457386
15441445129968
12905569875516
56495806500
4399643598527
17966451903530
1512125529915
14388245736606
6863369635
40283232444
8226937532
149082244641
16207881845724
1332091964144
191337001800
3152321014080
39214080
60071035112
649315864875
10618048464000
18928295966160
7394275901376
7171928928827
22788678576
279310729112
168218470035
2547736128
425316685101
2096641008
2847594725156
710008575104
9222632302800
20716892091903
6082157184
6921270772808
1146343351335
306878609535
199332760240
16354987178530
9611459183068
3893870702524
1056939686856
11000227404495
238469566216
2717591802480
28438483086
1218082194000
72984993780
32806160
22738868775
1891180990400
12538895
6044089928850
25692398342945
297896338080
356614533535
207132923184
684201737856
762466903814
14496636771076
100610733531
19607397267675
190706503680
23447826752557
224193565728
15396942180870
18809856
75032509680
307327168995
557914437504
11361660967920
74803520638
1018003781061
881402136280
275299200
9437425104
3114654356425
241347855
8044427502758
233549522479
8803924516280
833497530000
22510157781251
14423613871800
12443499505650
14127556156800
3622878034760
1979908569216
132318348480
3517893746640
4557784240
529311825779
610135170645
506610630015
270624268950
160723926
1172869204000
13107944082480
940221504
225025670520
571702991400
11906694215664
218656676007
241627183875
2970745930490
1804002334928
2261785998150
17418484200871
213317188392
22052306535105
16955336121
47153685978
147249529
4483558787120
3198585396466
9976417176348
8401785
9855332103792
5712070639649
2958769641924
41772899367
921452739210
8196756741
84670751720
9925303886577
316541845266
4267132992
23081394168
346437783760
5063719382436
4682337444400
5842048104
8530750018560
210889056
13238781364247
1762349531280
2583125896635
3001502873920
547499991573
2172017065904
6478745580450
21131434903574
12644321117584
18735291936
1573754
1359723444000
1615876269981
260405236224
6818795053824
40585883472
24329627779772
9660250726
1061685977420
1378642765500
23587874285625
26964200231392
913547714688
186831971920
314219910
1321560417105
747118641240
589187528844
10208566399484
19031124020480
1262095237376
3553802506023
1850266592816
8606994996096
91266160
652052997504
2012266886014
2513236007864
16658880
4128086587310
1043823613868
4706902141600
1462762345968
12973527
907825816065
8426179185
2878684590288
7558037831160
13199049864
392185392225
2732452772350
797949597632
153050872500
1760710834080
783379129728
337853473650
679564191600
25656240002848
363190664760
4096485152774
50515715
238233898521
58981682760
6746720209040
127314614000
9282224448
57030010873
109142164131
4028042147415
749287034496
1925034817407
12213370457904
5763494768640
9000143064809
527599695
39718573943
21842823751710
459562333664
836504889363
14090695524
7541241169582
27840
1142595774360
144539561232
141322760320
196944240
3027283557480
4824367045056
276727013319
26155172765568
20932144377408
1309028481060
2055459451268
230906598450
74597405544
582977241363
12892291198824
29448251145
18429449381440
1567691040732
8269872515229
6517141083648
9504
146600800
4205762805090
12096052964640
627930072
4345526387424
14658405000
10453751890480
90558213600
6451038340950
332465366025
47151635718
423938157904
11736843697341
70636315079
30374806766400
2520740112025
949892345584
216661104
3125703168
17962904497824
4343324444760
14419893663720
6504136240
3603866484335
433923652200
6001648845855
24040233277800
502180821450
784156164944
2855123925720
100344573080
16375899452850
11852629633152
1482548967
3822887038344
4871415473060
1124126305200
16859620967475
27489598115840
3561198635653
627514050
4108384158040
311457851712
796810560
1027036378505
1427773004
998592516240
1038333889649
13140190139385
126610582796
12801132299241
8292037976
22598507836800
33005269113
114105792512
4672416
2412545547768
21652833955193
2159819720280
9736775444880
229945877280
272
16554187
6969360162980
20002417344
10849591025001
4964977621071
896396144280
22431659710368
7343558357772
10226320213376
381988486305
15561366498350
3947307253346
1440214291
150285034440
1302324059
1392959598972
6380289615908
6282599077299
367201746093
275273607609
359369332
351405
125974906398
3367450428425
7143965864448
1712559240
5450956115409
16815152062800
930337035355
30559776761840
1463359657080
8359719239280
3259635859725
11885107041200
27958640138565
10240210542156
557847373164
840555128
7648842559
6176843884668
35081907840
165713474808
1042324603320
4707661920
15721203325632
40154047164
530431927289
1103695306608
3808341669773
3388085140716
5896395487631
22366775292862
11626368
708340060485
53753918400
292053085760
154116219648
22238495356
2022923502912
739638140871
12684638379120
26700937432668
3013967572200
9679897597112
463496946312
8502893629251
317524200
992531989284
4760693057085
24374243996
11059824118508
10899887821290
5975843827967
289597332224
2252078242344
906681890824
952361039075
21225771526016
9842089982940
2278467581955
756126833664
1318300333365
15047111611224
11596112947907
4379669104424
1073341042086
57187680480
10081792478219
2750894900
69057935672
27937258634594
197086055
6890425697760
1648231309830
16259277308886
5891485338
11130146981800
13172771662644
6754751205450
9167750526050
14264443444272
7604167148109
82584186569
1452889968957
1955348813565
16220972496188
6564647670904
37701335570
1395810864
1946086333568
34876108800
4971445850304
7888512317184
10463811883560
14968841949584
2740967688
5120044904520
112762388160
2772473828823
877106970678
9436175678160
258114231424
10631403361488
4132045805360
16479863952
2773055260720
10197061292349
12921082094384
10521885085560
21760746813476
160493590311
1603179304304
2520900385628
2012567829300
453371532103
652170709347
7819957775565
2877291648
8187889728
1029937197471
1009233313528
1630640
6063058313136
30084975611832
3267587972288
16082505006065
19733232282080
12059699892032
120250795936
4020121803456
19664409747115
1694159314776
144894421875
624524475
4075274109564
14459084018974
4722549915816
15078104144880
499664
15804929574135
16243085192115
2281743912176
6030665808
8695712863080
3044873456086
8232138629715
839178787095
8494269344330
1617824
1819874721030
15671438759552
609143791104
17453074950990
9358957818696
18752430791730
86531924
4224133003200
3209646990000
10890264
7007339794
2507985681300
10950196226838
4703220935457
11405580728982
13085409945600
45016102197
1589213224960
575545728
976499769128
1490970916512
786151969152
2785732321776
7289313386189
5453970627494
24043010286528
69315847024
138375159408
1080168932037
9344320626995
19288374007320
19779244832880
183505065415
235356089790
3106812027264
1024843983
9494535990420
11536870044677
3258411870
1329240767400
1104835791150
7735746547200
10276774594560
5778243806412
12135266848800
1385072844405
25571826491310
14245429484
1238000
16507048693835
4563289217086
2512300166376
5561424029948
97950470640
36365483270
1154018136015
2133137776
9528569402352
79659875736
8197489047072
1351948421936
13291848395595
374646382251
3329592537075
2141157188415
16384789889664
972993819798
199360003071
2398648598203
60135642864
103883693490
28236160506609
5692265449410
4704566996736
13335739404055
373848748
4608269223591
8101924498800
32857157216
12846523588016
462985212288
11023320088704
371724566983
1733314968
2381088685185
8843069028750
168220189800
3351277038648
7523620982240
2834283057936
6582884454767
4649956530764
4297169275350
21906540154917
4108023107496
79434992
559182558960
691199730
204444398496
8281673896680
718815546871
14181674689728
26799279046944
572692906800
13587322193931
11307295055160
20315306789864
4515257588784
56872623544
137237595
107366039520
1285907
787480916352
316214568208
806923960650
8918548032000
12029212670400
20513493
10735146653739
762776679168
12266119160091
8682153015416
79581636784
8342583940800
54836613000
119699216672
8715096179912
1151548284222
550917803072
14662045929944
2012912676000
6798658453704
944731265220
9641280
21888635616
14635884878643
832672327320
387684707312
29571980760
189858899792
815900440771
2814956256600
18957228907547
5004140492288
8300749346659
6579466085335
362998584
18823402207872
52048579427
1281832200792
6574963256780
1755522769525
6552538575824
339093984
1018784052144
5139126095712
19512003
532945040
5369783061700
432060814
964548380484
3067029024
5347848026880
5456205045632
21138804900330
47770521183
1166308277466
3481727448808
12018376115577
32869615440
30281088489890
5854410739590
681887764320
35173635201
19959448704
1199016632484
483208491684
9551190869
139348050480
11091295028159
878167174002
3088524578724
3323083753296
28361676210296
333049632093
574446329280
2624599758060
1315862889600
22094919
8493576307200
5574821240688
25736006774522
138441030
26502731608320
2569996265184
1064957456715
6818385600
1275445939960
3387308850480
1788972032128
52127400
16216154071572
9407364334
71109504819
12166190505
9022219932261
2644873482240
217912209165
414011858816
280979334000
1789066038816
6228541076352
2589221926368
11781900
379536286250
256094055
3426029412209
34782433280
19832664473360
35825394528
493174063800
233722584
27266866842006
2857935960
7735443597288
6859836782496
1282856007600
3311204738790
3065448735
715521428619
489038951760
1471879553024
52213050795
1285874303280
23176798955024
211738794779
906887332010
22498208728219
13413837151638
730825325664
278557607
9539767313184
174876935100
1155779144933
6223807440
10241736661520
2966976
2875581027416
22116289536
1938132332136
19105452390609
33597899712
270056637690
16125760327664
501700284774
7972955971145
506682264088
16502511934608
2048445657783
1773019599840
42917040
3406091520
2906933758785
728156569392
37893097671
877580236538
313169688
15161056530984
4142934139680
12812072366115
21460794440816
155618412616
34524401780
14760335332815
9199572504668
7986726384000
17601757834304
6647942060865
1709091745800
2364711010200
15138349036200
1749373859584
14959010187072
1468043267040
5033633513
2419961561080
5681939370272
1365201740784
631775882598
36288531835
251830688505
306094518048
12590180401664
246179044160
212965971104
1506240
7447651163105
89069276043
551979720
22215540384
26300931680
17453352358596
23825702880
14446701371280
12309941656674
547503600
3991495652282
1272689310464
3236371979890
15557541824
300940845660
16959418413708
159915461524
12902522854864
636453675
1343483931504
2587073152967
9177256304840
15582381686064
12080895733725
258111970490
316896480
138981699957
10671013212144
3744514643040
515824302
1453173880785
662610282375
16203096510704
2016010930336
8687569889216
4120283316224
51634625015
44736951642
44205022411
1259926486455
43493649435
2886944496
1273872523976
16831470787560
965461307235
8818442762987
7066354352330
18599076247156
13705745103584
461374924800
16201336251620
9942251958093
989483019615
30874386384
247356219864
17762601575598
17791219260144
19097151915205
5680068950891
10268292463611
9467340409584
7134630464736
4085597073096
16398588476928
298668613859
5566101160321
14590808554875
562959889950
3993843256700
7121307499785
508534223037
3672830370831
19018320750
4630672323420
144830543319
51765314040
2476202527040
15476657220230
493688415
99229927830
280488498240
35292949364
1277359410087
1505843560320
38436426
5213378524188
223409721
471661950591
686959015032
4653241052400
7835591913461
335185078683
16919244105120
8229487152
139073513408
16267541187989
19601704752
589228047744
87417740
25959959376
1239681324
9691584174240
14182355745168
14766540
169374651144
28821603200
6530899325238
23317620484256
11989509310125
8592729323694
19065052282420
926047083104
8423037337673
1078825968
254457380
34778814112
7719195211728
95552100
292635887827
675059184
198672184464
565855159760
155515200785
25988029434954
169065950014
5809465560
1841584909152
1652150630592
16964300459
61694942607
133846791408
68374768
79702132020
75057474011
29285175105
1303800205
795241632752
3955735513520
207633016845
204593100405
1922984250825
932705600512
1280318031648
15088412254344
110498985200
33178145952
530195058048
532228604544
4185632315568
18896493546240
1575704416
5511722760
186354237744
49306318400
3734180462754
39033292820
836233960800
112575660215
1141371933015
5844002176368
527566946958
17088062033984
8608117248
19406642531885
12053906016
9286856028204
7961515388948
738228035645
23127981624
36495390180
4692382063005
32512979400
9364605000
7466227945083
248111690631
3256646400
591660721920
818234758000
107098271280
10849025250
54038135125
1374662862846
159807126375
8851432917600
1901607073416
11890920720
1139362274190
145284104663
13535028258040
9355879263744
13494784276350
147835803744
1559799027
19147706415738
155786844304
34800
1444291464
39763934665
3025702906776
1153918839216
315319757424
26118313968381
7738137199125
8904557155
3315717216
941004615
463519325
5796662229645
5910915355452
1203384972489
141653635200
12815410475952
5429907081264
1626147479
13078204137714
336877695
5302432306768
717746400
6696241535760
7840032162480
11879162912529
25325809740
1124669644800
690015682200
3347291973858
5305089039780
252549686896
1426053910715
62064189000
6249637804084
2771023890
86608485075
145757892420
918849594080
621806652720
514196192328
17073981037080
557202454050
115455183264
1480974282499
21656655356190
257227169499
7174697228180
8576715378
246749917440
22809986678208
324878400
98791102656
409796474384
87150275589
4238378265792
78865902428
8809116922375
3467669576565
1735847754848
421724
4088963628981
11077254562304
5258661735796
25673633443260
4461153505680
1297204064
831975091794
18165383739909
354106412445
1577249883
20833601010409
591825230160
8127810686296
254551742458
29392181280
447474702213
589138310540
512974999
151630843764
14055317481075
560427412545
1047936029085
2349994726112
527800885248
652644428976
2813477993656
24597970905600
12400553864405
759824203104
12248534350920
97309482816
5513829266517
19125904104840
970009863928
1385787537288
25739212502925
1986800
3401010648209
8795989825044
350339024
1225549175760
773416537716
13825116123456
1123312350510
18792615
31645547311040
10439160836770
23834328960
29394
789933299928
423021921300
12001895724000
14006610834090
7955120769603
27044488422720
161841021210
11658710315315
83867002190
341125966860
477136464000
7269882235605
4188432105
2630486976684
5540467317380
12286202686908
3352412692239
11030523693840
2242219932112
215819239230
12180075450060
8593484179608
574992377424
19611481552026
620741103984
222636413155
214430425632
275862432
8218629321776
25251062180256
5219500045088
20484289650
1209833046752
41749295346
4599512804320
3541893917474
1679834568
22729503723498
688323621
6755773820880
110215988352
66324002703
178636370016
3096541107450
3128059203315
15326021179978
5578764725963
781813447184
8458303183395
5591142375048
174586041840
68483691570
168313321307
1629644252873
14789832734790
1123894944480
6320554468950
3586479696800
4614544192544
400479362809
517836288074
12161509194927
4562295228819
5475456
241893959
4867735161728
2207426029200
4271921408048
9367653989344
177815090310
23501266862848
28315212935595
1024592231040
701099341560
9362955079496
86628486960
3094682090592
14694829836960
740583696
416651915065
208827678640
65659974168
204787539
145489490
9017144140410
17887137726304
673551830220
231299143920
1858775248897
41540263680
417743493600
18716348098404
26362928
5803690272327
223057595989
7174955172719
125473962208
28261957950254
53538201915
22945762706820
5935971718368
199691442720
322305486120
1854505603200
210197954400
12122460992072
487721503280
57632085
203936375808
19152630
127373137760
6099215338800
6444224688
48059032
395361454400
978548480
11006193596480
12887098992684
11826351616560
203714428928
11943704272136
20846532269730
5492114110800
283133232000
24707973204
3271593024
239142468
17041255110
13159476617024
3008995307955
925673684995
153489915255
339711583152
6589731124081
4161513153303
937430182608
5762717145152
21914823306080
2072375222328
9247998750
17477033599872
17573421948909
15061106677760
1089826797462
19137927867936
7451756745191
971942933104
30353664
7826319954282
12387041353824
8551925716635
2596756512000
2424854247312
2453968204398
3301191932000
6343310336976
1206785931117
13633517605960
101241117376
11504958756984
7810638189560
27028713184997
652069572
464125040
1322046389520
2216746427692
3275567576424
59251952010
56583968280
767063448680
2395684944471
3152067231936
28599171979686
21675776600
14531478356144
2859582646440
4727981811696
5220962281200
14881687282523
5129166088944
13185049253376
166291717088
104364315336
4023670575
516875914296
1004318136470
174474653808
9721634489763
1486602917235
36387575247
2495836590320
20963463806472
10768376094572
27071994960
17164134974943
1888780806816
322016210714
3260877219600
762622532000
299064006528
8909476085180
2772780683904
1259478392128
1704908924064
28620226257
7567825506500
8585110548544
13230855992200
236618112
1595901319760
2945468671985
28526130292142
16780087406316
16553190203264
9547965996725
25095008016
1541686327632
6223426014096
6965867186712
7271055170688
11354924020635
1340459934120
84394196640
240771100390
27228697688414
11997920493728
12778031202518
18078254500409
1277906877072
854422060240
3731468058904
16305273083232
799486048528
4576856205065
42468773621
244743728607
14818022442288
295946640
177323037867
464369532000
25362824791904
4075655806080
13572218321254
1781602037985
6387947420855
276030746574
11885621463240
3192246905840
416010253120
19218339858780
5633227467
17712197176608
4093584
15717134482368
368287948288
148131587520
497594915984
1921047508710
1389572531424
2094379833896
13857246109292
420760200
995469922656
24251976659988
72631170344
22493282453244
250643506524
3919625625896
688798202472
11185065524
24249440
5028783393366
17440780466304
24909208587000
7994891460570
1450439567800
424877659239
6449516159954
41093186744
436794012392
4841932800
17424538404
164756144
1082596120320
13518524583800
9019908144
232328124665
285346488
12930404742950
15979100990192
4078946079552
21944672783285
9441535486800
338433070781
326107266688
106668898899
585036374520
423097547136
28792372701
5486053744260
15355790947469
12696891859715
1962659535909
1710993146112
14724824042864
21718712673042
22746266361
3537727021521
6731808522747
8769004234992
13436681000
1177040427927
1823733119544
23128880305124
15777326988923
11106148942720
12556313263200
1267164484112
11460160475712
2301617514504
67237274
3095066404224
13709906471520
27524496291840
1014746444145
18263958977909
11477200119840
6023218311743
3477923796555
829195597109
4008840602976
1956978200679
217762209600
179725631475
3506889234816
12006934296984
4754273190
215508488
10187226347348
10330192718160
216586839
256906458777
5482333844176
7759630398
9276741235184
23587407141840
10525314765375
7616689086384
5234195353320
138177832
3845739533856
3421043626728
293588500260
8237971514090
894131438234
436391502800
214912224648
154284
4945002765675
7303488558856
1062231411300
3148991959800
8737190141760
75074171832
662719848800
357695355381
18342879154656
2914533179640
6719138623890
6755407255008
14250420515910
41191560230
1274319360
369547166625
172467648
274001075376
9144876532500
2141169847650
1651846424745
29825167105514
16865345871000
10000982496960
2495632947376
2906151961284
739701802280
5521993850320
16414023965130
542378930576
4405546321644
19374926320803
906751484366
1624617282400
1203466275
4768269370485
58124577
438364629
5614206074505
14493816266940
492990645888
1758564898062
13893853209360
64422189
6157375755705
12454138125
837288513
14369801492544
21457364719120
850561400
6322626962172
2092658122935
19306656230400
20556965520
706070270
2795848698720
3871880207295
16689759007587
5161221336
2143652018937
4043658605709
5360672508360
353256075315
8284941838170
5047935264
1277233955145
5273552167275
9200454569040
4171865160
2028182520
9951494701104
2492767410315
4909383846432
2033056330110
8874602517781
12891341322
9491142283896
14134118354304
4650550365120
1182661170471
20838676708064
1365582158993
415951389
6914731345520
579095208855
2860079108148
353451726600
3920211864
140645835213
12915322242498
408880750080
9884603819844
25679062397430
32485955040
7682003709440
2465625418272
17176034751776
3094329259168
113959394640
16298363244485
620938792880
2925369173594
7312551858816
9113750093355
26842424131080
16059172584000
1360898828055
6277288865975
995197001184
7627122375384
244185036282
705563997000
580272566256
148434577600
2582783085225
10177231743008
17294783028860
992128934496
992799515415
5887425188197
67959693729
52146792201
3483580597536
678388707360
58554442611
8395891291200
29722392420
1897784878752
1814672225
15955503856530
6106326390000
85752714600
181730652048
8267397824
5021687852320
18541094
151256636400
2333820258000
855425478740
17924954326440
9834417232880
1706152778139
788391193152
468050121
10386297828074
40104261162
64519503750
399835840272
484856428182
15088545853820
4658635057440
933700768
6360368825472
8089311548043
21401109544100
676978814400
2429544117000
120715259984
69819360
775352239896
5663887354944
9615503682464
1750809466560
19904970520314
25637890
4663477005
18882783732000
9745315354392
770505642800
910309872771
5892913384650
13562072552832
1082919384315
2977804975992
4867110492816
4373709266520
445727218772
119984105280
22087933855020
163649231265
1618596691124
9675468107568
16265491832800
7753517702625
4611287867712
16800169575
7243605849981
2648454345303
28499367419391
17114652795392
19087310032392
22670057319042
6016468017600
870566299209
111048591375
22270972159515
3468046550115
12734440895583
23337692817660
120816703408
1038336867
272831170248
1537801152
493810
274554513875
76180086360
28687584795
588043929
7122705537764
15220467510
748691594805
462712535040
6635255183726
728855280
515636999868
1966894201152
58367100920
12666359602725
25839798865440
21510210018380
17334168864
377506090280
14742346018904
5848389393275
533897468885
888230784
30120547713
7462066232
13585035802975
24988120997600
39063417939
52863314310
14589469231880
5157524580600
2785670988100
16799523349824
9472619415840
2456608924184
11779101199671
53100369644
6520794813522
26145912689280
477101625
5236108600800
4784169072
12359917425408
743477751216
26660626272
963213610788
11651261819550
272483286660
26484008
2756709015705
1659584983879
659391334965
2436831093312
5282756368890
7753851694533
96155451320
2363364052185
7371167659200
20863868373088
5999154952481
431097128948
23769204864000
7528260286014
216450062955
22226171193584
3493828374720
223162393904
7207766197632
8184162358928
3568186631025
559399207940
191536688640
624223
491342976105
189870584730
1713758668395
225282300
1125872513391
630873889632
24702356000
1943597052076
441712952721
3505350151908
609780904200
5623723339437
749166329856
5330029281435
4482327145725
214888415
219977696640
8281236894544
7044396919
691706098152
8301000360000
5055890832564
5807433116585
5910130549125
91340545696
2973175410100
6437883349968
7375779104189
145358708240
13662135426960
1449222039040
4753311283600
397980412752
166985043170
10876530276360
540974681280
22770494849232
585130332888
5746539221280
3497085703328
532395069210
1235052292572
2945162860704
107696675
170135160
3362816074488
91317937529
4890355774920
1361809267947
2627300916938
5387717375040
232749680226
310853372544
914196014534
1076257695744
1568780859651
23276659549
11235840
12970628496
4637720153088
748559183616
10863012348288
3898902172484
4585323792
3130739555482
135713241650
1152291917520
73200
10287755088912
924409693184
13274646465360
2896935902055
10158250299825
8216946941100
16780577715
20650784000
18605833104782
170388395760
127171825440
1002668187120
144382086
958444740
3410523890928
8102829735
18756897345824
10890463466664
43930368
22509720303525
16697282700
1007020881984
767744570430
943187897106
6936884011008
1561395691053
2330578767
14277773664
2101788760687
3345859218240
271404967848
4552209285
1430798518680
96174494928
8842059824768
16585767493988
425607138585
19297574201840
6347024080032
184520530656
156060442100
3370302872489
6446402264016
12662600035284
38991116725
24886588698454
5722910864658
61004530125
13851286289967
6216227004120
18173293320854
231256473630
161980073220
12080388513600
17270526049
1921155584
2786793730950
4942499375715
2516189625321
913138097600
20231785
4306581851144
14658289140575
4260054096075
1010142751585
224848440840
99942108690
3480812370
22105227
976924909584
16084737570193
9767382708
1219172380800
3756306017024
111280789200
127959313392
10943983565792
18338906659056
4955299271345
20337350588016
8904172867200
326868681132
10801661461190
81063269952
522859678224
296428237350
4924399601880
523843660584
4095703115245
1112375375298
10614570258576
3826792748532
116183839551
10532331919158
15399781164675
4613663341833
201947357171
1027270719624
14273203690300
11612869121628
16296779622480
11940724105920
8769505266944
16758194665
1968724429554
16044423984
4481690416476
2208763683720
2820478227840
170980117488
5682518378061
1841745920
251361961191
17356639440
10817270380950
5858272574856
4964358969024
769347942623
14672177442356
3243176324
375738972315
3577436098824
66168111040
14464653184
1868639021106
1686433435632
1125263597568
3566884385
1126300426064
73806489120
5995757641680
12428280901174
844361932001
2303987348127
49591082160
3227290609785
8961076715760
2970519437220
8540203182175
10326217240224
416478081936
14745933160200
22522480403200
429096528000
2767329552
1028526815408
3222694976384
840045524558
258465728157
8704559824014
1697042383135
8829082268930
1744036592568
12205381274660
11645458846296
258733256624
427843988256
6138492711936
21550081843899
6155521760740
1192824380000
6929329643264
20588824542
1492935046200
11556791834562
40542006
1553987792
3398326768000
19599141744
21950559550188
8225419947520
360878792736
316539463680
3471283719
1090790236335
20376162501408
89082114264
600439457093
22822460453072
4914288227538
835046352
614495974284
2252518124040
2683247235075
5720505
6768716423544
29321913
1774435650
54474344064
13999783527
224740539903
7709081085
16937881161208
13201429526640
70660770816
4849440789725
955270158560
678857023152
153705619575
640097753750
4397841477104
655039011375
948298680
10694995370080
14857004048640
4632686076489
51623935724
145582272
681432123168
23263673998635
29790991297872
496218726780
13705435953
7948086397056
12986973727428
5183605728
7216911394560
11284622383068
3123445137687
14374859131776
7896370442688
23025189955027
9985318990944
2466998358825
599158760058
155492768805
48441837096
6324821964477
2092656884175
136889724825
18458790300
825781248509
92428112279
1045876171560
9275897217764
2909202727977
4891632000
528753648600
13874361178
13631905711201
18978145440
13866019110426
312869836160
15159207918586
217133167560
5243581601165
1201720800
3918912920825
15316364035512
1046199067200
6962353821678
13112001454720
11720779546329
449266356735
271984374378
26876765767050
2162559309
18483119604859
6165844319216
8376559648384
610771775712
1324950
694545084000
321077078400
66647241442
5130289970793
1192598076800
240361781862
29279623360
2534161359240
12745284655194
4516156242000
9105369313904
3197888661320
11540351677424
624587836000
10753968552910
15686853322770
63490738457
4582324124640
2747096102634
134328789
3697949233484
2882005037184
344689555380
1339799348556
606271315760
6768208262984
12120156889794
918748692
890832035425
5666673594816
12887109457200
1058046097680
9391991696360
16602123066720
19117622739824
3724524924480
7532897106160
20420250039
9452520
9744532041360
15054653169280
9616347425904
133905835980
55966225524
6726622395194
14663357632625
1243991623680
11213961246918
8657466186774
446530708340
1278570560848
1391127248520
724358316480
13579404242944
58154142624
318763386864
7548652491665
5595473095784
162248112
18264092583248
311364513344
9012115102384
16221708778275
13469401291500
10572966104952
182400
31186558599294
6009244914560
15427488514544
1664489240867
4035255845250
9292776019800
658972275
70388545815
20600008399364
2601084701853
3646978187776
1419636935040
11156538342439
18131026394864
14729161814136
3550478400
20403229560384
76351501328
9656701496715
106974884
6625299390528
12722833346265
124746543534
16682058805680
1120849028640
30180648648087
2546616082032
5036049720
4063291767297
174878147040
2728765289505
9603255219677
18530857488
9080559267024
14019712675290
42631357635
747118388187
1886243454816
251103816612
1321947248541
91447753635
485867911680
22680535902480
327669412482
11432323085150
17940751694880
63048943323
6709436275854
523867464900
1362173480
13577301539648
1261790981344
15003255661065
2758478544
8471162691693
3894791926905
599650
532098
3467128190400
886890158912
12502476100069
3466239842070
74039135157
6808438876575
30312807980
11812687638321
15835400258440
177160583
413515552
8888649120
21698650172160
9943068844800
2085002996720
375840713900
18294064436048
11607140568020
8294687121672
707089253760
4274515561167
631748897832
778570519584
372076930080
19304774593650
3996104112000
1307004783644
14191318333528
692374983237
44515242900
17800840672818
1831235113044
171684264768
10284103152065
20334237720
343154631492
24114896582658
4869533322960
1247899877084
19165208496
7517514580884
548721322814
8018887026962
6069188936120
17219692638720
370646953650
25590286903776
5738941735469
3842955
2182926413661
29062880190
444303880065
100313100
1209749450112
4768737827872
2637993746400
722968250400
322882191089
9864034244960
7268808567449
74754728460
183450672
10483531383
3366808964244
2981216840524
724892435136
949665618720
658753095
7840342020480
21348957471497
5469864478533
10442737152
2835853493850
3637398703950
81832920390
5473977009480
22597994125872
843818593662
768310919200
197770419
454914470400
70291872
5430169095670
614543831825
36188051244
1079495382375
5333343653809
1895952559875
418401626643
13377565440
9388678464
807155160090
10857407432382
347963871008
3775858478400
7842242236736
7039200824509
2089260381384
42868842830
5206847865350
868347268320
2585503418889
8411444943200
14059354584
1516024095289
31175123068880
1290412907136
4284437010
92799272
48490749320
342844993536
6035266
118773081
622005704
124248526688
175350979440
5763860475120
12758385155880
2050135135551
6192979829678
950690613600
4479102602016
2970698881800
645139031393
1413503816040
20756068634112
2899947614240
706159584
16557472408813
24647625419655
601869362640
10871110735632
4383427775475
7446752029808
6857017027608
100053285120
9996911386560
725179425080
8862686126154
11227365992505
16164364741056
7661558280
18324601420608
2416959000
602435461070
26697194230952
2312120839392
5785192075430
9801513425704
168562450140
9825479848639
6114921355588
9683711936393
27641890920
2454779250
6017169312
2852694693972
1442034300
5050405557488
17618432115648
6969658305687
10575693340625
659737477820
5547590550789
15557841895050
987682849312
10933320203520
15532
87048
9753913819776
1471346861256
6659385144048
14128715111280
9233863920
46596422586
4094861947264
43421366520
2009882073300
131272659840
1105675613234
4488466317166
12485324909568
2591734447848
1347499697720
101418582930
1954914028425
3921853767120
1104462416640
17321543230320
8621749057152
38165442978
2968817052044
13399171495248
16408441838880
2773067028305
204981792288
987590474780
536709072036
7553024174472
353454378502
7921474314336
14279986530
4787528967810
7242401473320
31971681284
10084136665575
26168448806528
13605260899833
1211962358375
7806083505
202629113840
12390508039800
18832538930544
226410485826
8361799555600
82407496192
15700126196480
522904281648
9418424429358
21866112390805
931884957040
1110985308090
24144631777602
10202925439200
14207164400
584065995604
182295424800
820734115068
1159621586144
6892672729649
4181122168944
28966660400684
1117310258940
262510343550
16666552915200
10087316571231
939390624
138194453484
5962490933565
13066253984
2021558643840
2088820870640
21672677483520
8295099792
21249903442482
6100556913344
16998528017328
54129201560
710758089951
826495556355
241498128
2766540320
4294185499035
195146210280
547238107704
2178202280
8176589616803
2151422036104
12016554438168
543357732316
18365799852576
1830474700794
2324675117070
2786861035834
3399791208804
127991136000
56277
2221971456880
305063775744
13905877538056
23433045360384
248251584924
18437315119366
18744855172407
6405473003760
2816227903230
12858300788256
738935848170
5513001997080
2801037695352
1409374563168
16866679456440
22665125280
239025612448
22784435607360
105012910592
774273392
3181970335388
9649336075344
21377753576064
7797177514412
10305097602672
7079331109940
19307304028800
7313517545292
21804715200
5031056877
4453372
10941920737264
673243445
4663336846188
1167773211612
1924887629504
154521419141
3625462609240
523018230
1947700128
2948059408848
4136017521600
1105938082557
1099064595200
27474092341254
1273004
823641967280
198989728
3156228314622
258978283328
3921735321000
471948041004
483726891092
20593890220368
17550261102725
24776313650296
7350152253755
1288927442544
37602794204
159935490
4179056833848
1744164765
304534574064
7018569995920
59446416920
5399318034
3930979112172
9702401366592
14259579558855
678873078980
20678392335920
5824184495456
43325791460
224176176
3093352732288
121214365941
7214947366575
5044958682192
5494480330752
6826228800
2174630017014
244642680381
3025474812080
12756755842539
21016803150
2352997623030
18112732773408
180945036
28804597934112
6426400623104
2446840074285
32635800456
177260716824
796007853852
522109161935
8992352190234
10137623539824
15071797188992
209733028384
1901402325120
135531672
5369093517312
2038545512640
35814284672
651201997248
8532538490224
13751855502640
6196568542920
165744114900
5554304393631
188172712
402082961280
1879124936682
5784546146517
810746240304
22338386484273
78192641305
826804655520
6237825885333
2195585016000
31191536865396
335762616672
1438347696840
15613115612640
38571139488
28979431072
14891179820160
1102287485112
17257118880
11012931070752
7257407692140
4263077841000
7971593942784
2840159082576
883870938720
4367888699538
11543362974000
9122130919710
698747385252
869448457920
2320175570230
2762064322752
19111752635298
535657174080
8040139462242
1455616104135
14328251259084
2603132691506
1401008941203
364864188156
145727315405
177048307784
505592961939
102519193000
31086432384
6813510126783
9972
14224181111460
20379471849903
126605710854
1412052095739
1280677055325
23442879764480
179843458575
20910795679784
3972500041466
14495822241743
2108585299275
810494916000
1798447209
1397936269590
7913957440564
231998480511
39312
19030036410
159983125632
10846570554816
5621500382064
381061970
8456615201256
66746451168
6587498084888
5028959343120
8023046471460
152910043109
124266240
13082295701880
22386429596160
6004125718739
109243200
1066163800864
1188789717720
9926951457024
95443773712
11084570118252
20390992809264
127347639065
97980295149
837080976258
78213600
5814101665884
13748939806800
2193761812728
210135704195
15644182416105
11016492632418
1309638720
1354862376236
131630250210
12601163960
18723785343940
6878501856
2563374613800
1630313376056
29244600
6919162969056
278912801484
179716176594
102356043
13751011982400
18638975849845
13151075552433
115177257936
6824901412000
76914666432
665768725
2203784643824
9068915800287
19776048961760
44542770125
1416310640064
13167542952768
298764528748
680667899307
24489076860882
9839568025584
17603765400
44200
320728434
8323793542568
248243468451
34988652000
10468758736
137956857885
2418869594778
4692531402584
13599680597904
2783037210
459200
247974918266
2483968526130
748493722683
4923677199687
656800457850
252657025626
879438842996
28036502064214
28006554216960
92736299843
3700067075880
8224700241212
3356372969040
18431274514400
22103833944035
8221416023338
2013463280
18697172484492
1163792170800
1046937088928
24815172144
88110792
5103456201690
3979264681049
804106989840
8003283618960
20901309253200
986348327370
573788258288
25519784558441
111451901400
15509685597504
23722564762128
17868279312
11610687291940
1211659302315
1496823858838
2555259769128
6697191655
13186938918424
110922512714
373152696
24168091932288
4225614397009
39692278656
2319395244120
452307777815
16766347282416
6340531278800
5799649680
942211565295
933084468620
314209748330
2376917923484
4031358240
2082286584
109776255000
88891579
19009777500
898101945083
10852767797157
111484265949
3506591088000
137988653664
6411432839889
473500385163
9000135526144
7850808036
239247359351
141746169029
45593650960
264940285925
164190769260
6841835014872
896746339968
34369021874
29895698195
15593386916865
10512456170818
994346288
1200892277360
3063609182925
8366707800
45686699520
8076701480355
436391760
270048743136
462957822750
222140394
4436617230304
3790080
18035503781312
11292966287304
218614655805
1173910236312
1170152853168
17190464953860
1011551464120
3852254630
706558693230
5980779401069
14841123264960
307051524864
5296300574640
97567587306
16092982076211
297163101888
136768888105
337278533760
9382930920
4535552783520
15774402812355
117969920088
805005751725
5781509619080
16317455590296
19946379568240
6499446607984
4318739390192
2968857239040
7938805545704
22462554790533
2375343808800
6663088040
5317020275679
8308892439260
44922160
312147638640
333964404000
2122806696720
802989045836
2762510579339
655385663064
950830453425
10628791729264
824214895174
2355243734754
1275765722404
510871453056
5472633404
8914233618708
879209735220
13204276667595
848649105885
6756164606112
649906387482
2990112553760
6293978862752
490308117247
344440217337
180905355136
2573421195609
6035510105058
4426582816604
1916406518400
501720796368
1405968384
27575070080
1488098164896
896347333875
2719212312579
106600
4082261501325
5208186956546
9031376954
1459812860640
4486657657832
136209957840
21747688740336
4108543340748
12050519113815
136769158064
8625231530734
720933144860
980659617960
25986855792742
12942573819525
4987831643184
9769561002990
2459576423304
10192005937603
6588101570
954463284448
11591317119
1839016007120
12209128906489
1391104760159
15665753032809
11445721842254
109602851904
10275120
1370973963600
441479304684
7606008392404
14314769030386
4098742997760
2086250119200
1045902690
1008907545569
131954055330
675557494638
35970306944
6737524640000
12322564766825
106244765424
311327790480
48828368553
10868268386800
3043807070864
22066425532656
4159582420994
148419306074
13105006069680
4014186003072
1352144386560
16434833705118
7330381204608
304525858000
8990448581690
12698850982500
12637542261738
1053277927936
111744
17986284641715
6918912
23619976905
6910786792910
8721681012828
739472239758
13188151117857
4268643842505
2223882398520
574248167405
1345871208
13687749790
6425295055920
27127590113360
25208151628752
74215358700
6767643135
5571617503025
24720337866368
6444033811245
844271998080
7138858895550
3911074679625
856066364160
264779999
6392664670032
653905759815
979397642304
373368824764
72997230956
3469442066304
558089595000
8626366422252
15653231440
5624502222614
1648754230176
2978930035520
9792361881225
150111308
16671721588482
203926422352
5214645912
187524141420
49298434992
1140067267020
2996913914480
11844147817392
237805144512
62978890184
4306751230488
5369916357260
2770498439016
3713796825600
64153134045
11660
334894689250
10207374199749
3922619267700
86839740
2546608573080
141222718896
5028600142125
18770335749477
10599678419005
8739428544
1440120784
761164541280
22272
3281415933351
4191297170606
391143916590
808856814717
878954789889
20667285584
6737809930884
1108241329200
28621457865
2581725615555
12872292807960
18672451308195
28902194306475
14237677737122
156278798
6258392287497
4255659083000
12800370004480
301703576400
345963789600
27180796800
7225679806065
102115681128
2364768
2267559008
7459278190012
8313789530376
3662970950744
2231229199880
8724689613360
2775121650
5075280912
9897599987262
53222180505
8466799659
24181366325238
17583315469720
13596668474400
5599320839840
20899011906048
20713834680
3960667724728
19323373585196
222874080
490327326
1050861168
86593132472
948325387071
11365792436790
1201962258000
2873145000096
8707781739885
10475679310425
2221460851896
997721625327
209894145971
18574426889550
610995732480
348534680
22808741672496
928201550400
95962608
981086847104
56439237087
26239630357248
11232296374052
3378101986200
141159706749
15926126904989
348544576944
75486309242
15162125255064
470019334083
10463196962616
11582501598206
16807297992333
1169057498360
2031038339330
2510862924480
6107864700
18016631028480
9620236564848
360859102512
4823155514400
1446628248648
15053970047088
2670342474855
322009464621
7827952078696
363034870200
17280115992569
272733885
1147094052636
5538847913865
5587670266364
2310839476
2471337
5553026691744
1076031315600
68141422090
1021739159425
3200127423064
1821600
6289050920432
1039248653184
962078468400
1266012553278
10849375595200
2414228448320
58876440
1114319460488
1837646313
3946639701312
3949276008816
575154201
6607831423760
246247895
5907998648544
1840016945088
20078530994350
203119455
45929995040
1018457235144
24007452832425
249586844
9188065703520
583643000
128467723440
129058454889
12982391736806
1302499026893
1138136453487
846947871
2230691694000
582216250
276918428709
30173926384
22021877038624
684459360552
625573425375
228851324
2698860414960
13318784024598
19572205923992
114569807564
3004473627600
2128716393405
17364506775
1287886020135
3700833840605
10978429599344
2963860675904
21645184157840
11607683698039
48851200640
4455026538000
7924487628288
18502546468640
3907830031600
10201340331
514466502480
536700316625
1146970446160
23217046200
7268195141444
6874348673120
3785771497816
9120016488836
1743209519520
3122065123840
5831384403672
1007152065920
16427257043120
3888592745232
75829160754
8287373684544
167993481984
95793498108
2824885068456
313671071088
5691797556515
63233885141
98787158820
11574713143040
62167028508
1518672701
2822289633735
314482175840
1343438827064
15624969405
102453040
120654080609
412891417488
1202016111309
10645780004552
5218259121768
3029048027744
7048203705120
255205482912
2167738257915
49599316000
4560781985760
292287208323
4863306201600
4716387775008
763674285600
350167663295
171734732
4018722295770
20615636506920
1638441382923
7451299365584
18668144044226
58932588960
773817006249
19868500890427
632384927895
1258800
7561311983304
3009030595200
27555311087840
3828152622282
8503318178630
1172590529264
25770402000
15426745697216
3035130786816
3031471756764
109545834510
2437394801920
21561586346696
319540388832
1787496459840
11548973800
4002721238232
6517041465
505887073629
312519195072
984542917760
740945329020
36542634530
6568127991920
27426939609188
743618310660
6605760718020
632750732460
4029176156577
5010576745326
303964225884
3718767840438
5782459373000
8553762206122
924433605990
24762262948368
2370182783628
542441858112
5220978418026
2469022082615
18700250588496
50476158000
3408862698939
4312567741392
5156609315805
2313268608
2996014914709
583507124795
928767388952
3886047463992
503248092500
54367550055
2036694284760
25497810007688
542762320
17436420929664
4853547168944
309832885299
21677156530988
10727686994946
2158542000
5897063109182
1127609021769
4837227604131
965343267375
6344332911873
7559780329712
12830301
3310896481200
3864433863960
7982398732039
10264059023216
176892304
240961384064
533865092915
24005542365
4076103396
569140292448
1007953649280
54527736501
9517847767119
3768019863480
1039966476416
208317956160
15577941570044
3977563121
5568455221004
510307184010
1161848125767
123809731960
8347542687240
10664127079776
9770603855760
901711465200
13781817727508
1645298140128
2594099428928
28580506256584
11643147356111
542932828494
19882545840
4518915097312
9165190307328
27998713569984
9635949934319
5183064479253
4820684757104
1887529962972
508407831904
3562748756336
6370932719250
1602049500
643537509
2607939968597
825099152624
24540907540
20885790
2792370305025
518924666445
3297110973329
441078459008
29672985104
13138153394520
8025609743540
22633563464568
30015857396160
3162356095272
860780676888
411312013248
3700966816937
2065956265380
12667046608800
4294268147120
751884077856
27290769737913
2145494213835
4152574778
1269381713600
30729357120
29469440
6614533356480
3996472304704
11331453102044
970436148
3182346726
17706445530675
8941407104736
586400044160
3445747727583
547380085032
13192159822320
251678476105
4725549699150
1176421013496
4864526246420
19967501557632
1207794592515
1337446725984
323860353600
11876798850840
40408492584
6632722087920
1657129056
16561967363604
101333207712
839016011288
1641381793128
7572898046961
16394287997024
6515509324000
4756156487040
1777414698
2650546357184
9835142349467
21274758551760
5503420208875
20793371963812
729145866015
15404828393360
32721680160
29516237760
8132652708
1798962182526
8969008125
4312771800926
2896877025966
4308283003585
36518449854
15801328179120
512817525753
11888150038992
932848259280
8524368794604
469181059600
2865422837520
8222798799957
107264220904
969960686648
230394444581
43417509624
451562224568
25094791680
3574989840
76284177408
15218070489902
631212590080
1019479752704
63596984391
4734804896640
1020976244675
3694617063270
939774953904
17028707992764
2348112
16298561356800
996308649450
295964311752
9332372087664
2948335890680
131132076180
3196006790987
251802833966
2620496065075
5464334963
23679671712
61560749952
3015641818096
13069272529404
6868112000640
99097227024
1161991623672
5180035283280
8370679315620
11159696341277
1082358052776
5403674433944
6874429759710
9356775793365
3618426034080
23461944069894
595390046370
2938677168735
312052702284
220264856064
66196910504
7984216671552
10459925412750
911257717502
418317640854
367414720560
12292927141
1112910771826
11817966448064
2067260504064
11464408865280
11091070288368
551040
2393880289920
242256106587
16604721381600
12731676227954
1076565971
5386806078885
19069436956080
7000318754
7834549621200
3577428273096
8500202381858
3197864
870261497280
292906848
218301251784
5679975672
6890611868
210926359350
177361866352
1330624131837
512726419200
776149662080
228993086028
12708747510459
8667505229014
588155555594
773798581010
694961839264
10985571290736
10481851680252
5664361952208
6705031968717
10492896387380
2814834508380
7765705820330
4100161421600
781686668880
1388293721600
26270662840623
615257126741
9895706782530
11500577861696
6683273123934
2458755201840
2892415680
403602155822
12145691832648
9113212263540
128164846050
846105859555
28882285690335
1135503270
4289217033024
1491266676761
73170126744
8947388957168
897874845030
197964312
106507101306
8783336630475
23323428416
894046750728
446981455872
15538921508985
15667741097088
2708603799000
24972046217808
74742787334
7527759081787
1381765338240
14788350720
8406201639
206114774
193211018592
1091588664
4160102191677
4021995356160
6793504644
622321729731
447818104
2360268198171
4551927601920
18830364614172
3850663319040
697500412704
4046841134936
70409237348
1041341863107
2463182617607
10752586771680
26530896560
757583328600
3002880321075
58614839635
18159150784242
12730169245885
43531366806
19122696733910
3541625221264
6838106112000
224281045560
1163004245760
764675316960
7832842623360
151307501040
1393677180
62343143786
3868949583432
4951538239200
875071998192
1075181184
955137632519
643850704
8352771035441
2556566911521
10582976
13525129762800
11981316556560
3142909722848
4562821609295
2943287658465
56248851164
4870212725822
1340173537920
2618892018549
15078591664080
3212173440
3544080956936
9652863780590
585493650
617920875
6935982005547
14855211909120
252258184992
4238739084825
15445304429688
6358282441220
2113425484
1206283059531
2002088340714
12083724
11241866552736
6400658561040
2948315433024
10012775498880
7254992429344
22608405976
23045846795328
689888413664
1144588015235
1257108810804
10071113800671
99301969
261003
2592567665616
1292454279144
197091557927
1002775168491
104842586236
254176900392
25066644327711
11113665434144
306687355296
225843128368
21475481152125
7001302164736
47966
560793075920
10741270861632
12454335522321
158183744939
16610308843920
9689992490409
366125260800
77253047245
2215675764852
1083328810720
8586993068514
9176632001192
13716410832306
339612108885
1259132758455
4591977990585
1762022851680
4177015995217
29486490215
217630784404
78636059775
373241881056
10791788146344
1202742559200
1283273554752
5155392361264
2975530625730
16950560934537
7457151509415
184303405736
851428321425
2293219783179
4134264490125
54877401
8890941924234
2592654553290
12694752
24948044755248
352526259792
210631869448
124976561337
1378493568704
16614169973744
2885440527816
19445452757715
3275230385570
168289242615
18858327461072
9582569361645
6608995344522
2959418424240
6197545512184
4446746831
163057154484
1572553392480
4562374320960
8562099704688
102854543436
21427906944
5707067943720
9900432709440
8137728727040
598034709975
3678441304896
754118503795
5828487060
11553528573099
6142267782410
13289405683645
3329576055
7865675685812
6225385592668
353595630
84142656
413952091128
19799282880
7160514054905
13359833970836
12409330210056
2040855727360
1411582200000
12910168931
8162272614465
4363388222186
6286507232775
8653257912257
1332575060495
8222546279225
13236460208
9877070465136
788970484709
9760555017395
34862524856
4375814116086
53306307
2269092555072
557634121632
6903549656
6301908963
19417470546600
17990652279122
10183465345136
29535981993404
908298774720
818737119585
3504368350560
7001555136
159346699680
126980012054
8229629048302
2723845264680
123445582416
306539140064
14935592095424
763831152
26338598991876
2742055137360
864472266108
11052720642240
10827042937904
688101509144
4172168525315
6163363181955
26955953360600
781489527936
15775860988844
3668158254280
10919072043415
5712246149520
5323626950256
6917702283898
6584885912
96195
1907898977216
9320300711300
14575672128615
8625535306575
2328003789104
7233741880365
4606712601
144208634375
14240798416185
154478592
1109813526143
8522639811528
350094840326
7545548118288
11692927794800
290161090385
5773777222730
5094935862159
492148830152
2161052752584
1795808704155
2033568588240
8355515509908
682714136832
13984161920174
5791211532864
5653645840640
88084626240
948483197640
9532092381028
3442503580880
19699916281542
6987553003200
1059302520
1053677469680
869204112392
631406953008
210879518486
17951669376795
52930232
5720166856584
6208264655232
995258586091
17890897675
671928768000
245705193120
7280882075213
553418457470
6135366657368
2132835962656
6800080624139
8099844701520
972305214
1369254008769
11705047411631
6457670883440
19677028131
9761053597165
14547109760280
2553678855870
746280577350
642118180548
10343139114700
9290197049133
1222065681408
7428965588140
3494794794048
9383125234044
7449743440205
100998072
373229808714
19399981781000
5877905161632
5967370785600
3158739755428
26215378733252
4804790183292
239042113872
17846328425343
21371051427570
10686464101680
317282561192
163185390655
3119820
106980746860
11414651008110
2477697809040
4721223235005
15684664075717
26706714962400
2912907198159
10183290224960
1504204982280
5034116800320
2675712842103
2809076251455
249338004480
3153061400640
8124885522780
68193537264
25019998544
1242044575230
11679237169184
1820254276605
1407258468000
838293191955
7368936479616
108220844160
5486833648053
1629113741775
14609005712039
589927200
108535747460
13049220119040
7136684966
16335164917113
21128354634420
8552866650668
7598414981250
355604256
183626855
47971954390
18419094961020
7974592373069
8103642489096
7977518069175
1197034178256
8161941663045
901663341150
8685416307336
709776
763469873919
15612049778
7236898439552
64872089856
4685496775920
3069770165010
7523455228656
308234988048
11097597282408
2128355612460
7460485518206
546424588068
18965074027550
11457667316511
503404440
4186266701760
3629287656
16213257934832
7817675163779
10991210567240
18343873846350
2898724884948
11107729020703
9314289839097
9790354388540
20544328306800
344193277120
6579455366550
9546179666588
4095495027300
2543792718720
2009062851480
2124161594920
6361676495616
11440092029424
5249031725217
120419223552
132171900294
1096093692224
71845606365
4840333563690
228516
1411133777352
149412394040
14805267696
7322808355214
1187924106733
4079280055200
9668579218426
25815951253950
15975299210543
568837747467
233218672800
3061446573171
124620563130
11998717251480
9802717113008
631497807360
10591693056
8239769195784
136748232608
8205591044093
14315339922800
8047314519608
1341611393904
13487552334240
465054375240
17970046764
615316311552
26031562869015
11175816134496
1353095374836
18829174453200
207629400819
9189136151250
1827056139389
560454552
4094539832304
1789993252800
82163544506
794169657950
9605221742880
487324451868
22364633668608
8319632256
41072584600
1131849239820
1722630560
86035077975
286416986680
1598993480
12198724532709
2545553790
21263561983440
700897245188
31469147100
19200218924520
10686515483039
8802162333510
529494919872
7882099336128
1816012359950
1062278781903
10529444223950
6576170362432
3238747332480
251962079880
126364253688
823308459870
23512320
29417256374
8662928513400
18632705329152
19599375579264
3602125898400
687730257
19458597155564
9514434420656
16633527879344
14241210959954
72630948
64493073320
17855628214008
35349688248
882038913984
16352789062032
2730549779642
15341897090319
6026645793
679478678984
63620506872
1740562585510
4807931040
7810237029475
4670961850368
1522273755312
543715042572
48052638240
385447266560
30598913520
1599527897600
3872122777224
19783034360112
2959448490624
375044956353
106096255488
3926346613101
6639449352624
666443170176
7887524243456
6614635747357
920602065884
870493084886
17101213200
589047768
14978777171370
54427249360
4944015434400
5293672149312
1977597174
15892724435264
6537104704970
4323148214688
908391744365
1020001632000
64549477575
14947926353729
88774555898
174671804268
24790302105080
1229439221400
347782153851
11559327068352
5455147374705
2957095359371
2398314268356
251632064
12155576573
226534905800
15906227455800
11832800
216159575112
1660121080758
10783372419264
3669820360704
1224817959456
572527524195
7866000
9440247789960
7301660138448
127867071904
6414464061720
253710018240
6679055
5659908090565
12304299369530
26483895410240
9094242860492
7648542594
389945290752
11078576687070
7685800354375
164871357924
3235758270720
27709417264188
2804975217555
584087669664
15402525213864
1050501192725
85588181936
293540263184
201593205
6617929079454
1454430600
134777181
21307014729264
19476897858
518964900
48942117795
147764882736
7335352313654
133768040
7697517589440
1666112722890
93486468448
51296098491
5338659143160
7497374819424
11551477200560
11725769511710
6221039112288
1870165641399
200018936
3233419400835
13877062353440
2029434005244
2162820868992
171303075825
3942662739480
2825702910624
2393049162504
2718731972160
8350182734
11758661393006
3369152203328
9005159137376
134278129983
18254313783342
479587023936
20670831516096
1996138598240
2532252652050
4662987254640
6410866334925
991740193820
5898930
11265383415
19355059111520
19144960228304
1534296905856
16056579574503
224502553584
4574122184016
13085697589154
166540369080
6783712219440
3141270720
6199698457680
17565936968160
1311698244848
240869700576
9676461871075
2758363929
6013843166889
25822018530
9072093754451
20259120525
2430235041081
18487239039000
46530
190173814110
2870612415580
4707749354739
361052516400
10031174210384
1094163878640
5195772019360
376846470
35132573580
262659490965
5636395490204
15558725245
11176831209285
468842296080
979673552
6783013678000
3832192518
1434583590
422494600080
2494387359408
2875703867520
814279750200
1097677509760
614089087220
168850090344
9599423518919
318464534
972189677264
1547862240
335741961405
4036552375680
99740672
1551235973175
23621670270
4621635008144
3851918892672
7261963632
8641029905875
1811417300
628656777
6127945574400
4294761130
95047925570
18593505336
9881217689115
3593278714000
6764985502275
745700650775
27249437952
1690471835655
10399318751232
7931459124
1748694444120
10044546381
18647177324853
12564693813555
4489184544
2616692937
45034508
5979802140000
3981308370336
5818259343260
3235377666048
622133873480
256732859500
3485023346952
1822598554752
8939940655649
1381688880
3831729465432
435773184
17125395609000
18845436868419
266659352240
657715711026
4012861251840
5592562003602
28235909520
10619385057930
12872760640
76166365500
8574521400
23796070255392
3039045597434
15188372667888
402893168384
88620840
10018363043010
98159504276
24709104
10383199750800
4935649866752
1212960
113335895724
1873268123265
674375727032
480812730324
22561257727755
1019718493365
237105608835
275616218156
6013918818336
4357866730698
30203590944
202200877233
14063427678750
11382689043921
259683220914
4779929164593
20285315886592
49398155952
6855691973609
13836172363575
564227060
157354379875
3575303779136
119583653520
14402455299752
2021782973760
2957495029482
21890120037170
199906409120
12002721051104
111468924
49474279512
209946952
11531230911330
20679193374840
3224828541231
439607459814
1273559008512
9068395389630
11456293484
137961120
16586233713280
2398336859376
36150249856
16916388268598
2196421551716
185197896284
7865722035570
4383218835281
114886610055
11653375471040
8940691974465
9121929649776
7528243973880
31284705380
1483440248880
10264131625072
41140125
4870005003528
644494514625
78149915833
7609876560
270250691
2876456364320
11724809196240
217079980
2590020289584
12569100084
2334951383904
393725885
61478139516
1486760908048
157531452264
7807510927184
4048459595856
804392233056
710415143760
21739637648615
9863133680204
19521523509750
10866301305
8219652287894
7234836407007
6741285434259
16273668909715
25703772378114
6020976773760
339713080
15734400
121786534320
10927536041397
9503843120608
3027784364672
7043928422400
8807768805960
18956855448480
7202347978560
2761262450415
882583066782
11589717563888
1144860696105
7867197371264
2134197657459
4622744782656
10144829254464
4828791383120
1371305214336
6806292365312
2333118348048
6378983890412
4389642667520
4235831482520
3383161501995
8314068856790
54166614160
61868426400
1186382058734
43228800
2002933633320
106946378232
10159325760296
12392208416640
9359495679936
21957124835760
9090957993984
176366295
2320994700840
9596529813344
4161477153856
2565043169520
148236207504
6810854613050
5966988192809
221105387619
11230664783130
769188427584
154344000746
16762909891949
138284017353
3200349219528
8392369372184
11718227617002
1209362388080
25556077008
4354989532208
23419101265
20038556064
96058623744
9951845504784
5543784417248
3612776538763
9
91721549072
5755834301705
780936909308
10167304454384
7727177304
8546324475
1281391950120
10001235087074
6286201473792
5816251353600
2146706091810
1135625730624
309832464920
4076979670640
7255534380822
16450742311410
656367093288
16061939712
10712810874216
3134306186208
43656719040
13072634367664
4779430223280
25126856175840
1671409829808
1091592806115
195118157106
812958652384
6551981082096
7514873729280
1452106998560
2022308027878
17939796664986
24899754431232
5399758753875
6704058081136
52465959
15865086180825
20512411504581
1820727978368
6352911947744
20170698512384
16043573282496
54974257632
20757953655920
10259005765920
527110731966
4049035609311
230536486125
7030679156787
17342504798157
10957397079132
18258599248848
8374700875968
438724648060
933138823680
3146607525600
150564054620
917814447264
180566760
98849072480
115992946080
1010986043744
464267834496
361079248032
8337883912848
6174139795824
6568628977416
46488144263
5863141271680
3182980973445
3747851281096
4820365661256
1065840792640
274900405232
15020921703840
6323211857456
6348931758
713666745840
5565586299120
359981954016
18661534320
388813141440
11291411642016
1727966052876
200939340840
1605940751160
571961264
1149820892
13825340858720
135977013074
1497254293728
4387549929960
11753343720
3884744336979
20866112997104
24329714024
475879976208
88526943582
2746115787600
321159243600
8587703848768
1399530381106
4760929184704
2437693996120
18445240375920
9016974173984
2931984256992
15075430000
5431473336319
62931731520
4138618299417
17503840947840
8823330296180
807079459312
6828229232
97367184
2113231734
245928206226
1378273680
10963437150768
3233596718387
16441750470937
3977445977373
10083713217864
14752960399640
1689975312852
108539571
3999473342360
6984020814999
101493786560
8527834881032
2188894028204
13489190049456
4177133195312
11084594940776
102706062720
240169127840
4770969855020
4616802945408
1920919754880
379120471893
979786147392
19634867784630
1699711053568
9185747100264
24781793513600
14230107691841
5446023566480
1928067892628
5858725473676
1369259010000
5242110588000
15812852887296
7103294142409
40878288
4561678338096
1137649869200
142385358912
4616074008000
9731901241775
1703999318000
7263360983888
17297341162128
861007012400
101507025840
54114191120
5678714394112
533556234624
30543330198948
603204280320
14401090026037
5733080924
53110135320
26961494302890
4800541076064
5966475348288
2921156010192
13114912453247
2572439385360
1725028606224
185741842000
19015950129
4197531737000
4544613767168
1913670854568
12352304917992
4062633886465
2018332024184
2814074410908
1469551200
6307370216
20162385945
618560
970142979456
8306853924330
9739697350400
8684872403032
2791904736393
1189644435
14251179902096
653852452848
32565050
2027624975100
4700123198780
14249623201632
6269232344051
5969240890560
11650475275560
17915247168
3343206649404
16842684207529
6351359826600
1269876013650
12004831648
146081061280
3692929879800
2653950014794
8448130494173
3941299482120
1219551144
208905011616
8466414516000
21032528121605
1054479811968
797739819471
3327946925196
8185300600497
3532192475952
3365487007811
122575950
4445609203392
560904441258
4990443713264
582918918720
8733112440
3461893566021
2324017888
14763454208016
393531953040
1505165191185
583714448691
8653007171100
1289359061424
5737900483817
25734068750000
16718315551968
2727196638285
463355733755
282336481900
201230470125
9207615951492
2401086231144
506026114200
621023925567
281378840445
593907878760
15755700266208
4627536716777
13796039055024
255756029130
5211688101984
10394717292918
237181376494
20624043206328
3374553482625
3432755018709
27127275410115
10028394237120
6368164869004
4658578553475
189306692631
3383508645600
4083435286480
13196124
8492692763504
1562600480280
856137729766
31486945203434
389275268994
15092278972106
362719639926
3655400394816
2912262080
13368179909400
16120690110000
143727557358
1808582171760
6392751475968
4061138265288
10049543617752
3316960579320
627905531120
4807947993524
8532857548800
37088738000
2045229044880
15064125879296
8109254064
1866564063186
6836298525000
17075777223
2234534908740
1311973173390
5511450733455
8762825608300
114872902560
237911978118
48387900
13423523256
1746191641440
14562050766032
1232726040768
695885751296
1073239728470
12564277456700
4624050838704
336305492000
370829451
1231274639386
5708533353285
4021476164772
342226280100
10146996884
240842295425
19465143264
1599282590544
126661150440
15764420919480
50442998795
9838140400944
630127290062
1551173280
311472144
141095174000
413839927710
4723177320
3420334516096
18050032095
3197876664680
841781655
16752583542024
537893094960
19814138600
1470605681689
9587882511752
605272497560
5028811348644
22094556175494
8331131789568
12879574476678
5701907523543
16404660993050
65627801136
7031960731302
17465673100824
22822990359952
20784865100315
10245927158880
353474789200
5081969889800
2544961444800
1715793405440
9649195020810
8727527681279
2928085631952
1028834867136
104846701097
584194136372
10006052651240
4635663585
4573263216864
21177755465889
557508841200
1256391056275
45949186514
192917448759
148689980528
711248945400
1789176552540
3729246934016
13978209272191
110137841352
7032467484636
751158031923
2640145421664
8153015692800
497563400620
9066970734000
464937722192
15440200321624
72875942292
18616916444126
11207519026220
170236728
8790821363
811884345786
1022589525216
767797774722
1581979922964
18540364340736
242398049880
17784408341
324113370437
536201081871
3105163323616
252252208274
9648423897363
5858618012480
7514598341798
11080318844
1200240625840
297923335050
9843885816840
5226108463604
29077504545729
4690894773080
5043843050850
6103865539350
5075160460770
581561109928
16275705567777
1231578120420
151689699408
32790172074
84398636579
567731818800
26329202549568
10303875248760
4399883617518
3306137423040
1905721183632
8095516817472
8208842670716
1773939351555
7646980647656
1625594398208
2195196192675
171933080229
2985977124692
4442558994720
5473851520284
2733693604808
161341939604
85743024
21685206513779
3239585785815
61856525939
3033581570240
2330644909340
445186225920
5882580288000
291721149
5983220108794
1708683105360
202904173395
33564794445
2971416253988
804077370
4848454719920
168522517800
19578548913
444883662080
591970535
8593638298112
10298730077064
2104254176846
1670002764920
51276305284
13032349066880
5357453675535
1057612172
862620567600
12774128020944
11788165243800
5477095495872
1080575496
368435827800
10389674467200
3149290939536
537525628484
17416444429984
5325650820560
14132362734000
6660185143392
275706977040
366000818592
21026954268704
1230007061970
426149303552
463091511312
2185569480
400
5170785103809
36536402280
4789559615750
1274926791030
2448306561510
37963480
10461890703600
7742762570736
15491224285824
63978872448
663966598240
15988854483080
499232528704
12222498449952
2793609110151
4765937520200
12378656540
639634105365
302282839296
3120600351379
455208422130
9698946149984
373236240630
651797477480
41483765632
14419075725600
240515232708
13851398555860
6165556007950
965813459871
227255188494
5486270580315
14815566565900
149941329552
862463608403
4135917606912
1725944498880
693160748175
35805439200
22686132996295
1093262566245
661140149631
12701031840
528364101142
464338703976
3563283748707
5983742999520
5203065050976
3774003601875
77041402352
37750723584
163045910
1171546493893
5620296560
79509102552
7521117743940
6748747484
5811582248084
706243063968
9783157590541
511182831250
175156438608
784877370225
401061219759
1425989010303
17932179503180
4932044095680
293537347584
14803510669740
15512724408601
1873686021417
8428978666584
1419373449478
9129076169400
3395932459335
472421662169
6828763792800
14570769564
177474190761
1229545843680
362002756416
111988838325
2628736723530
277962411776
19274184
11903643544000
262871657448
562633106156
1102985040465
6557703553170
287812410048
21134699493540
4707415884573
888187422096
9557508747264
11542032632900
9352475234814
7697492128485
521481229935
72549857504
3581263777461
3714075033984
54279009568
1147628495984
168531198108
341396920935
17606075170320
2684
2901232877348
7096042800
291622749264
15600359942841
11268486858480
16835446745424
23523540089418
773436168
623625323667
813438032
95105346567
1709961850135
21604023017542
3681111951648
3694428522344
18020122971471
21316422322224
2900830570560
13551246213104
305857281027
9691701685302
5179870069613
208917085860
13968296942320
18934530333048
6718755787100
6223843344600
3974568522005
8100
46913801477
24934639307760
217273197876
499466510400
3859754799900
9845583163416
873357072784
1652878263397
23867408400
14234568655860
8200441704000
3258089989122
870287479040
21832704
869342227617
5143166687568
25827808979567
657624021600
5729821644552
314713777488
2420793769680
403967662832
5234742287400
139159099926
117519119850
19656934248280
169531632000
1082113804272
951670395
86834988
19120865602157
180248161524
2542836937345
9548155501434
17684220503691
5650795512446
165075926960
32884336092
414263478658
7231255830105
4457191404720
30557268279
4444324415153
320569132884
83969910449
1768750834952
8220615617760
3080613691744
2367861544272
955836667632
264470530779
6076183081599
10374898535040
111081739494
1022602489002
13571568088064
15776948
4976204650809
19710240680
993624985584
1019246176752
870355630287
311911760
12084172635681
14460566952095
7356149380720
1551460583724
13309086735693
15200908448505
13264179425520
2735369568048
20870834
17408961347681
200498130000
26060726767383
195608116
1184190769125
382082518720
6828945753321
3359586861939
2809618187178
1218088375686
18945034133571
23707196589060
810129866384
71083338735
9770212790
28142707384
1201204650720
54689416218
636768
279396136905
3435048515024
327752414688
4225615192824
2288258559
6793780777184
896
332942798909
18219105499400
1585624075
28198842396054
5300814368784
1928896155648
3149684127827
14717154951210
404974292359
14756051035
10110853373153
372409607592
13308869899020
13476975720068
3331395993039
135010542608
24855200937600
9235562633856
253633956384
865368301875
7538369718816
14067031199984
2493963423464
6268310193844
202848932
1009702687327
1482700353447
3239295172692
15163297241785
51846582405
2189920053578
6725069186531
3008604044160
9385783680770
2399777987
22954241163924
1149003650
15623189212608
270421368912
173508749568
14012829237600
5856301759680
2076169424412
4568580048372
26229187358976
16489871081856
261997544185
75255041850
574164857819
317459663104
17712663051860
3324654075600
13360203482472
2775149096944
10395294999375
2094906789600
14803318264392
966120213440
2889681025
301413197088
15778240324896
4472807441200
2117271429831
574036171319
22776244819752
2082434523120
23964653160
6248738829824
24715010304
39808366945
43709752608
962821440
523032129648
957936453396
13676400
2213080590162
6106324144848
8952057744
3261539538096
9678858486120
274146047109
12168768409560
7406606087520
64365516360
17933334250944
2406108596136
480457191240
3430668816
22630962776875
56553641641
43848522
8464208498766
2621082641160
431633271552
14479413445200
1130853350448
9215242839
233919452118
10316538650997
174901196316
1202375393376
2033586821520
1755462897903
12375022340352
152639576
15028973839784
1973317888035
47810529390
950850762240
8118682175951
23738128568
332003040
2277761240400
3340771510520
10933815214055
3354888276116
11618855942535
88413707538
432721356560
2126227089000
512028972000
19200302576277
1343691637848
10102247896235
4116627690
7438210765928
478771235514
653697958515
95969797344
10393168872
360727625
87806896275
3195213986750
38545833216
8934505218432
19764629393136
35113709148
2569357320
10434499206320
390974593464
4619338425
11019336458529
644402337930
131742693600
154128
6421426518815
960
10941431192060
23209018018464
859803043008
21652158414
9542436577560
22121081288544
381336394320
9744184247808
1182020229752
13553645937200
8428889855777
1085424340
2308328303034
16240878253520
2372653140
534958569344
8205741089120
2041510578030
8865572207332
1650480000
16558058671819
603556635889
11168696314920
1414971946800
5060593735680
5964919947779
261496443665
27518215491824
275725212120
220957504448
22681199170721
53651901225
19357736224125
27699634116000
7385304465264
11731153493688
180225583200
14981942880
171899761160
7298402807040
638563611840
1031483828336
3176977339380
24603432442641
433209051392
74031182010
7601903714880
14245322813160
5820743569368
1711835821982
93519563175
6996048450195
63694837680
1693925958464
12672422191855
9840048437160
1272915750224
18514064428272
1100805832350
9835561275664
2792521046232
7479657668712
46809085248
23875992203305
4461409798248
191620865195
3584968220691
383817406659
784349383190
95216
6207028575440
2793
106973907339
5778503830
26110530008640
2535796701504
573895938980
21536547631744
13067296560640
6429477025920
7205806310040
20414830404480
372954
14613877080
246599035760
4208421083930
161332835886
1104851761332
24388672000140
1202290602387
8669588281982
8293982213015
26327718884378
1023124872
10610779765482
4151343914784
3318078105
5574153437808
4567714824
155478985704
13770738297344
64421773920
7665761812797
1428833184768
1701175267008
17665084487325
9557665291030
13868615475
7676860
25154520187365
893344673832
225907920
10410580666035
202172809344
342028467200
462330346305
7643690319258
4245315487776
1170327365385
168685403754
197407968396
3129668218490
1485050865120
250799885280
853360395916
7527118660
13907060934
495123161972
352856915840
17600393363200
9573404839568
9528476445696
572735865717
8580635325675
4152981190890
1708702973040
7553854838985
91771099848
54668417024
326975746377
6802104069600
585103074284
6252705501275
551776889048
8651769876584
1352273862
5434348280400
11847322017984
4971868912094
7332835274625
7499549179565
13914937638965
98317051508
628777117272
1380905298045
8215206080
22651701334479
2237470330992
630262152000
7004044731712
1315069697954
6813196828836
26114317477673
1834296458599
3511137648
5550348643840
427351203840
743347488
29872009794627
14867594115990
2976076114830
16301151760647
16096588843860
4237673765864
7314531324030
7504196448
21508538192
1004094120
7354606373156
16216210689840
579217809654
44964966
4973210880534
23513608596992
516872006151
1605217331355
1827095424
2101502037300
6149687876640
2623534457760
11376713230272
107739225450
5795753429709
138871361912
332693165919
3641672833503
531456598783
1460652084101
23836284340232
5202566435700
953929633359
26792149587005
5529951774720
36411159582
6845712861125
11367425640
79709666400
2214247240128
245322055071
4358804352
7709968052435
369745084800
71418976512
4821399032580
17892744671219
24978766261710
15638374736301
232839638616
4618309318452
231562344875
527273135984
946679658050
19253887460480
11719064353581
4962893701256
17044876110240
18859717188800
631784789608
218921414656
9708709330944
5250479511745
21971420786913
14793364121760
882894860505
7351665591886
17670442910780
66257216520
10871247817248
4144871310008
247812880000
92568570
8398949092794
123343457
16423114564824
2196354588480
73462061985
101117328534
2154463313712
752255568384
14324885473305
13782930739200
7331068800
463678153650
175242934048
3904735286450
8643582048
3613842962730
12736139211974
774846242617
606955063064
1870903049555
8821909040
183234105600
1109633801670
4933536742989
6977866929885
16361908128
833093681264
3471285562160
23298458046400
20786456574000
913591790144
17979297472320
9111301418604
1112336768200
18315827664
2391051387957
1709742138192
699941833443
4498380270069
10367994610104
16580699604644
898925994807
19253894950530
755033328
848176785
9381553494453
10522283183085
931469872014
5662815517269
9122934790684
8520806281680
504988933275
1179322787328
8164223549400
251726870528
9864596567400
1784642231781
932102217760
2410677
10517378673802
18097722415080
13176009728280
1534500990
7506961597440
4108628663664
6311624447016
7613033740604
95252925
71445486940
10590287333568
20434464
2329762741130
335385945
2140993811856
14728864173225
1728771678144
40896170304
1849778160
5374587185088
11803130976
116714845824
102114030
79056503120
109090800
5442270173912
14047051248384
10461911023263
40238994108
4784797536
4137420671985
3361076292992
205134974400
60641802240
14520137256240
3340875629652
28135075665648
189473306603
20060469141552
15028502429880
3020543535024
1474797888
350650395480
132229101555
16293053145168
655322669545
22538514664325
2210758392960
436556432669
148539127200
20748620002383
2217025305600
4430348736000
12747283771250
22255395522360
9237748252096
47568003840
21688140175240
723979087605
1745040546126
131391104
204851137200
20708803807544
539167181865
237041287280
8865641382064
2017014988065
20234917343324
2616836635920
302286492200
5500485595283
4105133082288
943208400828
11676852444
13240105508052
234090718848
7884275928984
3730965303969
12108417056775
3691724940540
3225027564603
11447967862473
16267194889680
8522774146560
4562622619282
358193282496
2297137085768
6186879359360
4526178107136
4455269308665
284808931059
2551182196032
164362666635
11263691544416
7903180853120
1814232054
457036196007
5957820
11336903152344
1774999608640
2884427403
6863941322167
4337180278095
4909128885465
4995958587578
434923763904
206992490484
75999924
565188232329
8301769258464
5094649602621
503394785406
20526864082101
163864068480
229407808
1443065120
342119476800
13742999074530
3626744704464
263345946224
16620345992796
4970719552520
1106445932208
1598636346245
1093155682850
48277289520
12238426395
7329156717750
5554463636480
12592160543950
1327935818664
1053881717175
3137626784772
4662561313338
87478485723
435373803765
54007590576
1496852544568
21561768471936
6637115113998
17764131569856
635834936451
398102679315
23139628328880
96636281040
12505984368400
9899748183360
2627267765
7336463308928
3834732401664
9714667288256
2145866850192
1981268520
8632263825
25084803560607
3227957273984
5565398467720
14979481383869
1613863991766
1820506064715
10840248077472
5674403436240
9245664855840
9091020744155
13205086652969
1201458493315
12141491803394
768811248
17120632389
4918018854996
35564754848
6584892391305
477467353080
550831259208
140764208520
16685540781504
1575221424
4764851501850
63298212504
764801383467
59842176480
804187608059
278231502339
4375781750130
8383005267084
86890316016
8157225302525
10889075245335
755584310
1016561310416
22995221058810
13025100528
13624220347089
12970678322235
440113789845
21034311267684
10828139903334
42845685792
1291684271399
11858745010266
7038287702985
1492600163808
5425377490800
70588746945
38058212010
8715100859157
7472422054440
3196576474634
12218115415205
901483447625
11650024112640
1871478336
3275325494720
5428916923968
759388893760
28904259039110
