868746396672
1427153877984
7279744639440
14910859449240
311489605728
112093302048
2691242585120
1237755765840
9676020335647
13895855376480
23463772019688
19433937771864
30144400
4735371222648
12454654177532
2061459756629
3995785296000
9033334237856
1191651950994
852633920
8643925407084
16163015119856
2900711986128
2414969481925
10145544630
3829510468008
128827677888
2081424563592
266043392
87846880
2786177892760
8647928954327
201516390945
1517179701312
11968961616
7340361724080
52278955400
25144040979929
1062479250
207181799420
19809658274112
21231951882275
804670409264
1753276258656
1102001472
1012778993555
988377920
2836718609088
568760505984
9535773728640
1190495271999
6003561426445
12453448648256
1004177877560
8676652538
1235779433070
20835717632224
11969621360
15339062500769
15927771671952
21282864378864
472503243954
26732378216999
15970232091143
13484183198952
1319674726224
296371741952
676625079312
2635853475824
414617330972
11992106834928
68593136256
11586570394032
8195876025384
225253502285
150600719373
9196319206512
2436875210715
778675386288
20626974374853
11263661752
3175560105809
4952079691784
542056506992
2017454175240
980776384224
18052059295920
443790752375
1238049120
24653707332800
20001043564800
15878155900050
616345871328
7192579133740
704958970496
5417794090170
7141370649426
61473440000
3069290649600
674249213424
3668979186458
27124744985184
9833101536368
7264442410400
57733208352
17159131088112
1504306621890
135901606500
1159536
7805231930
10353020786036
2238164630784
10967114113200
12113081613855
19217434030080
66502415
125730821916
1918670360672
25084433920
4845187603984
12131646499728
19432325071152
7032363030912
744014805600
27014092561856
1262179627208
16139286146468
78375
21861265583871
980603981223
3595679028596
14508719363376
186701445
1000726529967
1498207063598
14359925999232
697981042080
7653283767600
7506814204244
7584323965877
1893557754275
1030960130418
115799830400
112906124460
5663479047872
12077881518032
18548831171871
1220294865549
150191156352
893325532149
14765058799920
1069350641510
18602292098544
72800
77156704
1042178736154
13755703208000
13487044301640
20862006978540
5713922463514
22472334229025
489254970600
4266608780304
7292003383892
792940234416
102343904558
119952
251972985600
179822820654
126152442423
57828425760
18018578886935
465686761248
35730982155
6738902000
5624703497490
61620130132
9833045055051
17670764288
26349860422995
16827616226355
1410024183452
648653971680
8915002048860
290561702688
151438128325
22811711234576
14461581284775
21485369873120
2587413662670
223370422200
9830964061824
24824509909584
14501749736590
698221813302
10305903534624
1601802068922
11078392758419
3505481109592
1439442440
50213747220
2955010319643
57169214
1496072229120
2484415543599
2727406674000
14782199136640
8973798333515
2203692855
16249886651
9169874379650
1353333330
205104520856
12909128083863
679827975840
1919795722020
2116411181640
3323332811328
9002456432640
1620172443120
659601360
1130427
29451855312
6863521341177
11620632906080
9409893318375
208535277326
13232600261369
8279859590255
5424235904763
12811522173120
967983679344
3693931360
3825
8788518956074
21850748131500
1746913866957
10224636919959
522843577056
47239182
1847347511040
85121125964
11742403793118
1531123556180
12004096342953
13801550117375
1600009819
350446602
8064075613611
790630970280
138680729538
1660235166720
143898931814
484600617492
347435
5414542039296
4264334786712
106776790197
142556528
1930358783304
1600308699792
1249533143544
12781584338879
1001602971488
19520705898
1080149468136
5042884301520
10583003760
17442009624312
459882367512
21030103922720
4184049926894
5852079487290
59855216640
12339842020005
795615999192
8699238286179
1531915291065
217628280336
536939858814
27404459600880
3077618148231
4815268390400
841729515
2297555572671
207081650
8498736883019
4131715686384
235438302300
34493669
439675617960
11465478686535
877953668760
3016047326528
39592177904
3244635757440
10291597400205
152112554176
24398618478554
5294742401963
13667846439424
14860949947560
12914498544192
480840325056
3552747662982
26559533000
22395485021952
2655243848813
22440415014594
21431710996248
1095633
89449847946
16219396493685
5762542118784
705023235
702419037840
1664611654112
455560450254
22848858396959
15686958794598
26908548524
3186482037588
10617368347665
355116003482
435930434604
662506192962
1216733003519
3660630316728
2686471621632
10037693133
5525578312800
226703134713
22418320498992
3257001980414
1224124463520
923882363822
3432170982240
8724244517949
4423096876548
62309728040
17667228484710
3000942050949
922986560
4676838600672
47742160049
18098343494280
185624892639
1534518720
841052129592
16241412432960
13420495624704
70886010234
4096973160280
460158869625
24333913826019
4478045
107071731546
1728746223680
135941518034
9577513928778
17093128992
8800779737648
560670321960
7748699935816
12567628807289
2049243542304
974853511632
481588852680
17013008476044
620253459806
2795664176
5411851745445
1566269535120
10068852589775
2314022005100
289782613120
1018081460466
22499036356816
3413625090552
3205158196125
8806119103600
3466392084240
4514855190464
4607636635824
189334095552
6714792285456
437455259280
3578951045
122062648780
11800017964800
16481984680
15337819221989
644852555592
8143159120850
23877171022376
3334413455604
821456549144
31385250
8896869255351
80128147776
1326730205304
8784347529216
1393383551175
9459929713834
5069240714496
9708066880512
9622295848916
5328610664305
234112
3701633048820
165442196612
501311737680
176573480132
16124759372136
8154839128590
22316130816
5222418270914
29010530333274
191637751725
18728393294156
706512283248
406540924768
21023739434880
7685550663804
12304477185
2426136048453
19151600
46906583130
19270507835328
130617374625
11514367725000
747206939459
10115609566755
5784990621669
165415891548
12652978758003
14941661205120
24760752975
3741438718360
17045760709360
883742955036
6395672104701
6951740435728
19518345
475393984
697620000
9820510359828
132683265
17456660880225
1164754404000
4634441928348
122543035083
6279789890
11389717171100
13534576827354
5805089196800
11400388220
218304310025
510332791920
1749076491021
7585266340160
123121487305
3686906592096
15997439449859
5950129930640
2089151070237
502229527035
429651943325
1720293664817
1041768
9141967416132
10952494725144
2322117487338
1361604370176
2844342865485
40529871921
2669704948025
2551540497408
13618307699904
4429247905600
6656384
2659546597440
2618153822240
13107079832896
6920811619920
2379880351800
2708282057481
13127858988184
14850876229280
440865276050
1104851579139
396394992
6716653234430
7711932800
6045499892637
629078201462
2404521966366
18407422248960
5315325281250
10168285605813
5637420139104
357665074395
19912265324490
11995994428371
14694439979504
315607104
29255377634
28858852152
4517954252289
18393305336640
17348203234560
5003680432887
233437693410
66004992
17047247204790
4235327743104
3199844720
598159953534
2465383416368
798692859477
19270199985400
12977052891803
11424530059451
43429988
6492191643
13447657770
29761542289286
239785425
2046096499200
11502941984800
4490044662600
8379697707168
6023515212000
589140272
8614182934464
8967506064520
13285912573395
1074898404000
4579345337600
4537177384046
11821640116401
588836612832
16452502704
10374379897
5456515376
265781409920
20901696919785
12878283952336
11012090799840
1267721978105
29651335
2524522642368
168058822140
592026624
402431325296
842593503444
163268591250
218183261434
17214179337615
11780649996528
60663448076
7496623782288
555867070913
3784643957853
1982231680
13771740928440
8843147505000
12619260874475
1367061522162
1086324225
24150288887632
1068610576752
3635245616310
2389223872496
3075290770656
520801241520
16348588761960
6242578887608
1239905090517
9551156419904
10000159378560
4077784049344
7292297152
1243515079065
6022099020960
24725390342016
17481931081600
19081178646048
1240522787100
6056566813200
311862370418
1031777197696
69410652864
204075181625
2032159125360
2412862774704
26411976562560
30712482824975
40925585568
10429833860
1804238903612
1187670024639
12435613421790
514452102372
485673032096
9360524276565
452366640
9204088351752
5502249782016
10238475171960
3762360145416
5083223017844
1233234508800
203220480
9568118634048
1001505080376
1464861888
7690038241149
57390715080
2168157208800
2621361618
1199907009888
7888442050944
28810050515064
2340248490021
3721075771875
14677679699528
24890242758840
11809416075849
15640400408052
1811681628120
639433785429
16660948408560
920513970761
276495197
187279844925
4983396301080
12494835269008
8606365396634
10469689843184
272496278304
326901205701
2007224975327
89073653625
2468575331670
1103238782730
145477226736
13263543702880
7535436066890
1667623284
16388945757994
3212314867200
54947200
83807582528
356831561373
2449488798110
3277467049938
3703193910720
15185508
2612227929675
7528939799121
6913735393488
24383707370736
12480088813948
424986878550
1392895144005
20315644137000
6206962368290
31394300372
12591170985039
287001372672
18887546478
6879502131020
1167559446216
5703947951104
98770
769703845680
488927215065
53461087875
4902599932032
1372032906426
558500731776
83399248621
8939093786616
24166961784477
1165017357513
1774611719896
443527721224
241875857256
13547921749383
5564493884880
6681427448595
787108342080
206157456740
6721679640
100847948820
2283645927534
139705943160
525168998156
83919360
161121180330
4949327983215
5759541268094
187812192240
24786511137440
930315488046
29101192324695
22503705372720
19327776279140
325358574160
13596220793520
9508426386550
24187949612460
14687794879632
953524504590
652052606429
113168882208
214597891200
6136764662670
16042979232
674370100800
1491613345545
917551356375
78602163822
4414275612656
8690808
601831218720
9220037376
435195292928
14664604062654
42936150105
5252561664
26664371987715
25655615042040
8936549509184
636138779429
5585253933000
144254048285
23964161689964
17810921670720
2818587408
644057356810
4631436332160
275590193219
349058686340
409669960
9715039654064
88800
1390449667464
357581470960
1367049714714
228935615456
55654083915
1300695569352
428126496005
9822392994900
7552354478715
5571169168632
217268727291
318119274224
23973414170778
2811081021984
7983203015284
8541247669720
344644400000
54663840
3810404420752
721331419728
20255814050082
20536612591677
305110779008
10977234026535
15969410532
9458516068848
347534435925
5058693396768
6587367500032
1676827457760
4937803498089
375535649610
9243141857505
5172852853218
8843513850432
7850462256
1886225163968
5978545664
25210783080
411333540072
3933746865433
1059990703065
19652612832
11996281373312
329340140376
3708116076006
279508691
4377782791152
3887134744680
1157853408264
8896676624
5458981033143
2812859376936
8651051323320
19323156360320
577666787522
8123400516
4199638923270
7079655389920
37543442760
2080088944290
251386592870
3589989095616
14235682810320
130430835
73363236000
824720650210
3405257310
1734363846272
22428456331008
13896100793995
2065077533610
1530
363094528275
6960218154168
1117995502032
204118428800
5541512165774
263153555280
14013158997024
3883641576960
558765875822
173257020
430044342000
5117113440
14090237886870
17047401028000
15801306
9406552167000
11077942949100
8219205939210
15406433280
6062319253676
261169679040
1004436202266
153661395160
3068598341655
43221762864
479159604
3044507701184
9384141285120
1593120626517
33953958000
34438777120
1308324119040
21445919027964
339381494712
1861855276016
914864189440
2595024938737
3051612477474
1214023948137
1047805902704
44358989200
17634561830874
7209530661762
12071959333436
1761574083520
9429477131088
12836425611932
1323795877560
494220285
6622951006485
22281022609120
416283420
3239601781364
4259170416
7873427942424
3633812627648
8836373458540
10651162947776
25961746719480
19218919968
328866984160
15238860510368
2366975200128
53490604544
82199865329
1033808841120
422883889545
3765717883272
15435655313804
2013564030082
123611284368
8363437126875
6781854191145
18584614291935
2085731816025
109992751280
452325541192
9778793315967
126006641040
4351209609984
815170850112
171264708
3701520225504
57110837301
118158486144
642974529072
1097023226096
2717166579608
3671163478320
15673532160
2691857600523
144457983040
74394753048
3649483287576
18679307013725
8399186841584
10892870682608
16225478763156
3494132836560
9170759343964
595299005964
20297670221595
37568255
747123534720
76061487264
10217756244000
2710877358816
7153425229392
4951331617560
114142262784
60389697984
5589486598920
1520283093920
322230440110
9978535919520
6838480177254
105890820000
8263759371504
519231095040
857420884730
5024796860928
6925131610740
620798728220
2416563863552
17542803844065
1268263853159
47924995
34678743
1538420108745
5702220560900
26135322433
10015915865856
7297582884368
26175077319843
25879638378645
100758914463
4730333916
292465392
1084993565717
19570002381875
3887064599040
9699072688536
138335038814
11718049086630
1107302822416
362827799620
1681125320016
4091583367080
121618112
13099500347577
10995898116231
3046033520
3568091828509
3866789501309
24774678969040
5337950163804
15677553
29933110215419
125740945994
4407142443414
8522797752
1184445031812
3469862860620
7082981401337
321171363771
4880657435439
55253229920
492722639552
1299097348585
7452271220823
7199032631940
2954193985202
19065133122048
3234371634709
1485511275213
61971360
23181511052700
10697233252875
380512
572404161
912721619992
426692081607
2563944414360
60275722784
181316486400
24474481635600
2859183649728
24048128648
694197589995
16491358699536
53698512
13148698792880
263576875200
32383653644
142552613880
2460789096480
3987741371166
14420232480
13523702643360
6214660330452
16556050155240
15217143822735
6305440781700
17775334051800
10302319848912
2786557360983
99560107904
3652724760336
466912087200
123200462080
17377552147744
2884278054840
1027242631368
17358067244
160932558
211402169088
5751104573319
10887415694344
6258699765835
130738124888
4129621370784
168813271240
4115379052800
3336887455440
10628406320285
9100521513920
16856923955040
2068489944950
80780230900
60289704270
976515225528
1407395901072
273468092833
2634140821200
7057122072
1296144944
78131632488
170896085624
842957907264
1524022626616
5570885912064
1599671180250
4166998848
531192899523
24765501696
128933417943
90950805120
6465446862212
2357192260000
298231088224
11316345315040
427458077170
274920795485
733687749888
1226864424618
6112490881200
7271527558139
7944995197134
20125861899248
13582426244275
27855532267248
68943829248
1470891014010
219006267300
45559188
62284836206
15016934289960
11924566010
2026738184520
2813082878970
8359863182424
10153576334880
9429817668750
7267623652748
963529728
3808145027925
8576076889476
151490814720
376597431925
325398795480
16123952753664
9954807779004
732473751136
320971574400
3217285071
3784285456758
8898266465088
2884708352384
1042405569
2199877025
5222125489779
2120283797904
4519863362512
7663553963559
8534139793320
935752911504
391629448
2454001605360
8200185234320
9641497572630
8183173318320
25759585015420
4290685182080
5375607325756
13766873116968
592115990760
219980501820
14524584923175
811723332096
825295984
179749911440
3904764864
2817629928024
356201770252
350698671840
5588032700880
3355832480
742058610534
11399753281032
15525745400139
154439240784
505513120
4399421042250
23404445505
4981889777280
4819141581135
20108203536699
4578207993216
6235417100955
27254989320
200370296000
3985238727239
850149300
995356318464
177396173079
2270116736349
7084158780888
5452384047500
6474267676855
2283957
18141726018072
26200239520
133841478459
5883843404808
16991774967024
92873504
7549416209991
11518967117200
5570352263504
3256728184304
17061621081043
365760586476
178284144
40005926576
13734144
3152766810165
2349748390176
4915887228470
16835435307768
770360744175
581193058275
2087198286243
81549632385
4023253491040
341671439232
3893849750505
352597485120
1175500550000
1534974975665
4046620646880
4698687418656
8227851135
2272510079235
1181818684800
671127996720
351648990552
22709429730816
17612351618225
5272889624208
101840807705
6232019274988
2070106992837
7138717070014
6535482840
12538107309002
79274514688
326689160595
10279438041600
490597360935
10819276245
3787381524275
110025323408
7213348955200
12354048
4451832840476
6259233170432
15864105823773
470105060400
410215512861
11436254251317
29235610142472
5727403414848
11358541536552
54720811292
81926052273
978742009440
16898629965360
26733778761624
72620266565
1887563439920
450389352
941759252640
1739481986057
6891639706350
9194831692635
9448472495511
17323683809976
22459937893193
9045919806938
13743005374124
15491397688392
3413991783680
9742030096381
3080120445776
21224681657608
77467874760
2505469565900
4811412450143
144471236
16277071104
1456
9714086057808
2234793222488
3694795567464
3514278240
546285689100
2695846862
9433265607360
5258542726631
3346065289928
4495091841954
559768309760
1289851824960
3260678427140
5613878985
4771596924128
27890371942488
163783131174
1589724594864
707681206811
992632143360
1223358173021
1930731041745
91575742240
3514238784
237819630741
1772530091904
136372500
8758939073760
2921562000
1688971369979
16741517210400
760282150141
813664010496
11952414802944
3098398958915
3781604326456
2785609700640
740635999485
1820247846417
93855067824
12791089906800
72405457469
8772594145712
25894472152659
24405743232
17468867520
19443974500368
1608556812720
4167450
830424114387
2034859680
2952354911184
896229006387
90476988740
1855200747750
15600414231881
382571084575
7644723291584
2120986287392
2695840715762
1664310777653
1628592158700
25001185413120
3391848013188
93850542088
23168749810858
7156230417600
5612366528240
51995162679
10213374755760
315011553120
8450045440782
12470020200
41327944240
5125728939504
1634150873075
12952487876004
1117830976500
1285833375704
15584274613530
8152516417073
7183657119094
282928407300
5026087611
35857609016
2903914113644
2906312588816
9048181428434
6235635750435
2415156687552
778798312600
14936477602590
1123284457134
812222720547
1905554684
144184451481
434281244520
198066173520
4879190756076
14342140098
15428893025315
4792492745586
2071796820144
3769781563136
8790270320712
437347167345
2995259400
7842193439520
233561088948
1352496994365
10276586037458
4812192
1508331046557
1049362212375
5402928753429
2047241342565
100748499440
19171020000
2257956932832
14926186440
19840918534047
419689922040
8720906959440
3493087629675
187503294
13689594518184
928037703040
40479315520
468359798256
74564612187
2500163454535
1448989393741
25957077639750
210819404780
229885803
580274454375
2797990389810
1822418609
54358718535
14797929510
27747616146
201063016
47832762810
6624596481032
4073308187500
2396869482816
17871262211712
7858550354880
6803688514176
984263524352
4692523991750
59004075494
6049036388720
9291940201920
13172496460652
8990527428792
9441492569190
82903019264
50538641634
13416927382908
7063403229083
135985565437
7865608170360
24773112
1003190147861
26114559600
3355917488250
2508992
161344498875
435890605515
164887209
372843915840
2362932668250
15467883587120
52439734200
14924341078920
1198187749080
25897599
977402160
213454060775
9549136551360
553350525625
5335902665613
2331682304032
12512213945037
8497158097194
879831271341
641991110992
13019554334750
13316840943993
11355490224
1065923917434
6819631835688
47788773578
5044065444957
8077408787232
6013090500555
15258871118475
326130342139
2092987086705
3346624529496
6833564928
4747479908025
20023403989600
8481870735696
1212123939480
530610750513
1844339903894
2506652682345
6003522362250
5582898213672
3578587008800
700242305105
2839025295486
1813175508480
1983441938400
2112401929020
701669517381
551374445919
6309534336320
5607589982400
6538999389648
278617659000
1298055782712
16118053282227
68785588245
25150549518684
6613062699978
9340846625024
978653548404
755106254721
28544772857904
20924135979864
5677989698288
9342582102336
89863653960
16895272597632
3174674918709
7636175125800
12837294372024
9211571952960
360585396360
34054928334
8555638316453
4042335342962
16953746211960
29225159880
17748231930
4939411136004
11336160
11370080663672
702380532150
96813605385
309002019240
6196981512078
12253445183331
6076667952
9999933197520
3828807119925
2024658724851
222115639158
38497608135
1952514526248
12181640612526
2095170584011
9581616821535
17636530774820
548291414000
917517286497
405120716520
874947584
225492804720
269823034624
587196652224
19301925738744
9026456137371
1064996667648
65972894141
3335717668150
6105621027375
6484218316086
6248928752640
883837008
308725760
721863928080
1034530140
7558079854080
254115884880
10607382807824
10700857842048
22841259849408
4002147697680
7080690036896
519952096216
19183790760
1209768060
189308960568
10235339770376
27091609727166
5340451003344
953457321824
4354894400
1070430408
1769306246025
2395370431680
11691091761360
9198510939040
306141097500
24148813874160
9322334550372
1331144850539
202937329368
899032416716
983877378822
12884141132748
573484159248
1029248838052
17640518785032
180466464
7512029286912
1133182653624
5289369658440
27746531659
2487798570180
4387488091800
201443430195
7287836862600
4299672869709
217930248224
18713974448400
8296078165134
34924021739
18126878225344
4684735602960
3031380191296
1079649198833
618596680
64547028000
2723345181770
82783959671
16394454153198
1095100
649362867
235696588488
4549402703944
727158787902
4906196669920
343481524200
50151659451
629946570880
4653763455090
20434566835184
2677336307552
4080887169870
9070666891248
3660020582420
1205852056710
67003597056
223014557255
594996345
575614826325
9403430566602
2526336385968
781521849824
9900439857360
104158683721
4708735684
7429516741659
10651787035120
3060296919696
26688919446
233813966045
33634811716
2799219276873
391806517248
427173991920
12823475481193
1796860618292
2272239447072
16224550564644
1416355914636
13712924990688
17915931630475
5354600837544
19433933335992
817778739240
2103468439280
176927178144
22331917279014
19740883815
13170282788
6226243762760
141836898575
463985003104
1094817663216
616789852011
4565700627264
31106540736
4819693566780
192984
1199466581040
2843773575600
6907154363184
18939074321640
10137424639430
4338118615082
2007062903560
24663492540
2952526312500
90369817200
16436274210718
17482382993984
2098087397945
257191199500
382682879264
2665436340231
742038555600
218247132600
9047867215632
19973137415400
8652214932510
978463361859
9085329960
1944617917606
190546757504
299454578505
44265326037
5103791916720
17400000
4887915480000
2066001000
4247779536
3759954324984
575639808009
2088730482720
12225585207
83458701725
1215459924
84859207104
361873201347
393122793600
120214757376
833367121664
10599230461200
18371378420
5317174800000
1462698034424
812725186104
8435597294880
30065774520320
2345039185056
26526418322176
17531971320352
5512473058544
14721395743880
1154692
343443606205
7922461989050
353650800720
11084497222176
1955610800
23263974924384
26443798127760
6611679957
986006120736
923292555000
12113928446904
10166389137408
8815981207360
19502499975176
18391608411260
7189634400
17821027611075
17751962718
3504379527803
112024897359
768758922768
687214401
8271034184280
19787867930712
1074894310785
17556372456560
7916507450112
5205187433584
1307312735680
403769034240
28916349334508
1016427798954
27053447166360
3149963039520
672610429953
20725933384
7496451543
414451816609
656066711048
133269243552
17326396223946
15398757614187
299477828270
19148220892242
22868564430644
1992234860220
350772726192
16165133688000
3611277943920
756789746
257601404315
1361156524200
715057391216
755333984246
4583824074284
918484373840
6984363494184
378696125720
9816065138016
34135468510
9049757936516
12202495200
1547108569
957971567696
130394517495
7043038272270
5273587067150
3261472800
4619850340464
8466828127920
5479872649400
198406484640
3685290
2538744
3012705278100
4601595171222
11324598521984
334823112
105800079840
934206893488
6937467683000
213584840469
3457996203968
711532590012
56271201806
7187009929937
1478543482262
28272600
3402295854960
6431142069792
64252213785
18163734285350
13673218272
10325269964812
4923045379560
408173502264
255091410
1027808956172
4637025
19191474815040
507414835032
1037808922112
1539766807480
4235606715655
2105490483068
8139266714944
83069460096
401594193
921835690664
4677438492195
10601502416128
4849174053864
1510598176352
579992172718
2273762363124
4203256134825
462924574050
1064193135
3093294330885
7627051554735
37190160
4630088592840
299450859692
29733059119296
20813009696640
3562788692212
20340103050
4288062037500
147815687
61368183261
14466303209322
1377116742204
1840465021545
5870138184890
10886240696240
184306786118
591311635707
10329538991040
482083711632
460031121
28047021128
5330072215818
15523002
270950346816
2931806237760
4291485556512
9455171673480
392041536370
735233654064
4413158145536
214144199962
9237938396174
444086668520
1171313926761
7423144701390
1468218387680
19574361549050
29090034419164
1045362653520
724288012800
6159115246272
110365901946
8351094316476
3645510299200
111329617392
7189564574997
3147872
13860888480
70638492995
23929434572400
18231866974125
6610646887848
96390696600
667977713613
4673665121552
11637495012780
172492268
2994380570685
361015739717
110276
12273305634720
8246458864452
4038134007656
3687120061420
2139804981272
18671120
4273108714924
18455787654525
7856059799457
10663471
67422961760
1162318499920
216803363172
20011968476808
2257070602968
5135
16368860338896
2618960262596
6300664568809
2150499279936
53544061441
1372538800
33234638372
748049219944
8311897502000
12198052236738
38307504000
2752974463680
3919629072254
5970214916480
6603648735584
4969637460156
11016324000
17963708580708
2467880857836
4690289363760
124792440325
2411758193148
419972300130
1894644360
345277130337
27497353321144
2442710521724
1108122538224
41012450416
8162616644675
2212189110
17225928720
28885229391800
25723354592
388563840
22453222160
5232645060000
3022398487908
226563330048
15860529613443
15399440206640
508931930176
102919486208
23648308208
3019324829565
8815300651800
5555862739434
8419028844492
6059852183242
4251420563475
2033732666576
60780848310
13844472081
4516566262670
836753822363
18397263600
349830306000
2061824480160
245598127135
15230702050200
15694271502455
1807632069409
3525323072400
3866473703988
8501134557764
13872285265280
28228191768
3272437377216
7303722824902
10032
1188992532000
17253154769600
83836109214
2103209480944
1628329636944
10877022334680
8516582208480
5025867775720
1033559604000
19110402024428
1132908869655
151100691624
12722317411677
1911217026264
5904143488815
81805652775
5530850998281
9470785826310
101219184
107331455
53452942712
20051479702422
16743889008
1401601129920
678729082995
8016736408
1367393460720
13442329468037
86768136
12102041144232
17699791016164
529197427344
383687500
380616360
933925088
809365205
16130670106320
226539138735
851859596460
18064515920
8653482250
9648670626875
384440420896
878945846688
7226122755840
5446469
13646853492680
11958441113475
386177542014
250386712
319142269791
3045456358400
365040
4011383086048
178200126000
1965570044845
46480720
15124692760352
22887228845
564780912390
2484720
2106848453400
973694834112
2475215378928
142189756094
4504819615905
3477745062123
12960149430384
558467742679
19466800470
27091100963036
1603454009472
3818818276438
5095150548
28924723833987
3797506484800
10750363225368
1855752209220
8315341884416
2448544830816
699765024192
5696522830944
12019159732444
4755245985400
18701250568455
9348219924915
556168543337
19760673421888
10532700218400
15269147622792
1699984247808
20576358033280
19154362507
13226682845565
2605706709573
7796778569580
7472787877632
15949262242710
6837580949472
15163745460864
13390739485144
11397188
13542966009727
536373794736
3433946022135
4503066172748
55752015384
2194185227760
431960260632
186517142400
7141970073810
841371696219
118278764175
78293024
13731798783480
2368852163256
468473240780
6817291093904
1206591853125
534398596200
1145713727496
9626709172466
145797707679
3446159361300
65166608880
250750459904
8915647071870
247863360
11098773208262
8463488370000
2387144760
3755773632980
2807269418886
10929077278125
4080032145696
2436970382
274909560579
15226172356395
32700240
20538447340320
5102389882800
91747008480
8758719048520
1137938120320
11613834400124
2504201593941
557891493339
1743217600
3931131245244
3640417516224
131809590
11539396920660
11963981082935
1325959231520
4194491115
2065718038641
15592539661920
12838985904130
3059101408
9833091809216
2553826496
19283866263040
11345045553842
54565312445
22372738881603
686445312000
7156429665120
12440872627020
6543840924724
2625443392740
1199183354928
1826939066240
207887713850
1610621670
270885010656
519195148845
13607233973108
374130213345
6135499173633
15445241773760
258433008125
3310813360244
3351972927744
12212325
14664397712475
44704147026
242060
3411521101016
10999800587496
27983624760
9768980736
189131541039
1143871011360
9420543519345
3575872517835
50370510240
20486968533360
691209591
873435490720
267560904240
2816953084440
101094821760
1062903351240
891388632461
21229010175
6797645040753
19450986588840
12473617327353
429407608784
3870693693048
10788057252261
8262425160
1052041172363
4885243480656
1199582029800
6063784178474
7159847695000
9615660949424
1232344206930
75456400
12607112
10494885898680
71910000
9365784613559
15454987472544
25940918720
1699968456
2076196849584
9339535011840
17592086576
474100570555
433029554895
7779555338373
5357358778392
5201821418904
5937914613456
863369546040
32727152304
63602971064
944824367152
5915868683784
219237348352
95384016
10700515741910
1205466529412
254245288960
6451394929365
30417233626098
8794720689795
6478917324000
918148886400
44898544
8031246048
261786507840
406887941764
5916126677584
262391192
732620595939
988895249160
541749153768
11272491184160
649727020800
3288752120160
19320286814
17931034789920
8487056463704
15323151655
91515380834
51724329144
8823949209075
486928113768
188599600
508281286032
19569822384400
5700369372
14047303540959
12251199030
5670682451475
889438156914
18161735621040
11502766083312
3043309920455
210142681128
483514907402
1337730000
277955328
7984861797474
6808294841789
14423372721420
3306061248
13757131004760
2420950245840
13215590739351
10025235
18535390
349269845925
6898692592
705600
1873855535400
26791025649410
26905965455
4169623178864
1326541038648
8383691769845
1981649376168
584939576835
2523443584375
9094713023
2715596799480
11009286923400
17446636828912
334104478224
4071846415824
1255852027560
44964776399
3120229033950
727590161317
1516003116832
134844677415
12880654938294
18889064660664
15098234277280
10651915067832
28697709238627
13311940527524
80777916873
3149032281102
2524313925387
25821642695625
16874192468070
329227151
1116093623
2014202756657
62049600
3322776989
1734163536
539161350504
967391782400
410323073204
2072829157250
510085548
4494128952
4197271245552
216969813060
23804128
308248514592
7694263984320
1231732550720
19969045250
596082802931
2416416454824
2948112911952
960405997824
807579344
10245085337025
197243218480
2989324656
1398729827
41013661125
1650927219830
3114207635
469626455484
17833060068480
11740628601
2762848513502
28962490209445
675366738569
249210799128
4528955019600
8435198723922
6278122820112
469746840
71670359838
3888141028128
7368579009480
1725066118820
55114157280
9951431490
2919091210992
73823843475
15408345483615
14561745219280
20549371898384
11369618008992
12141478672092
1102517372528
3831570562005
89523433416
2279502357488
2694752269272
208156730811
2894632389549
2858306818304
15459263906304
163683038672
7406396941475
2163152890263
1608019018664
3802954307245
5570911615005
16277909726778
24071781440
7202934816
1675687454940
7211489929545
1015325742305
9554203554752
4393231376052
9703549686600
886906220820
33337766480
19725109389789
768616662528
1207817839660
1945742153620
3651651598320
2427490743414
1020792139824
294434576163
4388709452112
425027470
7108732290660
6038850401592
247517061272
5596914120912
13212662697360
42664752
10207937176500
859422529357
3127526097696
2411519788440
10009290253884
15805724740500
5891244746112
13459969263368
4170333689856
4059297887300
5732025972255
23061218771952
794848208
15145809564798
3031848949935
7385016240
183165667696
3316449984000
6576178257360
1299926900109
802033955716
14534905364752
689927168592
239494563
13543943489060
1811100523088
465484656
1367266822200
1157940590
10897956271165
15552622505984
4695481988912
1049152472240
44911606992
5279011156240
908525723616
332311631344
5496002702588
17414621984772
18031385904624
5182874151
20465793839104
497502405732
275533594440
3935990627720
316796502000
95120479168
1970101627520
1570597231164
36459973985
868708288
1579408484024
10953119434997
5115200979200
121037810400
7919404003800
547728069600
11839838218464
376980679189
9401338554192
2562107978304
27636432594024
840451575075
2179028365344
2141947605525
61574193114
14592910365054
5603017996620
3563269685880
7103044070
5772014742240
1230776060
5235184629
4603731535320
218234914632
14740927245704
9894426313395
2060704526114
7098886023074
124639055856
5255553790344
9470229120000
93690639360
20939947490
251341547504
385983196984
213364642134
535115864019
151767275198
6188663234908
14223457262896
567888860
9100909016640
6115119567050
1172920
17546374624485
14070902305152
19139971896
5144845221472
6393515414816
3421812798576
467801295659
6493117414560
10125
314040001344
392785217280
15425799316488
9064092910334
69535353143
3160344984576
3679260
21206342134692
1283836311205
3040526723420
59913439600
8450625920256
3871787694984
4217811428
26562224645
344465331472
10335808080
515950729140
296483259072
5559493969731
1636004727544
222446942784
27706028575680
15726414103400
2477345136816
4243399250880
739311147
2027596976964
275678623776
179684816
6179030285415
2102196362112
890091306720
4867428879495
1013990900769
3034507407360
1250739264
24442880
7912885079
9066349227764
9438174287634
7842647766723
31951920
11875173147760
148455990900
5608198008
838197684352
1183533750
4574101770
6050023277060
1223891847360
386968507548
6089764850057
41827513776
36664046208
252097069440
862901568000
13422852248960
691255102629
1332592965
2004170905020
21995800316724
3019778003774
23828608894860
28926419601448
198751012200
14035422240020
6610212841808
12720026379044
491724215829
353474176880
12430975221690
15647982118272
4401130571607
3025263033198
314007919225
11617055462493
23379009576704
1436394359120
8129798208
6938906438940
40541110875
12232820715808
17138347224960
8569302275520
7140900992
19315437903496
742915113008
53526735840
2294514600752
14043746291735
12701511116610
1725545551950
906589913625
2708182236672
10982012016
1425831175899
17730332979762
1083181375836
830102552
43205841
675978539775
5788859626248
320102710884
26588498535234
8329592091120
32394934656
4396782506375
11069481015164
15903468482939
12236115422880
5801580538416
423567524
283417176
2676358051920
1387999368000
9892217621340
55262518636
659882128378
20532277579979
3154500631776
31024800
733995709398
6141944786439
298633243640
1742481345
17084495300800
1025617481280
6510581194480
38099145832
13078749949902
3634315298640
2234484039736
3624392808000
727585950
11154835332480
5702225061657
3470676596770
799263032260
1070451408096
304706435
24520951081
144552754000
1980529389600
3698481735344
689040995643
108713322439
177789939272
326526205709
1647360792
6525061610700
9495826408216
483590121768
10793411200
4233635445375
21205536382272
1635358586532
967840451648
3491325676125
11120600042984
5858304815025
8333011509744
4539722081818
1748433655956
532087307232
1755315684
8599775661288
4899080472
27717900672
6334420261520
468814868520
1669621357560
2504218488981
32387986736
24891911135
4928318117840
9659056786354
868321158156
13428443586096
6462605691825
914276058528
98291252979
4211050224637
19279124280
1489936932000
1111250129069
2648645302212
186413601360
2302514612685
8540609789360
39567839337
1297841065152
9314541876273
9693632970
612073325
1355092507947
6553516337000
14325575931250
10160621584320
13491093087696
3022915270044
596093857161
18756104812192
628878568350
225227184
390494491536
21164
13870064817568
1112957382852
115460839512
9199029044478
364896917376
877982137725
281797920
1997392872816
5481313800
14533343347280
10708632967920
8860164345864
488640849315
93977113486
28101612183840
589631993720
467471517744
17993101230312
25626019105050
16023111507891
747429347808
4354059602360
13561147087488
292153360160
80297866110
1881592370640
9785675000
60747866432
762151411424
26800169475
16373292367968
4812701049801
22022261692002
1235799924224
4714655671251
11543444185
5972254094532
11195493031104
471666562149
84371460140
8805129332984
195593291543
8002720303690
140549847
6239671730784
1010173970400
6844706394240
27770995326030
3632256418311
5943423101952
119981257200
30011928320
29701814559590
790306680
8168380605000
14982778080619
846116136320
407972693880
62714745450
842308052256
19474621539819
7608715537264
60486640950
74017185
301273467975
7551316585565
13661370109269
2597739848784
101153961024
5296645964008
1936457603247
4360757726115
845810428749
25573709408472
1970289308225
22973702849880
821443213800
8184315266424
1362623001637
340603667208
7720416879168
813929941072
125834806656
1730764251216
18789189372
47102715100
3087437458495
3633302769750
1321798081071
34004911185
786578310
10985408
21249680738000
577241898345
5439942838297
4885827159504
1847511172320
1563730908
3345134610016
13744790122464
76170522096
22388554677872
197332998480
1530210259296
21702131054784
217697054360
2985525938648
442733065320
39789429642
5663886147584
2532359745344
410586361500
9671948772255
7524800115896
3610216641080
15259859452848
9291277933155
84760150
1083497129403
15596054119296
6395597129600
16203112448
266987306250
2806585896098
3665461608
16922734787175
1299745432704
16471279758696
218352362688
1263408036902
458414936539
1219996153404
2620362679445
1251261801504
1831890483696
3341574021744
9246094892859
1006977344256
1905676679280
3632105483104
5998417498661
6384334349312
8063328
81436418280
820380168448
13973105472255
318229930832
6252763644
446666638320
2381843052480
9526508619185
5874686458800
3138881025357
1545777207000
6200763599310
348601763952
5515832384160
34490058807
171413502567
16600783095
1151453061
21920746760155
408967116672
830173025970
12388100584790
1839654289485
5401332359487
731436615920
4567496387148
531415356573
1485014929860
1187426632056
917019866880
258906825
6727313335280
201153537
35248816
15922419143400
12431901284529
7796372675
4087822372809
331285470912
694443346434
4638317848494
2997004468750
264643662180
3761741264
7430721611706
10554909340560
7222827668940
1108261247
401347213083
2426111996672
3280992786918
2492341483456
20587225669704
1090383840
329495950610
1357365702355
385719904856
6159599066855
8574601828104
6988691622435
3819689778564
11731844700072
8221032417759
8266619690186
709601942621
2301623572248
14514662343429
24478151298909
101064138400
231251811273
6097037400960
18197153402688
1684852360
60863647
25315696
1837086337964
12086895968000
1135054332510
17097623316884
1508468400
6784098287760
13927073102465
6076239468552
15181683099291
150659022
7261095657456
318960
6504111746496
11093639984160
10848967643250
5132850287400
5428551971040
15029693952000
2285739663120
70986650624
13153385
2508362624
7934646013664
5343285099264
17936786
12772201371990
179133920
4357693025280
4388031396021
6824823267616
14354020683450
168767034080
5702455882886
4666300524072
26992319664
2224735697184
478091298048
6412636280570
291400957323
3007442727120
1909650600
9489794027904
279248225454
1238940000
861486381
2498081159808
536775021785
24416262234735
5624533995540
1041973821896
2877043607675
15761114575668
384035229240
17934897419208
3350794061664
8679929855520
12036750399366
2186614278
3669302872814
3493031584664
58037974416
2484044764831
1286151361688
93902343216
34789641200
925063856640
1704532115
1491455846612
2582702056800
2810594736
8002781650584
40537351920
773576522466
228153385683
1460415606336
414735510
8216647425312
229589656240
1069027582464
239864110464
11102264796504
23540818584528
7616118267504
19141567454592
10265442974849
25314861670644
5249662282629
49820213385
4751770014
11886264473349
2030545864704
261856130418
1094959207685
330291556052
8286846086288
28378498504125
245877504380
2664507826704
1551162100032
175178508560
179470694018
4618792595
2481265768800
3667669611255
17282968736600
172275596907
7368350323230
6179282382450
105940080876
12084935361696
3524415473480
8058033162240
4515149922830
22904228816300
13597956640
346370020848
187022027444
3338554835955
6083359993800
6843455054705
1029960846855
268407360
397365648498
6250113068584
4678832635560
585449281424
11246112280365
1832725368820
21001578165
5996367313760
8529242609255
22119290746824
2788866519999
37152860899
3283332405353
5453481762960
649094520
390143702333
4757011547475
15496153674165
1582079382
93648159080
6384785942492
16666093768558
15805580163282
297354111974
226908477432
966713617998
26831078384
18803079700328
5570651367465
1612745571328
3224687386752
3492408893375
131099069880
1139528950560
10732267769280
5433684024600
528412632
9329308883760
1561598580800
95324602083
8308296095
15900320451
748480755200
8475290034760
1296319566509
4252798378620
1043660345075
23182871167118
11799464654414
4805471781087
915299992768
7428676417470
5117157863190
12080160251250
12104829946545
2635583960965
5469201708269
14299663077472
1016012649224
2681094458385
2490441352
10693232485040
9503381729730
191715381090
3899391300035
7175760028
23478918752
8218850408984
6536719073976
58621515804
2223869743323
3062127552
1822681317085
790757752689
940037873831
264073827825
258397853312
8774692118555
41676149040
3427950556800
6679930932221
1756558494691
126850938545
16158617851404
3211876659369
13612990280368
358304822784
4566953236830
208276773474
1390045152540
218050420
55820878896
23230064
789774652359
43770026282
173560719428
8960939782613
19001145390336
1156754295
11196564617700
814988744640
552539634450
32997207570
11517455499365
3882593479750
29068693601624
219365165250
18350629612
2146704102720
6219874026597
2266719039312
10634495332032
901982893740
6484902897792
3564168059316
384519542481
974883098805
8734878073328
2425305046248
14183698845690
4627282924864
23792683231968
623833170120
8668582831440
1420473839400
114325763640
12724483200
17613714432
94904559585
17042792824027
55845717510
374582737920
14806352102400
521246000
578284036680
1510731069120
163411490088
28816393504490
490169872080
12392742762360
1478674557360
1507652300616
3482234463890
33175177
293331178728
38034553590
28395643520
1435940647748
2889453520555
32693891088
1120133627265
3691911247200
5556906240
2834146310016
432394011264
24589578816
6871972788044
3642117926538
327499037360
3400787641440
336351280
7019112463529
1769170423196
952775944839
3382287768000
334868040
9242145511200
18199789464120
4458426531300
15287407651880
12758874562720
11977316524005
93896182080
25846828823136
5960611223915
388725
15464159473785
3483206608376
980023221
1196835403995
9007696522825
89254390848
30088833547040
110859214368
10736145514259
3977823675
20828950783564
307932932184
7764730382855
724135817
2216886748368
1931592190416
6179361107790
368205363840
48868906509
6447268635129
1874760786080
1459541900
19005624640800
716030033920
2035303104
16843448471415
156808866816
8765772
3954012197597
9004764759670
564115602960
2823387943992
6097193849984
931257632448
1884009018384
62175869760
19508814249600
38916235414
45998252892
676752311532
122127751200
1941263465415
702231400080
3997117085760
4638679755
990396811800
4692157137360
233622634025
3139975119600
112397736
234805528172
12630236145870
6143003314250
5002015984545
8877708924069
295609314000
12265817443113
18345220608
21951807743070
6806000
1412303604
30850284500
1415247042664
7633455234600
15562836137478
13674268196160
4722838781760
5180790346200
449349781760
2683842772364
190062953376
18228369590
1025012303744
293752288704
4460297256975
9417388971375
729499680
1579856454330
4784522521815
6716440356500
98487716736
211891860180
2466525035520
801281935413
713251042400
1748318077257
1669512710323
4519858963242
22442952000
18197431311312
11310707450205
794130391847
45381200550
1744692471253
14880408064890
14872950644160
4003657634704
8240857978988
6114743945856
1203822208
1301572644500
1112273004440
2695673991024
15446422656000
4639416723114
8194414800
241062585
74797811459
5937351478200
473932380729
153378236736
4397721771531
451103289
5815384995856
1571956495232
3220351616679
535413863514
3937068647232
6711510281600
166005834
403502807808
8768976112165
1382466273840
6530521800923
2644424585900
19825472237760
343869185520
38538456
9814188566752
12944167155132
11381725447871
9048074640
12846364505865
7716994369320
813453006000
159264609840
1235345256285
1133248635870
384131315984
2405480
93007680
309413490648
5223285799830
9142646329856
7080794430052
6005011125504
3499581631632
17259672424320
9665376171209
10457120007099
3242331238896
7831689566256
15864266828400
888441320301
591824163
66043125325
6791362165731
221551200
8357749581092
8944992
13243735680
1124827635520
23049449232920
16251553163384
6747571522728
5452644513287
21139312684920
3406724995128
4126048687250
210202905600
7710951548
3039182149224
1080830173968
6382749376580
9501469525152
24894019719504
26919004634990
460102096850
647990677440
14777834994195
5437091996000
17456726925869
735493500
16431295761447
5225188864560
105115009993
1007797858150
896865924240
126589910685
12842563584
23813735309100
1142232109227
2305767416865
1874498802331
36838519796
431811969120
3440883442260
3965442579648
358819257599
4928856072
452233639226
12951932967246
9065579753232
70835407263
5729937495152
6118931911720
5216610463434
15140359962112
546138164768
774371350851
21536598609
14231713440
5500695407240
243093511584
10659190007505
3119621400
6002233191900
19626901008
36346922080
5049868699456
4264833159652
94272235584
10970414951760
14103126268364
16541294977620
1629970338192
8944115649794
6267311428584
23688993558560
519244880
600832100991
7914716005578
899826792480
359086669884
2174626461
12117719494346
26243461107864
3122626201365
9242144314533
470336388212
5292467577285
9864460997424
516950979084
17783183613
1540573953680
3039269583080
117722269392
348568888896
13742396664885
12235849090080
23834996709888
13092470168256
5738996785700
4495889340
816243780000
3526152170310
19697001209424
14272711277957
3694389479400
5165959633140
6875258640654
4921422635025
41983875360
8916252124275
444667331355
1660388860258
12908307870596
536858251245
3125072351115
6589933080444
182343181844
614048675240
28595025007271
4614667854704
3759869620650
123298127849
18729935910
981741157176
546674257862
272767821568
3035483372764
351841318192
186092800848
289419495825
383733782344
533729924346
5487347028764
3954719382075
21717827031125
3687048
2157596050770
831201095990
5379947911485
12295022317744
118738861920
2355175215000
18459427226400
2598545732727
16561393443315
10847168605551
1304155381318
171127261704
3327011223328
1585057428387
683648170125
5190418608
1627466242760
7657201224937
1867152931920
895586890005
235968855854
3208315880
13165941187824
5151441598800
1112420600305
11864195488656
1082100081150
4669377364088
119501317000
2962388877824
621610220
8469138744000
12403795109160
2159117936
16683714211200
7535605742760
4456639845
4307678685008
267076752162
172650305421
12902530574048
564733967784
13070690268880
105829076640
156262785264
20340572377356
14519126451960
2353774258296
5215887330080
1489375350
98180625465
2822437063479
2267268966144
15164295989868
17171674985
2333845018316
12703726047040
85988745640
19075364240592
13231142158218
407027520
7227683925600
2620544
17013162074976
168341564144
75406759580
7918913434989
18582882037323
17233765711923
3250769367511
113933069916
3186722441286
153388052376
157336801770
11720539777830
9724842157534
776147589
86779765995
343076801536
3836408017704
9393235694304
6994496071275
7714362642464
18823121933616
492349175136
8340950684
18006001536897
30047338683
9248399033216
8407690552800
688116756600
20969098731217
359940389040
837713664
11514274037760
10553634000
816228914808
140180246730
543328312800
120620565
18816040216496
20012161211140
560619757181
3144536166320
211110147612
479575317480
1941442502940
4353029743545
728799936480
8086374216316
3738327428192
108518579715
11169280597680
137583486936
2419250
14558822906697
31329904
236934426440
78683421117
26222169709554
937825849840
17532314342400
38157994215
58561427184
14173372544825
20116605120108
2513010675888
63028237230
1573769708240
64264970256
12452449308416
722032331904
2757786843165
2933517301455
773595856
45922748690
7153051189484
20140659
12685993344
25208539287968
18287475297239
1435656972685
2524758176368
1123653039419
10309500451824
12929845442475
302847550218
20581593133420
7990458953400
5815129671281
811299841344
1338000276544
5160931915760
1077289335472
14450208400368
25989096327040
59533355280
749870336
16605731121720
155315228544
5498004871866
1960397732880
2960634919104
175118531280
7860700135804
10309842635925
3770943380428
70632175680
1709771638848
23612248881
4418968904784
5437330884164
6313413865696
378879963
13148464999844
239681306970
5239212939200
5882238084040
11657280987
10616049969632
380318646071
1295183020840
4916479199016
608125491204
175
3445689125559
441237240080
540880063878
639484988920
22490526002805
4485101469230
355915619
444899266119
14750735637807
914932985400
2353338837534
2116378369688
13724574541536
4052567068840
33287956688
1922510354880
298051328
3282832800
20796480
5589929863320
17458428899709
3038751281272
411447111690
123327188985
20928251533910
463735904625
99600153480
9084661137464
13254079420
2277375088352
645626715039
10404237169404
78732692928
2349969374450
33743637081
13727938250520
769476343988
4409308857229
6949732218096
3662894581560
15529863825300
7736440781160
93104463312
10123187319841
15767986080
2647661123250
7665851962592
370323984000
20463391902525
11191923164856
41131033152
21354406339184
856652949504
4358444074304
7291479043459
988497737040
1416823607232
13881203152320
1091979944
408453975727
1739890310400
68662715660
192428226144
379406585835
24477683448629
113620267845
149427084500
12431555634160
418911831993
5813450006324
5865100701609
156414089
4039001239840
55720348740
21662424643635
4372322476704
201831681168
5813425854120
5069759165224
8236028216304
1834987136985
5288754796000
4089288732656
43380163785
8984349064460
336695854869
19032564899040
348813696
3282984362097
16774125790400
2136901494
312979655868
12688960598528
7552063033884
1798957160
4262838524230
10040274467400
230609645952
799496740
4211155477550
4964455548023
20734215840
327647697711
1343024873073
8512437885
24753066997984
67998686580
50672666368
11752045110
5319825233244
3427680387548
481937668537
1031962541699
265778479984
6533853530552
10675470254670
101852876909
527881025520
13150103946315
1971980125965
2976361184934
9511338530235
10954662390237
10431441908912
8253191591697
14168764896704
1726465490624
13095684679344
15376643717120
12304980491174
2253742694400
6964911778559
3835201494600
10190036196488
2933259441000
642317068575
5429100772904
1191435320
430195233600
4704732772488
10843658393568
1030904222621
27633256996425
9247473776204
6762363779376
324668945304
19643752136520
362127662400
128986320240
3789859189248
165312360944
5141021804562
1886457049470
19886923160000
4570560242688
8381759178240
759781717584
3226001052480
10393934866128
3396633656960
7619948784
616168946624
46421778975
107369018712
1451444955087
591573211620
6338000370135
1938661117218
120696342400
1102598187068
27305901822888
453025913340
12561105438000
132321483220
5359519
33784883632
19752311062617
13646651983776
6302441688
1192003578369
957886299552
9903301260160
2155409232795
3032835351
16674207953408
13536241088
583770752328
15480212159520
39194155440
5101508318760
28823558400
2384601973248
150267738096
1059990544800
779745145244
33517439604
2060136844608
11650404993849
2341354479408
461050545384
89844709539
29675899378080
573516219962
395091089384
657285364704
452873350854
2379716855488
1829155965840
10229416141280
388514722847
5909291284520
6094313400
453557692610
5820782072456
87621919011
25685425713297
952102060065
183241920
5287920485874
9837323496
2225380251060
30514723248960
3088082424480
8336745643436
5938257639040
3021693460944
6410993559104
1382474819229
14620856282760
1320581720185
102665456
4671346716020
2218782488832
5223282179687
20499530984190
199725550080
3243933205680
13139038204488
503785301376
853847416595
61206970880
470178805296
1436036312655
169814536320
9755868317166
86141922966
4892248785765
617133961056
2639360880
12530647799264
62625356304
715611742375
700574439717
318955335273
2208689029008
2009966485536
7340970702330
1949076942120
22054520361137
1447124640
28572767031879
29982885001360
3858011230275
88326005160
1721113092608
16407155635872
975554379800
2737429020495
9891002527250
2924112078216
10285323722975
654930360
233082627184
11396971577470
5431423806320
586483912560
812843984613
967894410
526686076371
3978222339579
7698516432498
3441176303040
14463818920200
48190439580
258920194928
7286356397688
149773477144
883301570304
7356017945760
8988279526784
10487452320
3542205109680
1215718620064
17778022143791
1370153041257
33752752137
14248966433744
110028558800
14269728732651
11280686169272
7954983428832
980527866090
12951413360651
8246177646014
144065053844
254270617315
21950507474
5805092536992
414591723
130869801408
17889394658108
7002645151920
95793221898
5539685967840
156818280512
203553191124
7095136371648
255581470872
6940960729220
4352206415672
16760472966122
16950291456
472762161152
257473700
6056182571040
980717811920
2836561262808
48981524592
5282752870320
18442750105500
27304629379564
6925934288700
7583811532076
1569295194176
1065999321450
14279648454
716614639560
29172000
443744481180
533487775392
14000
24675512057280
729601426176
149602358
490051751200
702858381599
4993229819760
2455334226720
603399593232
154519105248
1311025825274
12949127206616
2582376700040
6849689530867
18561856284360
777396284304
548625802284
27980521919
4621029755760
25831054841
16036696021008
7935975736046
91647644400
801331219561
22414381494120
1309592828432
541227108240
1885769724960
2658909595091
1135521207
9234401367375
3214953140
288680292881
1645937527863
1748219572680
7007267620650
800190330786
3137701410536
3117887756235
1349561447640
698394126780
10844833098450
7139956365000
2810720069872
9695405538240
3138800
13364780512480
2114931356730
276535859
1293164717328
532910236320
877393106655
66248574920
11530579870784
1495177608897
841520400
14597210
181952315391
95954040
22284218880
6979736741619
13172626147184
5598730720
6159467799849
9903986253616
5548586142191
1822978417332
329579762400
20093395264488
36150117039
744397263744
2020969645200
3504859287840
4470377715575
809907658560
101807337216
10181060093552
23863888348
123892228080
1375802661008
1492640449416
5445525092585
14187160688384
48214641045
10101923736
16522971055920
905734649358
284388662112
957512354508
1613801574
27435300712488
11393790918408
177578633898
8027170067525
6560613260
671285239520
55853313465
8507717342592
98023643297
4355677085420
7148007758736
834894311955
202499685300
25866618433796
305791074400
4833674990452
5319708713984
3330050976
1064198816
426172340633
6693788261650
7070318099416
40251571568
6116059224856
1270430041584
27924108290
3352319260416
3141037132805
4063892689064
19613357195280
11510510978241
31912247664
15929391432920
23725368512472
3101867347024
16665511875764
4380176707885
8120448
570099320343
86143539768
5011061485080
225574767
6214935184800
74388032208
5647165734420
3975953875488
4134503354832
16988671364357
7456086048
21100807597688
862511671359
618299491134
4221706938335
1964540153992
4775419774230
13542173541
329942019
570755024112
463541760
1737138387
1325101020544
4463907137
17043193308939
19029859925
315561080751
71520636528
6164747963565
551279047680
1342396361640
5246340466752
4209195601947
9956841320
169994767680
8538645878096
2721721049658
20536565760
2376031465360
143676175599
70
46763637349
5842163248724
765452534002
5844667519
185191022
1336413906597
4588234721924
7816659408000
38137564164
30878831808
6500165575248
747369467280
15361856624219
6302329910164
6753809203904
7896706605200
20591387298720
3484432819304
66805600992
45574660635
335474678513
29111825422020
5207353270200
129065997366
3013883466300
22746644859008
1844975308704
5903122886157
757578509084
7017365878364
3495089367432
23640278456379
661190241600
1391618956
430390722576
14812095917300
176268417819
2192829184
28541498639876
2765417975117
12766087832504
5137581
23517441948
11317936088301
225272208
5825378009360
4672092326682
1061607957279
22279165932488
12033558121860
204881754504
8642031575469
9958844302865
3503223856130
9766005248450
136941424356
13428768985563
16676524020
2221958563080
770121864908
3410657611460
1976037283440
410716161009
643909304000
10512147858679
10447726492320
12128427797688
188867712
103116634268
1964659554300
2704257807900
5036035426000
4676687569686
9938347483857
7855056699867
15124365047600
1747823368144
6744067833060
1182768783264
840331678320
11845606403000
13946121405200
4747364439720
9079143918464
1086064848
69291789
93450000
2106359844641
11764390990248
1561003097808
3766943375107
7973680
985607884800
3726292704500
67512794960
11788858375515
280800168264
1653503315830
4185279145964
2177194891529
129737392400
5953185092800
182774189225
704024679120
15260853229875
10903991354268
7060503139200
32049693984
9314190243243
2578136439450
3405703007196
7796961400914
6898680314615
1775015416368
74294851803
3939380228520
398840851134
572979470175
87312960
119277198000
26415453570
5244658961520
390754059520
2726478157536
7341213016875
1071370705041
372391231104
5662987695965
9179851943304
4747804491472
1116556661448
371191234200
9282085893424
17542047692684
7022288575944
144129205248
408140404056
7927301311200
895802234496
701328012
5239492150704
287384415120
402206116439
392885103
6368757306933
228448935
23100783349680
3340864639437
61647444000
3519329682687
11433078447615
13302609257927
9011973019464
1231070161050
7538233889628
6327568464405
1082103814272
2699860049664
11778527232
371672844
10674324077424
5621657203404
1231968548805
402887277507
19313402093505
494008525920
292332535236
13306564939584
1402487024624
697927783554
5433983816
9849479679078
130019807487
503297677920
7591777801965
5975032272
241935997331
900803625480
920094952059
8452757640600
3180660913529
14412970003872
1092024000
1009182708
18221827553037
1454361614849
125399143680
4838713745684
568235750994
6696633042963
80998043984
14693978695110
435918764112
89478756224
3138897140720
568562638500
102983171200
19064629090368
608884198440
850436599529
259487194200
9071172387810
29933148683592
4142058515972
1144868527200
3066933770823
7123600852308
513608043008
14327756601543
12919867484780
12183402564480
1520776682022
6914303634685
1972275312195
733419861459
63095782464
2759578008005
16225917106680
4837156273334
213319378272
7807472287254
114514936080
16078264404336
4254155132544
3027024
8333418096
2908410078735
2101597723173
1103913326824
836311697320
2091211958583
2927104101824
218393494704
328075955520
6278061100080
1351116053125
784369673580
14544770889135
479840977800
11978828698840
1862494372179
18461424175920
15890521725
267707629357
1692672605162
538842967800
7030086168
12736569164160
1583894400
8886089272928
1188902192557
14295622771674
643942953258
15135023482400
7164789569075
11605250814361
2903253200
6580564727072
1309849813188
879662137536
62264601168
20159409096720
16406582908189
24352631154816
669732587645
2938052695403
1374813976500
15311120291173
13805798160000
1163766642168
7856984914560
3482740658151
143809644160
12593579608960
16305812916705
6377690810400
320490178580
2296591584950
572811367680
16220993918192
7446565508976
6796198629480
76827868320
14131026708601
2134105714650
310262988288
1475850617490
739651208745
23862660416
2065499138759
794178454839
4449130648470
3611645226864
15728065817040
12628462202439
47196453024
550860191424
879795560544
12895070960640
3099854774016
171871797755
3470341350269
9473339735262
19138042862400
11749293480426
4569045506707
14928562305848
29842638176585
24643370497629
19396323206400
7436321021440
45785043369
434264716860
7470937816576
264808653621
870972949336
3743135797104
9261340434000
15718858944243
1472040429024
2046778587072
6604370710344
2364633482108
13128125519304
228185292699
100213773140
53391
441278764817
154544738
9499988926263
23454405060
18944436712004
16442006810040
1568690640
1900134269105
8279835021276
14110084973376
3855167261904
1698308109
785529232243
29152224
10710525331364
9071843550
11982822098940
9680613201600
1276242758846
74056385520
77594013504
495086682048
5234209613330
7553349408
3742696997
439835870224
184830278220
15187180085
26920890546
59339450040
20647020130000
5561658055275
108617755824
8912931000480
2019711911095
33344937626
139143422
9075726866216
3891919424
12991278867840
86762721024
14833011528363
20918708096
7869165464688
4914430982667
167567968440
1997180064
1634567341550
7111518157800
9941013831824
82904853384
8403848334000
24143280867860
6057621722009
13046440951359
4974374386884
408239496
10622401150
430426765510
9188455716000
11271709144834
2102761752000
1961357393310
24763947264
18479094717285
197300
5752330039932
5774929540
7157699913
4058826158520
9263440939451
129898956096
14289643553328
90565923098
8383583964960
16059710789670
11586329400
26424821113600
120016613925
65845213296
134796862865
9090362109
4373722722483
2292737044344
80229944775
9584788180352
11427832179120
8699412267
5114608986240
11875
5060150583472
6915557367693
2222830875960
8838878403084
184638009905
579771465
6191851000383
44026039375
625658679240
4294435448952
3500816105364
1320931009112
3513072180134
571568033472
269184686820
109815079275
140800279422
2926427380800
71831248723
8171064
1105365042009
1890704109
9629568608
2417223701706
22379466240
878269042804
6124168080576
183284271120
3247112043585
3636391667247
2846268831668
6905644113989
34469660
2171891400224
2423670347436
14749637546034
227886780240
5240516202240
681696826455
10865244372136
8204421440
14026703654400
2018016
4308980574363
6549936479328
192621517704
7068316577160
26606917648245
2620119564720
8418508455
1588359396870
14358158209563
751824771248
9071442990720
398594367936
28460789504
3505542571520
2974490053080
1171500526560
419630731024
6324628266620
7042557958800
16530901433820
18049697394155
1848595632840
100277948265
48264216
5173589796303
707294734440
4528997527080
1114396948224
23042530131552
27390884572007
10591080286787
24151264800
13848038108800
5547874331664
3097464150
6059441785360
3493519203935
5841499352031
600360932864
1529997292752
1124639090250
711669542407
492919302656
1098431862336
941925504944
423925337568
12378594799064
17232947116
16564181611712
10234737520960
397639912208
1127088975584
551469921842
13786903637660
403164209650
19675134907200
5678279145
512284402432
756507182775
14273277677100
743771701728
2598114386784
82607844000
3915310054864
639171488901
733003757640
14728324313974
678092854320
1201054654800
1453152757320
612974638640
717283718576
15226010608634
5832185641392
2052490939920
5666630806800
9265677331113
576196651824
13391310799815
111148227
54917438400
9222815874716
4473206193
940727854080
187392700
536506604460
208411956885
72072720
56296585
5395219256448
63596475
73649004000
2218798629978
2881736213240
285699051120
4610505151356
1767062029695
190095207680
50017949520
978179783745
193495986369
5722801420518
9524277000
2395279652324
11388073200
6892916030000
519150354168
7178732546480
9374406524280
26782537861120
5101535417805
5123602495152
5814800065536
19083363786720
12052350653952
3945306092728
3692420418180
520014562560
12526693100
1608322149840
691158837600
2548775472600
10383894979224
12201711971328
17308129967520
8817991538496
22155649951248
10282418847441
1695059558264
279958129581
15326297298585
7698591011328
501528038544
22436582077404
3186163025136
981760
6441865233360
185442547364
9057298440996
12185497003035
14100959196324
4182140195475
171548020800
97857863376
90042999
2151171314094
1888703130864
1056761869431
64561157640
2810150328816
2779299717975
22346236827632
6972960408975
40980574944
14148368562240
1740727843470
1593555053315
760149051264
9324993877675
9115071165468
171790942560
256201416
4302826323194
9005484570614
1325909946543
81351200
10397330481160
4668063511019
7709991882878
7906592062464
1185154775448
10885593204048
13595905411520
435461904
56343016642
10663973313168
2369347277640
13685620796165
846081595758
30134192537
89491041208
271395560643
3215668614968
4120013641515
4380750813600
23104386333600
43658138160
5902832371135
6099372961
28154880
6101838007636
1666722840160
1309972990794
34566784
22558165279245
5617344343070
18156598612425
69207691475
14432876864
94691204
11306039101564
37986864
104899701726
299931443586
5379024265680
3998669777652
19919131584060
153706950040
1218039461751
1221583098624
14653766579725
158322107424
7595098201768
8766464619509
1246478601093
6272346182234
868123714358
578589809400
234379080
21218468702240
763193181
4573096894080
3531059730226
13546296593115
3780177138815
106853241280
2786266088725
113126556560
748443121920
3475080490820
2040467836209
10200017801
141129828224
4773720846243
25392987244272
383906076240
9662801663744
4558057364616
4356822375600
8885651717625
318937680
5226098000591
114684206400
10297695159044
572590933040
2087425572425
269289888
5936761565523
7077479452032
14068475988803
148374888816
29556933487236
2606246394750
290934693126
11316813914280
21195861073550
2137149527520
6659352388241
280162144299
3679831778035
8988156303951
13437252408809
12410266053344
2377189715200
424914726045
11428570009734
249361200
16654356282809
4454446090080
472451002560
352258865280
1116623880132
28669059400
1251210171015
9423570212784
539461711008
23503176
8316937629
1080877793814
20552750400
1921001374080
11219038932783
6891264399360
567141829293
921547225134
10051302986774
1698740184460
18764609233887
2438854296360
2392425
9354176392244
9024156464043
2404596096315
20754739435050
260440326366
2758946813069
474216893970
724914890854
103578392631
924120824823
12168010268640
14071951453140
2225463318960
75951113
13915005162352
7290753966080
4309438636880
1277351649
743805321056
14962819274595
2715243167385
26458750542
7189357480656
493251684
3810842268750
8358854070600
5882176874320
3144501590400
1940345788560
11419526700000
1115212590000
956156071800
73428696000
3669572290620
16250065054944
86198342948
486381281903
1221940204364
23967429243
3430551317760
3048931530
2727640905
5921202418285
56853727968
41794385325
294293674440
9150894016056
1998239161800
14497843058027
112362768
1505980582389
20577860813056
5632472395319
813528265319
139197276
6952100596889
7048218823257
3386420584014
1047616731824
259390607528
4660728375331
9828360053045
1883455139550
2238721341428
3475072260
9978167289228
1020127513860
2409522246032
457514217255
9659746874149
15802994112864
677186642385
387507195405
6558028372800
8728248382344
110255722928
22213360912896
9151136060896
476995181390
12933481200416
53492640600
9720317685
113774693120
6251219352750
15856191641355
24355628795085
5766300498630
824647381544
738221221920
8712199956200
4830405427800
1224318714526
508784044440
12716382349440
17788911096899
41393120636
18197924258016
499976677575
37195488
4107801553680
21747438361398
173322415100
5867570945940
7283710933793
8914032429855
42800870684
8477628396237
382764235839
11069787608987
709604225760
1921935523872
713571588864
28685965218882
1754331846104
125465136
13882194480
7341068085699
703011527680
324727436968
6113288986038
3522053070000
185140628400
1252879870725
1124587672380
15002226122400
1384627713162
25326948971520
1642092875280
88754943200
67492101600
2624703561239
3642774768
170705947884
4471644340744
1142672699904
271521815303
6469163167824
3875711409
11896836191750
40600656794
7879677054905
14672747798400
18169920120
1578356628435
25375134133
8170312088310
1722299017725
2373404379039
8677898603120
4157313477408
193144373955
54605291280
4088122589100
1985864791000
1810460044440
86688339177
22612473004629
7925485680
70378355502
145908109116
246048860772
143792
29876815155
7607034134126
5758465781978
5888726291151
6932782305960
17193645267240
124864270925
8380815574296
312486720
9882363737904
23665558798575
13623229257776
412814617600
1860662775168
15764080443597
5121331488
296194345920
22316935121075
1880967928237
313585961580
20013899249248
31470253922504
6598798314768
7311925261152
913679752
6322384779480
17083856648216
949625389440
3908697695232
797308051050
10890520268760
549255975240
503059104240
2199756404
16021645910400
332553205600
588618407024
2639310174960
4374050780484
1455407233280
2044900558720
5655799755200
16387678526310
327654398295
1023373980615
833407749564
14199323277854
3264580404855
18096110125296
4717700823980
676802764440
1137192137928
4192963371264
563946350625
4999680481950
926633408031
16005728922272
3264455467809
18797818425264
4764195472280
6833068657272
11336939640168
5044377873920
82127001352
2328759678960
17459605772957
57309493827
17022326312
5404587480130
36100040235
27108502362
2540818540710
5075592831960
527618127225
23006096801900
6640128
1136078345864
4295195634240
222278573859
237675210360
1576667476020
13814191500
12230576823267
6130542682656
5635012327210
635863828257
9827002217264
170361779148
166751995368
14800050672000
8467986876480
2704886352600
32584116624
24433561709008
16555123854720
11011916719584
215787724425
395261465760
456218168400
202005037442
392895445954
534947657600
3812512204800
9834302167484
276239647125
15276189073153
17572085490348
1707624662469
28303490685624
1192698393584
7967601304
12793185324792
7135705343715
4849543906200
11961057735351
6172326413253
114593676429
3183011685
3572760647768
9567341787520
10945707493435
1186835433
35500385034
1442969281024
2893799850480
9167117323221
26331015757761
9764168490432
3323513706237
87610308615
2423493332064
5863303479780
16887138167655
1732289915070
59121920
9421059481944
52075359050
606516252950
58992161137
1203378573600
125421971025
10024314304680
10749850891910
46685013780
1499952144
1410206600
269842216452
278860130064
2047596543440
636430677680
176
6264256646508
3041518218648
20992361042912
66294286784
3817718943984
15064371400176
2681805213696
2139036778560
8515910138400
16626893560728
32685300399
10206415990412
50587668340
4325774629104
8374324347837
12075233637160
1198424456580
10452120840000
111552166128
11646543003200
404636384
4108898728044
4305433802064
11744864140400
11824638970165
545217794
11084228520885
18718808593485
716103241700
2217410680800
482786520256
44745655800
11423587859
9771912831407
565928206364
211034143716
70111982
573712926875
71656511640
5444531550540
5225156715464
7077985251705
467148775505
715401231984
166589589
2979384810
12303820212540
23546451801609
7071008179200
7054601227840
250235593680
7304650232985
780987763424
4637173340800
148720677480
23743404203246
2818656198218
14219137080000
11987488140740
377505003071
161364703344
1970614107000
4453905441440
271846462160
12868749960924
2015307323568
21441660808400
5830849440
10444280603456
3595904790912
3043805259
7488408544625
5817479250819
4455318192042
574350924700
1706920938954
21354419275
345050097945
75850164
3152420600289
1111920460980
224214402798
8150697291560
8525323285808
8664963885392
5916768
8214667376825
9980903742810
1689744045210
47502000
2610266221836
56590924284
9895508878800
878150384
29545187244
85511732706
110889616560
12839518032644
16520090888709
11086412838984
2389543766181
23453356718604
7996064884080
10683460809252
1046114018384
16674473725040
15707594507888
20180335560
377187017984
7534223636940
8277948619605
407033242560
11766273579632
5192253082919
404046559280
5764669983632
12955208234640
922491380160
4302549537600
563437731900
202278906560
4956869052670
31045097997
890164703532
909248658304
752012194686
134676816
11091949028160
119177432025
654997235520
12342851136
3616801628160
10828868769829
431379656912
613216919000
14565919512560
15739841072025
11358337045536
60278181120
7156524124199
1497299778709
24561861534000
743455370000
7612010781485
20773422942083
27008740980
12019614544
3708209916576
6425920113
530170176072
3833771172
8070447
1157796654870
407989279233
442227740067
640818462480
625148616
10890532947255
939804074160
14876566835625
316407697067
4853655992952
50805627600
10115162507520
1072965623808
5470370484000
24450963821144
825227638464
28544143120482
14163690656624
9613753771248
18847495823856
1061818844100
21156067252940
3878380547300
1586372942016
156823297289
242491323420
2278267373508
228240465852
6931945040256
19902781096128
4004791863440
2830873937800
4349856596568
7527650988000
1001174757270
16105110967
4760918545365
893273198646
3859475400
1458953127456
63390155280
9302687658264
4086269866140
956757296
14415392956800
18525538812045
3480067990971
5198561348640
14305622617172
18514229964390
8714703011630
14855332569993
8002944856128
179472507500
47949923775
1653570430064
543572468514
2306623808
9335739315276
4370503547475
2647417101
1510190946810
16798367293344
88794596352
3801606014415
213668437824
4022954446056
18340352566093
6126906133278
14071014167034
4595900099424
1130554601792
14985021263121
509931864
647155884000
9785432092557
8246260624995
235906209792
788274765824
29449613418480
269215175460
107213590498
8716663404533
13324724159
6084402157680
2939550263616
24210281518200
10300521076074
128157744645
2129396256720
1005360719580
1222906204
12738295863452
20456791066880
1093163200208
13617552782268
648585338648
59645668691
17971432163832
2104648915800
16853536747440
82160326017
16184996397312
5082801487368
10229350096960
27699624993765
138170976825
4274059472800
1670354467210
3467795976
5655579917708
831717117
122485575680
24416930315736
14795748434040
304743818860
12777030141336
1013798850880
1529875843584
4845198203732
1909754977970
1565635427613
3204489219945
4773922554555
167323420176
2087794472400
5788239080624
885945013632
15588308292765
620398621112
707361173684
1370253869
6768044393483
37423856673
1855710017909
26289918736
155708325465
420968135016
4288356319104
3147778283793
36545780464
4518974881680
478595680
6864099286880
286756800746
19289329926115
485830988804
5162746224152
3781101390080
2062431572850
7384069303200
3708017310960
4950917041053
44474987200
24784307860800
5947213756800
10590487560224
8202739629975
174862567808
6883832516
438467421390
2390148675011
95154584320
279647405784
2516652612078
97418763552
3959289505540
4145537734470
11121535706013
12908860249064
847607942704
71523537575
10240020
11057600877990
3589831575
18572472988895
5323650575880
53652860475
1298771390466
151319040
6300786865
750770066016
737581445832
863771066472
9859222816184
3919761826535
1516611869064
942303053328
14012859467052
2156656908980
3472102498375
6765721272755
2257426772615
11893337925183
5243249880
3457791136
2302352350560
67619800410
382414351835
38556457812
16643873574190
975522524600
269125325760
20729323256768
983181584
22396427804036
30431947293167
2999632536558
631042974000
8134666654000
3337538004759
8161360797498
13867959126720
14128778533298
5445158703
2725914418965
117257151
536628066219
5477592019648
22030206394560
973005803640
6125826175656
26134479360
6409371360
427931431200
959717792
11760226107597
23331330552
13077109498080
15736453713376
7297662428345
5490728054928
3428706667050
8715563722160
8061903971616
3448781448240
9353399022968
18925400343360
1170062655000
4077726980
1895569200
36659840
7378462503360
270572406300
14562384645185
815671103040
11502014037052
1852500480
717136084761
8721358249747
319999916609
7668073515200
11407692112110
11757445280
8033027541945
175267082925
20993461154679
5497902011072
23365008793890
10117182124224
6484362049834
294598191320
5160089024384
8142460423020
3259393680960
17060932565
500318737425
51797889
2755612787835
17046405199395
4828002397080
226899126
23164563341844
10898323811280
397583829
353066285
394874999200
4479120452640
16024351657600
15012565249942
5134155987420
465538531468
18865899208305
1697608129920
9826548467859
14727025679520
15489536351744
24493270562475
528848165984
6081185997936
768713200294
213418195419
42048734805
990079952784
8065375107552
4556469865635
1280321895924
24709744115
3703680201176
19460154231669
12161952748218
4240158607020
24614413824
4166345332296
201540970496
113986640
6924734009072
754752704640
5380231409
54218118240
97160712360
2478800259
227862323040
915258880
2468593164999
24683661139254
868877913575
22802690002000
4062402386592
860264496000
14683125240
11687306027040
17549215324560
32095251
934720593660
17149559143392
173598063876
5037502336416
1780804439379
29873606784
129455157840
140416351984
17212043773398
9581961144797
1094285007594
162782278848
243218115660
14769645952705
772081241616
6427793040
25132902274560
10663964164128
2512200
18884004962708
15010267639296
10497433583952
9927902144573
900467024
895121280
14700539551704
30497808
7819607014608
3961878916905
27001975050000
520788464516
900860987271
175490298495
1131086880000
138690179478
10274219369568
11109282071900
4778485971435
1121036206080
6669662861568
4477188923776
348331316320
2933112
3456693958458
997913284875
9318463236528
735011708416
76766582144
4143155421125
5839897453344
38257941040
2868599909229
209443002405
2208648527514
864137366685
160798722
10324208
1712124087960
5120545285944
366859623317
4624957029
11324910357535
384673731750
356417038809
21826745091048
3902423928480
15078982766925
24251959200
19784654080576
170463735936
875497810484
12089399668632
174502060499
10880
12120638454
94801497405
510116400024
13585572436725
2495603688864
18091721726541
5143141854312
7192887332785
23777958188688
2925186587001
4914087278970
4438089033420
1859757770300
654448550384
33331457313
8439297620672
273188314416
8089563604683
1028187
1948114768576
3444879973920
5209649377895
207491912055
3949800573429
6444499754840
15481042188255
1165727640
1199087008476
6099982676808
27209322799806
241135160
4869985525353
2673667798816
8719006726560
44431635744
439543838745
1420929904896
1057711291182
339412499424
3602275650912
511745340332
1769375821104
2196494367000
564888566088
3624021408397
13620197827600
1233736268160
1135179744
161221767420
180712580664
454358905200
2639683633104
273240
2025832467512
968235054735
10649294571888
11838867449976
4067206728364
225424443980
207863928657
7812122691045
4559801495596
1127293790109
218695916
536912640
727968472560
1438505889765
208976688960
3264203388908
941342368
1236687255
421779817586
1223556715260
27499671020080
26568735100236
1454073766652
780899834376
17206800665047
11103806536992
1840571385984
2934818946048
41952
2712041421408
4092544447400
235620520800
54990761833
3807516421350
165004987760
3226109004842
1231207916400
6880115168640
33989632
7273712432805
422601386543
1366561318752
863660365500
2432846472
5037536872992
4393297863543
298119221344
10383223731690
6505078985709
1190858016744
7608770826624
1363607201
1630889304
21448690073168
7831948262949
19833254193168
1179861313356
31245023687484
2659221968069
978920472504
10555018332824
12853773315
13527854376839
262952857884
979063616
25927427779803
9382767302766
120266127135
50144368680
519459182352
2393224305008
1514432790
61182164925
5810237312000
11513606900586
204635559744
7209480853872
6971630779281
365911951872
416980947936
7955684708352
208764910200
4508067320064
16313042834252
4367644967400
8053662254064
2918259624
10308093183300
9365794450928
28420053783
12220852945215
12245719611840
96792
5132343840
15645979828374
909535589736
8954581180599
8687461545
4757257810362
17501582439761
12303853479540
4068838731309
11407293375399
7181555238560
859163316216
3072849720
13757298542123
9228249408297
4136235478128
4360919457938
2201081702908
7234832259
4748214419520
46325252610
138407456880
162994877136
15646546434048
12213623754864
728851285124
1070496413168
7956949799960
23142481162724
8940009525444
1012954297344
2613659683987
22503017273760
2595586817724
19056503154192
4126860302625
6367242000
13732911518535
345025195709
220150362770
559488
2129009196600
835725
9832993278848
5841001038912
1417833694830
137548324
6585040282842
5625528160652
1644861579642
80958873000
2301358149300
7206654505260
207220928304
14932900168500
5452376115648
509785386292
4420119074
1210447808624
63060277623
5581298905560
9577786680
321761829480
7659373414896
1347390030
303888498168
642461701679
5227444422024
946807590575
68132829600
3047000864
5638145668060
1068077189559
526029840
559938906128
23263446802050
7257497503487
776712288674
926842780665
2985471809600
5464717099808
12577752664000
20720813234429
2914985178497
2452391
44784820080
11565033765
13759180402176
18470335084800
14647609551960
2576855243040
233089178880
7669682413404
2755029728046
132242584320
12239856053675
2182390788858
12308612224272
753585661248
7388254657795
4496336439680
69809738944
664365339360
740785635167
164899458465
359266617579
3178669786560
1221882663940
241179167960
798790711448
15441125040600
1213034693879
1043115616319
1085889292609
21943540245000
502078752
6467385852047
32105535
4239781457295
11161142437704
2780501726359
6714541708050
3801750331709
263619404800
46825062375
206268859440
549278096000
1751697967470
5894232056427
916740973154
10185021283881
8244914906547
16222845420272
17739464910284
13865829075540
6745533343506
1394995272
1093599554544
71196
13009387448832
8528081613300
8565363438380
3636866250
107156489825
9473429282843
16039252515
171315535001
445106248340
6789089071968
3300252133200
3651485508450
29169583668209
7046434828800
19005009408
7146790114560
120933374553
104980915350
9330753120
1344098559195
1916903214048
8703273584
3067810916160
2554376704880
54482943000
2332398418832
3011892988835
1219642501968
157964333420
6241544432640
1890009000
812101969740
808298694
6633480
2608507973484
4138455522493
16206531818350
171031676024
30118555584
5550380519120
640153965334
362847390720
580185621099
17634417715854
4703008833600
1457834014650
19865856509568
3050104725
1332187506405
9288361304264
5721248453760
58988160
3298453345440
28511015101872
233704557240
11350583633168
18106240881
149587195230
2487979248636
6724016733624
27934169783
7374442711040
12917053712864
6578536554600
962922549554
4158945614628
10395772281968
1895537994246
11224052524737
6106431436864
5445155944800
15976468261440
46898640
10257508100
2892449067200
6799537248
4994891399361
1416739112256
485504615804
31125937465
55043672385
168322802704
381792399072
2934553634725
176893483920
38744174455
17333510929176
455802191684
8336279857920
63409005924
1839056594760
43181
423810327984
2037243466284
768215825520
19955532635696
1210145170816
140699741715
8524205184285
1798689167285
5182126349133
21047967920000
634459155960
5821179623210
2559333246225
379989548440
134899170312
18683972277300
7634412439992
1057894010109
1101237224760
6553708949744
1091954747681
2690034495
21175138776
161478945264
10630613533722
2766700591200
135985901184
15057329506800
6185518722
4811848285124
19265873255424
6526857972447
2036114937045
3971238709680
6498337547504
9323430014337
1235835635712
2364147251235
14530654365944
862571654080
5922071062577
1070159373800
60086550
1724546567429
1741995782639
338256960
11651011512
94343406284
853379214320
430374649089
2880914145120
14483859991536
6268352882400
1863087124920
640759231840
443910258000
5069551410
1926073110240
38235163692
5598713612448
11358839791487
37519776
7388793692280
9089297678354
10158618889209
79625480
1889805581720
10834543635600
171384405030
358619383689
6853726907235
92249269034
4786794069184
6446404104
20285882988900
2773386167488
111747888400
9740928447360
13969993216880
237559808
467620983757
3737512343565
1179807348
1701856296000
855650471235
9991776998448
66114129888
5318427778536
15936366984000
19016934488685
12316177904688
17334277880634
651687154263
13451796969
6318142886160
8755908169808
12553003748945
8202708
78538987632
23041464888435
861495280
4286786871264
33552525507
15191423675400
10028784897945
9009785388084
2355311376000
1377623926784
73105960
3264695859504
1908523007505
4372822421019
7707829920
5817678984
21388878338760
6414738105459
41620423152
13226604807834
7204037657376
6955105722928
4682352256560
2265828769080
30492805185
961234350288
639499511532
5324676635600
10396946265059
4115699765952
7230475051331
1720294393335
4506185033200
6319193973690
928104223908
383108963640
7521758049960
247992062955
7876173503520
11730613783203
10012722056500
3162039903360
348724271412
24841183320328
413194625
5474697606950
1607142244736
3643386720012
445331294121
1108534610729
2611468377648
742339534095
9054449443975
1201146438704
6098752023000
218922668832
621719984
14278924955118
11308604852175
4094267278388
11085031227872
1867798216089
3967401438
6302244081145
27163964665200
496875619200
8511608027312
1527744
17043635118888
93056253840
5548239313920
178107996480
13774896971040
375242400
16997447318654
351421997055
139962620
5865377707679
8236813824
4864567648655
7804727581404
5808008385480
2233696251816
17502542224188
8915703094944
2155186117281
1015971041532
204790694080
1427344815
455309300992
233092722984
12103369504629
176451893550
25028074383824
123741773496
827053286650
30702066312
5928860666560
925863685344
21391529523887
8671013443088
11753904353784
31827007164
15538736866840
1611689540472
687346245609
1572409633152
4110737905476
135851516325
240734105475
221043490650
71996864280
656860984704
28172913129059
5551695585120
26009648739360
2352341391816
1753903138944
921308553152
5337475049984
3900267295229
6969490395168
7711771671
11900873859336
306548033904
4405353436344
18591059214000
216908172089
3017737450921
518758478304
14680910872320
514083058368
16337514291345
500870696480
54913744683
13390923
33470685440
6471813972624
30402004500
53950672190
892507915593
16932964019400
2195847208656
196860250584
9205010730920
15030418536
19881712429417
12312494948472
170256912
87640690499
100608752
25194739752840
544334429100
88811280
290397593040
80481595584
149609
4006494135560
7888165479040
25072416632448
136653040615
2531043185718
1734082351392
103181171952
468864633600
7888798870464
653197320932
23924069937915
3915677001480
11942406477007
717292175120
1959449723712
37483363764
6237572805360
555484463340
2520807714810
249155680704
8130523537296
2894930621595
22263628951044
25707957410060
309079508816
2497371908360
374149104280
4519602605616
9867531923424
6194548289575
1094785076280
5519599711457
2912
123718533240
7820202635520
19047239166400
11145966397524
1865881995412
14463256524192
1567374447240
5956031205223
18849446534336
10145008879383
22265264
160343700480
67653120
5759412251040
2564055000
52505509749
597648035790
5032955117642
988446030968
9083652336
12697845934044
2536991406864
13884673835648
25705947168
180275816
737279274384
558360
8071430526936
569018604420
13542964004
1369220626692
188998870320
10578866926719
1206311223045
12429648
1423822842
4435256427771
4110535528512
18059857200
12898547524848
5466203717123
13937797337744
680223849213
615800294648
3235129670406
103797400719
3250708904688
223774200
57683484178
354573891880
25075554049472
54499637120
1532132189736
1204802036192
96147693840
1036749645960
16404622640
55122807015
7268480407440
19736978954
7266860815480
7123738811520
289393246959
12705988112480
14447389190
28604433262504
21139276859190
2364611038508
45987312
1147131571740
575773947
3030413857800
12522381985308
7526176759187
19547851064000
11877563133660
3394968
386039629228
14681721140541
21766535920800
28845084
14435205579465
269022393072
4195199648640
1033307425578
1598979164865
773572575
6187190347200
1138588785830
3031759698000
10794378800
98957186048
401644955
7205922497675
842721462800
1571140061175
24772438529256
2317582831536
7308132000
2766319727277
90180534195
859278239625
14037424573305
3626088831072
692363804
20757701936832
110116501794
13719952388079
1623498721968
12211639924
101053203
91809849712
924804608
254042646000
7108467802560
17473730499875
85466276770
783471042
10662939587160
3722135535200
70934403216
5911993356672
18813922537284
11815427707496
10343836087814
12397684225680
26342299550
8641545264
901920673136
1734827914688
12125902334931
20112291675525
10295487114239
1604112214584
941524535784
7933451581720
18345991393800
304642998
646366063824
777676735560
8590458139032
48953726136
8170350514560
9465919258680
11437357211253
3906371350
5405759150868
1879368271920
8020734160512
670160194165
1416545978400
1999183920
4491226449600
6289698470400
1211892133760
13398949780830
16056206154240
8645389984000
23132628511200
6798221964
7650621177980
949206979458
3021588948519
257254860312
5879632362359
905182723120
13723322026409
13347368695575
113412396912
29172013344
324478926984
2805004154120
4525884350127
4166020063495
1274183721252
10119820258240
404823796308
6869901628464
9208649336514
3669274936761
1653218630360
18779660286705
101163443328
6421968
239173954360
22256759610
16062932867240
7515229202688
44430285809
5299118152320
37313683809
14350093073680
11699795842749
11254163538736
907421643875
71777706
5524138244160
20993934227789
15241113800544
3711128450724
11256662322144
8967428365280
6495405204480
12520977494589
10754533920
5027561018160
10484107727149
965470746541
15052053196098
186515112933
148299498555
5504823254784
8403939518976
41252235360
2163400839963
273207962664
1269704
4677913960669
238862601192
7877430050040
4322523042816
760265600
1142753
20077635485260
8370362000
14384765444280
5431700312940
76259244096
41991833556
9353527323905
5741626686712
1631483546
20259218563104
5462513840
44957952000
32002008368
74553502606
10009332277470
561789200016
938798657160
486485546265
10577494350
12970598032296
15715374900064
226378384224
6130553458116
15588109164675
16161593319104
24830514176
6919721340665
545007406200
0
305473876620
5710059825600
241702318580
160520101400
860225060040
1503414162
1959938526070
12727309519960
8558428006044
6892274616302
1443732584
8702945675760
11507451985160
152387183856
690006226800
2475891649980
10913997288313
4248483975
845755344
19628570285
74926716544
22333136191135
1498233429
428960940464
15745872980103
25150837920
3179282187070
16374360832000
1497793756415
92493856224
191460885
27400643848404
2065743719
243299919235
9817735698720
69382698320
5399896236410
294872
335448346800
810493434464
21830409412968
10230509630988
777793410240
3736961915391
9438733273968
258527352182
11191127205450
119488115446
15277714489656
428958144
721117148544
1014909549696
695046831056
12792180842100
1919639839040
84292870200
254883489120
722650500
8680917091410
310159424
35393874880
4901423607360
5066267468598
8578071129999
10636242689578
9668606777328
715255388370
1768010587259
2176835804451
570796176683
135733216416
3965243092695
30871335
517570364286
185716260864
543764233100
66255298145
506628069120
1924942762248
252855564
34893645160
14891546799477
132017706854
7177943179104
131811425648
6699590190
1610860420743
5397474365496
49160657925
99877827390
8718643301330
2153092026528
20119319
4785892548975
8623095380640
2555212646448
16784790395985
3164566220046
11072114511106
2115206027550
1041858425984
10129846368264
8197460154840
47113401104
639045526784
197666266560
21837890546
1504295943390
14592587952080
817320888978
31466203191
9031237627392
10207087859436
10223840795025
7582405806675
11564246832480
7674297481920
43741562025
4909168629008
4947408583
190665755064
5110966988127
7985116568520
6971469226272
2159906320
22067557113840
1575144949896
4893107452165
249764884842
553035915078
1145598178288
28134477693888
932004247552
1993729629008
12805329771297
367081009056
19365902237878
4549759399838
6664853386224
2906193730460
5768733354851
162359424
401240230704
11229201761715
4028675244496
174068076336
487578344160
15170565177264
55399824
2213462989920
2016409454297
194971454820
797727629088
5010345948727
28920306479087
869419257570
10729561824
7197960
238928638217
1611168476616
1536129661248
249609022920
4376588733825
1765746675
784566435090
3075611243520
167453352
1093030212480
3787650145560
840501363200
2028927695130
1668637868
13263670072500
2324161057344
1209948684384
1310708358261
983070601344
1146238968600
12346654676976
11483255747280
828486992184
1917866847399
265646178
743011340070
18712813494072
1853433393173
14282954138880
8496894848000
427468630743
19221825
930033197156
12912533628272
3425211504
3900625911168
397874206464
12131201741850
2393409987584
4411099616
649702212960
10058880
7809713024225
1022488458068
8121118244652
1704904080
5450889834
902476579862
864205056
7978336389488
15664500
4610803906665
158875629710
4758484098816
8492806163748
32470712340
16821532391190
12288250978484
21233758732384
17439744
2075588883072
6269140715838
245715198200
12589398028944
56718871930
21438329170892
1252315915200
16028068941324
9361141516496
176134136310
453783954
946711680887
10366713720
382812020784
10469558897769
844724283920
189458911488
11465561595840
5846088369450
1615917317484
4229918300160
2230604707155
11135487803000
505910277
5254772
21533809682434
694683503976
2763801432
3437381930785
1033549764779
14099310769536
23788605105585
105222400
10372455352896
9267327741600
7528912216815
782769470925
7370302132200
87568536615
6841280451642
50065320006
86228064
5849941183964
11881111935
14021457538688
16216391015625
3424821840
320436745200
138219415371
6678811557649
216180354600
45895345920
10750504221072
62765041872
5602446984960
1197759848896
616369644
3344404896
87182249
5345781887280
26553668856
105877654695
3789588786480
12945763841148
9278786751958
485130817520
15587867592
24587740598784
15122356940
36953729397
10093726483680
2285015477015
21810352231648
1655435666430
463925354528
135709200
3746069839785
3140743054752
7837747118136
2862180636912
2555562243192
434586043560
1119474997296
5016851520000
10764552491589
621985899960
8494545667464
1594814031928
9727805971790
8379039336200
7193804597355
111128628448
15387219010152
13706410376946
8396522261475
12169345209281
66917973632
5671322507912
16750489813448
735762165600
370881988400
2903124975672
23972403819
13035716198400
4511732204880
4905123961725
765667264
6976912090512
60378756480
4771668561660
24277457483760
5895871242084
15209373441456
140535663
177121968378
1022133313773
46218375840
982574502368
5275079308909
9689071734420
9714373787624
15808444522734
9543858486190
329910651
2809974025560
14965767575616
29336130712
704505537604
858862206720
5325504406080
79301138688
445347390400
240000766005
8107729722560
4367757941820
160499648664
2637579475440
9348807194984
22485452296284
3197268907404
1451825109
19205058417057
231584874048
231148820565
600690862200
480453655484
17157500685234
1421553793128
1093528862894
23741283989640
4656410098440
117142767000
6472059398912
531379373861
1360623208
1162059110485
53501054400
16
10528778522080
6105122244
3505940659875
20681229398528
67267214784
146803297648
1143358771331
16319318136
7899619168478
14010151881934
438993993642
38261753
15818435808
7736391225090
713696186952
18580015284208
525141473276
1512189133312
696989907114
8574489319700
221528930688
247871140110
4857326689440
10288275584
8524497554304
15797570631908
1561467531
6254520410
13534195489360
8832254552784
19727605514880
27202462274169
12787222484109
970791527475
680222273016
148969426482
10671388197171
12817621555184
15115886897400
12137824811553
23895529200
2060125976540
5165963319240
18481365542400
1437488965341
5084488048779
13007743580480
17331247119744
111881959904
12511582333825
9000162313320
3557920305
1217845994496
6545857365220
4780118942400
20350539286
4217053749301
61848018720
7672548516240
2149981161510
8885973136670
3955411962164
9785993204176
777810264
23970664942250
407528136771
8751167745770
358306816896
2090575461
13485
798181824
8374851570801
111087745482
4836156469760
2548575840800
8007383392857
133065360
199509654911
974310577387
485562256560
4559672055000
11614308570332
487260470540
16672574763389
7098255673080
34528216
4273860661200
2545948263180
5623628860080
294374394873
183300318825
365079619800
20966265203744
77231425768
814757121687
281276463744
96046142565
3522104966952
18877056
14923379696540
2016966583905
19912869156320
542726983008
8380568338620
16939676441688
18561330711
11252121467895
9352979245650
2458864741473
1873052489
622959280112
2479766276982
437680640
9492132611472
20352141957
4877069698809
4068725810952
3271746801960
2802815828552
3257015520
9983208493830
2775480716976
22852590
533423585982
569246780529
6314176581120
1454917667808
2640561797916
270553877950
10432073545
805202181360
12247329600
15475569478044
7298932934324
20966394759024
8150336339097
11964017792772
9628945775085
38790519660
443767982780
27061857384000
8870564769984
13099788240
15833264432
11199396149480
8773941600
17578042100396
1981655537456
732380514096
19020599066975
10533517242192
2857235904
5301424116891
101785036864
4483709400291
46877986584
2750495863134
6671710904040
1859677438784
37044441
26050471901760
6041575950320
8238821760
15511509002520
429107637120
17835171071984
29512221200
19956225913481
21242112492132
8539252308960
4269605
1777890917
21995396944
8322813004350
28392630354816
304462747664
723802689470
67375325
39451946969
630009427773
5156632815
5812129482615
4746372774
28416304124535
620428678200
103304490
452599041762
3987202816625
132969144
6403165350864
567967489985
8559406170560
6982627632181
2629121188050
1388415634200
5360275786896
199219948281
11923200486384
2208728746544
3722768581984
658984788
1040156869026
13950290074926
22407069626744
1603364224
15350942822124
11956441282929
3354994535760
16624760701808
119830952430
22164791787600
29012800813824
18366263337072
182816178560
25167843588
777077630056
8505089056896
1557680482589
2011150701711
70076721
81281618863
4854277083648
519519970800
179038902590
102217897080
687490143405
37673527212
42823560
525317744
94837836792
34771464
270947145144
2934605240
637268565600
1873973573901
23114815792
5528762644464
2832873292144
753340891488
19535885169435
724444291890
4234031995852
7607812516064
10537204554234
3735275966309
867709609130
2986086462699
15215644385016
4739751017400
814031468880
8564919600
615520088280
49975525908
17145749074275
8893856287470
6252515059680
661261722354
7466317878460
24302888887200
7394984
5998112604360
556082412864
316650279
4174345770672
9048959393250
32944739616
10815827749584
337607919135
4923916377545
150997522140
9278561620320
193478571361
14038867484928
502942629665
7473360403143
1200540
164920498980
3339916838280
6300738475648
2554574627430
1730677465569
4205993401376
2330005998885
29516957868674
526520085
51439631360
20351683560
35480819
52100852
6723491811666
10370646405000
8398405652780
22795823297433
3076235297856
49545084
13865492147232
17523681358872
10221754569
1776080690748
6516390695904
19072060565616
157981214
28718519621595
4916040375246
